#
# A fatal error has been detected by the Java Runtime Environment:
#
#  SIGSEGV (0xb) at pc=0x0000000125d5445f, pid=2903, tid=0x0000000000004d03
#
# JRE version: Java(TM) SE Runtime Environment (8.0_144-b01) (build 1.8.0_144-b01)
# Java VM: Java HotSpot(TM) 64-Bit Server VM (25.144-b01 mixed mode bsd-amd64 compressed oops)
# Problematic frame:
# C  [libprism_common.dylib+0x545f]  Renderer_produceAlphas+0x2df
#
# Failed to write core dump. Core dumps have been disabled. To enable core dumping, try "ulimit -c unlimited" before starting Java again
#
# If you would like to submit a bug report, please visit:
#   http://bugreport.java.com/bugreport/crash.jsp
# The crash happened outside the Java Virtual Machine in native code.
# See problematic frame for where to report the bug.
#

---------------  T H R E A D  ---------------

Current thread (0x00007f9ab08c2000):  JavaThread "QuantumRenderer-0" daemon [_thread_in_native, id=19715, stack(0x000070000d143000,0x000070000d243000)]

siginfo: si_signo: 11 (SIGSEGV), si_code: 1 (SEGV_MAPERR), si_addr: 0x00000001427e83dc

Registers:
RAX=0x00000000021e34f7, RBX=0x0000000000003d8b, RCX=0x00000000021e34f3, RDX=0x000000013a05b000
RSP=0x000070000d23bfd0, RBP=0x000070000d23d060, RSI=0x00000000010139cf, RDI=0x0000000000003d8a
R8 =0x000000000000721e, R9 =0x00000000000007f0, R10=0x0000000000003d93, R11=0x00007f9ab0526600
R12=0x000070000d23d128, R13=0x00007f9ab0ebf400, R14=0x000000000000721e, R15=0x00007f9ab0ea2a00
RIP=0x0000000125d5445f, EFLAGS=0x0000000000010202, ERR=0x0000000000000004
  TRAPNO=0x000000000000000e

Top of Stack: (sp=0x000070000d23bfd0)
0x000070000d23bfd0:   000070002453b650 000070000d23d0a8
0x000070000d23bfe0:   000070000d23d128 0000721e24501910
0x000070000d23bff0:   00000000000007f0 00007f9ab0493000
0x000070000d23c000:   0000721e24544490 00000000000048e8
0x000070000d23c010:   ffffffff00000250 0000000000003d9c
0x000070000d23c020:   0000000000000580 000000013a05b000
0x000070000d23c030:   000a00002462c328 000070002456d9f0
0x000070000d23c040:   000070002456c5d0 0000700024517e00
0x000070000d23c050:   000070002453b610 00007f9a306dfed8
0x000070000d23c060:   cdecba9a24501890 0000700024531090
0x000070000d23c070:   00007000244ee980 000070002456d418
0x000070000d23c080:   0000700024531170 00000001245018d0
0x000070000d23c090:   00007f9a24501790 00000001245017f0
0x000070000d23c0a0:   0000000124615338 0000000124506050
0x000070000d23c0b0:   00000001245340a8 000000012453cd38
0x000070000d23c0c0:   00007f9a24535aa8 cdecba9a245e3258
0x000070000d23c0d0:   00007000245ea850 000000012453b630
0x000070000d23c0e0:   00007f9a0a97a270 00004d032456e800
0x000070000d23c0f0:   00007000245017d0 000000012456d0f8
0x000070000d23c100:   cdecba9a24530398 00007f9a24505730
0x000070000d23c110:   0000000124583790 00000001244ee800
0x000070000d23c120:   00007f9a24531050 00000aa3245e11d8
0x000070000d23c130:   000070002453b610 00000001244ee880
0x000070000d23c140:   0000700021f46fa0 00000000244ee800
0x000070000d23c150:   00007f9a24531030 00007f9a2453b590
0x000070000d23c160:   00000000244ee8a0 00000000244ee880
0x000070000d23c170:   cdecba9a24530fb0 00007f9a2452e4e0
0x000070000d23c180:   000070002456e900 000000012452e560
0x000070000d23c190:   000000002453b610 00000001244e7dd0
0x000070000d23c1a0:   0000000024501890 00000000245016f0
0x000070000d23c1b0:   01000004245018f0 000000002253f5d8
0x000070000d23c1c0:   0000700024533bc0 00000000244e7dd0 

Instructions: (pc=0x0000000125d5445f)
0x0000000125d5443f:   28 4c 63 d3 66 66 66 66 2e 0f 1f 84 00 00 00 00
0x0000000125d5444f:   00 8d 48 ff 43 89 0c 97 49 ff c2 83 c0 03 48 98
0x0000000125d5445f:   f3 0f 2c 04 82 85 c0 75 e8 48 89 d3 4c 89 95 b8
0x0000000125d5446f:   ef ff ff 44 39 95 8c ef ff ff 7d 25 4c 89 ef 4d 

Register to memory mapping:

RAX=0x00000000021e34f7 is an unknown value
RBX=0x0000000000003d8b is an unknown value
RCX=0x00000000021e34f3 is an unknown value
RDX=0x000000013a05b000 is an unknown value
RSP=0x000070000d23bfd0 is pointing into the stack for thread: 0x00007f9ab08c2000
RBP=0x000070000d23d060 is pointing into the stack for thread: 0x00007f9ab08c2000
RSI=0x00000000010139cf is an unknown value
RDI=0x0000000000003d8a is an unknown value
R8 =0x000000000000721e is an unknown value
R9 =0x00000000000007f0 is an unknown value
R10=0x0000000000003d93 is an unknown value
R11=0x00007f9ab0526600 is an unknown value
R12=0x000070000d23d128 is pointing into the stack for thread: 0x00007f9ab08c2000
R13=0x00007f9ab0ebf400 is an unknown value
R14=0x000000000000721e is an unknown value
R15=0x00007f9ab0ea2a00 is an unknown value


Stack: [0x000070000d143000,0x000070000d243000],  sp=0x000070000d23bfd0,  free space=995k
Native frames: (J=compiled Java code, j=interpreted, Vv=VM code, C=native code)
C  [libprism_common.dylib+0x545f]  Renderer_produceAlphas+0x2df
C  [libprism_common.dylib+0x4792]  Java_com_sun_prism_impl_shape_NativePiscesRasterizer_produceStrokeAlphas+0x482
j  com.sun.prism.impl.shape.NativePiscesRasterizer.produceStrokeAlphas([F[BIFIIF[FFDDDDDD[I[B)V+0
j  com.sun.prism.impl.shape.NativePiscesRasterizer.getMaskData(Lcom/sun/javafx/geom/Shape;Lcom/sun/prism/BasicStroke;Lcom/sun/javafx/geom/RectBounds;Lcom/sun/javafx/geom/transform/BaseTransform;ZZ)Lcom/sun/prism/impl/shape/MaskData;+487
j  com.sun.prism.impl.shape.ShapeUtil.rasterizeShape(Lcom/sun/javafx/geom/Shape;Lcom/sun/prism/BasicStroke;Lcom/sun/javafx/geom/RectBounds;Lcom/sun/javafx/geom/transform/BaseTransform;ZZ)Lcom/sun/prism/impl/shape/MaskData;+11
j  com.sun.prism.impl.ps.BaseShaderGraphics.renderShape(Lcom/sun/javafx/geom/Shape;Lcom/sun/prism/BasicStroke;FFFF)V+40
j  com.sun.prism.impl.BaseGraphics.draw(Lcom/sun/javafx/geom/Shape;)V+136
j  com.sun.prism.impl.ps.CachingShapeRepState.drawNoCache(Lcom/sun/prism/Graphics;Lcom/sun/javafx/geom/Shape;)V+2
j  com.sun.prism.impl.ps.CachingShapeRepState.render(Lcom/sun/prism/Graphics;Lcom/sun/javafx/geom/Shape;Lcom/sun/javafx/geom/RectBounds;Lcom/sun/prism/BasicStroke;)V+241
j  com.sun.prism.impl.ps.CachingShapeRep.draw(Lcom/sun/prism/Graphics;Lcom/sun/javafx/geom/Shape;Lcom/sun/javafx/geom/BaseBounds;)V+31
j  com.sun.javafx.sg.prism.NGShape.renderContent2D(Lcom/sun/prism/Graphics;Z)V+144
j  com.sun.javafx.sg.prism.NGShape.renderContent(Lcom/sun/prism/Graphics;)V+454
J 2047 C1 com.sun.javafx.sg.prism.NGNode.doRender(Lcom/sun/prism/Graphics;)V (473 bytes) @ 0x000000011244bd74 [0x0000000112449f00+0x1e74]
J 2029 C1 com.sun.javafx.sg.prism.NGNode.render(Lcom/sun/prism/Graphics;)V (38 bytes) @ 0x0000000112438adc [0x0000000112438860+0x27c]
J 2277 C1 com.sun.javafx.sg.prism.NGGroup.renderContent(Lcom/sun/prism/Graphics;)V (436 bytes) @ 0x00000001124e456c [0x00000001124e3160+0x140c]
J 2047 C1 com.sun.javafx.sg.prism.NGNode.doRender(Lcom/sun/prism/Graphics;)V (473 bytes) @ 0x000000011244bd74 [0x0000000112449f00+0x1e74]
J 2029 C1 com.sun.javafx.sg.prism.NGNode.render(Lcom/sun/prism/Graphics;)V (38 bytes) @ 0x0000000112438adc [0x0000000112438860+0x27c]
J 2277 C1 com.sun.javafx.sg.prism.NGGroup.renderContent(Lcom/sun/prism/Graphics;)V (436 bytes) @ 0x00000001124e456c [0x00000001124e3160+0x140c]
j  com.sun.javafx.sg.prism.NGNode.renderForClip(Lcom/sun/prism/Graphics;)V+17
j  com.sun.javafx.sg.prism.NGNode.renderRectClip(Lcom/sun/prism/Graphics;Lcom/sun/javafx/sg/prism/NGRectangle;)V+106
j  com.sun.javafx.sg.prism.NGNode.renderClip(Lcom/sun/prism/Graphics;)V+83
J 2047 C1 com.sun.javafx.sg.prism.NGNode.doRender(Lcom/sun/prism/Graphics;)V (473 bytes) @ 0x000000011244ba1c [0x0000000112449f00+0x1b1c]
J 2029 C1 com.sun.javafx.sg.prism.NGNode.render(Lcom/sun/prism/Graphics;)V (38 bytes) @ 0x0000000112438adc [0x0000000112438860+0x27c]
J 2277 C1 com.sun.javafx.sg.prism.NGGroup.renderContent(Lcom/sun/prism/Graphics;)V (436 bytes) @ 0x00000001124e456c [0x00000001124e3160+0x140c]
J 2632 C1 com.sun.javafx.sg.prism.NGRegion.renderContent(Lcom/sun/prism/Graphics;)V (115 bytes) @ 0x00000001125ffa4c [0x00000001125fe560+0x14ec]
J 2047 C1 com.sun.javafx.sg.prism.NGNode.doRender(Lcom/sun/prism/Graphics;)V (473 bytes) @ 0x000000011244bd74 [0x0000000112449f00+0x1e74]
J 2029 C1 com.sun.javafx.sg.prism.NGNode.render(Lcom/sun/prism/Graphics;)V (38 bytes) @ 0x0000000112438adc [0x0000000112438860+0x27c]
J 2277 C1 com.sun.javafx.sg.prism.NGGroup.renderContent(Lcom/sun/prism/Graphics;)V (436 bytes) @ 0x00000001124e456c [0x00000001124e3160+0x140c]
J 2632 C1 com.sun.javafx.sg.prism.NGRegion.renderContent(Lcom/sun/prism/Graphics;)V (115 bytes) @ 0x00000001125ffa4c [0x00000001125fe560+0x14ec]
J 2047 C1 com.sun.javafx.sg.prism.NGNode.doRender(Lcom/sun/prism/Graphics;)V (473 bytes) @ 0x000000011244bd74 [0x0000000112449f00+0x1e74]
J 2029 C1 com.sun.javafx.sg.prism.NGNode.render(Lcom/sun/prism/Graphics;)V (38 bytes) @ 0x0000000112438adc [0x0000000112438860+0x27c]
J 2277 C1 com.sun.javafx.sg.prism.NGGroup.renderContent(Lcom/sun/prism/Graphics;)V (436 bytes) @ 0x00000001124e456c [0x00000001124e3160+0x140c]
J 2632 C1 com.sun.javafx.sg.prism.NGRegion.renderContent(Lcom/sun/prism/Graphics;)V (115 bytes) @ 0x00000001125ffa4c [0x00000001125fe560+0x14ec]
J 2047 C1 com.sun.javafx.sg.prism.NGNode.doRender(Lcom/sun/prism/Graphics;)V (473 bytes) @ 0x000000011244bd74 [0x0000000112449f00+0x1e74]
J 2029 C1 com.sun.javafx.sg.prism.NGNode.render(Lcom/sun/prism/Graphics;)V (38 bytes) @ 0x0000000112438adc [0x0000000112438860+0x27c]
J 2277 C1 com.sun.javafx.sg.prism.NGGroup.renderContent(Lcom/sun/prism/Graphics;)V (436 bytes) @ 0x00000001124e456c [0x00000001124e3160+0x140c]
J 2632 C1 com.sun.javafx.sg.prism.NGRegion.renderContent(Lcom/sun/prism/Graphics;)V (115 bytes) @ 0x00000001125ffa4c [0x00000001125fe560+0x14ec]
j  com.sun.javafx.sg.prism.NGNode.renderForClip(Lcom/sun/prism/Graphics;)V+17
j  com.sun.javafx.sg.prism.NGNode.renderRectClip(Lcom/sun/prism/Graphics;Lcom/sun/javafx/sg/prism/NGRectangle;)V+106
j  com.sun.javafx.sg.prism.NGNode.renderClip(Lcom/sun/prism/Graphics;)V+83
j  com.sun.javafx.sg.prism.CacheFilter.impl_renderNodeToCache(Lcom/sun/scenario/effect/ImageData;Lcom/sun/javafx/geom/Rectangle;Lcom/sun/javafx/geom/transform/BaseTransform;Lcom/sun/javafx/geom/Rectangle;)V+150
j  com.sun.javafx.sg.prism.CacheFilter.render(Lcom/sun/prism/Graphics;)V+344
j  com.sun.javafx.sg.prism.NGNode.renderCached(Lcom/sun/prism/Graphics;)V+31
J 2047 C1 com.sun.javafx.sg.prism.NGNode.doRender(Lcom/sun/prism/Graphics;)V (473 bytes) @ 0x000000011244b7ac [0x0000000112449f00+0x18ac]
J 2029 C1 com.sun.javafx.sg.prism.NGNode.render(Lcom/sun/prism/Graphics;)V (38 bytes) @ 0x0000000112438adc [0x0000000112438860+0x27c]
J 2277 C1 com.sun.javafx.sg.prism.NGGroup.renderContent(Lcom/sun/prism/Graphics;)V (436 bytes) @ 0x00000001124e456c [0x00000001124e3160+0x140c]
J 2632 C1 com.sun.javafx.sg.prism.NGRegion.renderContent(Lcom/sun/prism/Graphics;)V (115 bytes) @ 0x00000001125ffa4c [0x00000001125fe560+0x14ec]
J 2047 C1 com.sun.javafx.sg.prism.NGNode.doRender(Lcom/sun/prism/Graphics;)V (473 bytes) @ 0x000000011244bd74 [0x0000000112449f00+0x1e74]
J 2029 C1 com.sun.javafx.sg.prism.NGNode.render(Lcom/sun/prism/Graphics;)V (38 bytes) @ 0x0000000112438adc [0x0000000112438860+0x27c]
J 2277 C1 com.sun.javafx.sg.prism.NGGroup.renderContent(Lcom/sun/prism/Graphics;)V (436 bytes) @ 0x00000001124e456c [0x00000001124e3160+0x140c]
J 2632 C1 com.sun.javafx.sg.prism.NGRegion.renderContent(Lcom/sun/prism/Graphics;)V (115 bytes) @ 0x00000001125ffa4c [0x00000001125fe560+0x14ec]
J 2047 C1 com.sun.javafx.sg.prism.NGNode.doRender(Lcom/sun/prism/Graphics;)V (473 bytes) @ 0x000000011244bd74 [0x0000000112449f00+0x1e74]
J 2029 C1 com.sun.javafx.sg.prism.NGNode.render(Lcom/sun/prism/Graphics;)V (38 bytes) @ 0x0000000112438adc [0x0000000112438860+0x27c]
J 2277 C1 com.sun.javafx.sg.prism.NGGroup.renderContent(Lcom/sun/prism/Graphics;)V (436 bytes) @ 0x00000001124e456c [0x00000001124e3160+0x140c]
J 2632 C1 com.sun.javafx.sg.prism.NGRegion.renderContent(Lcom/sun/prism/Graphics;)V (115 bytes) @ 0x00000001125ffa4c [0x00000001125fe560+0x14ec]
j  com.sun.javafx.sg.prism.NGNode.renderForClip(Lcom/sun/prism/Graphics;)V+17
j  com.sun.javafx.sg.prism.NGNode.renderRectClip(Lcom/sun/prism/Graphics;Lcom/sun/javafx/sg/prism/NGRectangle;)V+106
j  com.sun.javafx.sg.prism.NGNode.renderClip(Lcom/sun/prism/Graphics;)V+83
J 2047 C1 com.sun.javafx.sg.prism.NGNode.doRender(Lcom/sun/prism/Graphics;)V (473 bytes) @ 0x000000011244ba1c [0x0000000112449f00+0x1b1c]
J 2029 C1 com.sun.javafx.sg.prism.NGNode.render(Lcom/sun/prism/Graphics;)V (38 bytes) @ 0x0000000112438adc [0x0000000112438860+0x27c]
J 2277 C1 com.sun.javafx.sg.prism.NGGroup.renderContent(Lcom/sun/prism/Graphics;)V (436 bytes) @ 0x00000001124e456c [0x00000001124e3160+0x140c]
J 2632 C1 com.sun.javafx.sg.prism.NGRegion.renderContent(Lcom/sun/prism/Graphics;)V (115 bytes) @ 0x00000001125ffa4c [0x00000001125fe560+0x14ec]
j  com.sun.javafx.sg.prism.NGNode.renderForClip(Lcom/sun/prism/Graphics;)V+17
j  com.sun.javafx.sg.prism.NGNode.renderRectClip(Lcom/sun/prism/Graphics;Lcom/sun/javafx/sg/prism/NGRectangle;)V+106
j  com.sun.javafx.sg.prism.NGNode.renderClip(Lcom/sun/prism/Graphics;)V+83
J 2047 C1 com.sun.javafx.sg.prism.NGNode.doRender(Lcom/sun/prism/Graphics;)V (473 bytes) @ 0x000000011244ba1c [0x0000000112449f00+0x1b1c]
J 2029 C1 com.sun.javafx.sg.prism.NGNode.render(Lcom/sun/prism/Graphics;)V (38 bytes) @ 0x0000000112438adc [0x0000000112438860+0x27c]
J 2277 C1 com.sun.javafx.sg.prism.NGGroup.renderContent(Lcom/sun/prism/Graphics;)V (436 bytes) @ 0x00000001124e456c [0x00000001124e3160+0x140c]
J 2632 C1 com.sun.javafx.sg.prism.NGRegion.renderContent(Lcom/sun/prism/Graphics;)V (115 bytes) @ 0x00000001125ffa4c [0x00000001125fe560+0x14ec]
J 2047 C1 com.sun.javafx.sg.prism.NGNode.doRender(Lcom/sun/prism/Graphics;)V (473 bytes) @ 0x000000011244bd74 [0x0000000112449f00+0x1e74]
J 2029 C1 com.sun.javafx.sg.prism.NGNode.render(Lcom/sun/prism/Graphics;)V (38 bytes) @ 0x0000000112438adc [0x0000000112438860+0x27c]
J 2277 C1 com.sun.javafx.sg.prism.NGGroup.renderContent(Lcom/sun/prism/Graphics;)V (436 bytes) @ 0x00000001124e456c [0x00000001124e3160+0x140c]
J 2632 C1 com.sun.javafx.sg.prism.NGRegion.renderContent(Lcom/sun/prism/Graphics;)V (115 bytes) @ 0x00000001125ffa4c [0x00000001125fe560+0x14ec]
J 2047 C1 com.sun.javafx.sg.prism.NGNode.doRender(Lcom/sun/prism/Graphics;)V (473 bytes) @ 0x000000011244bd74 [0x0000000112449f00+0x1e74]
J 2029 C1 com.sun.javafx.sg.prism.NGNode.render(Lcom/sun/prism/Graphics;)V (38 bytes) @ 0x0000000112438adc [0x0000000112438860+0x27c]
j  com.sun.javafx.tk.quantum.ViewPainter.doPaint(Lcom/sun/prism/Graphics;Lcom/sun/javafx/sg/prism/NodePath;)V+201
j  com.sun.javafx.tk.quantum.ViewPainter.paintImpl(Lcom/sun/prism/Graphics;)V+953
j  com.sun.javafx.tk.quantum.PresentingPainter.run()V+326
j  java.util.concurrent.Executors$RunnableAdapter.call()Ljava/lang/Object;+4
j  java.util.concurrent.FutureTask.runAndReset()Z+47
j  com.sun.javafx.tk.RenderJob.run()V+1
j  java.util.concurrent.ThreadPoolExecutor.runWorker(Ljava/util/concurrent/ThreadPoolExecutor$Worker;)V+95
j  java.util.concurrent.ThreadPoolExecutor$Worker.run()V+5
j  com.sun.javafx.tk.quantum.QuantumRenderer$PipelineRunnable.run()V+8
j  java.lang.Thread.run()V+11
v  ~StubRoutines::call_stub
V  [libjvm.dylib+0x2ee70a]  JavaCalls::call_helper(JavaValue*, methodHandle*, JavaCallArguments*, Thread*)+0x6ae
V  [libjvm.dylib+0x2eeeae]  JavaCalls::call_virtual(JavaValue*, KlassHandle, Symbol*, Symbol*, JavaCallArguments*, Thread*)+0x164
V  [libjvm.dylib+0x2ef05a]  JavaCalls::call_virtual(JavaValue*, Handle, KlassHandle, Symbol*, Symbol*, Thread*)+0x4a
V  [libjvm.dylib+0x3497b1]  thread_entry(JavaThread*, Thread*)+0x7c
V  [libjvm.dylib+0x56c0b3]  JavaThread::thread_main_inner()+0x9b
V  [libjvm.dylib+0x56d7a0]  JavaThread::run()+0x1c2
V  [libjvm.dylib+0x48baee]  java_start(Thread*)+0xf6
C  [libsystem_pthread.dylib+0x3aab]  _pthread_body+0xb4
C  [libsystem_pthread.dylib+0x39f7]  _pthread_body+0x0
C  [libsystem_pthread.dylib+0x31fd]  thread_start+0xd
C  0x0000000000000000

Java frames: (J=compiled Java code, j=interpreted, Vv=VM code)
j  com.sun.prism.impl.shape.NativePiscesRasterizer.produceStrokeAlphas([F[BIFIIF[FFDDDDDD[I[B)V+0
j  com.sun.prism.impl.shape.NativePiscesRasterizer.getMaskData(Lcom/sun/javafx/geom/Shape;Lcom/sun/prism/BasicStroke;Lcom/sun/javafx/geom/RectBounds;Lcom/sun/javafx/geom/transform/BaseTransform;ZZ)Lcom/sun/prism/impl/shape/MaskData;+487
j  com.sun.prism.impl.shape.ShapeUtil.rasterizeShape(Lcom/sun/javafx/geom/Shape;Lcom/sun/prism/BasicStroke;Lcom/sun/javafx/geom/RectBounds;Lcom/sun/javafx/geom/transform/BaseTransform;ZZ)Lcom/sun/prism/impl/shape/MaskData;+11
j  com.sun.prism.impl.ps.BaseShaderGraphics.renderShape(Lcom/sun/javafx/geom/Shape;Lcom/sun/prism/BasicStroke;FFFF)V+40
j  com.sun.prism.impl.BaseGraphics.draw(Lcom/sun/javafx/geom/Shape;)V+136
j  com.sun.prism.impl.ps.CachingShapeRepState.drawNoCache(Lcom/sun/prism/Graphics;Lcom/sun/javafx/geom/Shape;)V+2
j  com.sun.prism.impl.ps.CachingShapeRepState.render(Lcom/sun/prism/Graphics;Lcom/sun/javafx/geom/Shape;Lcom/sun/javafx/geom/RectBounds;Lcom/sun/prism/BasicStroke;)V+241
j  com.sun.prism.impl.ps.CachingShapeRep.draw(Lcom/sun/prism/Graphics;Lcom/sun/javafx/geom/Shape;Lcom/sun/javafx/geom/BaseBounds;)V+31
j  com.sun.javafx.sg.prism.NGShape.renderContent2D(Lcom/sun/prism/Graphics;Z)V+144
j  com.sun.javafx.sg.prism.NGShape.renderContent(Lcom/sun/prism/Graphics;)V+454
J 2047 C1 com.sun.javafx.sg.prism.NGNode.doRender(Lcom/sun/prism/Graphics;)V (473 bytes) @ 0x000000011244bd74 [0x0000000112449f00+0x1e74]
J 2029 C1 com.sun.javafx.sg.prism.NGNode.render(Lcom/sun/prism/Graphics;)V (38 bytes) @ 0x0000000112438adc [0x0000000112438860+0x27c]
J 2277 C1 com.sun.javafx.sg.prism.NGGroup.renderContent(Lcom/sun/prism/Graphics;)V (436 bytes) @ 0x00000001124e456c [0x00000001124e3160+0x140c]
J 2047 C1 com.sun.javafx.sg.prism.NGNode.doRender(Lcom/sun/prism/Graphics;)V (473 bytes) @ 0x000000011244bd74 [0x0000000112449f00+0x1e74]
J 2029 C1 com.sun.javafx.sg.prism.NGNode.render(Lcom/sun/prism/Graphics;)V (38 bytes) @ 0x0000000112438adc [0x0000000112438860+0x27c]
J 2277 C1 com.sun.javafx.sg.prism.NGGroup.renderContent(Lcom/sun/prism/Graphics;)V (436 bytes) @ 0x00000001124e456c [0x00000001124e3160+0x140c]
j  com.sun.javafx.sg.prism.NGNode.renderForClip(Lcom/sun/prism/Graphics;)V+17
j  com.sun.javafx.sg.prism.NGNode.renderRectClip(Lcom/sun/prism/Graphics;Lcom/sun/javafx/sg/prism/NGRectangle;)V+106
j  com.sun.javafx.sg.prism.NGNode.renderClip(Lcom/sun/prism/Graphics;)V+83
J 2047 C1 com.sun.javafx.sg.prism.NGNode.doRender(Lcom/sun/prism/Graphics;)V (473 bytes) @ 0x000000011244ba1c [0x0000000112449f00+0x1b1c]
J 2029 C1 com.sun.javafx.sg.prism.NGNode.render(Lcom/sun/prism/Graphics;)V (38 bytes) @ 0x0000000112438adc [0x0000000112438860+0x27c]
J 2277 C1 com.sun.javafx.sg.prism.NGGroup.renderContent(Lcom/sun/prism/Graphics;)V (436 bytes) @ 0x00000001124e456c [0x00000001124e3160+0x140c]
J 2632 C1 com.sun.javafx.sg.prism.NGRegion.renderContent(Lcom/sun/prism/Graphics;)V (115 bytes) @ 0x00000001125ffa4c [0x00000001125fe560+0x14ec]
J 2047 C1 com.sun.javafx.sg.prism.NGNode.doRender(Lcom/sun/prism/Graphics;)V (473 bytes) @ 0x000000011244bd74 [0x0000000112449f00+0x1e74]
J 2029 C1 com.sun.javafx.sg.prism.NGNode.render(Lcom/sun/prism/Graphics;)V (38 bytes) @ 0x0000000112438adc [0x0000000112438860+0x27c]
J 2277 C1 com.sun.javafx.sg.prism.NGGroup.renderContent(Lcom/sun/prism/Graphics;)V (436 bytes) @ 0x00000001124e456c [0x00000001124e3160+0x140c]
J 2632 C1 com.sun.javafx.sg.prism.NGRegion.renderContent(Lcom/sun/prism/Graphics;)V (115 bytes) @ 0x00000001125ffa4c [0x00000001125fe560+0x14ec]
J 2047 C1 com.sun.javafx.sg.prism.NGNode.doRender(Lcom/sun/prism/Graphics;)V (473 bytes) @ 0x000000011244bd74 [0x0000000112449f00+0x1e74]
J 2029 C1 com.sun.javafx.sg.prism.NGNode.render(Lcom/sun/prism/Graphics;)V (38 bytes) @ 0x0000000112438adc [0x0000000112438860+0x27c]
J 2277 C1 com.sun.javafx.sg.prism.NGGroup.renderContent(Lcom/sun/prism/Graphics;)V (436 bytes) @ 0x00000001124e456c [0x00000001124e3160+0x140c]
J 2632 C1 com.sun.javafx.sg.prism.NGRegion.renderContent(Lcom/sun/prism/Graphics;)V (115 bytes) @ 0x00000001125ffa4c [0x00000001125fe560+0x14ec]
J 2047 C1 com.sun.javafx.sg.prism.NGNode.doRender(Lcom/sun/prism/Graphics;)V (473 bytes) @ 0x000000011244bd74 [0x0000000112449f00+0x1e74]
J 2029 C1 com.sun.javafx.sg.prism.NGNode.render(Lcom/sun/prism/Graphics;)V (38 bytes) @ 0x0000000112438adc [0x0000000112438860+0x27c]
J 2277 C1 com.sun.javafx.sg.prism.NGGroup.renderContent(Lcom/sun/prism/Graphics;)V (436 bytes) @ 0x00000001124e456c [0x00000001124e3160+0x140c]
J 2632 C1 com.sun.javafx.sg.prism.NGRegion.renderContent(Lcom/sun/prism/Graphics;)V (115 bytes) @ 0x00000001125ffa4c [0x00000001125fe560+0x14ec]
j  com.sun.javafx.sg.prism.NGNode.renderForClip(Lcom/sun/prism/Graphics;)V+17
j  com.sun.javafx.sg.prism.NGNode.renderRectClip(Lcom/sun/prism/Graphics;Lcom/sun/javafx/sg/prism/NGRectangle;)V+106
j  com.sun.javafx.sg.prism.NGNode.renderClip(Lcom/sun/prism/Graphics;)V+83
j  com.sun.javafx.sg.prism.CacheFilter.impl_renderNodeToCache(Lcom/sun/scenario/effect/ImageData;Lcom/sun/javafx/geom/Rectangle;Lcom/sun/javafx/geom/transform/BaseTransform;Lcom/sun/javafx/geom/Rectangle;)V+150
j  com.sun.javafx.sg.prism.CacheFilter.render(Lcom/sun/prism/Graphics;)V+344
j  com.sun.javafx.sg.prism.NGNode.renderCached(Lcom/sun/prism/Graphics;)V+31
J 2047 C1 com.sun.javafx.sg.prism.NGNode.doRender(Lcom/sun/prism/Graphics;)V (473 bytes) @ 0x000000011244b7ac [0x0000000112449f00+0x18ac]
J 2029 C1 com.sun.javafx.sg.prism.NGNode.render(Lcom/sun/prism/Graphics;)V (38 bytes) @ 0x0000000112438adc [0x0000000112438860+0x27c]
J 2277 C1 com.sun.javafx.sg.prism.NGGroup.renderContent(Lcom/sun/prism/Graphics;)V (436 bytes) @ 0x00000001124e456c [0x00000001124e3160+0x140c]
J 2632 C1 com.sun.javafx.sg.prism.NGRegion.renderContent(Lcom/sun/prism/Graphics;)V (115 bytes) @ 0x00000001125ffa4c [0x00000001125fe560+0x14ec]
J 2047 C1 com.sun.javafx.sg.prism.NGNode.doRender(Lcom/sun/prism/Graphics;)V (473 bytes) @ 0x000000011244bd74 [0x0000000112449f00+0x1e74]
J 2029 C1 com.sun.javafx.sg.prism.NGNode.render(Lcom/sun/prism/Graphics;)V (38 bytes) @ 0x0000000112438adc [0x0000000112438860+0x27c]
J 2277 C1 com.sun.javafx.sg.prism.NGGroup.renderContent(Lcom/sun/prism/Graphics;)V (436 bytes) @ 0x00000001124e456c [0x00000001124e3160+0x140c]
J 2632 C1 com.sun.javafx.sg.prism.NGRegion.renderContent(Lcom/sun/prism/Graphics;)V (115 bytes) @ 0x00000001125ffa4c [0x00000001125fe560+0x14ec]
J 2047 C1 com.sun.javafx.sg.prism.NGNode.doRender(Lcom/sun/prism/Graphics;)V (473 bytes) @ 0x000000011244bd74 [0x0000000112449f00+0x1e74]
J 2029 C1 com.sun.javafx.sg.prism.NGNode.render(Lcom/sun/prism/Graphics;)V (38 bytes) @ 0x0000000112438adc [0x0000000112438860+0x27c]
J 2277 C1 com.sun.javafx.sg.prism.NGGroup.renderContent(Lcom/sun/prism/Graphics;)V (436 bytes) @ 0x00000001124e456c [0x00000001124e3160+0x140c]
J 2632 C1 com.sun.javafx.sg.prism.NGRegion.renderContent(Lcom/sun/prism/Graphics;)V (115 bytes) @ 0x00000001125ffa4c [0x00000001125fe560+0x14ec]
j  com.sun.javafx.sg.prism.NGNode.renderForClip(Lcom/sun/prism/Graphics;)V+17
j  com.sun.javafx.sg.prism.NGNode.renderRectClip(Lcom/sun/prism/Graphics;Lcom/sun/javafx/sg/prism/NGRectangle;)V+106
j  com.sun.javafx.sg.prism.NGNode.renderClip(Lcom/sun/prism/Graphics;)V+83
J 2047 C1 com.sun.javafx.sg.prism.NGNode.doRender(Lcom/sun/prism/Graphics;)V (473 bytes) @ 0x000000011244ba1c [0x0000000112449f00+0x1b1c]
J 2029 C1 com.sun.javafx.sg.prism.NGNode.render(Lcom/sun/prism/Graphics;)V (38 bytes) @ 0x0000000112438adc [0x0000000112438860+0x27c]
J 2277 C1 com.sun.javafx.sg.prism.NGGroup.renderContent(Lcom/sun/prism/Graphics;)V (436 bytes) @ 0x00000001124e456c [0x00000001124e3160+0x140c]
J 2632 C1 com.sun.javafx.sg.prism.NGRegion.renderContent(Lcom/sun/prism/Graphics;)V (115 bytes) @ 0x00000001125ffa4c [0x00000001125fe560+0x14ec]
j  com.sun.javafx.sg.prism.NGNode.renderForClip(Lcom/sun/prism/Graphics;)V+17
j  com.sun.javafx.sg.prism.NGNode.renderRectClip(Lcom/sun/prism/Graphics;Lcom/sun/javafx/sg/prism/NGRectangle;)V+106
j  com.sun.javafx.sg.prism.NGNode.renderClip(Lcom/sun/prism/Graphics;)V+83
J 2047 C1 com.sun.javafx.sg.prism.NGNode.doRender(Lcom/sun/prism/Graphics;)V (473 bytes) @ 0x000000011244ba1c [0x0000000112449f00+0x1b1c]
J 2029 C1 com.sun.javafx.sg.prism.NGNode.render(Lcom/sun/prism/Graphics;)V (38 bytes) @ 0x0000000112438adc [0x0000000112438860+0x27c]
J 2277 C1 com.sun.javafx.sg.prism.NGGroup.renderContent(Lcom/sun/prism/Graphics;)V (436 bytes) @ 0x00000001124e456c [0x00000001124e3160+0x140c]
J 2632 C1 com.sun.javafx.sg.prism.NGRegion.renderContent(Lcom/sun/prism/Graphics;)V (115 bytes) @ 0x00000001125ffa4c [0x00000001125fe560+0x14ec]
J 2047 C1 com.sun.javafx.sg.prism.NGNode.doRender(Lcom/sun/prism/Graphics;)V (473 bytes) @ 0x000000011244bd74 [0x0000000112449f00+0x1e74]
J 2029 C1 com.sun.javafx.sg.prism.NGNode.render(Lcom/sun/prism/Graphics;)V (38 bytes) @ 0x0000000112438adc [0x0000000112438860+0x27c]
J 2277 C1 com.sun.javafx.sg.prism.NGGroup.renderContent(Lcom/sun/prism/Graphics;)V (436 bytes) @ 0x00000001124e456c [0x00000001124e3160+0x140c]
J 2632 C1 com.sun.javafx.sg.prism.NGRegion.renderContent(Lcom/sun/prism/Graphics;)V (115 bytes) @ 0x00000001125ffa4c [0x00000001125fe560+0x14ec]
J 2047 C1 com.sun.javafx.sg.prism.NGNode.doRender(Lcom/sun/prism/Graphics;)V (473 bytes) @ 0x000000011244bd74 [0x0000000112449f00+0x1e74]
J 2029 C1 com.sun.javafx.sg.prism.NGNode.render(Lcom/sun/prism/Graphics;)V (38 bytes) @ 0x0000000112438adc [0x0000000112438860+0x27c]
j  com.sun.javafx.tk.quantum.ViewPainter.doPaint(Lcom/sun/prism/Graphics;Lcom/sun/javafx/sg/prism/NodePath;)V+201
j  com.sun.javafx.tk.quantum.ViewPainter.paintImpl(Lcom/sun/prism/Graphics;)V+953
j  com.sun.javafx.tk.quantum.PresentingPainter.run()V+326
j  java.util.concurrent.Executors$RunnableAdapter.call()Ljava/lang/Object;+4
j  java.util.concurrent.FutureTask.runAndReset()Z+47
j  com.sun.javafx.tk.RenderJob.run()V+1
j  java.util.concurrent.ThreadPoolExecutor.runWorker(Ljava/util/concurrent/ThreadPoolExecutor$Worker;)V+95
j  java.util.concurrent.ThreadPoolExecutor$Worker.run()V+5
j  com.sun.javafx.tk.quantum.QuantumRenderer$PipelineRunnable.run()V+8
j  java.lang.Thread.run()V+11
v  ~StubRoutines::call_stub

---------------  P R O C E S S  ---------------

Java Threads: ( => current thread )
  0x00007f9aaf3e9000 JavaThread "Media Resource Disposer" daemon [_thread_blocked, id=74507, stack(0x000070000dc76000,0x000070000dd76000)]
  0x00007f9aafd4a000 JavaThread "JFXMedia Player EventQueueThread" daemon [_thread_blocked, id=73479, stack(0x000070000daf0000,0x000070000dbf0000)]
  0x00007f9aafae2800 JavaThread "Prism Font Disposer" daemon [_thread_blocked, id=57607, stack(0x000070000d552000,0x000070000d652000)]
  0x00007f9aaf9b8000 JavaThread "JavaFX-Launcher" [_thread_blocked, id=50179, stack(0x000070000d44f000,0x000070000d54f000)]
  0x00007f9aaf0e5000 JavaThread "Thread-3" daemon [_thread_in_native, id=36867, stack(0x000070000d349000,0x000070000d3c9000)]
  0x00007f9aaf0c6800 JavaThread "JavaFX Application Thread" [_thread_in_Java, id=775, stack(0x00007fff5b850000,0x00007fff5c050000)]
  0x00007f9aaf8f7000 JavaThread "Thread-1" daemon [_thread_blocked, id=25095, stack(0x000070000d246000,0x000070000d346000)]
=>0x00007f9ab08c2000 JavaThread "QuantumRenderer-0" daemon [_thread_in_native, id=19715, stack(0x000070000d143000,0x000070000d243000)]
  0x00007f9aaf836800 JavaThread "Service Thread" daemon [_thread_blocked, id=18691, stack(0x000070000cf3d000,0x000070000d03d000)]
  0x00007f9ab0813800 JavaThread "C1 CompilerThread2" daemon [_thread_blocked, id=18179, stack(0x000070000ce3a000,0x000070000cf3a000)]
  0x00007f9ab0813000 JavaThread "C2 CompilerThread1" daemon [_thread_blocked, id=17667, stack(0x000070000cd37000,0x000070000ce37000)]
  0x00007f9ab080c000 JavaThread "C2 CompilerThread0" daemon [_thread_blocked, id=17155, stack(0x000070000cc34000,0x000070000cd34000)]
  0x00007f9aaf03e000 JavaThread "Signal Dispatcher" daemon [_thread_blocked, id=16643, stack(0x000070000cb31000,0x000070000cc31000)]
  0x00007f9aaf831800 JavaThread "Finalizer" daemon [_thread_blocked, id=12547, stack(0x000070000ca2e000,0x000070000cb2e000)]
  0x00007f9aaf82e800 JavaThread "Reference Handler" daemon [_thread_blocked, id=12035, stack(0x000070000c92b000,0x000070000ca2b000)]
  0x00007f9aaf805800 JavaThread "main" [_thread_blocked, id=7171, stack(0x000070000c319000,0x000070000c419000)]

Other Threads:
  0x00007f9aaf82a000 VMThread [stack: 0x000070000c828000,0x000070000c928000] [id=11523]
  0x00007f9ab0028800 WatcherThread [stack: 0x000070000d040000,0x000070000d140000] [id=19203]

VM state:not at safepoint (normal execution)

VM Mutex/Monitor currently owned by a thread: None

Heap:
 PSYoungGen      total 197632K, used 119681K [0x0000000795580000, 0x00000007a7980000, 0x00000007c0000000)
  eden space 119808K, 99% used [0x0000000795580000,0x000000079ca60408,0x000000079ca80000)
  from space 77824K, 0% used [0x00000007a2d80000,0x00000007a2d80000,0x00000007a7980000)
  to   space 89600K, 0% used [0x000000079ca80000,0x000000079ca80000,0x00000007a2200000)
 ParOldGen       total 765440K, used 765204K [0x0000000740000000, 0x000000076eb80000, 0x0000000795580000)
  object space 765440K, 99% used [0x0000000740000000,0x000000076eb45290,0x000000076eb80000)
 Metaspace       used 21334K, capacity 22478K, committed 22656K, reserved 1069056K
  class space    used 3091K, capacity 3344K, committed 3456K, reserved 1048576K

Card table byte_map: [0x0000000105967000,0x0000000105d68000] byte_map_base: 0x0000000101f67000

Marking Bits: (ParMarkBitMap*) 0x0000000104ef35d0
 Begin Bits: [0x0000000106013000, 0x0000000108013000)
 End Bits:   [0x0000000108013000, 0x000000010a013000)

Polling page: 0x0000000103ca2000

CodeCache: size=245760Kb used=10130Kb max_used=10142Kb free=235629Kb
 bounds [0x0000000111e28000, 0x0000000112828000, 0x0000000120e28000]
 total_blobs=3794 nmethods=3100 adapters=607
 compilation: enabled

Compilation events (10 events):
Event: 17.252 Thread 0x00007f9ab0813000 nmethod 3107 0x0000000112812510 code [0x0000000112812680, 0x0000000112812df8]
Event: 17.252 Thread 0x00007f9ab0813000 3105       4       com.sun.openpisces.Stroker::drawRoundJoin (175 bytes)
Event: 17.253 Thread 0x00007f9ab0813000 nmethod 3105 0x00000001128094d0 code [0x0000000112809660, 0x0000000112809808]
Event: 17.253 Thread 0x00007f9ab0813000 3106       4       com.sun.openpisces.Stroker$PolyStack::pushCubic (130 bytes)
Event: 17.257 Thread 0x00007f9ab0813000 nmethod 3106 0x0000000112809a90 code [0x0000000112809c00, 0x0000000112809f78]
Event: 17.270 Thread 0x00007f9ab080c000 nmethod 3095 0x0000000112813290 code [0x0000000112813520, 0x0000000112815280]
Event: 17.827 Thread 0x00007f9ab0813000 3108 %     4       com.sun.prism.impl.shape.OpenPiscesPrismUtils::feedConsumer @ 5 (156 bytes)
Event: 17.842 Thread 0x00007f9ab0813000 nmethod 3108% 0x0000000112806ed0 code [0x00000001128070c0, 0x0000000112807868]
Event: 17.930 Thread 0x00007f9ab080c000 3109       4       com.sun.prism.impl.shape.OpenPiscesPrismUtils::feedConsumer (156 bytes)
Event: 17.952 Thread 0x00007f9ab080c000 nmethod 3109 0x00000001128187d0 code [0x00000001128189c0, 0x0000000112819008]

GC Heap History (10 events):
Event: 15.315 GC heap before
{Heap before GC invocations=10 (full 2):
 PSYoungGen      total 79360K, used 72070K [0x0000000795580000, 0x00000007a2080000, 0x00000007c0000000)
  eden space 60416K, 100% used [0x0000000795580000,0x0000000799080000,0x0000000799080000)
  from space 18944K, 61% used [0x0000000799080000,0x0000000799be19c0,0x000000079a300000)
  to   space 44032K, 0% used [0x000000079f580000,0x000000079f580000,0x00000007a2080000)
 ParOldGen       total 209920K, used 132518K [0x0000000740000000, 0x000000074cd00000, 0x0000000795580000)
  object space 209920K, 63% used [0x0000000740000000,0x0000000748169bc0,0x000000074cd00000)
 Metaspace       used 20926K, capacity 22054K, committed 22272K, reserved 1069056K
  class space    used 3053K, capacity 3270K, committed 3328K, reserved 1048576K
Event: 15.416 GC heap after
Heap after GC invocations=10 (full 2):
 PSYoungGen      total 140288K, used 44030K [0x0000000795580000, 0x00000007a2780000, 0x00000007c0000000)
  eden space 96256K, 0% used [0x0000000795580000,0x0000000795580000,0x000000079b380000)
  from space 44032K, 99% used [0x000000079f580000,0x00000007a207fb58,0x00000007a2080000)
  to   space 59392K, 0% used [0x000000079b380000,0x000000079b380000,0x000000079ed80000)
 ParOldGen       total 209920K, used 146742K [0x0000000740000000, 0x000000074cd00000, 0x0000000795580000)
  object space 209920K, 69% used [0x0000000740000000,0x0000000748f4dbc0,0x000000074cd00000)
 Metaspace       used 20926K, capacity 22054K, committed 22272K, reserved 1069056K
  class space    used 3053K, capacity 3270K, committed 3328K, reserved 1048576K
}
Event: 15.992 GC heap before
{Heap before GC invocations=11 (full 2):
 PSYoungGen      total 140288K, used 140286K [0x0000000795580000, 0x00000007a2780000, 0x00000007c0000000)
  eden space 96256K, 100% used [0x0000000795580000,0x000000079b380000,0x000000079b380000)
  from space 44032K, 99% used [0x000000079f580000,0x00000007a207fb58,0x00000007a2080000)
  to   space 59392K, 0% used [0x000000079b380000,0x000000079b380000,0x000000079ed80000)
 ParOldGen       total 209920K, used 146742K [0x0000000740000000, 0x000000074cd00000, 0x0000000795580000)
  object space 209920K, 69% used [0x0000000740000000,0x0000000748f4dbc0,0x000000074cd00000)
 Metaspace       used 21196K, capacity 22310K, committed 22656K, reserved 1069056K
  class space    used 3073K, capacity 3334K, committed 3456K, reserved 1048576K
Event: 16.212 GC heap after
Heap after GC invocations=11 (full 2):
 PSYoungGen      total 155648K, used 59389K [0x0000000795580000, 0x00000007a8580000, 0x00000007c0000000)
  eden space 96256K, 0% used [0x0000000795580000,0x0000000795580000,0x000000079b380000)
  from space 59392K, 99% used [0x000000079b380000,0x000000079ed7f6b0,0x000000079ed80000)
  to   space 90112K, 0% used [0x00000007a2d80000,0x00000007a2d80000,0x00000007a8580000)
 ParOldGen       total 209920K, used 195982K [0x0000000740000000, 0x000000074cd00000, 0x0000000795580000)
  object space 209920K, 93% used [0x0000000740000000,0x000000074bf63bc0,0x000000074cd00000)
 Metaspace       used 21196K, capacity 22310K, committed 22656K, reserved 1069056K
  class space    used 3073K, capacity 3334K, committed 3456K, reserved 1048576K
}
Event: 16.212 GC heap before
{Heap before GC invocations=12 (full 3):
 PSYoungGen      total 155648K, used 59389K [0x0000000795580000, 0x00000007a8580000, 0x00000007c0000000)
  eden space 96256K, 0% used [0x0000000795580000,0x0000000795580000,0x000000079b380000)
  from space 59392K, 99% used [0x000000079b380000,0x000000079ed7f6b0,0x000000079ed80000)
  to   space 90112K, 0% used [0x00000007a2d80000,0x00000007a2d80000,0x00000007a8580000)
 ParOldGen       total 209920K, used 195982K [0x0000000740000000, 0x000000074cd00000, 0x0000000795580000)
  object space 209920K, 93% used [0x0000000740000000,0x000000074bf63bc0,0x000000074cd00000)
 Metaspace       used 21196K, capacity 22310K, committed 22656K, reserved 1069056K
  class space    used 3073K, capacity 3334K, committed 3456K, reserved 1048576K
Event: 16.790 GC heap after
Heap after GC invocations=12 (full 3):
 PSYoungGen      total 155648K, used 40406K [0x0000000795580000, 0x00000007a8580000, 0x00000007c0000000)
  eden space 96256K, 0% used [0x0000000795580000,0x0000000795580000,0x000000079b380000)
  from space 59392K, 68% used [0x000000079b380000,0x000000079daf59b8,0x000000079ed80000)
  to   space 90112K, 0% used [0x00000007a2d80000,0x00000007a2d80000,0x00000007a8580000)
 ParOldGen       total 315904K, used 209847K [0x0000000740000000, 0x0000000753480000, 0x0000000795580000)
  object space 315904K, 66% used [0x0000000740000000,0x000000074ccedc28,0x0000000753480000)
 Metaspace       used 21196K, capacity 22310K, committed 22656K, reserved 1069056K
  class space    used 3073K, capacity 3334K, committed 3456K, reserved 1048576K
}
Event: 17.397 GC heap before
{Heap before GC invocations=13 (full 4):
 PSYoungGen      total 155648K, used 136633K [0x0000000795580000, 0x00000007a8580000, 0x00000007c0000000)
  eden space 96256K, 99% used [0x0000000795580000,0x000000079b378c80,0x000000079b380000)
  from space 59392K, 68% used [0x000000079b380000,0x000000079daf59b8,0x000000079ed80000)
  to   space 90112K, 0% used [0x00000007a2d80000,0x00000007a2d80000,0x00000007a8580000)
 ParOldGen       total 372224K, used 372030K [0x0000000740000000, 0x0000000756b80000, 0x0000000795580000)
  object space 372224K, 99% used [0x0000000740000000,0x0000000756b4f8c0,0x0000000756b80000)
 Metaspace       used 21334K, capacity 22478K, committed 22656K, reserved 1069056K
  class space    used 3091K, capacity 3344K, committed 3456K, reserved 1048576K
Event: 17.823 GC heap after
Heap after GC invocations=13 (full 4):
 PSYoungGen      total 155648K, used 0K [0x0000000795580000, 0x00000007a8580000, 0x00000007c0000000)
  eden space 96256K, 0% used [0x0000000795580000,0x0000000795580000,0x000000079b380000)
  from space 59392K, 0% used [0x000000079b380000,0x000000079b380000,0x000000079ed80000)
  to   space 90112K, 0% used [0x00000007a2d80000,0x00000007a2d80000,0x00000007a8580000)
 ParOldGen       total 421376K, used 295395K [0x0000000740000000, 0x0000000759b80000, 0x0000000795580000)
  object space 421376K, 70% used [0x0000000740000000,0x0000000752078e70,0x0000000759b80000)
 Metaspace       used 21334K, capacity 22478K, committed 22656K, reserved 1069056K
  class space    used 3091K, capacity 3344K, committed 3456K, reserved 1048576K
}
Event: 17.967 GC heap before
{Heap before GC invocations=14 (full 4):
 PSYoungGen      total 155648K, used 96186K [0x0000000795580000, 0x00000007a8580000, 0x00000007c0000000)
  eden space 96256K, 99% used [0x0000000795580000,0x000000079b36e9c0,0x000000079b380000)
  from space 59392K, 0% used [0x000000079b380000,0x000000079b380000,0x000000079ed80000)
  to   space 90112K, 0% used [0x00000007a2d80000,0x00000007a2d80000,0x00000007a8580000)
 ParOldGen       total 421376K, used 360970K [0x0000000740000000, 0x0000000759b80000, 0x0000000795580000)
  object space 421376K, 85% used [0x0000000740000000,0x0000000756082b00,0x0000000759b80000)
 Metaspace       used 21334K, capacity 22478K, committed 22656K, reserved 1069056K
  class space    used 3091K, capacity 3344K, committed 3456K, reserved 1048576K
Event: 17.974 GC heap after
Heap after GC invocations=14 (full 4):
 PSYoungGen      total 197632K, used 0K [0x0000000795580000, 0x00000007a7980000, 0x00000007c0000000)
  eden space 119808K, 0% used [0x0000000795580000,0x0000000795580000,0x000000079ca80000)
  from space 77824K, 0% used [0x00000007a2d80000,0x00000007a2d80000,0x00000007a7980000)
  to   space 89600K, 0% used [0x000000079ca80000,0x000000079ca80000,0x00000007a2200000)
 ParOldGen       total 421376K, used 360970K [0x0000000740000000, 0x0000000759b80000, 0x0000000795580000)
  object space 421376K, 85% used [0x0000000740000000,0x0000000756082b00,0x0000000759b80000)
 Metaspace       used 21334K, capacity 22478K, committed 22656K, reserved 1069056K
  class space    used 3091K, capacity 3344K, committed 3456K, reserved 1048576K
}

Deoptimization events (10 events):
Event: 17.028 Thread 0x00007f9aaf0c6800 Uncommon trap: reason=unstable_if action=reinterpret pc=0x00000001127d1e5c method=javafx.scene.shape.LineTo.getY()D @ 4
Event: 17.071 Thread 0x00007f9aaf0c6800 Uncommon trap: reason=unstable_if action=reinterpret pc=0x00000001127d8d50 method=com.sun.prism.BasicStroke.accumulateOrdered(FFFF[F)V @ 20
Event: 17.072 Thread 0x00007f9aaf0c6800 Uncommon trap: reason=class_check action=maybe_recompile pc=0x0000000112514538 method=javafx.scene.Node.updateLocalToParentTransform()V @ 368
Event: 17.072 Thread 0x00007f9aaf0c6800 Uncommon trap: reason=bimorphic action=maybe_recompile pc=0x0000000112567bf0 method=javafx.scene.Node.getGeomBounds(Lcom/sun/javafx/geom/BaseBounds;Lcom/sun/javafx/geom/transform/BaseTransform;)Lcom/sun/javafx/geom/BaseBounds; @ 1
Event: 17.073 Thread 0x00007f9aaf0c6800 Uncommon trap: reason=unstable_if action=reinterpret pc=0x00000001127d4ec8 method=javafx.scene.shape.LineTo.getY()D @ 4
Event: 17.074 Thread 0x00007f9aaf0c6800 Uncommon trap: reason=null_check action=make_not_entrant pc=0x0000000112567d78 method=javafx.scene.Node$MiscProperties.getClip()Ljavafx/scene/Node; @ 20
Event: 17.103 Thread 0x00007f9aaf0c6800 Uncommon trap: reason=unstable_if action=reinterpret pc=0x0000000112612fc0 method=com.sun.openpisces.Stroker$PolyStack.ensureSpace(I)V @ 44
Event: 17.104 Thread 0x00007f9aaf0c6800 Uncommon trap: reason=unstable_if action=reinterpret pc=0x000000011261072c method=com.sun.openpisces.Stroker$PolyStack.ensureSpace(I)V @ 44
Event: 17.104 Thread 0x00007f9aaf0c6800 Uncommon trap: reason=unstable_if action=reinterpret pc=0x000000011252a328 method=com.sun.javafx.geom.Path2D.needRoom(ZI)V @ 104
Event: 17.104 Thread 0x00007f9aaf0c6800 Uncommon trap: reason=unstable_if action=reinterpret pc=0x0000000112530cec method=com.sun.javafx.geom.Path2D.needRoom(ZI)V @ 57

Internal exceptions (10 events):
Event: 2.726 Thread 0x00007f9aaf0c6800 Exception <a 'java/lang/ArrayIndexOutOfBoundsException': 65> (0x0000000797079ad8) thrown at [/Users/java_re/workspace/8-2-build-macosx-x86_64/jdk8u144/9417/hotspot/src/share/vm/interpreter/interpreterRuntime.cpp, line 366]
Event: 3.727 Thread 0x00007f9aaf0c6800 Implicit null exception at 0x00000001122f41e6 to 0x00000001122f469d
Event: 14.436 Thread 0x00007f9aaf0c6800 Implicit null exception at 0x00000001120e75f5 to 0x00000001120e79a9
Event: 14.436 Thread 0x00007f9aaf0c6800 Implicit null exception at 0x000000011204a1f6 to 0x000000011204a5ad
Event: 14.440 Thread 0x00007f9aaf0c6800 Exception <a 'java/lang/NullPointerException'> (0x00000007955c9ad8) thrown at [/Users/java_re/workspace/8-2-build-macosx-x86_64/jdk8u144/9417/hotspot/src/share/vm/interpreter/linkResolver.cpp, line 1299]
Event: 17.028 Thread 0x00007f9aaf0c6800 Implicit null exception at 0x00000001127d14bb to 0x00000001127d1e45
Event: 17.073 Thread 0x00007f9aaf0c6800 Implicit null exception at 0x00000001127d45a8 to 0x00000001127d4ea5
Event: 17.074 Thread 0x00007f9aaf0c6800 Implicit null exception at 0x0000000112567457 to 0x0000000112567d61
Event: 17.102 Thread 0x00007f9aaf0c6800 Exception <a 'java/lang/NullPointerException'> (0x000000079821d668) thrown at [/Users/java_re/workspace/8-2-build-macosx-x86_64/jdk8u144/9417/hotspot/src/share/vm/interpreter/linkResolver.cpp, line 1197]
Event: 17.102 Thread 0x00007f9aaf0c6800 Exception <a 'java/lang/NullPointerException'> (0x000000079821d668) thrown at [/Users/java_re/workspace/8-2-build-macosx-x86_64/jdk8u144/9417/hotspot/src/share/vm/prims/jvm.cpp, line 1394]

Events (10 events):
Event: 17.146 Executing VM operation: ParallelGCFailedAllocation
Event: 17.146 Executing VM operation: ParallelGCFailedAllocation done
Event: 17.396 Executing VM operation: ParallelGCSystemGC
Event: 17.823 Executing VM operation: ParallelGCSystemGC done
Event: 17.930 Thread 0x00007f9aaf0c6800 DEOPT PACKING pc=0x0000000112548ff4 sp=0x00007fff5c0496f0
Event: 17.930 Thread 0x00007f9aaf0c6800 DEOPT UNPACKING pc=0x0000000111e6f633 sp=0x00007fff5c049490 mode 0
Event: 17.967 Executing VM operation: ParallelGCFailedAllocation
Event: 17.974 Executing VM operation: ParallelGCFailedAllocation done
Event: 18.067 Executing VM operation: ParallelGCFailedAllocation
Event: 18.067 Executing VM operation: ParallelGCFailedAllocation done


Dynamic libraries:
0x000000001ea83000 	/System/Library/Frameworks/Cocoa.framework/Versions/A/Cocoa
0x000000001ea83000 	/System/Library/Frameworks/Security.framework/Versions/A/Security
0x000000001ea83000 	/System/Library/Frameworks/ApplicationServices.framework/Versions/A/ApplicationServices
0x000000001ea83000 	/usr/lib/libz.1.dylib
0x000000001ea83000 	/usr/lib/libSystem.B.dylib
0x000000001ea83000 	/usr/lib/libobjc.A.dylib
0x000000001ea83000 	/System/Library/Frameworks/CoreFoundation.framework/Versions/A/CoreFoundation
0x000000001ea83000 	/System/Library/Frameworks/Foundation.framework/Versions/C/Foundation
0x000000001ea83000 	/System/Library/Frameworks/AppKit.framework/Versions/C/AppKit
0x000000001ea83000 	/System/Library/Frameworks/CoreData.framework/Versions/A/CoreData
0x000000001ea83000 	/System/Library/PrivateFrameworks/RemoteViewServices.framework/Versions/A/RemoteViewServices
0x000000001ea83000 	/System/Library/PrivateFrameworks/UIFoundation.framework/Versions/A/UIFoundation
0x000000001ea83000 	/System/Library/PrivateFrameworks/DFRFoundation.framework/Versions/A/DFRFoundation
0x000000001ea83000 	/usr/lib/libenergytrace.dylib
0x000000001ea83000 	/System/Library/PrivateFrameworks/SkyLight.framework/Versions/A/SkyLight
0x000000001ea83000 	/System/Library/Frameworks/CoreGraphics.framework/Versions/A/CoreGraphics
0x000000001ea83000 	/usr/lib/libScreenReader.dylib
0x000000001ea83000 	/System/Library/Frameworks/Accelerate.framework/Versions/A/Accelerate
0x000000001ea83000 	/System/Library/Frameworks/IOSurface.framework/Versions/A/IOSurface
0x000000001ea83000 	/System/Library/Frameworks/AudioToolbox.framework/Versions/A/AudioToolbox
0x000000001ea83000 	/System/Library/Frameworks/AudioUnit.framework/Versions/A/AudioUnit
0x000000001ea83000 	/System/Library/PrivateFrameworks/DataDetectorsCore.framework/Versions/A/DataDetectorsCore
0x000000001ea83000 	/System/Library/PrivateFrameworks/DesktopServicesPriv.framework/Versions/A/DesktopServicesPriv
0x000000001ea83000 	/System/Library/Frameworks/Carbon.framework/Versions/A/Frameworks/HIToolbox.framework/Versions/A/HIToolbox
0x000000001ea83000 	/usr/lib/libicucore.A.dylib
0x000000001ea83000 	/System/Library/Frameworks/QuartzCore.framework/Versions/A/QuartzCore
0x000000001ea83000 	/System/Library/Frameworks/Carbon.framework/Versions/A/Frameworks/SpeechRecognition.framework/Versions/A/SpeechRecognition
0x000000001ea83000 	/usr/lib/libauto.dylib
0x000000001ea83000 	/usr/lib/libxml2.2.dylib
0x000000001ea83000 	/System/Library/PrivateFrameworks/CoreUI.framework/Versions/A/CoreUI
0x000000001ea83000 	/System/Library/Frameworks/CoreAudio.framework/Versions/A/CoreAudio
0x000000001ea83000 	/System/Library/Frameworks/DiskArbitration.framework/Versions/A/DiskArbitration
0x000000001ea83000 	/usr/lib/liblangid.dylib
0x000000001ea83000 	/System/Library/PrivateFrameworks/MultitouchSupport.framework/Versions/A/MultitouchSupport
0x000000001ea83000 	/System/Library/Frameworks/IOKit.framework/Versions/A/IOKit
0x000000001ea83000 	/usr/lib/libDiagnosticMessagesClient.dylib
0x000000001ea83000 	/System/Library/Frameworks/CoreServices.framework/Versions/A/CoreServices
0x000000001ea83000 	/System/Library/PrivateFrameworks/PerformanceAnalysis.framework/Versions/A/PerformanceAnalysis
0x000000001ea83000 	/System/Library/PrivateFrameworks/GenerationalStorage.framework/Versions/A/GenerationalStorage
0x000000001ea83000 	/System/Library/Frameworks/OpenGL.framework/Versions/A/OpenGL
0x000000001ea83000 	/System/Library/Frameworks/CoreImage.framework/Versions/A/CoreImage
0x000000001ea83000 	/System/Library/Frameworks/CoreText.framework/Versions/A/CoreText
0x000000001ea83000 	/System/Library/Frameworks/ImageIO.framework/Versions/A/ImageIO
0x000000001ea83000 	/System/Library/PrivateFrameworks/Backup.framework/Versions/A/Backup
0x000000001ea83000 	/usr/lib/libarchive.2.dylib
0x000000001ea83000 	/System/Library/Frameworks/CFNetwork.framework/Versions/A/CFNetwork
0x000000001ea83000 	/System/Library/Frameworks/SystemConfiguration.framework/Versions/A/SystemConfiguration
0x000000001ea83000 	/usr/lib/libCRFSuite.dylib
0x000000001ea83000 	/usr/lib/libc++.1.dylib
0x000000001ea83000 	/usr/lib/libc++abi.dylib
0x000000001ea83000 	/usr/lib/system/libcache.dylib
0x000000001ea83000 	/usr/lib/system/libcommonCrypto.dylib
0x000000001ea83000 	/usr/lib/system/libcompiler_rt.dylib
0x000000001ea83000 	/usr/lib/system/libcopyfile.dylib
0x000000001ea83000 	/usr/lib/system/libcorecrypto.dylib
0x000000001ea83000 	/usr/lib/system/libdispatch.dylib
0x000000001ea83000 	/usr/lib/system/libdyld.dylib
0x000000001ea83000 	/usr/lib/system/libkeymgr.dylib
0x000000001ea83000 	/usr/lib/system/liblaunch.dylib
0x000000001ea83000 	/usr/lib/system/libmacho.dylib
0x000000001ea83000 	/usr/lib/system/libquarantine.dylib
0x000000001ea83000 	/usr/lib/system/libremovefile.dylib
0x000000001ea83000 	/usr/lib/system/libsystem_asl.dylib
0x000000001ea83000 	/usr/lib/system/libsystem_blocks.dylib
0x000000001ea83000 	/usr/lib/system/libsystem_c.dylib
0x000000001ea83000 	/usr/lib/system/libsystem_configuration.dylib
0x000000001ea83000 	/usr/lib/system/libsystem_coreservices.dylib
0x000000001ea83000 	/usr/lib/system/libsystem_coretls.dylib
0x000000001ea83000 	/usr/lib/system/libsystem_dnssd.dylib
0x000000001ea83000 	/usr/lib/system/libsystem_info.dylib
0x000000001ea83000 	/usr/lib/system/libsystem_kernel.dylib
0x000000001ea83000 	/usr/lib/system/libsystem_m.dylib
0x000000001ea83000 	/usr/lib/system/libsystem_malloc.dylib
0x000000001ea83000 	/usr/lib/system/libsystem_network.dylib
0x000000001ea83000 	/usr/lib/system/libsystem_networkextension.dylib
0x000000001ea83000 	/usr/lib/system/libsystem_notify.dylib
0x000000001ea83000 	/usr/lib/system/libsystem_platform.dylib
0x000000001ea83000 	/usr/lib/system/libsystem_pthread.dylib
0x000000001ea83000 	/usr/lib/system/libsystem_sandbox.dylib
0x000000001ea83000 	/usr/lib/system/libsystem_secinit.dylib
0x000000001ea83000 	/usr/lib/system/libsystem_symptoms.dylib
0x000000001ea83000 	/usr/lib/system/libsystem_trace.dylib
0x000000001ea83000 	/usr/lib/system/libunwind.dylib
0x000000001ea83000 	/usr/lib/system/libxpc.dylib
0x000000001ea83000 	/usr/lib/libbsm.0.dylib
0x000000001ea83000 	/usr/lib/system/libkxld.dylib
0x000000001ea83000 	/usr/lib/libcoretls.dylib
0x000000001ea83000 	/usr/lib/libcoretls_cfhelpers.dylib
0x000000001ea83000 	/usr/lib/libxar.1.dylib
0x000000001ea83000 	/usr/lib/libsqlite3.dylib
0x000000001ea83000 	/usr/lib/libpam.2.dylib
0x000000001ea83000 	/usr/lib/libOpenScriptingUtil.dylib
0x000000001ea83000 	/usr/lib/libbz2.1.0.dylib
0x000000001ea83000 	/usr/lib/liblzma.5.dylib
0x000000001ea83000 	/usr/lib/libnetwork.dylib
0x000000001ea83000 	/usr/lib/libpcap.A.dylib
0x000000001ea83000 	/System/Library/Frameworks/CoreServices.framework/Versions/A/Frameworks/FSEvents.framework/Versions/A/FSEvents
0x000000001ea83000 	/System/Library/Frameworks/CoreServices.framework/Versions/A/Frameworks/CarbonCore.framework/Versions/A/CarbonCore
0x000000001ea83000 	/System/Library/Frameworks/CoreServices.framework/Versions/A/Frameworks/Metadata.framework/Versions/A/Metadata
0x000000001ea83000 	/System/Library/Frameworks/CoreServices.framework/Versions/A/Frameworks/OSServices.framework/Versions/A/OSServices
0x000000001ea83000 	/System/Library/Frameworks/CoreServices.framework/Versions/A/Frameworks/SearchKit.framework/Versions/A/SearchKit
0x000000001ea83000 	/System/Library/Frameworks/CoreServices.framework/Versions/A/Frameworks/AE.framework/Versions/A/AE
0x000000001ea83000 	/System/Library/Frameworks/CoreServices.framework/Versions/A/Frameworks/LaunchServices.framework/Versions/A/LaunchServices
0x000000001ea83000 	/System/Library/Frameworks/CoreServices.framework/Versions/A/Frameworks/DictionaryServices.framework/Versions/A/DictionaryServices
0x000000001ea83000 	/System/Library/Frameworks/CoreServices.framework/Versions/A/Frameworks/SharedFileList.framework/Versions/A/SharedFileList
0x000000001ea83000 	/System/Library/Frameworks/NetFS.framework/Versions/A/NetFS
0x000000001ea83000 	/System/Library/PrivateFrameworks/NetAuth.framework/Versions/A/NetAuth
0x000000001ea83000 	/System/Library/PrivateFrameworks/login.framework/Versions/A/Frameworks/loginsupport.framework/Versions/A/loginsupport
0x000000001ea83000 	/System/Library/PrivateFrameworks/TCC.framework/Versions/A/TCC
0x000000001ea83000 	/usr/lib/libmecabra.dylib
0x000000001ea83000 	/System/Library/Frameworks/ApplicationServices.framework/Versions/A/Frameworks/ATS.framework/Versions/A/ATS
0x000000001ea83000 	/System/Library/Frameworks/ApplicationServices.framework/Versions/A/Frameworks/ColorSync.framework/Versions/A/ColorSync
0x000000001ea83000 	/System/Library/Frameworks/ApplicationServices.framework/Versions/A/Frameworks/HIServices.framework/Versions/A/HIServices
0x000000001ea83000 	/System/Library/Frameworks/ApplicationServices.framework/Versions/A/Frameworks/LangAnalysis.framework/Versions/A/LangAnalysis
0x000000001ea83000 	/System/Library/Frameworks/ApplicationServices.framework/Versions/A/Frameworks/PrintCore.framework/Versions/A/PrintCore
0x000000001ea83000 	/System/Library/Frameworks/ApplicationServices.framework/Versions/A/Frameworks/QD.framework/Versions/A/QD
0x000000001ea83000 	/System/Library/Frameworks/ApplicationServices.framework/Versions/A/Frameworks/SpeechSynthesis.framework/Versions/A/SpeechSynthesis
0x000000001ea83000 	/System/Library/Frameworks/Accelerate.framework/Versions/A/Frameworks/vImage.framework/Versions/A/vImage
0x000000001ea83000 	/System/Library/Frameworks/Accelerate.framework/Versions/A/Frameworks/vecLib.framework/Versions/A/vecLib
0x000000001ea83000 	/System/Library/Frameworks/Accelerate.framework/Versions/A/Frameworks/vecLib.framework/Versions/A/libvDSP.dylib
0x000000001ea83000 	/System/Library/Frameworks/Accelerate.framework/Versions/A/Frameworks/vecLib.framework/Versions/A/libBNNS.dylib
0x000000001ea83000 	/System/Library/Frameworks/Accelerate.framework/Versions/A/Frameworks/vecLib.framework/Versions/A/libQuadrature.dylib
0x000000001ea83000 	/System/Library/Frameworks/Accelerate.framework/Versions/A/Frameworks/vecLib.framework/Versions/A/libvMisc.dylib
0x000000001ea83000 	/System/Library/Frameworks/Accelerate.framework/Versions/A/Frameworks/vecLib.framework/Versions/A/libLAPACK.dylib
0x000000001ea83000 	/System/Library/Frameworks/Accelerate.framework/Versions/A/Frameworks/vecLib.framework/Versions/A/libBLAS.dylib
0x000000001ea83000 	/System/Library/Frameworks/Accelerate.framework/Versions/A/Frameworks/vecLib.framework/Versions/A/libLinearAlgebra.dylib
0x000000001ea83000 	/System/Library/Frameworks/Accelerate.framework/Versions/A/Frameworks/vecLib.framework/Versions/A/libSparseBLAS.dylib
0x000000001ea83000 	/System/Library/Frameworks/ApplicationServices.framework/Versions/A/Frameworks/ATS.framework/Versions/A/Resources/libFontParser.dylib
0x000000001ea83000 	/System/Library/Frameworks/ApplicationServices.framework/Versions/A/Frameworks/ATS.framework/Versions/A/Resources/libFontRegistry.dylib
0x000000001ea83000 	/System/Library/Frameworks/ImageIO.framework/Versions/A/Resources/libJPEG.dylib
0x000000001ea83000 	/System/Library/Frameworks/ImageIO.framework/Versions/A/Resources/libTIFF.dylib
0x000000001ea83000 	/System/Library/Frameworks/ImageIO.framework/Versions/A/Resources/libPng.dylib
0x000000001ea83000 	/System/Library/Frameworks/ImageIO.framework/Versions/A/Resources/libGIF.dylib
0x000000001ea83000 	/System/Library/Frameworks/ImageIO.framework/Versions/A/Resources/libJP2.dylib
0x000000001ea83000 	/System/Library/Frameworks/ImageIO.framework/Versions/A/Resources/libRadiance.dylib
0x000000001ea83000 	/usr/lib/libcompression.dylib
0x000000001ea83000 	/System/Library/PrivateFrameworks/AppleJPEG.framework/Versions/A/AppleJPEG
0x000000001ea83000 	/usr/lib/libcups.2.dylib
0x000000001ea83000 	/System/Library/Frameworks/Kerberos.framework/Versions/A/Kerberos
0x000000001ea83000 	/System/Library/Frameworks/GSS.framework/Versions/A/GSS
0x000000001ea83000 	/usr/lib/libresolv.9.dylib
0x000000001ea83000 	/usr/lib/libiconv.2.dylib
0x000000001ea83000 	/System/Library/PrivateFrameworks/Heimdal.framework/Versions/A/Heimdal
0x000000001ea83000 	/usr/lib/libheimdal-asn1.dylib
0x000000001ea83000 	/System/Library/Frameworks/OpenDirectory.framework/Versions/A/OpenDirectory
0x000000001ea83000 	/System/Library/PrivateFrameworks/CommonAuth.framework/Versions/A/CommonAuth
0x000000001ea83000 	/System/Library/Frameworks/OpenDirectory.framework/Versions/A/Frameworks/CFOpenDirectory.framework/Versions/A/CFOpenDirectory
0x000000001ea83000 	/System/Library/Frameworks/SecurityFoundation.framework/Versions/A/SecurityFoundation
0x000000001ea83000 	/System/Library/PrivateFrameworks/LanguageModeling.framework/Versions/A/LanguageModeling
0x000000001ea83000 	/usr/lib/libmarisa.dylib
0x000000001ea83000 	/usr/lib/libChineseTokenizer.dylib
0x000000001ea83000 	/usr/lib/libcmph.dylib
0x000000001ea83000 	/System/Library/PrivateFrameworks/CoreEmoji.framework/Versions/A/CoreEmoji
0x000000001ea83000 	/System/Library/Frameworks/ServiceManagement.framework/Versions/A/ServiceManagement
0x000000001ea83000 	/usr/lib/libxslt.1.dylib
0x000000001ea83000 	/System/Library/Frameworks/Carbon.framework/Versions/A/Frameworks/Ink.framework/Versions/A/Ink
0x000000001ea83000 	/System/Library/PrivateFrameworks/TextureIO.framework/Versions/A/TextureIO
0x000000001ea83000 	/System/Library/Frameworks/Metal.framework/Versions/A/Metal
0x000000001ea83000 	/usr/lib/libate.dylib
0x000000001ea83000 	/System/Library/PrivateFrameworks/GPUCompiler.framework/libmetal_timestamp.dylib
0x000000001ea83000 	/System/Library/Frameworks/OpenGL.framework/Versions/A/Libraries/libCoreFSCache.dylib
0x000000001ea83000 	/System/Library/PrivateFrameworks/IOAccelerator.framework/Versions/A/IOAccelerator
0x000000001ea83000 	/System/Library/Frameworks/CoreVideo.framework/Versions/A/CoreVideo
0x000000001ea83000 	/usr/lib/libFosl_dynamic.dylib
0x000000001ea83000 	/System/Library/PrivateFrameworks/MetalPerformanceShaders.framework/Versions/A/MetalPerformanceShaders
0x000000001ea83000 	/System/Library/PrivateFrameworks/FaceCore.framework/Versions/A/FaceCore
0x000000001ea83000 	/System/Library/Frameworks/OpenCL.framework/Versions/A/OpenCL
0x000000001ea83000 	/System/Library/Frameworks/OpenGL.framework/Versions/A/Libraries/libGLU.dylib
0x000000001ea83000 	/System/Library/Frameworks/OpenGL.framework/Versions/A/Libraries/libGFXShared.dylib
0x000000001ea83000 	/System/Library/Frameworks/OpenGL.framework/Versions/A/Libraries/libGL.dylib
0x000000001ea83000 	/System/Library/Frameworks/OpenGL.framework/Versions/A/Libraries/libGLImage.dylib
0x000000001ea83000 	/System/Library/Frameworks/OpenGL.framework/Versions/A/Libraries/libCVMSPluginSupport.dylib
0x000000001ea83000 	/System/Library/Frameworks/OpenGL.framework/Versions/A/Libraries/libCoreVMClient.dylib
0x000000001ea83000 	/System/Library/PrivateFrameworks/CrashReporterSupport.framework/Versions/A/CrashReporterSupport
0x000000001ea83000 	/System/Library/PrivateFrameworks/Sharing.framework/Versions/A/Sharing
0x000000001ea83000 	/System/Library/PrivateFrameworks/IconServices.framework/Versions/A/IconServices
0x000000001ea83000 	/System/Library/PrivateFrameworks/ProtocolBuffer.framework/Versions/A/ProtocolBuffer
0x000000001ea83000 	/System/Library/PrivateFrameworks/Apple80211.framework/Versions/A/Apple80211
0x000000001ea83000 	/System/Library/Frameworks/CoreWLAN.framework/Versions/A/CoreWLAN
0x000000001ea83000 	/System/Library/PrivateFrameworks/CoreUtils.framework/Versions/A/CoreUtils
0x000000001ea83000 	/System/Library/Frameworks/IOBluetooth.framework/Versions/A/IOBluetooth
0x000000001ea83000 	/System/Library/PrivateFrameworks/CoreWiFi.framework/Versions/A/CoreWiFi
0x000000001ea83000 	/System/Library/Frameworks/CoreBluetooth.framework/Versions/A/CoreBluetooth
0x000000001ea83000 	/System/Library/Frameworks/CoreDisplay.framework/Versions/A/CoreDisplay
0x000000001ea83000 	/System/Library/PrivateFrameworks/IOPresentment.framework/Versions/A/IOPresentment
0x000000001ea83000 	/System/Library/PrivateFrameworks/DebugSymbols.framework/Versions/A/DebugSymbols
0x000000001ea83000 	/System/Library/PrivateFrameworks/CoreSymbolication.framework/Versions/A/CoreSymbolication
0x000000001ea83000 	/System/Library/PrivateFrameworks/Symbolication.framework/Versions/A/Symbolication
0x000000001ea83000 	/System/Library/PrivateFrameworks/AppleFSCompression.framework/Versions/A/AppleFSCompression
0x000000001ea83000 	/System/Library/PrivateFrameworks/SpeechRecognitionCore.framework/Versions/A/SpeechRecognitionCore
0x000000001ea83000 	/System/Library/PrivateFrameworks/ChunkingLibrary.framework/Versions/A/ChunkingLibrary
0x0000000104600000 	/Library/Java/JavaVirtualMachines/jdk1.8.0_144.jdk/Contents/Home/jre/lib/server/libjvm.dylib
0x000000001ea83000 	/usr/lib/libstdc++.6.dylib
0x0000000103c5f000 	/Library/Java/JavaVirtualMachines/jdk1.8.0_144.jdk/Contents/Home/jre/lib/libverify.dylib
0x0000000103c6d000 	/Library/Java/JavaVirtualMachines/jdk1.8.0_144.jdk/Contents/Home/jre/lib/libjava.dylib
0x0000000103cac000 	/Library/Java/JavaVirtualMachines/jdk1.8.0_144.jdk/Contents/Home/jre/lib/libzip.dylib
0x000000010bd99000 	/System/Library/Frameworks/JavaVM.framework/Frameworks/JavaRuntimeSupport.framework/JavaRuntimeSupport
0x000000010bdb3000 	/System/Library/Frameworks/JavaVM.framework/Versions/A/Frameworks/JavaNativeFoundation.framework/Versions/A/JavaNativeFoundation
0x000000010bdc8000 	/System/Library/Frameworks/JavaVM.framework/Versions/A/JavaVM
0x000000001ea83000 	/System/Library/Frameworks/Carbon.framework/Versions/A/Carbon
0x000000010bdd5000 	/System/Library/PrivateFrameworks/JavaLaunching.framework/Versions/A/JavaLaunching
0x000000001ea83000 	/System/Library/Frameworks/Carbon.framework/Versions/A/Frameworks/CommonPanels.framework/Versions/A/CommonPanels
0x000000001ea83000 	/System/Library/Frameworks/Carbon.framework/Versions/A/Frameworks/Help.framework/Versions/A/Help
0x000000001ea83000 	/System/Library/Frameworks/Carbon.framework/Versions/A/Frameworks/ImageCapture.framework/Versions/A/ImageCapture
0x000000001ea83000 	/System/Library/Frameworks/Carbon.framework/Versions/A/Frameworks/OpenScripting.framework/Versions/A/OpenScripting
0x000000001ea83000 	/System/Library/Frameworks/Carbon.framework/Versions/A/Frameworks/Print.framework/Versions/A/Print
0x000000001ea83000 	/System/Library/Frameworks/Carbon.framework/Versions/A/Frameworks/SecurityHI.framework/Versions/A/SecurityHI
0x000000010d77c000 	/Library/Java/JavaVirtualMachines/jdk1.8.0_144.jdk/Contents/Home/jre/lib/libprism_es2.dylib
0x000000001ea83000 	/System/Library/Frameworks/OpenGL.framework/Versions/A/Resources/GLEngine.bundle/GLEngine
0x000000001ea83000 	/System/Library/Frameworks/OpenGL.framework/Versions/A/Libraries/libGLProgrammability.dylib
0x000000010d7e1000 	/System/Library/Extensions/AppleIntelBDWGraphicsGLDriver.bundle/Contents/MacOS/AppleIntelBDWGraphicsGLDriver
0x000000001ea83000 	/System/Library/PrivateFrameworks/GPUSupport.framework/Versions/A/Libraries/libGPUSupportMercury.dylib
0x000000001ea83000 	/System/Library/Frameworks/OpenGL.framework/Versions/A/Resources/GLRendererFloat.bundle/GLRendererFloat
0x000000001ea83000 	/System/Library/Frameworks/OpenCL.framework/Versions/A/Libraries/libcldcpuengine.dylib
0x000000001ea83000 	/usr/lib/libcrypto.0.9.8.dylib
0x000000001ea83000 	/System/Library/PrivateFrameworks/TrustEvaluationAgent.framework/Versions/A/TrustEvaluationAgent
0x000000010e32f000 	/Library/Java/JavaVirtualMachines/jdk1.8.0_144.jdk/Contents/Home/jre/lib/libglass.dylib
0x000000001ea83000 	/System/Library/PrivateFrameworks/CoreServicesInternal.framework/Versions/A/CoreServicesInternal
0x000000001ea83000 	/System/Library/CoreServices/RawCamera.bundle/Contents/MacOS/RawCamera
0x000000001ea83000 	/System/Library/Frameworks/Accelerate.framework/Versions/A/Frameworks/vImage.framework/Versions/A/Libraries/libCGInterfaces.dylib
0x000000001ea83000 	/System/Library/PrivateFrameworks/FamilyControls.framework/Versions/A/FamilyControls
0x000000001ea83000 	/System/Library/PrivateFrameworks/CommerceKit.framework/Versions/A/Frameworks/CommerceCore.framework/Versions/A/CommerceCore
0x000000001ea83000 	/System/Library/PrivateFrameworks/SystemAdministration.framework/Versions/A/SystemAdministration
0x000000001ea83000 	/System/Library/PrivateFrameworks/AppContainer.framework/Versions/A/AppContainer
0x000000001ea83000 	/System/Library/PrivateFrameworks/SecCodeWrapper.framework/Versions/A/SecCodeWrapper
0x000000001ea83000 	/System/Library/Frameworks/DirectoryService.framework/Versions/A/DirectoryService
0x000000001ea83000 	/System/Library/PrivateFrameworks/DiskImages.framework/Versions/A/DiskImages
0x000000001ea83000 	/System/Library/PrivateFrameworks/LoginUIKit.framework/Versions/A/Frameworks/LoginUICore.framework/Versions/A/LoginUICore
0x000000001ea83000 	/usr/lib/libCoreStorage.dylib
0x000000001ea83000 	/usr/lib/libcsfde.dylib
0x000000001ea83000 	/usr/lib/libodfde.dylib
0x000000001ea83000 	/System/Library/Frameworks/DiscRecording.framework/Versions/A/DiscRecording
0x000000001ea83000 	/usr/lib/libcurl.4.dylib
0x000000001ea83000 	/System/Library/PrivateFrameworks/MediaKit.framework/Versions/A/MediaKit
0x000000001ea83000 	/System/Library/PrivateFrameworks/ProtectedCloudStorage.framework/Versions/A/ProtectedCloudStorage
0x000000001ea83000 	/System/Library/PrivateFrameworks/EFILogin.framework/Versions/A/EFILogin
0x000000001ea83000 	/usr/lib/libutil.dylib
0x000000001ea83000 	/System/Library/Frameworks/LDAP.framework/Versions/A/LDAP
0x000000001ea83000 	/usr/lib/libsasl2.2.dylib
0x000000001ea83000 	/System/Library/PrivateFrameworks/CoreDaemon.framework/Versions/B/CoreDaemon
0x000000001ea83000 	/System/Library/PrivateFrameworks/AppleSRP.framework/Versions/A/AppleSRP
0x000000001ea83000 	/System/Library/PrivateFrameworks/APFS.framework/Versions/A/APFS
0x000000010e3a7000 	/Library/Java/JavaVirtualMachines/jdk1.8.0_144.jdk/Contents/Home/jre/lib/libjavafx_font.dylib
0x000000001ea83000 	/System/Library/Frameworks/ApplicationServices.framework/Versions/A/Frameworks/ATS.framework/Versions/A/Resources/libTrueTypeScaler.dylib
0x0000000121544000 	/System/Library/Extensions/AppleIntelBDWGraphicsMTLDriver.bundle/Contents/MacOS/AppleIntelBDWGraphicsMTLDriver
0x000000001ea83000 	/System/Library/PrivateFrameworks/ViewBridge.framework/Versions/A/ViewBridge
0x000000001ea83000 	/System/Library/PrivateFrameworks/XPCService.framework/Versions/A/XPCService
0x000000001ea83000 	/System/Library/PrivateFrameworks/AppSandbox.framework/Versions/A/AppSandbox
0x000000001ea83000 	/usr/lib/libsandbox.1.dylib
0x000000001ea83000 	/usr/lib/libMatch.1.dylib
0x0000000125d4f000 	/Library/Java/JavaVirtualMachines/jdk1.8.0_144.jdk/Contents/Home/jre/lib/libprism_common.dylib
0x000000001ea83000 	/System/Library/PrivateFrameworks/FinderKit.framework/Versions/A/FinderKit
0x000000001ea83000 	/System/Library/Frameworks/Quartz.framework/Versions/A/Frameworks/QuickLookUI.framework/Versions/A/QuickLookUI
0x000000001ea83000 	/System/Library/Frameworks/Quartz.framework/Versions/A/Frameworks/ImageKit.framework/Versions/A/ImageKit
0x000000001ea83000 	/System/Library/PrivateFrameworks/Bom.framework/Versions/A/Bom
0x000000001ea83000 	/System/Library/Frameworks/QuickLook.framework/Versions/A/QuickLook
0x000000001ea83000 	/System/Library/PrivateFrameworks/Suggestions.framework/Versions/A/Suggestions
0x000000001ea83000 	/System/Library/PrivateFrameworks/AppleSystemInfo.framework/Versions/A/AppleSystemInfo
0x000000001ea83000 	/System/Library/Frameworks/ImageCaptureCore.framework/Versions/A/ImageCaptureCore
0x000000001ea83000 	/System/Library/Frameworks/SafariServices.framework/Versions/A/SafariServices
0x000000001ea83000 	/System/Library/Frameworks/QTKit.framework/Versions/A/QTKit
0x000000001ea83000 	/System/Library/PrivateFrameworks/MobileKeyBag.framework/Versions/A/MobileKeyBag
0x000000001ea83000 	/System/Library/Frameworks/AVFoundation.framework/Versions/A/AVFoundation
0x000000001ea83000 	/System/Library/Frameworks/CoreMedia.framework/Versions/A/CoreMedia
0x000000001ea83000 	/System/Library/Frameworks/MediaToolbox.framework/Versions/A/MediaToolbox
0x000000001ea83000 	/System/Library/Frameworks/VideoToolbox.framework/Versions/A/VideoToolbox
0x000000001ea83000 	/System/Library/PrivateFrameworks/CoreMediaAuthoring.framework/Versions/A/CoreMediaAuthoring
0x000000001ea83000 	/System/Library/Frameworks/CoreMediaIO.framework/Versions/A/CoreMediaIO
0x000000001ea83000 	/System/Library/Frameworks/AVFoundation.framework/Versions/A/Frameworks/AVFAudio.framework/Versions/A/AVFAudio
0x000000001ea83000 	/System/Library/PrivateFrameworks/IntlPreferences.framework/Versions/A/IntlPreferences
0x000000001ea83000 	/usr/lib/libspindump.dylib
0x000000001ea83000 	/usr/lib/libdscsym.dylib
0x000000001ea83000 	/System/Library/PrivateFrameworks/CoreAVCHD.framework/Versions/A/CoreAVCHD
0x000000001ea83000 	/System/Library/Frameworks/MediaAccessibility.framework/Versions/A/MediaAccessibility
0x000000001ea83000 	/System/Library/PrivateFrameworks/Mangrove.framework/Versions/A/Mangrove
0x000000001ea83000 	/System/Library/PrivateFrameworks/CoreAUC.framework/Versions/A/CoreAUC
0x000000001ea83000 	/System/Library/PrivateFrameworks/AppleVA.framework/Versions/A/AppleVA
0x000000001ea83000 	/System/Library/PrivateFrameworks/QuickLookThumbnailing.framework/Versions/A/QuickLookThumbnailing
0x000000001ea83000 	/System/Library/PrivateFrameworks/DisplayServices.framework/Versions/A/DisplayServices
0x000000001ea83000 	/System/Library/Frameworks/Quartz.framework/Versions/A/Frameworks/PDFKit.framework/Versions/A/PDFKit
0x000000001ea83000 	/System/Library/Frameworks/Quartz.framework/Versions/A/Frameworks/QuartzComposer.framework/Versions/A/QuartzComposer
0x000000001ea83000 	/System/Library/Frameworks/Quartz.framework/Versions/A/Frameworks/QuartzFilters.framework/Versions/A/QuartzFilters
0x000000001ea83000 	/System/Library/PrivateFrameworks/CorePDF.framework/Versions/A/CorePDF
0x000000001ea83000 	/System/Library/Frameworks/JavaScriptCore.framework/Versions/A/JavaScriptCore
0x000000001ea83000 	/System/Library/Frameworks/AddressBook.framework/Versions/A/AddressBook
0x000000001ea83000 	/System/Library/PrivateFrameworks/ContactsPersistence.framework/Versions/A/ContactsPersistence
0x000000001ea83000 	/System/Library/PrivateFrameworks/CalendarAgentLink.framework/Versions/A/CalendarAgentLink
0x000000001ea83000 	/System/Library/PrivateFrameworks/ContactsFoundation.framework/Versions/A/ContactsFoundation
0x000000001ea83000 	/System/Library/PrivateFrameworks/vCard.framework/Versions/A/vCard
0x000000001ea83000 	/System/Library/PrivateFrameworks/ToneLibrary.framework/Versions/A/ToneLibrary
0x000000001ea83000 	/System/Library/PrivateFrameworks/ToneKit.framework/Versions/A/ToneKit
0x000000001ea83000 	/System/Library/PrivateFrameworks/ApplePushService.framework/Versions/A/ApplePushService
0x000000001ea83000 	/System/Library/Frameworks/SecurityInterface.framework/Versions/A/SecurityInterface
0x000000001ea83000 	/System/Library/PrivateFrameworks/PhoneNumbers.framework/Versions/A/PhoneNumbers
0x000000001ea83000 	/System/Library/Frameworks/Quartz.framework/Versions/A/Quartz
0x000000001ea83000 	/System/Library/Frameworks/Accounts.framework/Versions/A/Accounts
0x000000001ea83000 	/System/Library/PrivateFrameworks/OAuth.framework/Versions/A/OAuth
0x000000001ea83000 	/System/Library/PrivateFrameworks/CacheDelete.framework/Versions/A/CacheDelete
0x000000001ea83000 	/System/Library/PrivateFrameworks/CloudDocs.framework/Versions/A/CloudDocs
0x000000001ea83000 	/System/Library/Frameworks/CloudKit.framework/Versions/A/CloudKit
0x000000001ea83000 	/System/Library/PrivateFrameworks/MMCS.framework/Versions/A/MMCS
0x000000001ea83000 	/System/Library/Frameworks/CoreLocation.framework/Versions/A/CoreLocation
0x000000001ea83000 	/System/Library/PrivateFrameworks/AssetCacheServices.framework/Versions/A/AssetCacheServices
0x000000001ea83000 	/System/Library/PrivateFrameworks/GeoServices.framework/Versions/A/GeoServices
0x000000001ea83000 	/System/Library/PrivateFrameworks/PlugInKit.framework/Versions/A/PlugInKit
0x000000001ea83000 	/System/Library/PrivateFrameworks/iLifeMediaBrowser.framework/Versions/A/iLifeMediaBrowser
0x000000001ea83000 	/System/Library/Frameworks/AVKit.framework/Versions/A/AVKit
0x000000001ea83000 	/System/Library/PrivateFrameworks/MediaRemote.framework/Versions/A/MediaRemote
0x000000001ea83000 	/System/Library/PrivateFrameworks/MediaServices.framework/Versions/A/MediaServices
0x000000012fb09000 	/System/Library/Frameworks/Security.framework/PlugIns/csparser.bundle/Contents/MacOS/csparser
0x00000001302e3000 	/Library/Java/JavaVirtualMachines/jdk1.8.0_144.jdk/Contents/Home/jre/lib/libglib-lite.dylib
0x0000000130404000 	/Library/Java/JavaVirtualMachines/jdk1.8.0_144.jdk/Contents/Home/jre/lib/libgstreamer-lite.dylib
0x000000013057d000 	/Library/Java/JavaVirtualMachines/jdk1.8.0_144.jdk/Contents/Home/jre/lib/libjfxmedia.dylib
0x00000001305b8000 	/Library/Java/JavaVirtualMachines/jdk1.8.0_144.jdk/Contents/Home/jre/lib/libjfxmedia_avf.dylib
0x00000001305ed000 	/Library/Java/JavaVirtualMachines/jdk1.8.0_144.jdk/Contents/Home/jre/lib/libjfxmedia_qtkit.dylib
0x00000001305fa000 	/Library/Java/JavaVirtualMachines/jdk1.8.0_144.jdk/Contents/Home/jre/lib/libfxplugins.dylib
0x000000012f50b000 	/System/Library/Frameworks/VideoDecodeAcceleration.framework/Versions/A/VideoDecodeAcceleration
0x0000000130625000 	/Library/Java/JavaVirtualMachines/jdk1.8.0_144.jdk/Contents/Home/jre/lib/libnet.dylib
0x000000013063c000 	/Library/Java/JavaVirtualMachines/jdk1.8.0_144.jdk/Contents/Home/jre/lib/libnio.dylib
0x000000013084c000 	/System/Library/Extensions/AppleHDA.kext/Contents/PlugIns/AppleHDAHALPlugIn.bundle/Contents/MacOS/AppleHDAHALPlugIn
0x000000013087d000 	/System/Library/Components/CoreAudio.component/Contents/MacOS/CoreAudio

VM Arguments:
jvm_args: -Dfile.encoding=UTF-8 
java_command: /Users/DoD/NetBeansProjects/recordingModule/dist/run1409562648/recordingModule.jar
java_class_path (initial): /Users/DoD/NetBeansProjects/recordingModule/dist/run1409562648/recordingModule.jar
Launcher Type: SUN_STANDARD

Environment Variables:
PATH=/usr/bin:/bin:/usr/sbin:/sbin
LD_LIBRARY_PATH=/Library/Java/JavaVirtualMachines/jdk1.8.0_144.jdk/Contents/Home/jre/lib/amd64:/Library/Java/JavaVirtualMachines/jdk1.8.0_144.jdk/Contents/Home/jre/lib/i386:
SHELL=/bin/bash

Signal Handlers:
SIGSEGV: [libjvm.dylib+0x5b26e5], sa_mask[0]=11111111011111110111111111111111, sa_flags=SA_ONSTACK|SA_RESTART|SA_SIGINFO
SIGBUS: [libjvm.dylib+0x5b26e5], sa_mask[0]=11111111011111110111111111111111, sa_flags=SA_RESTART|SA_SIGINFO
SIGFPE: [libjvm.dylib+0x489100], sa_mask[0]=11111111011111110111111111111111, sa_flags=SA_RESTART|SA_SIGINFO
SIGPIPE: [libjvm.dylib+0x489100], sa_mask[0]=11111111011111110111111111111111, sa_flags=SA_RESTART|SA_SIGINFO
SIGXFSZ: [libjvm.dylib+0x489100], sa_mask[0]=11111111011111110111111111111111, sa_flags=SA_RESTART|SA_SIGINFO
SIGILL: [libjvm.dylib+0x489100], sa_mask[0]=11111111011111110111111111111111, sa_flags=SA_RESTART|SA_SIGINFO
SIGUSR1: SIG_DFL, sa_mask[0]=00000000000000000000000000000000, sa_flags=none
SIGUSR2: [libjvm.dylib+0x488c1e], sa_mask[0]=00100000000000000000000000000000, sa_flags=SA_RESTART|SA_SIGINFO
SIGHUP: [libjvm.dylib+0x4871f5], sa_mask[0]=11111111011111110111111111111111, sa_flags=SA_RESTART|SA_SIGINFO
SIGINT: SIG_IGN, sa_mask[0]=00000000000000000000000000000000, sa_flags=none
SIGTERM: [libjvm.dylib+0x4871f5], sa_mask[0]=11111111011111110111111111111111, sa_flags=SA_RESTART|SA_SIGINFO
SIGQUIT: [libjvm.dylib+0x4871f5], sa_mask[0]=11111111011111110111111111111111, sa_flags=SA_RESTART|SA_SIGINFO


---------------  S Y S T E M  ---------------

OS:Bsduname:Darwin 16.3.0 Darwin Kernel Version 16.3.0: Thu Nov 17 20:23:58 PST 2016; root:xnu-3789.31.2~1/RELEASE_X86_64 x86_64
rlimit: STACK 8192k, CORE 0k, NPROC 709, NOFILE 10240, AS infinity
load average:2.45 2.01 1.85

CPU:total 4 (initial active 4) (4 cores per cpu, 1 threads per core) family 6 model 71 stepping 1, cmov, cx8, fxsr, mmx, sse, sse2, sse3, ssse3, sse4.1, sse4.2, popcnt, avx, avx2, aes, clmul, erms, rtm, 3dnowpref, lzcnt, tsc, tscinvbit, bmi1, bmi2, adx

Memory: 4k page, physical 8388608k(98664k free)

/proc/meminfo:


vm_info: Java HotSpot(TM) 64-Bit Server VM (25.144-b01) for bsd-amd64 JRE (1.8.0_144-b01), built on Jul 21 2017 22:07:42 by "java_re" with gcc 4.2.1 (Based on Apple Inc. build 5658) (LLVM build 2336.11.00)

time: Wed Nov 22 14:57:44 2017
elapsed time: 18 seconds (0d 0h 0m 18s)

