#
# There is insufficient memory for the Java Runtime Environment to continue.
# Native memory allocation (malloc) failed to allocate 1441792 bytes for offset table expansion
# Possible reasons:
#   The system is out of physical RAM or swap space
#   In 32 bit mode, the process size limit was hit
# Possible solutions:
#   Reduce memory load on the system
#   Increase physical memory or swap space
#   Check if swap backing store is full
#   Use 64 bit Java on a 64 bit OS
#   Decrease Java heap size (-Xmx/-Xms)
#   Decrease number of Java threads
#   Decrease Java thread stack sizes (-Xss)
#   Set larger code cache with -XX:ReservedCodeCacheSize=
# This output file may be truncated or incomplete.
#
#  Out of Memory Error (blockOffsetTable.cpp:79), pid=3788, tid=4800
#
# JRE version: 7.0_25-b17
# Java VM: Java HotSpot(TM) Client VM (23.25-b01 mixed mode windows-x86 )
# Failed to write core dump. Minidumps are not enabled by default on client versions of Windows
#

---------------  T H R E A D  ---------------

Current thread (0x0112ac00):  JavaThread "Unknown thread" [_thread_in_vm, id=4800, stack(0x01650000,0x016a0000)]

Stack: [0x01650000,0x016a0000],  sp=0x0169f934,  free space=318k
Native frames: (J=compiled Java code, j=interpreted, Vv=VM code, C=native code)
V  [jvm.dll+0x167e31]
V  [jvm.dll+0x162255]
V  [jvm.dll+0x5c730]
V  [jvm.dll+0x5ccb3]
V  [jvm.dll+0x6a156]
V  [jvm.dll+0x71723]
V  [jvm.dll+0x6a795]
V  [jvm.dll+0x69283]
V  [jvm.dll+0x733c7]
V  [jvm.dll+0x123844]
V  [jvm.dll+0x1439cc]
V  [jvm.dll+0xa619f]
C  [java.exe+0x13bd]
C  [java.exe+0x1e2f]
C  [java.exe+0xa5a1]
C  [java.exe+0xa62b]
C  [kernel32.dll+0x51174]  BaseThreadInitThunk+0x12
C  [ntdll.dll+0x5b3f5]  RtlInitializeExceptionChain+0x63
C  [ntdll.dll+0x5b3c8]  RtlInitializeExceptionChain+0x36


---------------  P R O C E S S  ---------------

Java Threads: ( => current thread )

Other Threads:

=>0x0112ac00 (exited) JavaThread "Unknown thread" [_thread_in_vm, id=4800, stack(0x01650000,0x016a0000)]

VM state:not at safepoint (not fully initialized)

VM Mutex/Monitor currently owned by a thread: None

GC Heap History (0 events):
No events

Deoptimization events (0 events):
No events

Internal exceptions (0 events):
No events

Events (0 events):
No events


Dynamic libraries:
0x01180000 - 0x011af000 	C:\Program Files\Java\jdk1.7.0_25\bin\java.exe
0x77830000 - 0x7796c000 	C:\Windows\SYSTEM32\ntdll.dll
0x771e0000 - 0x772b4000 	C:\Windows\system32\kernel32.dll
0x75b50000 - 0x75b9a000 	C:\Windows\system32\KERNELBASE.dll
0x77990000 - 0x77a30000 	C:\Windows\system32\ADVAPI32.dll
0x76f30000 - 0x76fdc000 	C:\Windows\system32\msvcrt.dll
0x77510000 - 0x77529000 	C:\Windows\SYSTEM32\sechost.dll
0x76090000 - 0x76131000 	C:\Windows\system32\RPCRT4.dll
0x76de0000 - 0x76ea9000 	C:\Windows\system32\USER32.dll
0x75ee0000 - 0x75f2e000 	C:\Windows\system32\GDI32.dll
0x75f30000 - 0x75f3a000 	C:\Windows\system32\LPK.dll
0x76fe0000 - 0x7707d000 	C:\Windows\system32\USP10.dll
0x74860000 - 0x749fe000 	C:\Windows\WinSxS\x86_microsoft.windows.common-controls_6595b64144ccf1df_6.0.7600.16385_none_421189da2b7fabfc\COMCTL32.dll
0x75e80000 - 0x75ed7000 	C:\Windows\system32\SHLWAPI.dll
0x77a40000 - 0x77a5f000 	C:\Windows\system32\IMM32.DLL
0x77400000 - 0x774cc000 	C:\Windows\system32\MSCTF.dll
0x6b5f0000 - 0x6b6ae000 	C:\Program Files\Java\jdk1.7.0_25\jre\bin\msvcr100.dll
0x69ec0000 - 0x6a202000 	C:\Program Files\Java\jdk1.7.0_25\jre\bin\client\jvm.dll
0x6f860000 - 0x6f867000 	C:\Windows\system32\WSOCK32.dll
0x774d0000 - 0x77505000 	C:\Windows\system32\WS2_32.dll
0x77a30000 - 0x77a36000 	C:\Windows\system32\NSI.dll
0x73f00000 - 0x73f32000 	C:\Windows\system32\WINMM.dll
0x77970000 - 0x77975000 	C:\Windows\system32\PSAPI.DLL
0x74a80000 - 0x74a8c000 	C:\Program Files\Java\jdk1.7.0_25\jre\bin\verify.dll
0x74200000 - 0x74220000 	C:\Program Files\Java\jdk1.7.0_25\jre\bin\java.dll
0x74a50000 - 0x74a63000 	C:\Program Files\Java\jdk1.7.0_25\jre\bin\zip.dll
0x6f8d0000 - 0x6f9bb000 	C:\Windows\system32\dbghelp.dll

VM Arguments:
jvm_args: -Dfile.encoding=UTF-8 -Xms1024m 
java_command: Speech.authentication.login
Launcher Type: SUN_STANDARD

Environment Variables:
PATH=C:\Perl\site\bin;C:\Perl\bin;C:\Windows\system32;C:\Windows;C:\Windows\System32\Wbem;C:\Program Files\Java\jdk1.7.0_25\bin;C:\Windows\System32\WindowsPowerShell\v1.0\;C:\Program Files\MATLAB\R2010a\runtime\win32;C:\Program Files\MATLAB\R2010a\bin;C:\Program Files\TortoiseSVN\bin;C:\Program Files\GTK2-Runtime\bin;C:\Program Files\Microsoft Visual Studio\Common\Tools\WinNT;C:\Program Files\Microsoft Visual Studio\Common\MSDev98\Bin;C:\Program Files\Microsoft Visual Studio\Common\Tools;C:\Program Files\Microsoft Visual Studio\VC98\bin;C:\Program Files\SSH Communications Security\SSH Secure Shell
USERNAME=saikat
OS=Windows_NT
PROCESSOR_IDENTIFIER=x86 Family 6 Model 42 Stepping 7, GenuineIntel



---------------  S Y S T E M  ---------------

OS: Windows 7 Build 7600 

CPU:total 4 (4 cores per cpu, 1 threads per core) family 6 model 42 stepping 7, cmov, cx8, fxsr, mmx, sse, sse2, sse3, ssse3, sse4.1, sse4.2, popcnt, tsc, tscinvbit

Memory: 4k page, physical 3570848k(1670288k free), swap 8895616k(1153024k free)

vm_info: Java HotSpot(TM) Client VM (23.25-b01) for windows-x86 JRE (1.7.0_25-b17), built on Jun 21 2013 13:06:48 by "java_re" with unknown MS VC++:1600

time: Mon Jul 14 17:57:27 2014
elapsed time: 0 seconds

