#
# A fatal error has been detected by the Java Runtime Environment:
#
#  EXCEPTION_ILLEGAL_INSTRUCTION (0xc000001d) at pc=0x000007fee9ed5c01, pid=4956, tid=0x0000000000001680
#
# JRE version: Java(TM) SE Runtime Environment (8.0_111-b14) (build 1.8.0_111-b14)
# Java VM: Java HotSpot(TM) 64-Bit Server VM (25.111-b14 mixed mode windows-amd64 compressed oops)
# Problematic frame:
# C  [msvcr120.dll+0x95c01]
#
# Failed to write core dump. Minidumps are not enabled by default on client versions of Windows
#
# If you would like to submit a bug report, please visit:
#   http://bugreport.java.com/bugreport/crash.jsp
# The crash happened outside the Java Virtual Machine in native code.
# See problematic frame for where to report the bug.
#

---------------  T H R E A D  ---------------

Current thread (0x0000000059286800):  JavaThread "QuantumRenderer-0" daemon [_thread_in_native, id=5760, stack(0x0000000058ab0000,0x0000000058bb0000)]

siginfo: ExceptionCode=0xc000001d

Registers:
RAX=0x3f40000000000000, RBX=0x0000000000000004, RCX=0x3f40e026969f395e, RDX=0x7ff0000000000000
RSP=0x0000000058bab390, RBP=0x0000000058babbc0, RSI=0x0000000058babbc0, RDI=0x0000000000000004
R8 =0x8000000000000000, R9 =0x000000006d66d1f0, R10=0x000000000000000c, R11=0x0000000000000000
R12=0x000000006d66d1f0, R13=0x000000006d66d050, R14=0x00000000d651aa9c, R15=0x0000000000000004
RIP=0x000007fee9ed5c01, EFLAGS=0x0000000000010202

Top of Stack: (sp=0x0000000058bab390)
0x0000000058bab390:   000000000000001b 00000000002d0230
0x0000000058bab3a0:   00000000002d4610 00000000003b1790
0x0000000058bab3b0:   0000000000000037 0000000000000010
0x0000000058bab3c0:   0000000000000010 00000000002d0158
0x0000000058bab3d0:   00000000002d0230 00000000002d0230
0x0000000058bab3e0:   0000000058f63910 0000000000000008
0x0000000058bab3f0:   0000000000000000 000000005bdf0000
0x0000000058bab400:   0000000059d3dda0 00000000002d0230
0x0000000058bab410:   3f973d0196a77f07 0000000000000000
0x0000000058bab420:   3e6944f901000000 0000000000000000
0x0000000058bab430:   0000000000000123 00000000002d0230
0x0000000058bab440:   0000000059289e40 0000000000000015
0x0000000058bab450:   0000000059286800 000000006d663318
0x0000000058bab460:   3f40e026969f395e 3f40e026969f395e
0x0000000058bab470:   3f973d0196a77f07 00000000003b1de0
0x0000000058bab480:   000000005c16d260 000000000000003e 

Instructions: (pc=0x000007fee9ed5c01)
0x000007fee9ed5be1:   0f 10 d0 f2 0f 10 44 24 10 f2 0f 10 4c 24 20 44
0x000007fee9ed5bf1:   8b 0d 15 26 02 00 e8 34 c7 00 00 e9 72 f8 ff ff
0x000007fee9ed5c01:   c5 fb 11 44 24 10 c5 fb 11 4c 24 20 48 8b 54 24
0x000007fee9ed5c11:   10 4c 8b 44 24 20 4c 8b 15 4a 26 02 00 4d 23 d0 


Register to memory mapping:

RAX=0x3f40000000000000 is an unknown value
RBX=0x0000000000000004 is an unknown value
RCX=0x3f40e026969f395e is an unknown value
RDX=0x7ff0000000000000 is an unknown value
RSP=0x0000000058bab390 is pointing into the stack for thread: 0x0000000059286800
RBP=0x0000000058babbc0 is pointing into the stack for thread: 0x0000000059286800
RSI=0x0000000058babbc0 is pointing into the stack for thread: 0x0000000059286800
RDI=0x0000000000000004 is an unknown value
R8 =0x8000000000000000 is an unknown value
R9 =0x000000006d66d1f0 is an unknown value
R10=0x000000000000000c is an unknown value
R11=0x0000000000000000 is an unknown value
R12=0x000000006d66d1f0 is an unknown value
R13=0x000000006d66d050 is an unknown value
R14=0x00000000d651aa9c is an unknown value
R15=0x0000000000000004 is an unknown value


Stack: [0x0000000058ab0000,0x0000000058bb0000],  sp=0x0000000058bab390,  free space=1004k
Native frames: (J=compiled Java code, j=interpreted, Vv=VM code, C=native code)
C  [msvcr120.dll+0x95c01]
C  [prism_common.dll+0x3318]
C  [prism_common.dll+0x1abc]
C  [prism_common.dll+0x1128]
C  [prism_common.dll+0x8b7e]
C  [prism_common.dll+0x669e]
C  [prism_common.dll+0x49af]
C  [prism_common.dll+0x4649]
C  0x0000000002877994

Java frames: (J=compiled Java code, j=interpreted, Vv=VM code)
j  com.sun.prism.impl.shape.NativePiscesRasterizer.produceStrokeAlphas([F[BIFIIF[FFDDDDDD[I[B)V+0
j  com.sun.prism.impl.shape.NativePiscesRasterizer.getMaskData(Lcom/sun/javafx/geom/Shape;Lcom/sun/prism/BasicStroke;Lcom/sun/javafx/geom/RectBounds;Lcom/sun/javafx/geom/transform/BaseTransform;ZZ)Lcom/sun/prism/impl/shape/MaskData;+487
j  com.sun.prism.impl.shape.ShapeUtil.rasterizeShape(Lcom/sun/javafx/geom/Shape;Lcom/sun/prism/BasicStroke;Lcom/sun/javafx/geom/RectBounds;Lcom/sun/javafx/geom/transform/BaseTransform;ZZ)Lcom/sun/prism/impl/shape/MaskData;+11
j  com.sun.prism.sw.SWContext$NativeShapeRenderer.renderShape(Lcom/sun/pisces/PiscesRenderer;Lcom/sun/javafx/geom/Shape;Lcom/sun/prism/BasicStroke;Lcom/sun/javafx/geom/transform/BaseTransform;Lcom/sun/javafx/geom/Rectangle;Z)V+12
j  com.sun.prism.sw.SWContext.renderShape(Lcom/sun/pisces/PiscesRenderer;Lcom/sun/javafx/geom/Shape;Lcom/sun/prism/BasicStroke;Lcom/sun/javafx/geom/transform/BaseTransform;Lcom/sun/javafx/geom/Rectangle;Z)V+13
j  com.sun.prism.sw.SWGraphics.paintShapePaintAlreadySet(Lcom/sun/javafx/geom/Shape;Lcom/sun/prism/BasicStroke;Lcom/sun/javafx/geom/transform/BaseTransform;)V+296
j  com.sun.prism.sw.SWGraphics.paintShape(Lcom/sun/javafx/geom/Shape;Lcom/sun/prism/BasicStroke;Lcom/sun/javafx/geom/transform/BaseTransform;)V+70
j  com.sun.prism.sw.SWGraphics.draw(Lcom/sun/javafx/geom/Shape;)V+24
j  com.sun.prism.impl.shape.BasicShapeRep.draw(Lcom/sun/prism/Graphics;Lcom/sun/javafx/geom/Shape;Lcom/sun/javafx/geom/BaseBounds;)V+2
j  com.sun.javafx.sg.prism.NGShape.renderContent2D(Lcom/sun/prism/Graphics;Z)V+144
j  com.sun.javafx.sg.prism.NGShape.renderContent(Lcom/sun/prism/Graphics;)V+454
j  com.sun.javafx.sg.prism.CacheFilter.impl_renderNodeToCache(Lcom/sun/scenario/effect/ImageData;Lcom/sun/javafx/geom/Rectangle;Lcom/sun/javafx/geom/transform/BaseTransform;Lcom/sun/javafx/geom/Rectangle;)V+184
j  com.sun.javafx.sg.prism.CacheFilter.render(Lcom/sun/prism/Graphics;)V+344
j  com.sun.javafx.sg.prism.NGNode.renderCached(Lcom/sun/prism/Graphics;)V+31
J 1276 C1 com.sun.javafx.sg.prism.NGNode.doRender(Lcom/sun/prism/Graphics;)V (473 bytes) @ 0x0000000002c61f5c [0x0000000002c608e0+0x167c]
J 1390 C1 com.sun.javafx.sg.prism.NGNode.render(Lcom/sun/prism/Graphics;)V (38 bytes) @ 0x0000000002c9ae34 [0x0000000002c9abc0+0x274]
J 1703 C1 com.sun.javafx.sg.prism.NGGroup.renderContent(Lcom/sun/prism/Graphics;)V (436 bytes) @ 0x0000000002d524ac [0x0000000002d511e0+0x12cc]
j  com.sun.javafx.sg.prism.NGNode.renderForClip(Lcom/sun/prism/Graphics;)V+17
j  com.sun.javafx.sg.prism.NGNode.renderClip(Lcom/sun/prism/Graphics;)V+320
J 1276 C1 com.sun.javafx.sg.prism.NGNode.doRender(Lcom/sun/prism/Graphics;)V (473 bytes) @ 0x0000000002c621c4 [0x0000000002c608e0+0x18e4]
J 1390 C1 com.sun.javafx.sg.prism.NGNode.render(Lcom/sun/prism/Graphics;)V (38 bytes) @ 0x0000000002c9ae34 [0x0000000002c9abc0+0x274]
J 1703 C1 com.sun.javafx.sg.prism.NGGroup.renderContent(Lcom/sun/prism/Graphics;)V (436 bytes) @ 0x0000000002d524ac [0x0000000002d511e0+0x12cc]
J 1714 C1 com.sun.javafx.sg.prism.NGRegion.renderContent(Lcom/sun/prism/Graphics;)V (115 bytes) @ 0x0000000002d5c9b4 [0x0000000002d5b700+0x12b4]
J 1276 C1 com.sun.javafx.sg.prism.NGNode.doRender(Lcom/sun/prism/Graphics;)V (473 bytes) @ 0x0000000002c6250c [0x0000000002c608e0+0x1c2c]
J 1390 C1 com.sun.javafx.sg.prism.NGNode.render(Lcom/sun/prism/Graphics;)V (38 bytes) @ 0x0000000002c9ae34 [0x0000000002c9abc0+0x274]
J 1703 C1 com.sun.javafx.sg.prism.NGGroup.renderContent(Lcom/sun/prism/Graphics;)V (436 bytes) @ 0x0000000002d524ac [0x0000000002d511e0+0x12cc]
J 1714 C1 com.sun.javafx.sg.prism.NGRegion.renderContent(Lcom/sun/prism/Graphics;)V (115 bytes) @ 0x0000000002d5c9b4 [0x0000000002d5b700+0x12b4]
j  com.sun.javafx.sg.prism.CacheFilter.impl_renderNodeToCache(Lcom/sun/scenario/effect/ImageData;Lcom/sun/javafx/geom/Rectangle;Lcom/sun/javafx/geom/transform/BaseTransform;Lcom/sun/javafx/geom/Rectangle;)V+184
j  com.sun.javafx.sg.prism.CacheFilter.render(Lcom/sun/prism/Graphics;)V+344
j  com.sun.javafx.sg.prism.NGNode.renderCached(Lcom/sun/prism/Graphics;)V+31
J 1276 C1 com.sun.javafx.sg.prism.NGNode.doRender(Lcom/sun/prism/Graphics;)V (473 bytes) @ 0x0000000002c61f5c [0x0000000002c608e0+0x167c]
J 1390 C1 com.sun.javafx.sg.prism.NGNode.render(Lcom/sun/prism/Graphics;)V (38 bytes) @ 0x0000000002c9ae34 [0x0000000002c9abc0+0x274]
J 1703 C1 com.sun.javafx.sg.prism.NGGroup.renderContent(Lcom/sun/prism/Graphics;)V (436 bytes) @ 0x0000000002d524ac [0x0000000002d511e0+0x12cc]
J 1714 C1 com.sun.javafx.sg.prism.NGRegion.renderContent(Lcom/sun/prism/Graphics;)V (115 bytes) @ 0x0000000002d5c9b4 [0x0000000002d5b700+0x12b4]
j  com.sun.javafx.sg.prism.NodeEffectInput.getImageDataForBoundedNode(Lcom/sun/scenario/effect/FilterContext;Lcom/sun/javafx/sg/prism/NGNode;Lcom/sun/javafx/sg/prism/NodeEffectInput$RenderType;Lcom/sun/javafx/geom/transform/BaseTransform;Lcom/sun/javafx/geom/Rectangle;)Lcom/sun/scenario/effect/ImageData;+103
j  com.sun.javafx.sg.prism.NodeEffectInput.filter(Lcom/sun/scenario/effect/FilterContext;Lcom/sun/javafx/geom/transform/BaseTransform;Lcom/sun/javafx/geom/Rectangle;Ljava/lang/Object;Lcom/sun/scenario/effect/Effect;)Lcom/sun/scenario/effect/ImageData;+163
j  com.sun.scenario.effect.FilterEffect.filter(Lcom/sun/scenario/effect/FilterContext;Lcom/sun/javafx/geom/transform/BaseTransform;Lcom/sun/javafx/geom/Rectangle;Ljava/lang/Object;Lcom/sun/scenario/effect/Effect;)Lcom/sun/scenario/effect/ImageData;+111
j  com.sun.scenario.effect.Offset.filter(Lcom/sun/scenario/effect/FilterContext;Lcom/sun/javafx/geom/transform/BaseTransform;Lcom/sun/javafx/geom/Rectangle;Ljava/lang/Object;Lcom/sun/scenario/effect/Effect;)Lcom/sun/scenario/effect/ImageData;+35
j  com.sun.scenario.effect.Merge.filter(Lcom/sun/scenario/effect/FilterContext;Lcom/sun/javafx/geom/transform/BaseTransform;Lcom/sun/javafx/geom/Rectangle;Ljava/lang/Object;Lcom/sun/scenario/effect/Effect;)Lcom/sun/scenario/effect/ImageData;+27
j  com.sun.scenario.effect.DelegateEffect.filter(Lcom/sun/scenario/effect/FilterContext;Lcom/sun/javafx/geom/transform/BaseTransform;Lcom/sun/javafx/geom/Rectangle;Ljava/lang/Object;Lcom/sun/scenario/effect/Effect;)Lcom/sun/scenario/effect/ImageData;+11
j  com.sun.scenario.effect.impl.prism.PrEffectHelper.render(Lcom/sun/scenario/effect/Effect;Lcom/sun/prism/Graphics;FFLcom/sun/scenario/effect/Effect;)V+511
j  com.sun.javafx.sg.prism.EffectFilter.render(Lcom/sun/prism/Graphics;)V+13
j  com.sun.javafx.sg.prism.NGNode.renderEffect(Lcom/sun/prism/Graphics;)V+5
j  com.sun.javafx.sg.prism.CacheFilter.impl_renderNodeToCache(Lcom/sun/scenario/effect/ImageData;Lcom/sun/javafx/geom/Rectangle;Lcom/sun/javafx/geom/transform/BaseTransform;Lcom/sun/javafx/geom/Rectangle;)V+172
j  com.sun.javafx.sg.prism.CacheFilter.render(Lcom/sun/prism/Graphics;)V+344
j  com.sun.javafx.sg.prism.NGNode.renderCached(Lcom/sun/prism/Graphics;)V+31
J 1276 C1 com.sun.javafx.sg.prism.NGNode.doRender(Lcom/sun/prism/Graphics;)V (473 bytes) @ 0x0000000002c61f5c [0x0000000002c608e0+0x167c]
J 1390 C1 com.sun.javafx.sg.prism.NGNode.render(Lcom/sun/prism/Graphics;)V (38 bytes) @ 0x0000000002c9ae34 [0x0000000002c9abc0+0x274]
J 1703 C1 com.sun.javafx.sg.prism.NGGroup.renderContent(Lcom/sun/prism/Graphics;)V (436 bytes) @ 0x0000000002d524ac [0x0000000002d511e0+0x12cc]
J 1714 C1 com.sun.javafx.sg.prism.NGRegion.renderContent(Lcom/sun/prism/Graphics;)V (115 bytes) @ 0x0000000002d5c9b4 [0x0000000002d5b700+0x12b4]
J 1276 C1 com.sun.javafx.sg.prism.NGNode.doRender(Lcom/sun/prism/Graphics;)V (473 bytes) @ 0x0000000002c6250c [0x0000000002c608e0+0x1c2c]
J 1390 C1 com.sun.javafx.sg.prism.NGNode.render(Lcom/sun/prism/Graphics;)V (38 bytes) @ 0x0000000002c9ae34 [0x0000000002c9abc0+0x274]
J 1703 C1 com.sun.javafx.sg.prism.NGGroup.renderContent(Lcom/sun/prism/Graphics;)V (436 bytes) @ 0x0000000002d524ac [0x0000000002d511e0+0x12cc]
J 1714 C1 com.sun.javafx.sg.prism.NGRegion.renderContent(Lcom/sun/prism/Graphics;)V (115 bytes) @ 0x0000000002d5c9b4 [0x0000000002d5b700+0x12b4]
J 1276 C1 com.sun.javafx.sg.prism.NGNode.doRender(Lcom/sun/prism/Graphics;)V (473 bytes) @ 0x0000000002c6250c [0x0000000002c608e0+0x1c2c]
J 1390 C1 com.sun.javafx.sg.prism.NGNode.render(Lcom/sun/prism/Graphics;)V (38 bytes) @ 0x0000000002c9ae34 [0x0000000002c9abc0+0x274]
j  com.sun.javafx.tk.quantum.ViewPainter.doPaint(Lcom/sun/prism/Graphics;Lcom/sun/javafx/sg/prism/NodePath;)V+201
j  com.sun.javafx.tk.quantum.ViewPainter.paintImpl(Lcom/sun/prism/Graphics;)V+953
j  com.sun.javafx.tk.quantum.UploadingPainter.run()V+719
j  java.util.concurrent.Executors$RunnableAdapter.call()Ljava/lang/Object;+4
j  java.util.concurrent.FutureTask.runAndReset()Z+47
j  com.sun.javafx.tk.RenderJob.run()V+1
j  java.util.concurrent.ThreadPoolExecutor.runWorker(Ljava/util/concurrent/ThreadPoolExecutor$Worker;)V+95
j  java.util.concurrent.ThreadPoolExecutor$Worker.run()V+5
j  com.sun.javafx.tk.quantum.QuantumRenderer$PipelineRunnable.run()V+8
j  java.lang.Thread.run()V+11
v  ~StubRoutines::call_stub

---------------  P R O C E S S  ---------------

Java Threads: ( => current thread )
  0x0000000059b2d000 JavaThread "Prism Font Disposer" daemon [_thread_blocked, id=1432, stack(0x000000005bf70000,0x000000005c070000)]
  0x0000000059969000 JavaThread "Thread-3" daemon [_thread_in_native, id=5492, stack(0x000000005a300000,0x000000005a400000)]
  0x000000005996b000 JavaThread "JavaFX-Launcher" [_thread_blocked, id=1136, stack(0x000000005a6e0000,0x000000005a7e0000)]
  0x0000000059923800 JavaThread "JavaFX Application Thread" [_thread_blocked, id=4300, stack(0x000000005a4b0000,0x000000005a5b0000)]
  0x000000005991b000 JavaThread "Thread-1" daemon [_thread_blocked, id=3832, stack(0x000000005a100000,0x000000005a200000)]
=>0x0000000059286800 JavaThread "QuantumRenderer-0" daemon [_thread_in_native, id=5760, stack(0x0000000058ab0000,0x0000000058bb0000)]
  0x0000000058ed7000 JavaThread "Service Thread" daemon [_thread_blocked, id=2472, stack(0x00000000596a0000,0x00000000597a0000)]
  0x0000000058ec2800 JavaThread "C1 CompilerThread2" daemon [_thread_blocked, id=2584, stack(0x0000000059470000,0x0000000059570000)]
  0x0000000058ec1000 JavaThread "C2 CompilerThread1" daemon [_thread_blocked, id=2932, stack(0x00000000592f0000,0x00000000593f0000)]
  0x000000005752f800 JavaThread "C2 CompilerThread0" daemon [_thread_blocked, id=4068, stack(0x00000000586a0000,0x00000000587a0000)]
  0x000000005752d000 JavaThread "Attach Listener" daemon [_thread_blocked, id=1376, stack(0x0000000058dc0000,0x0000000058ec0000)]
  0x000000005752c000 JavaThread "Signal Dispatcher" daemon [_thread_blocked, id=1880, stack(0x0000000058c00000,0x0000000058d00000)]
  0x000000005750a000 JavaThread "Finalizer" daemon [_thread_blocked, id=3500, stack(0x0000000058970000,0x0000000058a70000)]
  0x00000000574c2800 JavaThread "Reference Handler" daemon [_thread_blocked, id=3140, stack(0x00000000587c0000,0x00000000588c0000)]
  0x000000000024d800 JavaThread "main" [_thread_blocked, id=748, stack(0x0000000002490000,0x0000000002590000)]

Other Threads:
  0x00000000574bb000 VMThread [stack: 0x0000000058580000,0x0000000058680000] [id=4416]
  0x0000000058f60000 WatcherThread [stack: 0x00000000597d0000,0x00000000598d0000] [id=4512]

VM state:not at safepoint (normal execution)

VM Mutex/Monitor currently owned by a thread: None

Heap:
 PSYoungGen      total 38400K, used 11207K [0x00000000d5f00000, 0x00000000d8980000, 0x0000000100000000)
  eden space 33280K, 19% used [0x00000000d5f00000,0x00000000d656a9f8,0x00000000d7f80000)
  from space 5120K, 90% used [0x00000000d7f80000,0x00000000d84074a8,0x00000000d8480000)
  to   space 5120K, 0% used [0x00000000d8480000,0x00000000d8480000,0x00000000d8980000)
 ParOldGen       total 87552K, used 80K [0x0000000081c00000, 0x0000000087180000, 0x00000000d5f00000)
  object space 87552K, 0% used [0x0000000081c00000,0x0000000081c14010,0x0000000087180000)
 Metaspace       used 18365K, capacity 19064K, committed 19200K, reserved 1064960K
  class space    used 2627K, capacity 2813K, committed 2816K, reserved 1048576K

Card table byte_map: [0x0000000011c20000,0x0000000012020000] byte_map_base: 0x0000000011812000

Marking Bits: (ParMarkBitMap*) 0x000000006fcaa6c0
 Begin Bits: [0x0000000012810000, 0x00000000147a0000)
 End Bits:   [0x00000000147a0000, 0x0000000016730000)

Polling page: 0x0000000000230000

CodeCache: size=245760Kb used=5591Kb max_used=5591Kb free=240168Kb
 bounds [0x0000000002860000, 0x0000000002de0000, 0x0000000011860000]
 total_blobs=2487 nmethods=1860 adapters=539
 compilation: enabled

Compilation events (10 events):
Event: 8.746 Thread 0x0000000058ec2800 1856       3       java.nio.ByteOrder::nativeOrder (4 bytes)
Event: 8.747 Thread 0x0000000058ec2800 nmethod 1856 0x0000000002dd4e50 code [0x0000000002dd4fc0, 0x0000000002dd5170]
Event: 8.748 Thread 0x0000000058ec2800 1857       1       com.sun.prism.sw.SWResourceFactory::getContext (5 bytes)
Event: 8.749 Thread 0x0000000058ec2800 nmethod 1857 0x0000000002dd5210 code [0x0000000002dd5360, 0x0000000002dd5470]
Event: 8.749 Thread 0x0000000058ec2800 1858       3       java.nio.Buffer::<init> (121 bytes)
Event: 8.751 Thread 0x0000000058ec2800 nmethod 1858 0x0000000002dd5810 code [0x0000000002dd5ae0, 0x0000000002dd6f28]
Event: 8.751 Thread 0x0000000058ec2800 1859       3       com.sun.prism.sw.SWGraphics::setHasPreCullingBits (6 bytes)
Event: 8.751 Thread 0x0000000058ec2800 nmethod 1859 0x0000000002dd7890 code [0x0000000002dd79e0, 0x0000000002dd7b30]
Event: 8.751 Thread 0x0000000058ec2800 1860       3       java.lang.Math::min (12 bytes)
Event: 8.751 Thread 0x0000000058ec2800 nmethod 1860 0x0000000002dd7bd0 code [0x0000000002dd7d20, 0x0000000002dd7eb0]

GC Heap History (2 events):
Event: 0.748 GC heap before
{Heap before GC invocations=1 (full 0):
 PSYoungGen      total 38400K, used 33280K [0x00000000d5f00000, 0x00000000d8980000, 0x0000000100000000)
  eden space 33280K, 100% used [0x00000000d5f00000,0x00000000d7f80000,0x00000000d7f80000)
  from space 5120K, 0% used [0x00000000d8480000,0x00000000d8480000,0x00000000d8980000)
  to   space 5120K, 0% used [0x00000000d7f80000,0x00000000d7f80000,0x00000000d8480000)
 ParOldGen       total 87552K, used 0K [0x0000000081c00000, 0x0000000087180000, 0x00000000d5f00000)
  object space 87552K, 0% used [0x0000000081c00000,0x0000000081c00000,0x0000000087180000)
 Metaspace       used 17011K, capacity 17644K, committed 17792K, reserved 1064960K
  class space    used 2509K, capacity 2687K, committed 2688K, reserved 1048576K
Event: 0.752 GC heap after
Heap after GC invocations=1 (full 0):
 PSYoungGen      total 38400K, used 4637K [0x00000000d5f00000, 0x00000000d8980000, 0x0000000100000000)
  eden space 33280K, 0% used [0x00000000d5f00000,0x00000000d5f00000,0x00000000d7f80000)
  from space 5120K, 90% used [0x00000000d7f80000,0x00000000d84074a8,0x00000000d8480000)
  to   space 5120K, 0% used [0x00000000d8480000,0x00000000d8480000,0x00000000d8980000)
 ParOldGen       total 87552K, used 80K [0x0000000081c00000, 0x0000000087180000, 0x00000000d5f00000)
  object space 87552K, 0% used [0x0000000081c00000,0x0000000081c14010,0x0000000087180000)
 Metaspace       used 17011K, capacity 17644K, committed 17792K, reserved 1064960K
  class space    used 2509K, capacity 2687K, committed 2688K, reserved 1048576K
}

Deoptimization events (10 events):
Event: 0.559 Thread 0x0000000059923800 Uncommon trap: reason=unstable_if action=reinterpret pc=0x0000000002b25c5c method=sun.misc.URLClassPath$JarLoader.getResource(Ljava/lang/String;Z)Lsun/misc/Resource; @ 62
Event: 0.606 Thread 0x0000000059923800 Uncommon trap: reason=class_check action=maybe_recompile pc=0x0000000002ad12d0 method=java.io.DataInputStream.readShort()S @ 4
Event: 0.606 Thread 0x0000000059923800 Uncommon trap: reason=class_check action=maybe_recompile pc=0x0000000002ad12d0 method=java.io.DataInputStream.readShort()S @ 4
Event: 0.606 Thread 0x0000000059923800 Uncommon trap: reason=class_check action=maybe_recompile pc=0x0000000002ad12d0 method=java.io.DataInputStream.readShort()S @ 4
Event: 0.607 Thread 0x0000000059923800 Uncommon trap: reason=class_check action=maybe_recompile pc=0x0000000002ad12d0 method=java.io.DataInputStream.readShort()S @ 4
Event: 0.608 Thread 0x0000000059923800 Uncommon trap: reason=class_check action=maybe_recompile pc=0x000000000297f060 method=java.lang.String.equals(Ljava/lang/Object;)Z @ 8
Event: 0.608 Thread 0x0000000059923800 Uncommon trap: reason=class_check action=maybe_recompile pc=0x000000000297f060 method=java.lang.String.equals(Ljava/lang/Object;)Z @ 8
Event: 0.608 Thread 0x0000000059923800 Uncommon trap: reason=class_check action=maybe_recompile pc=0x000000000297f060 method=java.lang.String.equals(Ljava/lang/Object;)Z @ 8
Event: 0.609 Thread 0x0000000059923800 Uncommon trap: reason=class_check action=maybe_recompile pc=0x000000000297f060 method=java.lang.String.equals(Ljava/lang/Object;)Z @ 8
Event: 0.755 Thread 0x0000000059923800 Uncommon trap: reason=unstable_if action=reinterpret pc=0x0000000002b7d8a8 method=jdk.internal.org.objectweb.asm.Type.getArgumentsAndReturnSizes(Ljava/lang/String;)I @ 47

Internal exceptions (10 events):
Event: 0.102 Thread 0x000000000024d800 Exception <a 'java/security/PrivilegedActionException'> (0x00000000d61cecf8) thrown at [C:\re\workspace\8-2-build-windows-amd64-cygwin\jdk8u111\7883\hotspot\src\share\vm\prims\jvm.cpp, line 1386]
Event: 0.102 Thread 0x000000000024d800 Exception <a 'java/security/PrivilegedActionException'> (0x00000000d61d2be0) thrown at [C:\re\workspace\8-2-build-windows-amd64-cygwin\jdk8u111\7883\hotspot\src\share\vm\prims\jvm.cpp, line 1386]
Event: 0.102 Thread 0x000000000024d800 Exception <a 'java/security/PrivilegedActionException'> (0x00000000d61d2df0) thrown at [C:\re\workspace\8-2-build-windows-amd64-cygwin\jdk8u111\7883\hotspot\src\share\vm\prims\jvm.cpp, line 1386]
Event: 0.102 Thread 0x000000000024d800 Exception <a 'java/lang/NullPointerException'> (0x00000000d61d33c8) thrown at [C:\re\workspace\8-2-build-windows-amd64-cygwin\jdk8u111\7883\hotspot\src\share\vm\interpreter\linkResolver.cpp, line 1178]
Event: 0.413 Thread 0x0000000059923800 Exception <a 'java/lang/NullPointerException'> (0x00000000d6d9ebe8) thrown at [C:\re\workspace\8-2-build-windows-amd64-cygwin\jdk8u111\7883\hotspot\src\share\vm\interpreter\linkResolver.cpp, line 1178]
Event: 0.413 Thread 0x0000000059923800 Exception <a 'java/lang/NullPointerException'> (0x00000000d6d9ebe8) thrown at [C:\re\workspace\8-2-build-windows-amd64-cygwin\jdk8u111\7883\hotspot\src\share\vm\prims\jvm.cpp, line 1390]
Event: 0.472 Thread 0x0000000059923800 Exception <a 'java/lang/ArrayIndexOutOfBoundsException': 58> (0x00000000d7254710) thrown at [C:\re\workspace\8-2-build-windows-amd64-cygwin\jdk8u111\7883\hotspot\src\share\vm\interpreter\interpreterRuntime.cpp, line 366]
Event: 0.472 Thread 0x0000000059923800 Exception <a 'java/lang/ArrayIndexOutOfBoundsException': 18> (0x00000000d7255598) thrown at [C:\re\workspace\8-2-build-windows-amd64-cygwin\jdk8u111\7883\hotspot\src\share\vm\interpreter\interpreterRuntime.cpp, line 366]
Event: 0.472 Thread 0x0000000059923800 Exception <a 'java/lang/ArrayIndexOutOfBoundsException': 86> (0x00000000d7256940) thrown at [C:\re\workspace\8-2-build-windows-amd64-cygwin\jdk8u111\7883\hotspot\src\share\vm\interpreter\interpreterRuntime.cpp, line 366]
Event: 0.525 Thread 0x0000000059923800 Implicit null exception at 0x0000000002ae4ba5 to 0x0000000002ae4d79

Events (10 events):
Event: 8.747 loading class com/sun/scenario/effect/impl/state/RenderState$1
Event: 8.747 loading class com/sun/scenario/effect/impl/state/RenderState$1 done
Event: 8.747 loading class com/sun/scenario/effect/impl/state/RenderState$2
Event: 8.747 loading class com/sun/scenario/effect/impl/state/RenderState$2 done
Event: 8.747 loading class com/sun/scenario/effect/impl/state/RenderState$3
Event: 8.747 loading class com/sun/scenario/effect/impl/state/RenderState$3 done
Event: 8.750 loading class com/sun/scenario/effect/impl/sw/sse/SSEBlend_SRC_INPeer
Event: 8.750 loading class com/sun/scenario/effect/impl/sw/sse/SSEBlend_SRC_INPeer done
Event: 8.751 loading class com/sun/javafx/geom/EllipseIterator
Event: 8.751 loading class com/sun/javafx/geom/EllipseIterator done


Dynamic libraries:
0x000000013fe60000 - 0x000000013fe97000 	C:\Program Files\Java\jdk1.8.0_111\jre\bin\java.exe
0x0000000077b80000 - 0x0000000077d2b000 	C:\Windows\SYSTEM32\ntdll.dll
0x0000000077960000 - 0x0000000077a7f000 	C:\Windows\system32\kernel32.dll
0x000007fefdb90000 - 0x000007fefdbfb000 	C:\Windows\system32\KERNELBASE.dll
0x000007feffd60000 - 0x000007feffe3b000 	C:\Windows\system32\ADVAPI32.dll
0x000007fefe3d0000 - 0x000007fefe46f000 	C:\Windows\system32\msvcrt.dll
0x000007feffe70000 - 0x000007feffe8f000 	C:\Windows\SYSTEM32\sechost.dll
0x000007fefe090000 - 0x000007fefe1be000 	C:\Windows\system32\RPCRT4.dll
0x0000000077a80000 - 0x0000000077b7a000 	C:\Windows\system32\USER32.dll
0x000007fefe470000 - 0x000007fefe4d7000 	C:\Windows\system32\GDI32.dll
0x000007feff390000 - 0x000007feff39e000 	C:\Windows\system32\LPK.dll
0x000007feff970000 - 0x000007feffa3a000 	C:\Windows\system32\USP10.dll
0x000007fefc740000 - 0x000007fefc934000 	C:\Windows\WinSxS\amd64_microsoft.windows.common-controls_6595b64144ccf1df_6.0.7600.16385_none_fa645303170382f6\COMCTL32.dll
0x000007feff310000 - 0x000007feff381000 	C:\Windows\system32\SHLWAPI.dll
0x000007feffe40000 - 0x000007feffe6e000 	C:\Windows\system32\IMM32.DLL
0x000007feff600000 - 0x000007feff709000 	C:\Windows\system32\MSCTF.dll
0x0000000074950000 - 0x0000000074a22000 	C:\Program Files\Java\jdk1.8.0_111\jre\bin\msvcr100.dll
0x000000006f490000 - 0x000000006fd2a000 	C:\Program Files\Java\jdk1.8.0_111\jre\bin\server\jvm.dll
0x000007fefa600000 - 0x000007fefa609000 	C:\Windows\system32\WSOCK32.dll
0x000007feffb80000 - 0x000007feffbcd000 	C:\Windows\system32\WS2_32.dll
0x000007feffa40000 - 0x000007feffa48000 	C:\Windows\system32\NSI.dll
0x000007fefac50000 - 0x000007fefac8b000 	C:\Windows\system32\WINMM.dll
0x000007fefcc50000 - 0x000007fefcc5c000 	C:\Windows\system32\VERSION.dll
0x0000000077d50000 - 0x0000000077d57000 	C:\Windows\system32\PSAPI.DLL
0x0000000074e00000 - 0x0000000074e0f000 	C:\Program Files\Java\jdk1.8.0_111\jre\bin\verify.dll
0x0000000074920000 - 0x0000000074949000 	C:\Program Files\Java\jdk1.8.0_111\jre\bin\java.dll
0x0000000074900000 - 0x0000000074916000 	C:\Program Files\Java\jdk1.8.0_111\jre\bin\zip.dll
0x000007fefe580000 - 0x000007feff306000 	C:\Windows\system32\SHELL32.dll
0x000007fefe1c0000 - 0x000007fefe3c1000 	C:\Windows\system32\ole32.dll
0x000007fefdae0000 - 0x000007fefdaef000 	C:\Windows\system32\profapi.dll
0x000007fee9e40000 - 0x000007fee9f2f000 	C:\Program Files\Java\jdk1.8.0_111\jre\bin\msvcr120.dll
0x000007feeddd0000 - 0x000007feede76000 	C:\Program Files\Java\jdk1.8.0_111\jre\bin\msvcp120.dll
0x0000000070330000 - 0x0000000070352000 	C:\Program Files\Java\jdk1.8.0_111\jre\bin\prism_d3d.dll
0x000007fee3650000 - 0x000007fee384f000 	C:\Windows\system32\d3d9.dll
0x000007fefa100000 - 0x000007fefa107000 	C:\Windows\system32\d3d8thk.dll
0x000007fefbe80000 - 0x000007fefbe98000 	C:\Windows\system32\dwmapi.dll
0x000007fefc390000 - 0x000007fefc3e6000 	C:\Windows\system32\uxtheme.dll
0x000000006d9b0000 - 0x000000006d9cc000 	C:\Program Files\Java\jdk1.8.0_111\jre\bin\prism_sw.dll
0x000000006d680000 - 0x000000006d6c3000 	C:\Program Files\Java\jdk1.8.0_111\jre\bin\glass.dll
0x000007fefe4e0000 - 0x000007fefe578000 	C:\Windows\system32\COMDLG32.dll
0x000007feff520000 - 0x000007feff5f7000 	C:\Windows\system32\OLEAUT32.dll
0x000007fefda10000 - 0x000007fefda1f000 	C:\Windows\system32\CRYPTBASE.dll
0x000007fefd370000 - 0x000007fefd387000 	C:\Windows\system32\CRYPTSP.dll
0x000007fefd070000 - 0x000007fefd0b7000 	C:\Windows\system32\rsaenh.dll
0x000007fefce30000 - 0x000007fefce4e000 	C:\Windows\system32\USERENV.dll
0x00000000747c0000 - 0x00000000747da000 	C:\Program Files\Java\jdk1.8.0_111\jre\bin\net.dll
0x000007fefd310000 - 0x000007fefd364000 	C:\Windows\system32\mswsock.dll
0x000007fefd300000 - 0x000007fefd307000 	C:\Windows\System32\wship6.dll
0x000007fef9fc0000 - 0x000007fef9fe7000 	C:\Windows\system32\IPHLPAPI.DLL
0x000007fef9fa0000 - 0x000007fef9fab000 	C:\Windows\system32\WINNSI.DLL
0x000007fefa4a0000 - 0x000007fefa4b1000 	C:\Windows\system32\dhcpcsvc6.DLL
0x000007fefa480000 - 0x000007fefa498000 	C:\Windows\system32\dhcpcsvc.DLL
0x00000000744d0000 - 0x00000000744e1000 	C:\Program Files\Java\jdk1.8.0_111\jre\bin\nio.dll
0x0000000068c40000 - 0x0000000068d32000 	C:\Users\IITG\AppData\Local\Temp\sqlite-3.20.0-ae3aab12-0a26-443c-b5d1-39db7d13e1ec-sqlitejdbc.dll
0x000000006d990000 - 0x000000006d9a4000 	C:\Program Files\Java\jdk1.8.0_111\jre\bin\javafx_font.dll
0x000007feee2e0000 - 0x000007feee45b000 	C:\Windows\system32\dwrite.dll
0x000007feffca0000 - 0x000007feffd39000 	C:\Windows\system32\CLBCatQ.DLL
0x000007fefbcd0000 - 0x000007fefbdfa000 	C:\Windows\system32\WindowsCodecs.dll
0x000007fefd9b0000 - 0x000007fefda07000 	C:\Windows\system32\apphelp.dll
0x000007fef8520000 - 0x000007fef8555000 	C:\Windows\system32\EhStorShell.dll
0x000007fefdeb0000 - 0x000007fefe087000 	C:\Windows\system32\SETUPAPI.dll
0x000007fefdc00000 - 0x000007fefdc36000 	C:\Windows\system32\CFGMGR32.dll
0x000007fefde50000 - 0x000007fefde6a000 	C:\Windows\system32\DEVOBJ.dll
0x000007fefc3f0000 - 0x000007fefc51c000 	C:\Windows\system32\PROPSYS.dll
0x000007fef7ea0000 - 0x000007fef8511000 	C:\PROGRA~1\MICROS~1\Office14\GROOVEEX.DLL
0x0000000073b60000 - 0x0000000073bfd000 	C:\Windows\WinSxS\amd64_microsoft.vc90.crt_1fc8b3b9a1e18e3b_9.0.30729.4926_none_08e1a05ba83fe554\MSVCR90.dll
0x0000000073a80000 - 0x0000000073b53000 	C:\Windows\WinSxS\amd64_microsoft.vc90.crt_1fc8b3b9a1e18e3b_9.0.30729.4926_none_08e1a05ba83fe554\MSVCP90.dll
0x0000000073a50000 - 0x0000000073a7f000 	C:\Windows\WinSxS\amd64_microsoft.vc90.atl_1fc8b3b9a1e18e3b_9.0.30729.4148_none_0a1d2fcba76b3f00\ATL90.DLL
0x000007fef7a90000 - 0x000007fef7e9f000 	C:\PROGRA~1\COMMON~1\MICROS~1\OFFICE14\Cultures\office.odf
0x000007fef7220000 - 0x000007fef7a84000 	C:\PROGRA~1\MICROS~1\Office14\1033\GrooveIntlResource.dll
0x000007fef71a0000 - 0x000007fef721e000 	C:\Windows\System32\cscui.dll
0x000007fef7190000 - 0x000007fef719c000 	C:\Windows\System32\CSCDLL.dll
0x000007fef7180000 - 0x000007fef718f000 	C:\Windows\system32\CSCAPI.dll
0x000007fef7100000 - 0x000007fef7180000 	C:\Windows\system32\ntshrui.dll
0x000007fefd580000 - 0x000007fefd5a3000 	C:\Windows\system32\srvcli.dll
0x000007fefb8e0000 - 0x000007fefb8eb000 	C:\Windows\system32\slc.dll
0x000007feeef90000 - 0x000007feeefbd000 	C:\Program Files\Common Files\Microsoft Shared\Ink\rtscom.dll
0x000000006d940000 - 0x000000006d957000 	C:\Program Files\Java\jdk1.8.0_111\jre\bin\decora_sse.dll
0x000000006d660000 - 0x000000006d671000 	C:\Program Files\Java\jdk1.8.0_111\jre\bin\prism_common.dll
0x000007feedbb0000 - 0x000007feedca6000 	C:\Windows\system32\d2d1.dll
0x000007fefa750000 - 0x000007fefa875000 	C:\Windows\system32\dbghelp.dll

VM Arguments:
jvm_args: -Dfile.encoding=UTF-8 
java_command: C:\Users\IITG\Documents\NetBeansProjects\LoginModule\dist\run831840827\LoginModule.jar
java_class_path (initial): C:\Users\IITG\Documents\NetBeansProjects\LoginModule\dist\run831840827\LoginModule.jar
Launcher Type: SUN_STANDARD

Environment Variables:
JAVA_HOME=C:\Program Files\Java\jdk1.8.0_111
PATH=C:\cygwin64\bin
USERNAME=IITG
OS=Windows_NT
PROCESSOR_IDENTIFIER=Intel64 Family 6 Model 94 Stepping 3, GenuineIntel



---------------  S Y S T E M  ---------------

OS: Windows 7 , 64 bit Build 7600 (6.1.7600.16385)

CPU:total 4 (4 cores per cpu, 1 threads per core) family 6 model 94 stepping 3, cmov, cx8, fxsr, mmx, sse, sse2, sse3, ssse3, sse4.1, sse4.2, popcnt, aes, clmul, erms, rtm, 3dnowpref, lzcnt, tsc, tscinvbit, bmi1, bmi2, adx

Memory: 4k page, physical 8266172k(5113636k free), swap 16530448k(12577180k free)

vm_info: Java HotSpot(TM) 64-Bit Server VM (25.111-b14) for windows-amd64 JRE (1.8.0_111-b14), built on Sep 22 2016 19:24:05 by "java_re" with MS VC++ 10.0 (VS2010)

time: Mon Aug 28 15:33:32 2017
elapsed time: 8 seconds (0d 0h 0m 8s)

