#
# A fatal error has been detected by the Java Runtime Environment:
#
#  EXCEPTION_ILLEGAL_INSTRUCTION (0xc000001d) at pc=0x000007fee5655c01, pid=788, tid=0x0000000000001238
#
# JRE version: Java(TM) SE Runtime Environment (8.0_111-b14) (build 1.8.0_111-b14)
# Java VM: Java HotSpot(TM) 64-Bit Server VM (25.111-b14 mixed mode windows-amd64 compressed oops)
# Problematic frame:
# C  [msvcr120.dll+0x95c01]
#
# Failed to write core dump. Minidumps are not enabled by default on client versions of Windows
#
# If you would like to submit a bug report, please visit:
#   http://bugreport.java.com/bugreport/crash.jsp
# The crash happened outside the Java Virtual Machine in native code.
# See problematic frame for where to report the bug.
#

---------------  T H R E A D  ---------------

Current thread (0x000000005939f000):  JavaThread "QuantumRenderer-0" daemon [_thread_in_native, id=4664, stack(0x000000005a0a0000,0x000000005a1a0000)]

siginfo: ExceptionCode=0xc000001d

Registers:
RAX=0x3f40000000000000, RBX=0x0000000000000004, RCX=0x3f40e05bc562380c, RDX=0x7ff0000000000000
RSP=0x000000005a19c4b0, RBP=0x000000005a19cce0, RSI=0x000000005a19cce0, RDI=0x0000000000000004
R8 =0x8000000000000000, R9 =0x000000006660d1f0, R10=0x000000000000000c, R11=0x000000005a19c9a0
R12=0x000000006660d1f0, R13=0x000000006660d050, R14=0x00000000d6b24374, R15=0x0000000000000004
RIP=0x000007fee5655c01, EFLAGS=0x0000000000010202

Top of Stack: (sp=0x000000005a19c4b0)
0x000000005a19c4b0:   0000000059b78760 00000000004a4580
0x000000005a19c4c0:   00000000004a4580 0000000000569cc0
0x000000005a19c4d0:   00000000004f57c2 0000000000000010
0x000000005a19c4e0:   0000000000000000 00000000004a0158
0x000000005a19c4f0:   0000000077317288 00000000004a4580
0x000000005a19c500:   0000000000000060 0000000002320000
0x000000005a19c510:   0000000000000001 00000000004a0000
0x000000005a19c520:   000000005a19c701 00000000004a4580
0x000000005a19c530:   3f973d26348e1453 0000000000000000
0x000000005a19c540:   3e6b36305c800000 0000000000000000
0x000000005a19c550:   0000000000535dd0 00000000004a4580
0x000000005a19c560:   000000005938ce00 00000000000003ff
0x000000005a19c570:   000000006660c3f0 0000000066603318
0x000000005a19c580:   3f40e05bc562380c 3f40e05bc562380c
0x000000005a19c590:   3f973d26348e1453 00000000004a0158
0x000000005a19c5a0:   0000000000000000 00000000000003ff 

Instructions: (pc=0x000007fee5655c01)
0x000007fee5655be1:   0f 10 d0 f2 0f 10 44 24 10 f2 0f 10 4c 24 20 44
0x000007fee5655bf1:   8b 0d 15 26 02 00 e8 34 c7 00 00 e9 72 f8 ff ff
0x000007fee5655c01:   c5 fb 11 44 24 10 c5 fb 11 4c 24 20 48 8b 54 24
0x000007fee5655c11:   10 4c 8b 44 24 20 4c 8b 15 4a 26 02 00 4d 23 d0 


Register to memory mapping:

RAX=0x3f40000000000000 is an unknown value
RBX=0x0000000000000004 is an unknown value
RCX=0x3f40e05bc562380c is an unknown value
RDX=0x7ff0000000000000 is an unknown value
RSP=0x000000005a19c4b0 is pointing into the stack for thread: 0x000000005939f000
RBP=0x000000005a19cce0 is pointing into the stack for thread: 0x000000005939f000
RSI=0x000000005a19cce0 is pointing into the stack for thread: 0x000000005939f000
RDI=0x0000000000000004 is an unknown value
R8 =0x8000000000000000 is an unknown value
R9 =0x000000006660d1f0 is an unknown value
R10=0x000000000000000c is an unknown value
R11=0x000000005a19c9a0 is pointing into the stack for thread: 0x000000005939f000
R12=0x000000006660d1f0 is an unknown value
R13=0x000000006660d050 is an unknown value
R14=0x00000000d6b24374 is an unknown value
R15=0x0000000000000004 is an unknown value


Stack: [0x000000005a0a0000,0x000000005a1a0000],  sp=0x000000005a19c4b0,  free space=1009k
Native frames: (J=compiled Java code, j=interpreted, Vv=VM code, C=native code)
C  [msvcr120.dll+0x95c01]
C  [prism_common.dll+0x3318]
C  [prism_common.dll+0x1abc]
C  [prism_common.dll+0x1128]
C  [prism_common.dll+0x8b7e]
C  [prism_common.dll+0x669e]
C  [prism_common.dll+0x49af]
C  [prism_common.dll+0x4649]
C  0x0000000002947994

Java frames: (J=compiled Java code, j=interpreted, Vv=VM code)
j  com.sun.prism.impl.shape.NativePiscesRasterizer.produceStrokeAlphas([F[BIFIIF[FFDDDDDD[I[B)V+0
j  com.sun.prism.impl.shape.NativePiscesRasterizer.getMaskData(Lcom/sun/javafx/geom/Shape;Lcom/sun/prism/BasicStroke;Lcom/sun/javafx/geom/RectBounds;Lcom/sun/javafx/geom/transform/BaseTransform;ZZ)Lcom/sun/prism/impl/shape/MaskData;+487
j  com.sun.prism.impl.shape.ShapeUtil.rasterizeShape(Lcom/sun/javafx/geom/Shape;Lcom/sun/prism/BasicStroke;Lcom/sun/javafx/geom/RectBounds;Lcom/sun/javafx/geom/transform/BaseTransform;ZZ)Lcom/sun/prism/impl/shape/MaskData;+11
j  com.sun.prism.sw.SWContext$NativeShapeRenderer.renderShape(Lcom/sun/pisces/PiscesRenderer;Lcom/sun/javafx/geom/Shape;Lcom/sun/prism/BasicStroke;Lcom/sun/javafx/geom/transform/BaseTransform;Lcom/sun/javafx/geom/Rectangle;Z)V+12
j  com.sun.prism.sw.SWContext.renderShape(Lcom/sun/pisces/PiscesRenderer;Lcom/sun/javafx/geom/Shape;Lcom/sun/prism/BasicStroke;Lcom/sun/javafx/geom/transform/BaseTransform;Lcom/sun/javafx/geom/Rectangle;Z)V+13
j  com.sun.prism.sw.SWGraphics.paintShapePaintAlreadySet(Lcom/sun/javafx/geom/Shape;Lcom/sun/prism/BasicStroke;Lcom/sun/javafx/geom/transform/BaseTransform;)V+296
j  com.sun.prism.sw.SWGraphics.paintShape(Lcom/sun/javafx/geom/Shape;Lcom/sun/prism/BasicStroke;Lcom/sun/javafx/geom/transform/BaseTransform;)V+70
j  com.sun.prism.sw.SWGraphics.paintRoundRect(FFFFFFLcom/sun/prism/BasicStroke;)V+57
j  com.sun.prism.sw.SWGraphics.drawRoundRect(FFFFFF)V+28
j  com.sun.javafx.sg.prism.NGRegion.renderBorderRectangle(Lcom/sun/prism/Graphics;)V+690
j  com.sun.javafx.sg.prism.NGRegion.renderAsRectangle(Lcom/sun/prism/Graphics;)V+27
j  com.sun.javafx.sg.prism.NGRegion.renderContent(Lcom/sun/prism/Graphics;)V+106
j  com.sun.javafx.sg.prism.NGNode.doRender(Lcom/sun/prism/Graphics;)V+330
j  com.sun.javafx.sg.prism.NGNode.render(Lcom/sun/prism/Graphics;)V+34
j  com.sun.javafx.sg.prism.NGGroup.renderContent(Lcom/sun/prism/Graphics;)V+160
j  com.sun.javafx.sg.prism.NGRegion.renderContent(Lcom/sun/prism/Graphics;)V+111
j  com.sun.javafx.sg.prism.NGNode.doRender(Lcom/sun/prism/Graphics;)V+330
j  com.sun.javafx.sg.prism.NGNode.render(Lcom/sun/prism/Graphics;)V+34
j  com.sun.javafx.sg.prism.NGGroup.renderContent(Lcom/sun/prism/Graphics;)V+160
j  com.sun.javafx.sg.prism.NGRegion.renderContent(Lcom/sun/prism/Graphics;)V+111
j  com.sun.javafx.sg.prism.NGNode.renderForClip(Lcom/sun/prism/Graphics;)V+17
j  com.sun.javafx.sg.prism.NGNode.renderRectClip(Lcom/sun/prism/Graphics;Lcom/sun/javafx/sg/prism/NGRectangle;)V+106
j  com.sun.javafx.sg.prism.NGNode.renderClip(Lcom/sun/prism/Graphics;)V+83
j  com.sun.javafx.sg.prism.NGNode.doRender(Lcom/sun/prism/Graphics;)V+285
j  com.sun.javafx.sg.prism.NGNode.render(Lcom/sun/prism/Graphics;)V+34
j  com.sun.javafx.sg.prism.NGGroup.renderContent(Lcom/sun/prism/Graphics;)V+160
j  com.sun.javafx.sg.prism.NGRegion.renderContent(Lcom/sun/prism/Graphics;)V+111
j  com.sun.javafx.sg.prism.NGNode.renderForClip(Lcom/sun/prism/Graphics;)V+17
j  com.sun.javafx.sg.prism.NGNode.renderRectClip(Lcom/sun/prism/Graphics;Lcom/sun/javafx/sg/prism/NGRectangle;)V+106
j  com.sun.javafx.sg.prism.NGNode.renderClip(Lcom/sun/prism/Graphics;)V+83
j  com.sun.javafx.sg.prism.NGNode.doRender(Lcom/sun/prism/Graphics;)V+285
j  com.sun.javafx.sg.prism.NGNode.render(Lcom/sun/prism/Graphics;)V+34
j  com.sun.javafx.sg.prism.NGGroup.renderContent(Lcom/sun/prism/Graphics;)V+160
j  com.sun.javafx.sg.prism.NGRegion.renderContent(Lcom/sun/prism/Graphics;)V+111
j  com.sun.javafx.sg.prism.NGNode.renderForClip(Lcom/sun/prism/Graphics;)V+17
j  com.sun.javafx.sg.prism.NGNode.renderRectClip(Lcom/sun/prism/Graphics;Lcom/sun/javafx/sg/prism/NGRectangle;)V+106
j  com.sun.javafx.sg.prism.NGNode.renderClip(Lcom/sun/prism/Graphics;)V+83
j  com.sun.javafx.sg.prism.NGNode.doRender(Lcom/sun/prism/Graphics;)V+285
j  com.sun.javafx.sg.prism.NGNode.render(Lcom/sun/prism/Graphics;)V+34
j  com.sun.javafx.sg.prism.NGGroup.renderContent(Lcom/sun/prism/Graphics;)V+160
j  com.sun.javafx.sg.prism.NGRegion.renderContent(Lcom/sun/prism/Graphics;)V+111
j  com.sun.javafx.sg.prism.NGNode.renderForClip(Lcom/sun/prism/Graphics;)V+17
j  com.sun.javafx.sg.prism.NGNode.renderRectClip(Lcom/sun/prism/Graphics;Lcom/sun/javafx/sg/prism/NGRectangle;)V+106
j  com.sun.javafx.sg.prism.NGNode.renderClip(Lcom/sun/prism/Graphics;)V+83
j  com.sun.javafx.sg.prism.NGNode.doRender(Lcom/sun/prism/Graphics;)V+285
j  com.sun.javafx.sg.prism.NGNode.render(Lcom/sun/prism/Graphics;)V+34
j  com.sun.javafx.sg.prism.NGGroup.renderContent(Lcom/sun/prism/Graphics;)V+160
j  com.sun.javafx.sg.prism.NGRegion.renderContent(Lcom/sun/prism/Graphics;)V+111
j  com.sun.javafx.sg.prism.NGNode.doRender(Lcom/sun/prism/Graphics;)V+330
j  com.sun.javafx.sg.prism.NGNode.render(Lcom/sun/prism/Graphics;)V+34
j  com.sun.javafx.tk.quantum.ViewPainter.doPaint(Lcom/sun/prism/Graphics;Lcom/sun/javafx/sg/prism/NodePath;)V+201
j  com.sun.javafx.tk.quantum.ViewPainter.paintImpl(Lcom/sun/prism/Graphics;)V+982
j  com.sun.javafx.tk.quantum.UploadingPainter.run()V+719
j  java.util.concurrent.Executors$RunnableAdapter.call()Ljava/lang/Object;+4
j  java.util.concurrent.FutureTask.runAndReset()Z+47
j  com.sun.javafx.tk.RenderJob.run()V+1
j  java.util.concurrent.ThreadPoolExecutor.runWorker(Ljava/util/concurrent/ThreadPoolExecutor$Worker;)V+95
j  java.util.concurrent.ThreadPoolExecutor$Worker.run()V+5
j  com.sun.javafx.tk.quantum.QuantumRenderer$PipelineRunnable.run()V+8
j  java.lang.Thread.run()V+11
v  ~StubRoutines::call_stub

---------------  P R O C E S S  ---------------

Java Threads: ( => current thread )
  0x0000000059b24000 JavaThread "Prism Font Disposer" daemon [_thread_blocked, id=4576, stack(0x000000005c840000,0x000000005c940000)]
  0x0000000059874800 JavaThread "Thread-3" daemon [_thread_in_native, id=1588, stack(0x000000005a7d0000,0x000000005a8d0000)]
  0x00000000598b9000 JavaThread "JavaFX-Launcher" [_thread_blocked, id=5052, stack(0x000000005a970000,0x000000005aa70000)]
  0x000000005985c800 JavaThread "JavaFX Application Thread" [_thread_blocked, id=2156, stack(0x000000005a2f0000,0x000000005a3f0000)]
  0x0000000059843000 JavaThread "Thread-1" daemon [_thread_blocked, id=3924, stack(0x000000005a510000,0x000000005a610000)]
=>0x000000005939f000 JavaThread "QuantumRenderer-0" daemon [_thread_in_native, id=4664, stack(0x000000005a0a0000,0x000000005a1a0000)]
  0x000000005902a000 JavaThread "Service Thread" daemon [_thread_blocked, id=2860, stack(0x00000000596f0000,0x00000000597f0000)]
  0x0000000058fa4800 JavaThread "C1 CompilerThread2" daemon [_thread_blocked, id=5008, stack(0x0000000059580000,0x0000000059680000)]
  0x000000005771d800 JavaThread "C2 CompilerThread1" daemon [_thread_blocked, id=3476, stack(0x00000000593f0000,0x00000000594f0000)]
  0x0000000057716000 JavaThread "C2 CompilerThread0" daemon [_thread_blocked, id=2072, stack(0x0000000058ea0000,0x0000000058fa0000)]
  0x0000000057711800 JavaThread "Attach Listener" daemon [_thread_blocked, id=3380, stack(0x0000000058c40000,0x0000000058d40000)]
  0x0000000057710000 JavaThread "Signal Dispatcher" daemon [_thread_blocked, id=3472, stack(0x0000000058b40000,0x0000000058c40000)]
  0x00000000576fa000 JavaThread "Finalizer" daemon [_thread_blocked, id=3084, stack(0x0000000058a00000,0x0000000058b00000)]
  0x00000000576b2800 JavaThread "Reference Handler" daemon [_thread_blocked, id=4148, stack(0x00000000587f0000,0x00000000588f0000)]
  0x000000000232d800 JavaThread "main" [_thread_blocked, id=3452, stack(0x0000000002560000,0x0000000002660000)]

Other Threads:
  0x00000000576ab000 VMThread [stack: 0x00000000585a0000,0x00000000586a0000] [id=2188]
  0x0000000059047000 WatcherThread [stack: 0x0000000058d60000,0x0000000058e60000] [id=1488]

VM state:not at safepoint (normal execution)

VM Mutex/Monitor currently owned by a thread: None

Heap:
 PSYoungGen      total 38400K, used 18933K [0x00000000d5f00000, 0x00000000daa00000, 0x0000000100000000)
  eden space 33280K, 44% used [0x00000000d5f00000,0x00000000d6d68a50,0x00000000d7f80000)
  from space 5120K, 81% used [0x00000000d7f80000,0x00000000d8394ac0,0x00000000d8480000)
  to   space 5120K, 0% used [0x00000000da500000,0x00000000da500000,0x00000000daa00000)
 ParOldGen       total 87552K, used 80K [0x0000000081c00000, 0x0000000087180000, 0x00000000d5f00000)
  object space 87552K, 0% used [0x0000000081c00000,0x0000000081c14010,0x0000000087180000)
 Metaspace       used 16149K, capacity 16908K, committed 17024K, reserved 1062912K
  class space    used 2399K, capacity 2594K, committed 2688K, reserved 1048576K

Card table byte_map: [0x0000000011cf0000,0x00000000120f0000] byte_map_base: 0x00000000118e2000

Marking Bits: (ParMarkBitMap*) 0x000000006b8ba6c0
 Begin Bits: [0x0000000012a00000, 0x0000000014990000)
 End Bits:   [0x0000000014990000, 0x0000000016920000)

Polling page: 0x0000000000140000

CodeCache: size=245760Kb used=4168Kb max_used=4168Kb free=241591Kb
 bounds [0x0000000002930000, 0x0000000002d50000, 0x0000000011930000]
 total_blobs=1783 nmethods=1201 adapters=495
 compilation: enabled

Compilation events (10 events):
Event: 0.777 Thread 0x0000000058fa4800 nmethod 1195 0x0000000002d3e810 code [0x0000000002d3e980, 0x0000000002d3ebd0]
Event: 0.777 Thread 0x0000000058fa4800 1196       3       java.lang.Math::max (46 bytes)
Event: 0.777 Thread 0x0000000058fa4800 nmethod 1196 0x0000000002d3e2d0 code [0x0000000002d3e440, 0x0000000002d3e790]
Event: 0.778 Thread 0x0000000058fa4800 1197       3       java.lang.Math::min (46 bytes)
Event: 0.778 Thread 0x0000000058fa4800 nmethod 1197 0x0000000002d40d50 code [0x0000000002d40ec0, 0x0000000002d41210]
Event: 0.780 Thread 0x0000000058fa4800 1198       3       com.sun.pisces.GradientColorMap::getColorAA (180 bytes)
Event: 0.780 Thread 0x0000000058fa4800 nmethod 1198 0x0000000002d414d0 code [0x0000000002d416c0, 0x0000000002d41e58]
Event: 0.780 Thread 0x0000000058fa4800 1199       3       com.sun.pisces.GradientColorMap::accumColor (165 bytes)
Event: 0.781 Thread 0x0000000058fa4800 nmethod 1199 0x0000000002d426d0 code [0x0000000002d42880, 0x0000000002d42e10]
Event: 0.781 Thread 0x0000000058fa4800 1200       3       java.nio.Buffer::position (43 bytes)

GC Heap History (2 events):
Event: 0.756 GC heap before
{Heap before GC invocations=1 (full 0):
 PSYoungGen      total 38400K, used 31000K [0x00000000d5f00000, 0x00000000d8980000, 0x0000000100000000)
  eden space 33280K, 93% used [0x00000000d5f00000,0x00000000d7d46048,0x00000000d7f80000)
  from space 5120K, 0% used [0x00000000d8480000,0x00000000d8480000,0x00000000d8980000)
  to   space 5120K, 0% used [0x00000000d7f80000,0x00000000d7f80000,0x00000000d8480000)
 ParOldGen       total 87552K, used 0K [0x0000000081c00000, 0x0000000087180000, 0x00000000d5f00000)
  object space 87552K, 0% used [0x0000000081c00000,0x0000000081c00000,0x0000000087180000)
 Metaspace       used 15950K, capacity 16682K, committed 17024K, reserved 1062912K
  class space    used 2376K, capacity 2561K, committed 2688K, reserved 1048576K
Event: 0.767 GC heap after
Heap after GC invocations=1 (full 0):
 PSYoungGen      total 38400K, used 4178K [0x00000000d5f00000, 0x00000000daa00000, 0x0000000100000000)
  eden space 33280K, 0% used [0x00000000d5f00000,0x00000000d5f00000,0x00000000d7f80000)
  from space 5120K, 81% used [0x00000000d7f80000,0x00000000d8394ac0,0x00000000d8480000)
  to   space 5120K, 0% used [0x00000000da500000,0x00000000da500000,0x00000000daa00000)
 ParOldGen       total 87552K, used 80K [0x0000000081c00000, 0x0000000087180000, 0x00000000d5f00000)
  object space 87552K, 0% used [0x0000000081c00000,0x0000000081c14010,0x0000000087180000)
 Metaspace       used 15950K, capacity 16682K, committed 17024K, reserved 1062912K
  class space    used 2376K, capacity 2561K, committed 2688K, reserved 1048576K
}

Deoptimization events (10 events):
Event: 0.430 Thread 0x000000005985c800 Uncommon trap: reason=class_check action=maybe_recompile pc=0x0000000002b71490 method=java.io.DataInputStream.readShort()S @ 4
Event: 0.430 Thread 0x000000005985c800 Uncommon trap: reason=class_check action=maybe_recompile pc=0x0000000002b71490 method=java.io.DataInputStream.readShort()S @ 4
Event: 0.431 Thread 0x000000005985c800 Uncommon trap: reason=class_check action=maybe_recompile pc=0x0000000002a4ec60 method=java.lang.String.equals(Ljava/lang/Object;)Z @ 8
Event: 0.431 Thread 0x000000005985c800 Uncommon trap: reason=class_check action=maybe_recompile pc=0x0000000002a4ec60 method=java.lang.String.equals(Ljava/lang/Object;)Z @ 8
Event: 0.431 Thread 0x000000005985c800 Uncommon trap: reason=class_check action=maybe_recompile pc=0x0000000002a4ec60 method=java.lang.String.equals(Ljava/lang/Object;)Z @ 8
Event: 0.432 Thread 0x000000005985c800 Uncommon trap: reason=class_check action=maybe_recompile pc=0x0000000002a4ec60 method=java.lang.String.equals(Ljava/lang/Object;)Z @ 8
Event: 0.495 Thread 0x000000005985c800 Uncommon trap: reason=unstable_if action=reinterpret pc=0x0000000002c358dc method=java.lang.String.regionMatches(ZILjava/lang/String;II)Z @ 123
Event: 0.708 Thread 0x000000005985c800 Uncommon trap: reason=unstable_if action=reinterpret pc=0x0000000002cad8c0 method=java.util.HashMap.isEmpty()Z @ 4
Event: 0.714 Thread 0x000000005985c800 Uncommon trap: reason=unstable_if action=reinterpret pc=0x0000000002bf711c method=sun.net.www.ParseUtil.encodePath(Ljava/lang/String;Z)Ljava/lang/String; @ 109
Event: 0.735 Thread 0x000000005985c800 Uncommon trap: reason=unstable_if action=reinterpret pc=0x0000000002c17ce8 method=jdk.internal.org.objectweb.asm.Type.getArgumentsAndReturnSizes(Ljava/lang/String;)I @ 47

Internal exceptions (10 events):
Event: 0.243 Thread 0x000000005985c800 Exception <a 'java/lang/NullPointerException'> (0x00000000d6a9e440) thrown at [C:\re\workspace\8-2-build-windows-amd64-cygwin\jdk8u111\7883\hotspot\src\share\vm\prims\jvm.cpp, line 1390]
Event: 0.258 Thread 0x000000005985c800 Exception <a 'java/lang/ArrayIndexOutOfBoundsException': 58> (0x00000000d6bc9d50) thrown at [C:\re\workspace\8-2-build-windows-amd64-cygwin\jdk8u111\7883\hotspot\src\share\vm\interpreter\interpreterRuntime.cpp, line 366]
Event: 0.258 Thread 0x000000005985c800 Exception <a 'java/lang/ArrayIndexOutOfBoundsException': 18> (0x00000000d6bcabd8) thrown at [C:\re\workspace\8-2-build-windows-amd64-cygwin\jdk8u111\7883\hotspot\src\share\vm\interpreter\interpreterRuntime.cpp, line 366]
Event: 0.258 Thread 0x000000005985c800 Exception <a 'java/lang/ArrayIndexOutOfBoundsException': 86> (0x00000000d6bcbf80) thrown at [C:\re\workspace\8-2-build-windows-amd64-cygwin\jdk8u111\7883\hotspot\src\share\vm\interpreter\interpreterRuntime.cpp, line 366]
Event: 0.293 Thread 0x000000005985c800 Exception <a 'java/lang/ArrayIndexOutOfBoundsException'> (0x00000000d6e5ba60) thrown at [C:\re\workspace\8-2-build-windows-amd64-cygwin\jdk8u111\7883\hotspot\src\share\vm\runtime\sharedRuntime.cpp, line 605]
Event: 0.294 Thread 0x000000005985c800 Exception <a 'java/lang/ArrayIndexOutOfBoundsException'> (0x00000000d6e5da88) thrown at [C:\re\workspace\8-2-build-windows-amd64-cygwin\jdk8u111\7883\hotspot\src\share\vm\runtime\sharedRuntime.cpp, line 605]
Event: 0.296 Thread 0x000000005985c800 Exception <a 'java/lang/ArrayIndexOutOfBoundsException'> (0x00000000d6e69e58) thrown at [C:\re\workspace\8-2-build-windows-amd64-cygwin\jdk8u111\7883\hotspot\src\share\vm\runtime\sharedRuntime.cpp, line 605]
Event: 0.296 Thread 0x000000005985c800 Exception <a 'java/lang/ArrayIndexOutOfBoundsException'> (0x00000000d6e6b248) thrown at [C:\re\workspace\8-2-build-windows-amd64-cygwin\jdk8u111\7883\hotspot\src\share\vm\runtime\sharedRuntime.cpp, line 605]
Event: 0.305 Thread 0x000000005985c800 Exception <a 'java/lang/ArrayIndexOutOfBoundsException'> (0x00000000d6f0dcb8) thrown at [C:\re\workspace\8-2-build-windows-amd64-cygwin\jdk8u111\7883\hotspot\src\share\vm\runtime\sharedRuntime.cpp, line 605]
Event: 0.337 Thread 0x000000005985c800 Implicit null exception at 0x0000000002b887e5 to 0x0000000002b889b9

Events (10 events):
Event: 0.779 loading class com/sun/prism/Texture$Usage
Event: 0.779 loading class com/sun/prism/Texture$Usage done
Event: 0.779 loading class com/sun/prism/sw/SWTexturePool$1
Event: 0.779 loading class com/sun/prism/sw/SWTexturePool$1 done
Event: 0.779 loading class com/sun/prism/sw/SWTexture$1
Event: 0.779 loading class com/sun/prism/sw/SWTexture$1 done
Event: 0.779 loading class com/sun/prism/sw/SWMaskTexture
Event: 0.779 loading class com/sun/prism/sw/SWMaskTexture done
Event: 0.781 loading class com/sun/javafx/geom/RoundRectIterator
Event: 0.781 loading class com/sun/javafx/geom/RoundRectIterator done


Dynamic libraries:
0x000000013f340000 - 0x000000013f377000 	C:\Program Files\Java\jdk1.8.0_111\jre\bin\java.exe
0x0000000077200000 - 0x00000000773ab000 	C:\Windows\SYSTEM32\ntdll.dll
0x0000000076fe0000 - 0x00000000770ff000 	C:\Windows\system32\kernel32.dll
0x000007fefd2b0000 - 0x000007fefd31b000 	C:\Windows\system32\KERNELBASE.dll
0x000007fefe3e0000 - 0x000007fefe4bb000 	C:\Windows\system32\ADVAPI32.dll
0x000007fefdc00000 - 0x000007fefdc9f000 	C:\Windows\system32\msvcrt.dll
0x000007fefdbe0000 - 0x000007fefdbff000 	C:\Windows\SYSTEM32\sechost.dll
0x000007fefd790000 - 0x000007fefd8be000 	C:\Windows\system32\RPCRT4.dll
0x0000000077100000 - 0x00000000771fa000 	C:\Windows\system32\USER32.dll
0x000007fefdad0000 - 0x000007fefdb37000 	C:\Windows\system32\GDI32.dll
0x000007fefde60000 - 0x000007fefde6e000 	C:\Windows\system32\LPK.dll
0x000007fefdd90000 - 0x000007fefde5a000 	C:\Windows\system32\USP10.dll
0x000007fefbdc0000 - 0x000007fefbfb4000 	C:\Windows\WinSxS\amd64_microsoft.windows.common-controls_6595b64144ccf1df_6.0.7600.16385_none_fa645303170382f6\COMCTL32.dll
0x000007fefe360000 - 0x000007fefe3d1000 	C:\Windows\system32\SHLWAPI.dll
0x000007feff4e0000 - 0x000007feff50e000 	C:\Windows\system32\IMM32.DLL
0x000007fefdff0000 - 0x000007fefe0f9000 	C:\Windows\system32\MSCTF.dll
0x000000006dc20000 - 0x000000006dcf2000 	C:\Program Files\Java\jdk1.8.0_111\jre\bin\msvcr100.dll
0x000000006b0a0000 - 0x000000006b93a000 	C:\Program Files\Java\jdk1.8.0_111\jre\bin\server\jvm.dll
0x000007fef9fe0000 - 0x000007fef9fe9000 	C:\Windows\system32\WSOCK32.dll
0x000007fefdd40000 - 0x000007fefdd8d000 	C:\Windows\system32\WS2_32.dll
0x000007feff4d0000 - 0x000007feff4d8000 	C:\Windows\system32\NSI.dll
0x000007fefafd0000 - 0x000007fefb00b000 	C:\Windows\system32\WINMM.dll
0x000007fefc2d0000 - 0x000007fefc2dc000 	C:\Windows\system32\VERSION.dll
0x00000000773d0000 - 0x00000000773d7000 	C:\Windows\system32\PSAPI.DLL
0x0000000074720000 - 0x000000007472f000 	C:\Program Files\Java\jdk1.8.0_111\jre\bin\verify.dll
0x00000000746f0000 - 0x0000000074719000 	C:\Program Files\Java\jdk1.8.0_111\jre\bin\java.dll
0x00000000746d0000 - 0x00000000746e6000 	C:\Program Files\Java\jdk1.8.0_111\jre\bin\zip.dll
0x000007fefe720000 - 0x000007feff4a6000 	C:\Windows\system32\SHELL32.dll
0x000007fefd8c0000 - 0x000007fefdac1000 	C:\Windows\system32\ole32.dll
0x000007fefd160000 - 0x000007fefd16f000 	C:\Windows\system32\profapi.dll
0x000007fee55c0000 - 0x000007fee56af000 	C:\Program Files\Java\jdk1.8.0_111\jre\bin\msvcr120.dll
0x000007fee52f0000 - 0x000007fee5396000 	C:\Program Files\Java\jdk1.8.0_111\jre\bin\msvcp120.dll
0x0000000066690000 - 0x00000000666b2000 	C:\Program Files\Java\jdk1.8.0_111\jre\bin\prism_d3d.dll
0x000007fee49c0000 - 0x000007fee4bbf000 	C:\Windows\system32\d3d9.dll
0x000007fef06c0000 - 0x000007fef06c7000 	C:\Windows\system32\d3d8thk.dll
0x000007fefb4d0000 - 0x000007fefb4e8000 	C:\Windows\system32\dwmapi.dll
0x000007fefba40000 - 0x000007fefba96000 	C:\Windows\system32\uxtheme.dll
0x000000006d2f0000 - 0x000000006d30c000 	C:\Program Files\Java\jdk1.8.0_111\jre\bin\prism_sw.dll
0x0000000066640000 - 0x0000000066683000 	C:\Program Files\Java\jdk1.8.0_111\jre\bin\glass.dll
0x000007fefdb40000 - 0x000007fefdbd8000 	C:\Windows\system32\COMDLG32.dll
0x000007fefe280000 - 0x000007fefe357000 	C:\Windows\system32\OLEAUT32.dll
0x000007fefd090000 - 0x000007fefd09f000 	C:\Windows\system32\CRYPTBASE.dll
0x0000000066620000 - 0x0000000066634000 	C:\Program Files\Java\jdk1.8.0_111\jre\bin\javafx_font.dll
0x000007feedd00000 - 0x000007feede7b000 	C:\Windows\system32\dwrite.dll
0x000007fefdca0000 - 0x000007fefdd39000 	C:\Windows\system32\CLBCatQ.DLL
0x000007fefa110000 - 0x000007fefa23a000 	C:\Windows\system32\WindowsCodecs.dll
0x000007fefd030000 - 0x000007fefd087000 	C:\Windows\system32\apphelp.dll
0x000007fef6fe0000 - 0x000007fef7015000 	C:\Windows\system32\EhStorShell.dll
0x000007fefd530000 - 0x000007fefd707000 	C:\Windows\system32\SETUPAPI.dll
0x000007fefd4b0000 - 0x000007fefd4e6000 	C:\Windows\system32\CFGMGR32.dll
0x000007fefd490000 - 0x000007fefd4aa000 	C:\Windows\system32\DEVOBJ.dll
0x000007fefbaa0000 - 0x000007fefbbcc000 	C:\Windows\system32\PROPSYS.dll
0x000007fef63f0000 - 0x000007fef6a61000 	C:\PROGRA~1\MICROS~1\Office14\GROOVEEX.DLL
0x000000006e860000 - 0x000000006e8fd000 	C:\Windows\WinSxS\amd64_microsoft.vc90.crt_1fc8b3b9a1e18e3b_9.0.30729.4926_none_08e1a05ba83fe554\MSVCR90.dll
0x000000006e780000 - 0x000000006e853000 	C:\Windows\WinSxS\amd64_microsoft.vc90.crt_1fc8b3b9a1e18e3b_9.0.30729.4926_none_08e1a05ba83fe554\MSVCP90.dll
0x000000006e5a0000 - 0x000000006e5cf000 	C:\Windows\WinSxS\amd64_microsoft.vc90.atl_1fc8b3b9a1e18e3b_9.0.30729.4148_none_0a1d2fcba76b3f00\ATL90.DLL
0x000007fef5fe0000 - 0x000007fef63ef000 	C:\PROGRA~1\COMMON~1\MICROS~1\OFFICE14\Cultures\office.odf
0x000007fef5770000 - 0x000007fef5fd4000 	C:\PROGRA~1\MICROS~1\Office14\1033\GrooveIntlResource.dll
0x000007fef56f0000 - 0x000007fef576e000 	C:\Windows\System32\cscui.dll
0x000007fef6c60000 - 0x000007fef6c6c000 	C:\Windows\System32\CSCDLL.dll
0x000007fef7050000 - 0x000007fef705f000 	C:\Windows\system32\CSCAPI.dll
0x000007fef5670000 - 0x000007fef56f0000 	C:\Windows\system32\ntshrui.dll
0x000007fefcc00000 - 0x000007fefcc23000 	C:\Windows\system32\srvcli.dll
0x000007fefb010000 - 0x000007fefb01b000 	C:\Windows\system32\slc.dll
0x000007fef0da0000 - 0x000007fef0dcd000 	C:\Program Files\Common Files\Microsoft Shared\Ink\rtscom.dll
0x0000000066600000 - 0x0000000066611000 	C:\Program Files\Java\jdk1.8.0_111\jre\bin\prism_common.dll
0x000007fef6eb0000 - 0x000007fef6fd5000 	C:\Windows\system32\dbghelp.dll

VM Arguments:
jvm_args: -Dfile.encoding=UTF-8 
java_command: C:\Users\IITG\Documents\NetBeansProjects\NasoFX\dist\run522956200\NasoFX.jar
java_class_path (initial): C:\Users\IITG\Documents\NetBeansProjects\NasoFX\dist\run522956200\NasoFX.jar
Launcher Type: SUN_STANDARD

Environment Variables:
JAVA_HOME=C:\Program Files\Java\jdk1.8.0_111
PATH=C:\cygwin64\bin;C:\Program Files (x86)\Bitvise SSH Client
USERNAME=IITG
OS=Windows_NT
PROCESSOR_IDENTIFIER=Intel64 Family 6 Model 94 Stepping 3, GenuineIntel



---------------  S Y S T E M  ---------------

OS: Windows 7 , 64 bit Build 7600 (6.1.7600.16385)

CPU:total 4 (4 cores per cpu, 1 threads per core) family 6 model 94 stepping 3, cmov, cx8, fxsr, mmx, sse, sse2, sse3, ssse3, sse4.1, sse4.2, popcnt, aes, clmul, erms, rtm, 3dnowpref, lzcnt, tsc, tscinvbit, bmi1, bmi2, adx

Memory: 4k page, physical 8266172k(4671320k free), swap 16530448k(12607940k free)

vm_info: Java HotSpot(TM) 64-Bit Server VM (25.111-b14) for windows-amd64 JRE (1.8.0_111-b14), built on Sep 22 2016 19:24:05 by "java_re" with MS VC++ 10.0 (VS2010)

time: Tue Sep 12 10:35:25 2017
elapsed time: 0 seconds (0d 0h 0m 0s)

