#
# A fatal error has been detected by the Java Runtime Environment:
#
#  EXCEPTION_ILLEGAL_INSTRUCTION (0xc000001d) at pc=0x000007feedbe5c01, pid=5680, tid=0x0000000000000b04
#
# JRE version: Java(TM) SE Runtime Environment (8.0_111-b14) (build 1.8.0_111-b14)
# Java VM: Java HotSpot(TM) 64-Bit Server VM (25.111-b14 mixed mode windows-amd64 compressed oops)
# Problematic frame:
# C  [msvcr120.dll+0x95c01]
#
# Failed to write core dump. Minidumps are not enabled by default on client versions of Windows
#
# If you would like to submit a bug report, please visit:
#   http://bugreport.java.com/bugreport/crash.jsp
# The crash happened outside the Java Virtual Machine in native code.
# See problematic frame for where to report the bug.
#

---------------  T H R E A D  ---------------

Current thread (0x0000000059756000):  JavaThread "QuantumRenderer-0" daemon [_thread_in_native, id=2820, stack(0x000000005a070000,0x000000005a170000)]

siginfo: ExceptionCode=0xc000001d

Registers:
RAX=0x3f40000000000000, RBX=0x0000000000000004, RCX=0x3f40e05bc562380c, RDX=0x7ff0000000000000
RSP=0x000000005a16b7e0, RBP=0x000000005a16c010, RSI=0x000000005a16c010, RDI=0x0000000000000004
R8 =0x8000000000000000, R9 =0x0000000063add1f0, R10=0x000000000000000c, R11=0x000000005a16bcd0
R12=0x0000000063add1f0, R13=0x0000000063add050, R14=0x00000000d6729ac4, R15=0x0000000000000004
RIP=0x000007feedbe5c01, EFLAGS=0x0000000000010202

Top of Stack: (sp=0x000000005a16b7e0)
0x000000005a16b7e0:   000000000000002e 00000000002a4580
0x000000005a16b7f0:   00000000002a4580 0000000000362090
0x000000005a16b800:   00000000002f57c2 0000000000000010
0x000000005a16b810:   0000000000000000 00000000002a0158
0x000000005a16b820:   00000000773d7288 00000000002a4580
0x000000005a16b830:   0000000000000060 0000000000260000
0x000000005a16b840:   0000000000000001 00000000002a0000
0x000000005a16b850:   000000005a16bb01 00000000002a4580
0x000000005a16b860:   3f973d26348e1453 0000000000000000
0x000000005a16b870:   3e6b36305c800000 0000000000000000
0x000000005a16b880:   0000000000335db0 00000000002a4580
0x000000005a16b890:   0000000059741f00 00000000000003ff
0x000000005a16b8a0:   0000000063adc3f0 0000000063ad3318
0x000000005a16b8b0:   3f40e05bc562380c 3f40e05bc562380c
0x000000005a16b8c0:   3f973d26348e1453 00000000002a0158
0x000000005a16b8d0:   0000000000000000 00000000000003ff 

Instructions: (pc=0x000007feedbe5c01)
0x000007feedbe5be1:   0f 10 d0 f2 0f 10 44 24 10 f2 0f 10 4c 24 20 44
0x000007feedbe5bf1:   8b 0d 15 26 02 00 e8 34 c7 00 00 e9 72 f8 ff ff
0x000007feedbe5c01:   c5 fb 11 44 24 10 c5 fb 11 4c 24 20 48 8b 54 24
0x000007feedbe5c11:   10 4c 8b 44 24 20 4c 8b 15 4a 26 02 00 4d 23 d0 


Register to memory mapping:

RAX=0x3f40000000000000 is an unknown value
RBX=0x0000000000000004 is an unknown value
RCX=0x3f40e05bc562380c is an unknown value
RDX=0x7ff0000000000000 is an unknown value
RSP=0x000000005a16b7e0 is pointing into the stack for thread: 0x0000000059756000
RBP=0x000000005a16c010 is pointing into the stack for thread: 0x0000000059756000
RSI=0x000000005a16c010 is pointing into the stack for thread: 0x0000000059756000
RDI=0x0000000000000004 is an unknown value
R8 =0x8000000000000000 is an unknown value
R9 =0x0000000063add1f0 is an unknown value
R10=0x000000000000000c is an unknown value
R11=0x000000005a16bcd0 is pointing into the stack for thread: 0x0000000059756000
R12=0x0000000063add1f0 is an unknown value
R13=0x0000000063add050 is an unknown value
R14=0x00000000d6729ac4 is an unknown value
R15=0x0000000000000004 is an unknown value


Stack: [0x000000005a070000,0x000000005a170000],  sp=0x000000005a16b7e0,  free space=1005k
Native frames: (J=compiled Java code, j=interpreted, Vv=VM code, C=native code)
C  [msvcr120.dll+0x95c01]
C  [prism_common.dll+0x3318]
C  [prism_common.dll+0x1abc]
C  [prism_common.dll+0x1128]
C  [prism_common.dll+0x8b7e]
C  [prism_common.dll+0x669e]
C  [prism_common.dll+0x49af]
C  [prism_common.dll+0x4649]
C  0x0000000002987994

Java frames: (J=compiled Java code, j=interpreted, Vv=VM code)
j  com.sun.prism.impl.shape.NativePiscesRasterizer.produceStrokeAlphas([F[BIFIIF[FFDDDDDD[I[B)V+0
j  com.sun.prism.impl.shape.NativePiscesRasterizer.getMaskData(Lcom/sun/javafx/geom/Shape;Lcom/sun/prism/BasicStroke;Lcom/sun/javafx/geom/RectBounds;Lcom/sun/javafx/geom/transform/BaseTransform;ZZ)Lcom/sun/prism/impl/shape/MaskData;+487
j  com.sun.prism.impl.shape.ShapeUtil.rasterizeShape(Lcom/sun/javafx/geom/Shape;Lcom/sun/prism/BasicStroke;Lcom/sun/javafx/geom/RectBounds;Lcom/sun/javafx/geom/transform/BaseTransform;ZZ)Lcom/sun/prism/impl/shape/MaskData;+11
j  com.sun.prism.sw.SWContext$NativeShapeRenderer.renderShape(Lcom/sun/pisces/PiscesRenderer;Lcom/sun/javafx/geom/Shape;Lcom/sun/prism/BasicStroke;Lcom/sun/javafx/geom/transform/BaseTransform;Lcom/sun/javafx/geom/Rectangle;Z)V+12
j  com.sun.prism.sw.SWContext.renderShape(Lcom/sun/pisces/PiscesRenderer;Lcom/sun/javafx/geom/Shape;Lcom/sun/prism/BasicStroke;Lcom/sun/javafx/geom/transform/BaseTransform;Lcom/sun/javafx/geom/Rectangle;Z)V+13
j  com.sun.prism.sw.SWGraphics.paintShapePaintAlreadySet(Lcom/sun/javafx/geom/Shape;Lcom/sun/prism/BasicStroke;Lcom/sun/javafx/geom/transform/BaseTransform;)V+296
j  com.sun.prism.sw.SWGraphics.paintShape(Lcom/sun/javafx/geom/Shape;Lcom/sun/prism/BasicStroke;Lcom/sun/javafx/geom/transform/BaseTransform;)V+70
j  com.sun.prism.sw.SWGraphics.paintRoundRect(FFFFFFLcom/sun/prism/BasicStroke;)V+57
j  com.sun.prism.sw.SWGraphics.drawRoundRect(FFFFFF)V+28
j  com.sun.javafx.sg.prism.NGRegion.renderBorderRectangle(Lcom/sun/prism/Graphics;)V+690
j  com.sun.javafx.sg.prism.NGRegion.renderAsRectangle(Lcom/sun/prism/Graphics;)V+27
j  com.sun.javafx.sg.prism.NGRegion.renderContent(Lcom/sun/prism/Graphics;)V+106
j  com.sun.javafx.sg.prism.NGNode.doRender(Lcom/sun/prism/Graphics;)V+330
j  com.sun.javafx.sg.prism.NGNode.render(Lcom/sun/prism/Graphics;)V+34
j  com.sun.javafx.sg.prism.NGGroup.renderContent(Lcom/sun/prism/Graphics;)V+160
j  com.sun.javafx.sg.prism.NGRegion.renderContent(Lcom/sun/prism/Graphics;)V+111
j  com.sun.javafx.sg.prism.NGNode.doRender(Lcom/sun/prism/Graphics;)V+330
j  com.sun.javafx.sg.prism.NGNode.render(Lcom/sun/prism/Graphics;)V+34
j  com.sun.javafx.sg.prism.NGGroup.renderContent(Lcom/sun/prism/Graphics;)V+160
j  com.sun.javafx.sg.prism.NGRegion.renderContent(Lcom/sun/prism/Graphics;)V+111
j  com.sun.javafx.sg.prism.NGNode.renderForClip(Lcom/sun/prism/Graphics;)V+17
j  com.sun.javafx.sg.prism.NGNode.renderRectClip(Lcom/sun/prism/Graphics;Lcom/sun/javafx/sg/prism/NGRectangle;)V+106
j  com.sun.javafx.sg.prism.NGNode.renderClip(Lcom/sun/prism/Graphics;)V+83
j  com.sun.javafx.sg.prism.NGNode.doRender(Lcom/sun/prism/Graphics;)V+285
j  com.sun.javafx.sg.prism.NGNode.render(Lcom/sun/prism/Graphics;)V+34
j  com.sun.javafx.sg.prism.NGGroup.renderContent(Lcom/sun/prism/Graphics;)V+160
j  com.sun.javafx.sg.prism.NGRegion.renderContent(Lcom/sun/prism/Graphics;)V+111
j  com.sun.javafx.sg.prism.NGNode.renderForClip(Lcom/sun/prism/Graphics;)V+17
j  com.sun.javafx.sg.prism.NGNode.renderRectClip(Lcom/sun/prism/Graphics;Lcom/sun/javafx/sg/prism/NGRectangle;)V+106
j  com.sun.javafx.sg.prism.NGNode.renderClip(Lcom/sun/prism/Graphics;)V+83
j  com.sun.javafx.sg.prism.NGNode.doRender(Lcom/sun/prism/Graphics;)V+285
j  com.sun.javafx.sg.prism.NGNode.render(Lcom/sun/prism/Graphics;)V+34
j  com.sun.javafx.sg.prism.NGGroup.renderContent(Lcom/sun/prism/Graphics;)V+160
j  com.sun.javafx.sg.prism.NGRegion.renderContent(Lcom/sun/prism/Graphics;)V+111
j  com.sun.javafx.sg.prism.NGNode.renderForClip(Lcom/sun/prism/Graphics;)V+17
j  com.sun.javafx.sg.prism.NGNode.renderRectClip(Lcom/sun/prism/Graphics;Lcom/sun/javafx/sg/prism/NGRectangle;)V+106
j  com.sun.javafx.sg.prism.NGNode.renderClip(Lcom/sun/prism/Graphics;)V+83
j  com.sun.javafx.sg.prism.NGNode.doRender(Lcom/sun/prism/Graphics;)V+285
j  com.sun.javafx.sg.prism.NGNode.render(Lcom/sun/prism/Graphics;)V+34
j  com.sun.javafx.sg.prism.NGGroup.renderContent(Lcom/sun/prism/Graphics;)V+160
j  com.sun.javafx.sg.prism.NGRegion.renderContent(Lcom/sun/prism/Graphics;)V+111
j  com.sun.javafx.sg.prism.NGNode.renderForClip(Lcom/sun/prism/Graphics;)V+17
j  com.sun.javafx.sg.prism.NGNode.renderRectClip(Lcom/sun/prism/Graphics;Lcom/sun/javafx/sg/prism/NGRectangle;)V+106
j  com.sun.javafx.sg.prism.NGNode.renderClip(Lcom/sun/prism/Graphics;)V+83
j  com.sun.javafx.sg.prism.NGNode.doRender(Lcom/sun/prism/Graphics;)V+285
j  com.sun.javafx.sg.prism.NGNode.render(Lcom/sun/prism/Graphics;)V+34
j  com.sun.javafx.sg.prism.NGGroup.renderContent(Lcom/sun/prism/Graphics;)V+160
j  com.sun.javafx.sg.prism.NGRegion.renderContent(Lcom/sun/prism/Graphics;)V+111
j  com.sun.javafx.sg.prism.NGNode.doRender(Lcom/sun/prism/Graphics;)V+330
j  com.sun.javafx.sg.prism.NGNode.render(Lcom/sun/prism/Graphics;)V+34
j  com.sun.javafx.sg.prism.NGGroup.renderContent(Lcom/sun/prism/Graphics;)V+160
j  com.sun.javafx.sg.prism.NGRegion.renderContent(Lcom/sun/prism/Graphics;)V+111
j  com.sun.javafx.sg.prism.NGNode.renderForClip(Lcom/sun/prism/Graphics;)V+17
j  com.sun.javafx.sg.prism.NGNode.renderRectClip(Lcom/sun/prism/Graphics;Lcom/sun/javafx/sg/prism/NGRectangle;)V+106
j  com.sun.javafx.sg.prism.NGNode.renderClip(Lcom/sun/prism/Graphics;)V+83
j  com.sun.javafx.sg.prism.NGNode.doRender(Lcom/sun/prism/Graphics;)V+285
j  com.sun.javafx.sg.prism.NGNode.render(Lcom/sun/prism/Graphics;)V+34
j  com.sun.javafx.sg.prism.NGGroup.renderContent(Lcom/sun/prism/Graphics;)V+160
j  com.sun.javafx.sg.prism.NGRegion.renderContent(Lcom/sun/prism/Graphics;)V+111
j  com.sun.javafx.sg.prism.NGNode.doRender(Lcom/sun/prism/Graphics;)V+330
j  com.sun.javafx.sg.prism.NGNode.render(Lcom/sun/prism/Graphics;)V+34
j  com.sun.javafx.sg.prism.NGGroup.renderContent(Lcom/sun/prism/Graphics;)V+160
j  com.sun.javafx.sg.prism.NGRegion.renderContent(Lcom/sun/prism/Graphics;)V+111
j  com.sun.javafx.sg.prism.NGNode.doRender(Lcom/sun/prism/Graphics;)V+330
j  com.sun.javafx.sg.prism.NGNode.render(Lcom/sun/prism/Graphics;)V+34
j  com.sun.javafx.tk.quantum.ViewPainter.doPaint(Lcom/sun/prism/Graphics;Lcom/sun/javafx/sg/prism/NodePath;)V+201
j  com.sun.javafx.tk.quantum.ViewPainter.paintImpl(Lcom/sun/prism/Graphics;)V+982
j  com.sun.javafx.tk.quantum.UploadingPainter.run()V+719
j  java.util.concurrent.Executors$RunnableAdapter.call()Ljava/lang/Object;+4
j  java.util.concurrent.FutureTask.runAndReset()Z+47
j  com.sun.javafx.tk.RenderJob.run()V+1
j  java.util.concurrent.ThreadPoolExecutor.runWorker(Ljava/util/concurrent/ThreadPoolExecutor$Worker;)V+95
j  java.util.concurrent.ThreadPoolExecutor$Worker.run()V+5
j  com.sun.javafx.tk.quantum.QuantumRenderer$PipelineRunnable.run()V+8
j  java.lang.Thread.run()V+11
v  ~StubRoutines::call_stub

---------------  P R O C E S S  ---------------

Java Threads: ( => current thread )
  0x0000000059c6d000 JavaThread "Prism Font Disposer" daemon [_thread_blocked, id=1496, stack(0x000000005c2a0000,0x000000005c3a0000)]
  0x00000000597b3000 JavaThread "Thread-3" daemon [_thread_in_native, id=5968, stack(0x000000005a670000,0x000000005a770000)]
  0x00000000597b0800 JavaThread "JavaFX-Launcher" [_thread_blocked, id=5244, stack(0x000000005a170000,0x000000005a270000)]
  0x0000000059774800 JavaThread "JavaFX Application Thread" [_thread_in_native, id=3828, stack(0x0000000059f50000,0x000000005a050000)]
  0x0000000059773800 JavaThread "Thread-1" daemon [_thread_blocked, id=5756, stack(0x000000005a4d0000,0x000000005a5d0000)]
=>0x0000000059756000 JavaThread "QuantumRenderer-0" daemon [_thread_in_native, id=2820, stack(0x000000005a070000,0x000000005a170000)]
  0x00000000588f0800 JavaThread "Service Thread" daemon [_thread_blocked, id=1344, stack(0x0000000059630000,0x0000000059730000)]
  0x000000005887b000 JavaThread "C1 CompilerThread2" daemon [_thread_blocked, id=5496, stack(0x0000000059480000,0x0000000059580000)]
  0x0000000058879800 JavaThread "C2 CompilerThread1" daemon [_thread_blocked, id=1184, stack(0x00000000591e0000,0x00000000592e0000)]
  0x0000000058872800 JavaThread "C2 CompilerThread0" daemon [_thread_blocked, id=5512, stack(0x0000000059020000,0x0000000059120000)]
  0x00000000574d4000 JavaThread "Attach Listener" daemon [_thread_blocked, id=4588, stack(0x0000000058ef0000,0x0000000058ff0000)]
  0x00000000574d3000 JavaThread "Signal Dispatcher" daemon [_thread_blocked, id=1212, stack(0x0000000058cc0000,0x0000000058dc0000)]
  0x00000000574bd000 JavaThread "Finalizer" daemon [_thread_blocked, id=1936, stack(0x0000000058770000,0x0000000058870000)]
  0x0000000057476000 JavaThread "Reference Handler" daemon [_thread_blocked, id=4368, stack(0x0000000058640000,0x0000000058740000)]
  0x000000000026d800 JavaThread "main" [_thread_blocked, id=5492, stack(0x00000000025a0000,0x00000000026a0000)]

Other Threads:
  0x000000005746e800 VMThread [stack: 0x0000000058530000,0x0000000058630000] [id=5924]
  0x0000000058927000 WatcherThread [stack: 0x00000000592f0000,0x00000000593f0000] [id=4152]

VM state:not at safepoint (normal execution)

VM Mutex/Monitor currently owned by a thread: None

Heap:
 PSYoungGen      total 38400K, used 16068K [0x00000000d5f00000, 0x00000000d8980000, 0x0000000100000000)
  eden space 33280K, 32% used [0x00000000d5f00000,0x00000000d69b11b8,0x00000000d7f80000)
  from space 5120K, 99% used [0x00000000d7f80000,0x00000000d847ff10,0x00000000d8480000)
  to   space 5120K, 0% used [0x00000000d8480000,0x00000000d8480000,0x00000000d8980000)
 ParOldGen       total 87552K, used 1922K [0x0000000081c00000, 0x0000000087180000, 0x00000000d5f00000)
  object space 87552K, 2% used [0x0000000081c00000,0x0000000081de0840,0x0000000087180000)
 Metaspace       used 15471K, capacity 16162K, committed 16384K, reserved 1062912K
  class space    used 2274K, capacity 2451K, committed 2560K, reserved 1048576K

Card table byte_map: [0x0000000011d30000,0x0000000012130000] byte_map_base: 0x0000000011922000

Marking Bits: (ParMarkBitMap*) 0x000000006ccba6c0
 Begin Bits: [0x00000000127c0000, 0x0000000014750000)
 End Bits:   [0x0000000014750000, 0x00000000166e0000)

Polling page: 0x0000000000240000

CodeCache: size=245760Kb used=3982Kb max_used=3994Kb free=241777Kb
 bounds [0x0000000002970000, 0x0000000002d60000, 0x0000000011970000]
 total_blobs=1759 nmethods=1186 adapters=486
 compilation: enabled

Compilation events (10 events):
Event: 0.622 Thread 0x0000000058879800 1182       4       java.lang.ClassLoader::checkName (43 bytes)
Event: 0.623 Thread 0x000000005887b000 1183       3       java.nio.HeapByteBuffer::ix (7 bytes)
Event: 0.623 Thread 0x000000005887b000 nmethod 1183 0x0000000002d525d0 code [0x0000000002d52720, 0x0000000002d52870]
Event: 0.623 Thread 0x000000005887b000 1184       3       com.sun.pisces.GradientColorMap::getColorAA (180 bytes)
Event: 0.624 Thread 0x000000005887b000 nmethod 1184 0x0000000002d528d0 code [0x0000000002d52ac0, 0x0000000002d53258]
Event: 0.624 Thread 0x000000005887b000 1185       3       com.sun.pisces.GradientColorMap::accumColor (165 bytes)
Event: 0.624 Thread 0x000000005887b000 nmethod 1185 0x0000000002d53ad0 code [0x0000000002d53c80, 0x0000000002d54210]
Event: 0.624 Thread 0x000000005887b000 1186       3       java.nio.Buffer::position (43 bytes)
Event: 0.624 Thread 0x000000005887b000 nmethod 1186 0x0000000002d54ad0 code [0x0000000002d54c40, 0x0000000002d54f08]
Event: 0.625 Thread 0x0000000058879800 nmethod 1182 0x0000000002d57dd0 code [0x0000000002d57f20, 0x0000000002d58118]

GC Heap History (2 events):
Event: 0.612 GC heap before
{Heap before GC invocations=1 (full 0):
 PSYoungGen      total 38400K, used 33280K [0x00000000d5f00000, 0x00000000d8980000, 0x0000000100000000)
  eden space 33280K, 100% used [0x00000000d5f00000,0x00000000d7f80000,0x00000000d7f80000)
  from space 5120K, 0% used [0x00000000d8480000,0x00000000d8480000,0x00000000d8980000)
  to   space 5120K, 0% used [0x00000000d7f80000,0x00000000d7f80000,0x00000000d8480000)
 ParOldGen       total 87552K, used 0K [0x0000000081c00000, 0x0000000087180000, 0x00000000d5f00000)
  object space 87552K, 0% used [0x0000000081c00000,0x0000000081c00000,0x0000000087180000)
 Metaspace       used 15394K, capacity 16096K, committed 16384K, reserved 1062912K
  class space    used 2262K, capacity 2450K, committed 2560K, reserved 1048576K
Event: 0.617 GC heap after
Heap after GC invocations=1 (full 0):
 PSYoungGen      total 38400K, used 5119K [0x00000000d5f00000, 0x00000000d8980000, 0x0000000100000000)
  eden space 33280K, 0% used [0x00000000d5f00000,0x00000000d5f00000,0x00000000d7f80000)
  from space 5120K, 99% used [0x00000000d7f80000,0x00000000d847ff10,0x00000000d8480000)
  to   space 5120K, 0% used [0x00000000d8480000,0x00000000d8480000,0x00000000d8980000)
 ParOldGen       total 87552K, used 1922K [0x0000000081c00000, 0x0000000087180000, 0x00000000d5f00000)
  object space 87552K, 2% used [0x0000000081c00000,0x0000000081de0840,0x0000000087180000)
 Metaspace       used 15394K, capacity 16096K, committed 16384K, reserved 1062912K
  class space    used 2262K, capacity 2450K, committed 2560K, reserved 1048576K
}

Deoptimization events (10 events):
Event: 0.453 Thread 0x0000000059774800 Uncommon trap: reason=class_check action=maybe_recompile pc=0x0000000002bb9790 method=java.io.DataInputStream.readShort()S @ 4
Event: 0.453 Thread 0x0000000059774800 Uncommon trap: reason=class_check action=maybe_recompile pc=0x0000000002bb9790 method=java.io.DataInputStream.readShort()S @ 4
Event: 0.455 Thread 0x0000000059774800 Uncommon trap: reason=class_check action=maybe_recompile pc=0x0000000002a8f960 method=java.lang.String.equals(Ljava/lang/Object;)Z @ 8
Event: 0.455 Thread 0x0000000059774800 Uncommon trap: reason=class_check action=maybe_recompile pc=0x0000000002a8f960 method=java.lang.String.equals(Ljava/lang/Object;)Z @ 8
Event: 0.455 Thread 0x0000000059774800 Uncommon trap: reason=class_check action=maybe_recompile pc=0x0000000002a8f960 method=java.lang.String.equals(Ljava/lang/Object;)Z @ 8
Event: 0.456 Thread 0x0000000059774800 Uncommon trap: reason=class_check action=maybe_recompile pc=0x0000000002a8f960 method=java.lang.String.equals(Ljava/lang/Object;)Z @ 8
Event: 0.515 Thread 0x0000000059774800 Uncommon trap: reason=unstable_if action=reinterpret pc=0x0000000002cb4b90 method=javafx.beans.property.ObjectPropertyBase.get()Ljava/lang/Object; @ 9
Event: 0.517 Thread 0x0000000059774800 Uncommon trap: reason=unstable_if action=reinterpret pc=0x0000000002c6aa9c method=java.lang.String.regionMatches(ZILjava/lang/String;II)Z @ 123
Event: 0.570 Thread 0x0000000059774800 Uncommon trap: reason=unstable_if action=reinterpret pc=0x0000000002cd8680 method=java.util.HashMap.isEmpty()Z @ 4
Event: 0.577 Thread 0x0000000059774800 Uncommon trap: reason=unstable_if action=reinterpret pc=0x0000000002c2d85c method=sun.net.www.ParseUtil.encodePath(Ljava/lang/String;Z)Ljava/lang/String; @ 109

Internal exceptions (10 events):
Event: 0.274 Thread 0x0000000059774800 Exception <a 'java/lang/ArrayIndexOutOfBoundsException': 58> (0x00000000d6bd4020) thrown at [C:\re\workspace\8-2-build-windows-amd64-cygwin\jdk8u111\7883\hotspot\src\share\vm\interpreter\interpreterRuntime.cpp, line 366]
Event: 0.275 Thread 0x0000000059774800 Exception <a 'java/lang/ArrayIndexOutOfBoundsException': 18> (0x00000000d6bd4ea8) thrown at [C:\re\workspace\8-2-build-windows-amd64-cygwin\jdk8u111\7883\hotspot\src\share\vm\interpreter\interpreterRuntime.cpp, line 366]
Event: 0.275 Thread 0x0000000059774800 Exception <a 'java/lang/ArrayIndexOutOfBoundsException': 86> (0x00000000d6bd6250) thrown at [C:\re\workspace\8-2-build-windows-amd64-cygwin\jdk8u111\7883\hotspot\src\share\vm\interpreter\interpreterRuntime.cpp, line 366]
Event: 0.322 Thread 0x0000000059774800 Exception <a 'java/lang/ArrayIndexOutOfBoundsException'> (0x00000000d6ee3910) thrown at [C:\re\workspace\8-2-build-windows-amd64-cygwin\jdk8u111\7883\hotspot\src\share\vm\runtime\sharedRuntime.cpp, line 605]
Event: 0.325 Thread 0x0000000059774800 Exception <a 'java/lang/ArrayIndexOutOfBoundsException'> (0x00000000d6eec3e8) thrown at [C:\re\workspace\8-2-build-windows-amd64-cygwin\jdk8u111\7883\hotspot\src\share\vm\runtime\sharedRuntime.cpp, line 605]
Event: 0.338 Thread 0x0000000059774800 Exception <a 'java/lang/ArrayIndexOutOfBoundsException'> (0x00000000d6fc4128) thrown at [C:\re\workspace\8-2-build-windows-amd64-cygwin\jdk8u111\7883\hotspot\src\share\vm\runtime\sharedRuntime.cpp, line 605]
Event: 0.338 Thread 0x0000000059774800 Exception <a 'java/lang/ArrayIndexOutOfBoundsException'> (0x00000000d6fc6150) thrown at [C:\re\workspace\8-2-build-windows-amd64-cygwin\jdk8u111\7883\hotspot\src\share\vm\runtime\sharedRuntime.cpp, line 605]
Event: 0.338 Thread 0x0000000059774800 Exception <a 'java/lang/ArrayIndexOutOfBoundsException'> (0x00000000d6fce718) thrown at [C:\re\workspace\8-2-build-windows-amd64-cygwin\jdk8u111\7883\hotspot\src\share\vm\runtime\sharedRuntime.cpp, line 605]
Event: 0.339 Thread 0x0000000059774800 Exception <a 'java/lang/ArrayIndexOutOfBoundsException'> (0x00000000d6fcfb08) thrown at [C:\re\workspace\8-2-build-windows-amd64-cygwin\jdk8u111\7883\hotspot\src\share\vm\runtime\sharedRuntime.cpp, line 605]
Event: 0.363 Thread 0x0000000059774800 Implicit null exception at 0x0000000002bc6025 to 0x0000000002bc61f1

Events (10 events):
Event: 0.622 loading class com/sun/prism/sw/SWTexture$1
Event: 0.622 loading class com/sun/prism/sw/SWTexture$1 done
Event: 0.623 loading class com/sun/prism/sw/SWMaskTexture
Event: 0.623 loading class com/sun/prism/sw/SWMaskTexture done
Event: 0.623 loading class com/sun/prism/PrinterGraphics
Event: 0.623 loading class com/sun/prism/PrinterGraphics done
Event: 0.624 loading class com/sun/javafx/font/directwrite/IDWriteGlyphRunAnalysis
Event: 0.624 loading class com/sun/javafx/font/directwrite/IDWriteGlyphRunAnalysis done
Event: 0.624 loading class com/sun/javafx/geom/RoundRectIterator
Event: 0.624 loading class com/sun/javafx/geom/RoundRectIterator done


Dynamic libraries:
0x000000013f520000 - 0x000000013f557000 	C:\Program Files\Java\jdk1.8.0_111\jre\bin\java.exe
0x00000000772c0000 - 0x000000007746b000 	C:\Windows\SYSTEM32\ntdll.dll
0x00000000770a0000 - 0x00000000771bf000 	C:\Windows\system32\kernel32.dll
0x000007fefd560000 - 0x000007fefd5cb000 	C:\Windows\system32\KERNELBASE.dll
0x000007fefe400000 - 0x000007fefe4db000 	C:\Windows\system32\ADVAPI32.dll
0x000007fefdee0000 - 0x000007fefdf7f000 	C:\Windows\system32\msvcrt.dll
0x000007fefd930000 - 0x000007fefd94f000 	C:\Windows\SYSTEM32\sechost.dll
0x000007fefdd00000 - 0x000007fefde2e000 	C:\Windows\system32\RPCRT4.dll
0x00000000771c0000 - 0x00000000772ba000 	C:\Windows\system32\USER32.dll
0x000007fefd620000 - 0x000007fefd687000 	C:\Windows\system32\GDI32.dll
0x000007fefde30000 - 0x000007fefde3e000 	C:\Windows\system32\LPK.dll
0x000007feff500000 - 0x000007feff5ca000 	C:\Windows\system32\USP10.dll
0x000007fefbe80000 - 0x000007fefc074000 	C:\Windows\WinSxS\amd64_microsoft.windows.common-controls_6595b64144ccf1df_6.0.7600.16385_none_fa645303170382f6\COMCTL32.dll
0x000007fefd950000 - 0x000007fefd9c1000 	C:\Windows\system32\SHLWAPI.dll
0x000007fefd5f0000 - 0x000007fefd61e000 	C:\Windows\system32\IMM32.DLL
0x000007feff3f0000 - 0x000007feff4f9000 	C:\Windows\system32\MSCTF.dll
0x0000000074350000 - 0x0000000074422000 	C:\Program Files\Java\jdk1.8.0_111\jre\bin\msvcr100.dll
0x000000006c4a0000 - 0x000000006cd3a000 	C:\Program Files\Java\jdk1.8.0_111\jre\bin\server\jvm.dll
0x000007fefa030000 - 0x000007fefa039000 	C:\Windows\system32\WSOCK32.dll
0x000007fefd700000 - 0x000007fefd74d000 	C:\Windows\system32\WS2_32.dll
0x000007fefdf80000 - 0x000007fefdf88000 	C:\Windows\system32\NSI.dll
0x000007fefaf60000 - 0x000007fefaf9b000 	C:\Windows\system32\WINMM.dll
0x000007fefc390000 - 0x000007fefc39c000 	C:\Windows\system32\VERSION.dll
0x0000000077490000 - 0x0000000077497000 	C:\Windows\system32\PSAPI.DLL
0x0000000074470000 - 0x000000007447f000 	C:\Program Files\Java\jdk1.8.0_111\jre\bin\verify.dll
0x0000000074320000 - 0x0000000074349000 	C:\Program Files\Java\jdk1.8.0_111\jre\bin\java.dll
0x0000000074300000 - 0x0000000074316000 	C:\Program Files\Java\jdk1.8.0_111\jre\bin\zip.dll
0x000007fefe4e0000 - 0x000007feff266000 	C:\Windows\system32\SHELL32.dll
0x000007fefd9d0000 - 0x000007fefdbd1000 	C:\Windows\system32\ole32.dll
0x000007fefd220000 - 0x000007fefd22f000 	C:\Windows\system32\profapi.dll
0x000007feedb50000 - 0x000007feedc3f000 	C:\Program Files\Java\jdk1.8.0_111\jre\bin\msvcr120.dll
0x000007feedaa0000 - 0x000007feedb46000 	C:\Program Files\Java\jdk1.8.0_111\jre\bin\msvcp120.dll
0x0000000064020000 - 0x0000000064042000 	C:\Program Files\Java\jdk1.8.0_111\jre\bin\prism_d3d.dll
0x000007fee40b0000 - 0x000007fee42af000 	C:\Windows\system32\d3d9.dll
0x000007feee1e0000 - 0x000007feee1e7000 	C:\Windows\system32\d3d8thk.dll
0x000007fefb6d0000 - 0x000007fefb6e8000 	C:\Windows\system32\dwmapi.dll
0x000007fefbca0000 - 0x000007fefbcf6000 	C:\Windows\system32\uxtheme.dll
0x0000000064000000 - 0x000000006401c000 	C:\Program Files\Java\jdk1.8.0_111\jre\bin\prism_sw.dll
0x0000000063b10000 - 0x0000000063b53000 	C:\Program Files\Java\jdk1.8.0_111\jre\bin\glass.dll
0x000007fefdbe0000 - 0x000007fefdc78000 	C:\Windows\system32\COMDLG32.dll
0x000007fefe0c0000 - 0x000007fefe197000 	C:\Windows\system32\OLEAUT32.dll
0x000007fefd150000 - 0x000007fefd15f000 	C:\Windows\system32\CRYPTBASE.dll
0x0000000063af0000 - 0x0000000063b04000 	C:\Program Files\Java\jdk1.8.0_111\jre\bin\javafx_font.dll
0x000007feecfd0000 - 0x000007feed14b000 	C:\Windows\system32\dwrite.dll
0x000007fefde40000 - 0x000007fefded9000 	C:\Windows\system32\CLBCatQ.DLL
0x000007fefb0f0000 - 0x000007fefb21a000 	C:\Windows\system32\WindowsCodecs.dll
0x000007fefd0f0000 - 0x000007fefd147000 	C:\Windows\system32\apphelp.dll
0x000007fef2e30000 - 0x000007fef2e65000 	C:\Windows\system32\EhStorShell.dll
0x000007fefd750000 - 0x000007fefd927000 	C:\Windows\system32\SETUPAPI.dll
0x000007fefd2d0000 - 0x000007fefd306000 	C:\Windows\system32\CFGMGR32.dll
0x000007fefd5d0000 - 0x000007fefd5ea000 	C:\Windows\system32\DEVOBJ.dll
0x000007fefbd00000 - 0x000007fefbe2c000 	C:\Windows\system32\PROPSYS.dll
0x000007fef27b0000 - 0x000007fef2e21000 	C:\PROGRA~1\MICROS~1\Office14\GROOVEEX.DLL
0x000000006ea80000 - 0x000000006eb1d000 	C:\Windows\WinSxS\amd64_microsoft.vc90.crt_1fc8b3b9a1e18e3b_9.0.30729.4926_none_08e1a05ba83fe554\MSVCR90.dll
0x000000006e390000 - 0x000000006e463000 	C:\Windows\WinSxS\amd64_microsoft.vc90.crt_1fc8b3b9a1e18e3b_9.0.30729.4926_none_08e1a05ba83fe554\MSVCP90.dll
0x000000006eb70000 - 0x000000006eb9f000 	C:\Windows\WinSxS\amd64_microsoft.vc90.atl_1fc8b3b9a1e18e3b_9.0.30729.4148_none_0a1d2fcba76b3f00\ATL90.DLL
0x000007fef2270000 - 0x000007fef267f000 	C:\PROGRA~1\COMMON~1\MICROS~1\OFFICE14\Cultures\office.odf
0x000007fef1a00000 - 0x000007fef2264000 	C:\PROGRA~1\MICROS~1\Office14\1033\GrooveIntlResource.dll
0x000007fef1980000 - 0x000007fef19fe000 	C:\Windows\System32\cscui.dll
0x000007fef1970000 - 0x000007fef197c000 	C:\Windows\System32\CSCDLL.dll
0x000007fef5e20000 - 0x000007fef5e2f000 	C:\Windows\system32\CSCAPI.dll
0x000007fef18f0000 - 0x000007fef1970000 	C:\Windows\system32\ntshrui.dll
0x000007fefcd30000 - 0x000007fefcd53000 	C:\Windows\system32\srvcli.dll
0x000007fefb070000 - 0x000007fefb07b000 	C:\Windows\system32\slc.dll
0x000007fef7a10000 - 0x000007fef7a3d000 	C:\Program Files\Common Files\Microsoft Shared\Ink\rtscom.dll
0x0000000063ad0000 - 0x0000000063ae1000 	C:\Program Files\Java\jdk1.8.0_111\jre\bin\prism_common.dll
0x000007fef2680000 - 0x000007fef27a5000 	C:\Windows\system32\dbghelp.dll

VM Arguments:
jvm_args: -Dfile.encoding=UTF-8 
java_command: C:\Users\IITG\Documents\NetBeansProjects\NasoFX\dist\run24968219\NasoFX.jar
java_class_path (initial): C:\Users\IITG\Documents\NetBeansProjects\NasoFX\dist\run24968219\NasoFX.jar
Launcher Type: SUN_STANDARD

Environment Variables:
JAVA_HOME=C:\Program Files\Java\jdk1.8.0_111
PATH=C:\cygwin64\bin;C:\Program Files (x86)\Bitvise SSH Client
USERNAME=IITG
OS=Windows_NT
PROCESSOR_IDENTIFIER=Intel64 Family 6 Model 94 Stepping 3, GenuineIntel



---------------  S Y S T E M  ---------------

OS: Windows 7 , 64 bit Build 7600 (6.1.7600.16385)

CPU:total 4 (4 cores per cpu, 1 threads per core) family 6 model 94 stepping 3, cmov, cx8, fxsr, mmx, sse, sse2, sse3, ssse3, sse4.1, sse4.2, popcnt, aes, clmul, erms, rtm, 3dnowpref, lzcnt, tsc, tscinvbit, bmi1, bmi2, adx

Memory: 4k page, physical 8266172k(4663808k free), swap 16530448k(11455076k free)

vm_info: Java HotSpot(TM) 64-Bit Server VM (25.111-b14) for windows-amd64 JRE (1.8.0_111-b14), built on Sep 22 2016 19:24:05 by "java_re" with MS VC++ 10.0 (VS2010)

time: Mon Sep 11 15:57:15 2017
elapsed time: 0 seconds (0d 0h 0m 0s)

