#
# A fatal error has been detected by the Java Runtime Environment:
#
#  EXCEPTION_ILLEGAL_INSTRUCTION (0xc000001d) at pc=0x000007fee31d5c01, pid=3704, tid=0x0000000000001644
#
# JRE version: Java(TM) SE Runtime Environment (8.0_111-b14) (build 1.8.0_111-b14)
# Java VM: Java HotSpot(TM) 64-Bit Server VM (25.111-b14 mixed mode windows-amd64 compressed oops)
# Problematic frame:
# C  [msvcr120.dll+0x95c01]
#
# Failed to write core dump. Minidumps are not enabled by default on client versions of Windows
#
# If you would like to submit a bug report, please visit:
#   http://bugreport.java.com/bugreport/crash.jsp
# The crash happened outside the Java Virtual Machine in native code.
# See problematic frame for where to report the bug.
#

---------------  T H R E A D  ---------------

Current thread (0x0000000059315800):  JavaThread "QuantumRenderer-0" daemon [_thread_in_native, id=5700, stack(0x0000000059fa0000,0x000000005a0a0000)]

siginfo: ExceptionCode=0xc000001d

Registers:
RAX=0x3f40000000000000, RBX=0x0000000000000004, RCX=0x3f40e05bc562380c, RDX=0x7ff0000000000000
RSP=0x000000005a09bdc0, RBP=0x000000005a09c5f0, RSI=0x000000005a09c5f0, RDI=0x0000000000000004
R8 =0x8000000000000000, R9 =0x00000000650fd1f0, R10=0x000000000000000c, R11=0x000000005a09c2b0
R12=0x00000000650fd1f0, R13=0x00000000650fd050, R14=0x00000000d672685c, R15=0x0000000000000004
RIP=0x000007fee31d5c01, EFLAGS=0x0000000000010202

Top of Stack: (sp=0x000000005a09bdc0)
0x000000005a09bdc0:   00000000599728d0 00000000001b4580
0x000000005a09bdd0:   00000000001b4580 0000000000277ec0
0x000000005a09bde0:   00000000002057c2 0000000000000010
0x000000005a09bdf0:   0000000000000000 00000000001b0158
0x000000005a09be00:   00000000773d7288 00000000001b4580
0x000000005a09be10:   0000000000000060 00000000021b0000
0x000000005a09be20:   0000000000000001 00000000001b0000
0x000000005a09be30:   000000005a09c001 00000000001b4580
0x000000005a09be40:   3f973d26348e1453 0000000000000000
0x000000005a09be50:   3e6b36305c800000 0000000000000000
0x000000005a09be60:   0000000000245dd0 00000000001b4580
0x000000005a09be70:   0000000059307e00 00000000000003ff
0x000000005a09be80:   00000000650fc3f0 00000000650f3318
0x000000005a09be90:   3f40e05bc562380c 3f40e05bc562380c
0x000000005a09bea0:   3f973d26348e1453 00000000001b0158
0x000000005a09beb0:   0000000000000000 00000000000003ff 

Instructions: (pc=0x000007fee31d5c01)
0x000007fee31d5be1:   0f 10 d0 f2 0f 10 44 24 10 f2 0f 10 4c 24 20 44
0x000007fee31d5bf1:   8b 0d 15 26 02 00 e8 34 c7 00 00 e9 72 f8 ff ff
0x000007fee31d5c01:   c5 fb 11 44 24 10 c5 fb 11 4c 24 20 48 8b 54 24
0x000007fee31d5c11:   10 4c 8b 44 24 20 4c 8b 15 4a 26 02 00 4d 23 d0 


Register to memory mapping:

RAX=0x3f40000000000000 is an unknown value
RBX=0x0000000000000004 is an unknown value
RCX=0x3f40e05bc562380c is an unknown value
RDX=0x7ff0000000000000 is an unknown value
RSP=0x000000005a09bdc0 is pointing into the stack for thread: 0x0000000059315800
RBP=0x000000005a09c5f0 is pointing into the stack for thread: 0x0000000059315800
RSI=0x000000005a09c5f0 is pointing into the stack for thread: 0x0000000059315800
RDI=0x0000000000000004 is an unknown value
R8 =0x8000000000000000 is an unknown value
R9 =0x00000000650fd1f0 is an unknown value
R10=0x000000000000000c is an unknown value
R11=0x000000005a09c2b0 is pointing into the stack for thread: 0x0000000059315800
R12=0x00000000650fd1f0 is an unknown value
R13=0x00000000650fd050 is an unknown value
R14=0x00000000d672685c is an unknown value
R15=0x0000000000000004 is an unknown value


Stack: [0x0000000059fa0000,0x000000005a0a0000],  sp=0x000000005a09bdc0,  free space=1007k
Native frames: (J=compiled Java code, j=interpreted, Vv=VM code, C=native code)
C  [msvcr120.dll+0x95c01]
C  [prism_common.dll+0x3318]
C  [prism_common.dll+0x1abc]
C  [prism_common.dll+0x1128]
C  [prism_common.dll+0x8b7e]
C  [prism_common.dll+0x669e]
C  [prism_common.dll+0x49af]
C  [prism_common.dll+0x4649]
C  0x0000000002747994

Java frames: (J=compiled Java code, j=interpreted, Vv=VM code)
j  com.sun.prism.impl.shape.NativePiscesRasterizer.produceStrokeAlphas([F[BIFIIF[FFDDDDDD[I[B)V+0
j  com.sun.prism.impl.shape.NativePiscesRasterizer.getMaskData(Lcom/sun/javafx/geom/Shape;Lcom/sun/prism/BasicStroke;Lcom/sun/javafx/geom/RectBounds;Lcom/sun/javafx/geom/transform/BaseTransform;ZZ)Lcom/sun/prism/impl/shape/MaskData;+487
j  com.sun.prism.impl.shape.ShapeUtil.rasterizeShape(Lcom/sun/javafx/geom/Shape;Lcom/sun/prism/BasicStroke;Lcom/sun/javafx/geom/RectBounds;Lcom/sun/javafx/geom/transform/BaseTransform;ZZ)Lcom/sun/prism/impl/shape/MaskData;+11
j  com.sun.prism.sw.SWContext$NativeShapeRenderer.renderShape(Lcom/sun/pisces/PiscesRenderer;Lcom/sun/javafx/geom/Shape;Lcom/sun/prism/BasicStroke;Lcom/sun/javafx/geom/transform/BaseTransform;Lcom/sun/javafx/geom/Rectangle;Z)V+12
j  com.sun.prism.sw.SWContext.renderShape(Lcom/sun/pisces/PiscesRenderer;Lcom/sun/javafx/geom/Shape;Lcom/sun/prism/BasicStroke;Lcom/sun/javafx/geom/transform/BaseTransform;Lcom/sun/javafx/geom/Rectangle;Z)V+13
j  com.sun.prism.sw.SWGraphics.paintShapePaintAlreadySet(Lcom/sun/javafx/geom/Shape;Lcom/sun/prism/BasicStroke;Lcom/sun/javafx/geom/transform/BaseTransform;)V+296
j  com.sun.prism.sw.SWGraphics.paintShape(Lcom/sun/javafx/geom/Shape;Lcom/sun/prism/BasicStroke;Lcom/sun/javafx/geom/transform/BaseTransform;)V+70
j  com.sun.prism.sw.SWGraphics.paintRoundRect(FFFFFFLcom/sun/prism/BasicStroke;)V+57
j  com.sun.prism.sw.SWGraphics.drawRoundRect(FFFFFF)V+28
j  com.sun.javafx.sg.prism.NGRegion.renderBorderRectangle(Lcom/sun/prism/Graphics;)V+690
j  com.sun.javafx.sg.prism.NGRegion.renderAsRectangle(Lcom/sun/prism/Graphics;)V+27
j  com.sun.javafx.sg.prism.NGRegion.renderContent(Lcom/sun/prism/Graphics;)V+106
j  com.sun.javafx.sg.prism.NGNode.doRender(Lcom/sun/prism/Graphics;)V+330
j  com.sun.javafx.sg.prism.NGNode.render(Lcom/sun/prism/Graphics;)V+34
j  com.sun.javafx.sg.prism.NGGroup.renderContent(Lcom/sun/prism/Graphics;)V+160
j  com.sun.javafx.sg.prism.NGRegion.renderContent(Lcom/sun/prism/Graphics;)V+111
j  com.sun.javafx.sg.prism.NGNode.doRender(Lcom/sun/prism/Graphics;)V+330
j  com.sun.javafx.sg.prism.NGNode.render(Lcom/sun/prism/Graphics;)V+34
j  com.sun.javafx.sg.prism.NGGroup.renderContent(Lcom/sun/prism/Graphics;)V+160
j  com.sun.javafx.sg.prism.NGRegion.renderContent(Lcom/sun/prism/Graphics;)V+111
j  com.sun.javafx.sg.prism.NGNode.renderForClip(Lcom/sun/prism/Graphics;)V+17
j  com.sun.javafx.sg.prism.NGNode.renderRectClip(Lcom/sun/prism/Graphics;Lcom/sun/javafx/sg/prism/NGRectangle;)V+106
j  com.sun.javafx.sg.prism.NGNode.renderClip(Lcom/sun/prism/Graphics;)V+83
j  com.sun.javafx.sg.prism.NGNode.doRender(Lcom/sun/prism/Graphics;)V+285
j  com.sun.javafx.sg.prism.NGNode.render(Lcom/sun/prism/Graphics;)V+34
j  com.sun.javafx.sg.prism.NGGroup.renderContent(Lcom/sun/prism/Graphics;)V+160
j  com.sun.javafx.sg.prism.NGRegion.renderContent(Lcom/sun/prism/Graphics;)V+111
j  com.sun.javafx.sg.prism.NGNode.renderForClip(Lcom/sun/prism/Graphics;)V+17
j  com.sun.javafx.sg.prism.NGNode.renderRectClip(Lcom/sun/prism/Graphics;Lcom/sun/javafx/sg/prism/NGRectangle;)V+106
j  com.sun.javafx.sg.prism.NGNode.renderClip(Lcom/sun/prism/Graphics;)V+83
j  com.sun.javafx.sg.prism.NGNode.doRender(Lcom/sun/prism/Graphics;)V+285
j  com.sun.javafx.sg.prism.NGNode.render(Lcom/sun/prism/Graphics;)V+34
j  com.sun.javafx.sg.prism.NGGroup.renderContent(Lcom/sun/prism/Graphics;)V+160
j  com.sun.javafx.sg.prism.NGRegion.renderContent(Lcom/sun/prism/Graphics;)V+111
j  com.sun.javafx.sg.prism.NGNode.renderForClip(Lcom/sun/prism/Graphics;)V+17
j  com.sun.javafx.sg.prism.NGNode.renderRectClip(Lcom/sun/prism/Graphics;Lcom/sun/javafx/sg/prism/NGRectangle;)V+106
j  com.sun.javafx.sg.prism.NGNode.renderClip(Lcom/sun/prism/Graphics;)V+83
j  com.sun.javafx.sg.prism.NGNode.doRender(Lcom/sun/prism/Graphics;)V+285
j  com.sun.javafx.sg.prism.NGNode.render(Lcom/sun/prism/Graphics;)V+34
j  com.sun.javafx.sg.prism.NGGroup.renderContent(Lcom/sun/prism/Graphics;)V+160
j  com.sun.javafx.sg.prism.NGRegion.renderContent(Lcom/sun/prism/Graphics;)V+111
j  com.sun.javafx.sg.prism.NGNode.renderForClip(Lcom/sun/prism/Graphics;)V+17
j  com.sun.javafx.sg.prism.NGNode.renderRectClip(Lcom/sun/prism/Graphics;Lcom/sun/javafx/sg/prism/NGRectangle;)V+106
j  com.sun.javafx.sg.prism.NGNode.renderClip(Lcom/sun/prism/Graphics;)V+83
j  com.sun.javafx.sg.prism.NGNode.doRender(Lcom/sun/prism/Graphics;)V+285
j  com.sun.javafx.sg.prism.NGNode.render(Lcom/sun/prism/Graphics;)V+34
j  com.sun.javafx.sg.prism.NGGroup.renderContent(Lcom/sun/prism/Graphics;)V+160
j  com.sun.javafx.sg.prism.NGRegion.renderContent(Lcom/sun/prism/Graphics;)V+111
j  com.sun.javafx.sg.prism.NGNode.doRender(Lcom/sun/prism/Graphics;)V+330
j  com.sun.javafx.sg.prism.NGNode.render(Lcom/sun/prism/Graphics;)V+34
j  com.sun.javafx.tk.quantum.ViewPainter.doPaint(Lcom/sun/prism/Graphics;Lcom/sun/javafx/sg/prism/NodePath;)V+201
j  com.sun.javafx.tk.quantum.ViewPainter.paintImpl(Lcom/sun/prism/Graphics;)V+982
j  com.sun.javafx.tk.quantum.UploadingPainter.run()V+719
j  java.util.concurrent.Executors$RunnableAdapter.call()Ljava/lang/Object;+4
j  java.util.concurrent.FutureTask.runAndReset()Z+47
j  com.sun.javafx.tk.RenderJob.run()V+1
j  java.util.concurrent.ThreadPoolExecutor.runWorker(Ljava/util/concurrent/ThreadPoolExecutor$Worker;)V+95
j  java.util.concurrent.ThreadPoolExecutor$Worker.run()V+5
j  com.sun.javafx.tk.quantum.QuantumRenderer$PipelineRunnable.run()V+8
j  java.lang.Thread.run()V+11
v  ~StubRoutines::call_stub

---------------  P R O C E S S  ---------------

Java Threads: ( => current thread )
  0x00000000598e6000 JavaThread "Prism Font Disposer" daemon [_thread_blocked, id=5992, stack(0x000000005bdf0000,0x000000005bef0000)]
  0x0000000059707800 JavaThread "Thread-3" daemon [_thread_in_native, id=2084, stack(0x000000005a510000,0x000000005a610000)]
  0x0000000059713000 JavaThread "JavaFX-Launcher" [_thread_blocked, id=5552, stack(0x000000005a0a0000,0x000000005a1a0000)]
  0x00000000596e3800 JavaThread "JavaFX Application Thread" [_thread_in_native, id=796, stack(0x000000005a2f0000,0x000000005a3f0000)]
  0x00000000596da000 JavaThread "Thread-1" daemon [_thread_blocked, id=5388, stack(0x000000005a1f0000,0x000000005a2f0000)]
=>0x0000000059315800 JavaThread "QuantumRenderer-0" daemon [_thread_in_native, id=5700, stack(0x0000000059fa0000,0x000000005a0a0000)]
  0x0000000058fba800 JavaThread "Service Thread" daemon [_thread_blocked, id=3684, stack(0x0000000059360000,0x0000000059460000)]
  0x000000005759f000 JavaThread "C1 CompilerThread2" daemon [_thread_blocked, id=5320, stack(0x00000000585b0000,0x00000000586b0000)]
  0x000000005759d800 JavaThread "C2 CompilerThread1" daemon [_thread_blocked, id=4928, stack(0x0000000058e30000,0x0000000058f30000)]
  0x0000000057596000 JavaThread "C2 CompilerThread0" daemon [_thread_blocked, id=3160, stack(0x0000000058d10000,0x0000000058e10000)]
  0x0000000057591800 JavaThread "Attach Listener" daemon [_thread_blocked, id=6040, stack(0x0000000058ae0000,0x0000000058be0000)]
  0x0000000057590000 JavaThread "Signal Dispatcher" daemon [_thread_blocked, id=5424, stack(0x0000000058840000,0x0000000058940000)]
  0x000000005757a000 JavaThread "Finalizer" daemon [_thread_blocked, id=4736, stack(0x0000000058940000,0x0000000058a40000)]
  0x0000000057532800 JavaThread "Reference Handler" daemon [_thread_blocked, id=5648, stack(0x0000000058700000,0x0000000058800000)]
  0x00000000021bd800 JavaThread "main" [_thread_blocked, id=6084, stack(0x0000000002360000,0x0000000002460000)]

Other Threads:
  0x000000005752b000 VMThread [stack: 0x00000000584b0000,0x00000000585b0000] [id=2912]
  0x0000000058fd1000 WatcherThread [stack: 0x0000000059590000,0x0000000059690000] [id=4508]

VM state:not at safepoint (normal execution)

VM Mutex/Monitor currently owned by a thread: None

Heap:
 PSYoungGen      total 38400K, used 16062K [0x00000000d5f00000, 0x00000000d8980000, 0x0000000100000000)
  eden space 33280K, 32% used [0x00000000d5f00000,0x00000000d69afaa8,0x00000000d7f80000)
  from space 5120K, 99% used [0x00000000d7f80000,0x00000000d847ff30,0x00000000d8480000)
  to   space 5120K, 0% used [0x00000000d8480000,0x00000000d8480000,0x00000000d8980000)
 ParOldGen       total 87552K, used 1716K [0x0000000081c00000, 0x0000000087180000, 0x00000000d5f00000)
  object space 87552K, 1% used [0x0000000081c00000,0x0000000081dad2a0,0x0000000087180000)
 Metaspace       used 15157K, capacity 15910K, committed 16000K, reserved 1062912K
  class space    used 2223K, capacity 2413K, committed 2432K, reserved 1048576K

Card table byte_map: [0x0000000011af0000,0x0000000011ef0000] byte_map_base: 0x00000000116e2000

Marking Bits: (ParMarkBitMap*) 0x000000006ccba6c0
 Begin Bits: [0x0000000012880000, 0x0000000014810000)
 End Bits:   [0x0000000014810000, 0x00000000167a0000)

Polling page: 0x0000000000430000

CodeCache: size=245760Kb used=3886Kb max_used=3886Kb free=241873Kb
 bounds [0x0000000002730000, 0x0000000002b00000, 0x0000000011730000]
 total_blobs=1662 nmethods=1091 adapters=484
 compilation: enabled

Compilation events (10 events):
Event: 0.561 Thread 0x000000005759f000 nmethod 1081 0x0000000002af8210 code [0x0000000002af8380, 0x0000000002af84e8]
Event: 0.561 Thread 0x000000005759f000 1082   !   3       java.lang.ref.Finalizer::runFinalizer (62 bytes)
Event: 0.561 Thread 0x000000005759f000 nmethod 1082 0x0000000002af8590 code [0x0000000002af8740, 0x0000000002af8f98]
Event: 0.561 Thread 0x000000005759f000 1087       3       com.sun.pisces.GradientColorMap::pad (109 bytes)
Event: 0.561 Thread 0x000000005759f000 nmethod 1087 0x0000000002af9250 code [0x0000000002af9440, 0x0000000002af9d98]
Event: 0.563 Thread 0x000000005759f000 1088       3       com.sun.pisces.GradientColorMap::getColorAA (180 bytes)
Event: 0.564 Thread 0x000000005759f000 nmethod 1088 0x0000000002afa650 code [0x0000000002afa840, 0x0000000002afafd8]
Event: 0.564 Thread 0x000000005759f000 1090       3       com.sun.pisces.GradientColorMap::findStop (33 bytes)
Event: 0.564 Thread 0x000000005759f000 nmethod 1090 0x0000000002afb850 code [0x0000000002afb9c0, 0x0000000002afbc10]
Event: 0.564 Thread 0x000000005759f000 1089       3       com.sun.pisces.GradientColorMap::accumColor (165 bytes)

GC Heap History (2 events):
Event: 0.553 GC heap before
{Heap before GC invocations=1 (full 0):
 PSYoungGen      total 38400K, used 32481K [0x00000000d5f00000, 0x00000000d8980000, 0x0000000100000000)
  eden space 33280K, 97% used [0x00000000d5f00000,0x00000000d7eb84a8,0x00000000d7f80000)
  from space 5120K, 0% used [0x00000000d8480000,0x00000000d8480000,0x00000000d8980000)
  to   space 5120K, 0% used [0x00000000d7f80000,0x00000000d7f80000,0x00000000d8480000)
 ParOldGen       total 87552K, used 0K [0x0000000081c00000, 0x0000000087180000, 0x00000000d5f00000)
  object space 87552K, 0% used [0x0000000081c00000,0x0000000081c00000,0x0000000087180000)
 Metaspace       used 15084K, capacity 15812K, committed 16000K, reserved 1062912K
  class space    used 2212K, capacity 2380K, committed 2432K, reserved 1048576K
Event: 0.558 GC heap after
Heap after GC invocations=1 (full 0):
 PSYoungGen      total 38400K, used 5119K [0x00000000d5f00000, 0x00000000d8980000, 0x0000000100000000)
  eden space 33280K, 0% used [0x00000000d5f00000,0x00000000d5f00000,0x00000000d7f80000)
  from space 5120K, 99% used [0x00000000d7f80000,0x00000000d847ff30,0x00000000d8480000)
  to   space 5120K, 0% used [0x00000000d8480000,0x00000000d8480000,0x00000000d8980000)
 ParOldGen       total 87552K, used 1716K [0x0000000081c00000, 0x0000000087180000, 0x00000000d5f00000)
  object space 87552K, 1% used [0x0000000081c00000,0x0000000081dad2a0,0x0000000087180000)
 Metaspace       used 15084K, capacity 15812K, committed 16000K, reserved 1062912K
  class space    used 2212K, capacity 2380K, committed 2432K, reserved 1048576K
}

Deoptimization events (10 events):
Event: 0.407 Thread 0x00000000596e3800 Uncommon trap: reason=class_check action=maybe_recompile pc=0x00000000029700d0 method=java.io.DataInputStream.readShort()S @ 4
Event: 0.407 Thread 0x00000000596e3800 Uncommon trap: reason=class_check action=maybe_recompile pc=0x00000000029700d0 method=java.io.DataInputStream.readShort()S @ 4
Event: 0.407 Thread 0x00000000596e3800 Uncommon trap: reason=class_check action=maybe_recompile pc=0x00000000029700d0 method=java.io.DataInputStream.readShort()S @ 4
Event: 0.408 Thread 0x00000000596e3800 Uncommon trap: reason=class_check action=maybe_recompile pc=0x000000000284ed20 method=java.lang.String.equals(Ljava/lang/Object;)Z @ 8
Event: 0.408 Thread 0x00000000596e3800 Uncommon trap: reason=class_check action=maybe_recompile pc=0x000000000284ed20 method=java.lang.String.equals(Ljava/lang/Object;)Z @ 8
Event: 0.408 Thread 0x00000000596e3800 Uncommon trap: reason=class_check action=maybe_recompile pc=0x000000000284ed20 method=java.lang.String.equals(Ljava/lang/Object;)Z @ 8
Event: 0.409 Thread 0x00000000596e3800 Uncommon trap: reason=class_check action=maybe_recompile pc=0x000000000284ed20 method=java.lang.String.equals(Ljava/lang/Object;)Z @ 8
Event: 0.470 Thread 0x00000000596e3800 Uncommon trap: reason=unstable_if action=reinterpret pc=0x0000000002a243dc method=java.lang.String.regionMatches(ZILjava/lang/String;II)Z @ 123
Event: 0.513 Thread 0x00000000596e3800 Uncommon trap: reason=unstable_if action=reinterpret pc=0x0000000002aa5040 method=java.util.HashMap.isEmpty()Z @ 4
Event: 0.520 Thread 0x00000000596e3800 Uncommon trap: reason=unstable_if action=reinterpret pc=0x00000000029ec05c method=sun.net.www.ParseUtil.encodePath(Ljava/lang/String;Z)Ljava/lang/String; @ 109

Internal exceptions (10 events):
Event: 0.234 Thread 0x00000000596e3800 Exception <a 'java/lang/NullPointerException'> (0x00000000d6a9a258) thrown at [C:\re\workspace\8-2-build-windows-amd64-cygwin\jdk8u111\7883\hotspot\src\share\vm\interpreter\linkResolver.cpp, line 1178]
Event: 0.234 Thread 0x00000000596e3800 Exception <a 'java/lang/NullPointerException'> (0x00000000d6a9a258) thrown at [C:\re\workspace\8-2-build-windows-amd64-cygwin\jdk8u111\7883\hotspot\src\share\vm\prims\jvm.cpp, line 1390]
Event: 0.249 Thread 0x00000000596e3800 Exception <a 'java/lang/ArrayIndexOutOfBoundsException': 58> (0x00000000d6bc5b58) thrown at [C:\re\workspace\8-2-build-windows-amd64-cygwin\jdk8u111\7883\hotspot\src\share\vm\interpreter\interpreterRuntime.cpp, line 366]
Event: 0.250 Thread 0x00000000596e3800 Exception <a 'java/lang/ArrayIndexOutOfBoundsException': 18> (0x00000000d6bc69e0) thrown at [C:\re\workspace\8-2-build-windows-amd64-cygwin\jdk8u111\7883\hotspot\src\share\vm\interpreter\interpreterRuntime.cpp, line 366]
Event: 0.250 Thread 0x00000000596e3800 Exception <a 'java/lang/ArrayIndexOutOfBoundsException': 86> (0x00000000d6bc7d88) thrown at [C:\re\workspace\8-2-build-windows-amd64-cygwin\jdk8u111\7883\hotspot\src\share\vm\interpreter\interpreterRuntime.cpp, line 366]
Event: 0.284 Thread 0x00000000596e3800 Exception <a 'java/lang/ArrayIndexOutOfBoundsException'> (0x00000000d6e591f0) thrown at [C:\re\workspace\8-2-build-windows-amd64-cygwin\jdk8u111\7883\hotspot\src\share\vm\runtime\sharedRuntime.cpp, line 605]
Event: 0.284 Thread 0x00000000596e3800 Exception <a 'java/lang/ArrayIndexOutOfBoundsException'> (0x00000000d6e5b218) thrown at [C:\re\workspace\8-2-build-windows-amd64-cygwin\jdk8u111\7883\hotspot\src\share\vm\runtime\sharedRuntime.cpp, line 605]
Event: 0.286 Thread 0x00000000596e3800 Exception <a 'java/lang/ArrayIndexOutOfBoundsException'> (0x00000000d6e675e8) thrown at [C:\re\workspace\8-2-build-windows-amd64-cygwin\jdk8u111\7883\hotspot\src\share\vm\runtime\sharedRuntime.cpp, line 605]
Event: 0.286 Thread 0x00000000596e3800 Exception <a 'java/lang/ArrayIndexOutOfBoundsException'> (0x00000000d6e689d8) thrown at [C:\re\workspace\8-2-build-windows-amd64-cygwin\jdk8u111\7883\hotspot\src\share\vm\runtime\sharedRuntime.cpp, line 605]
Event: 0.295 Thread 0x00000000596e3800 Exception <a 'java/lang/ArrayIndexOutOfBoundsException'> (0x00000000d6f0bdb8) thrown at [C:\re\workspace\8-2-build-windows-amd64-cygwin\jdk8u111\7883\hotspot\src\share\vm\runtime\sharedRuntime.cpp, line 605]

Events (10 events):
Event: 0.563 loading class com/sun/prism/Texture$Usage
Event: 0.563 loading class com/sun/prism/Texture$Usage done
Event: 0.563 loading class com/sun/prism/sw/SWTexturePool$1
Event: 0.563 loading class com/sun/prism/sw/SWTexturePool$1 done
Event: 0.563 loading class com/sun/prism/sw/SWTexture$1
Event: 0.563 loading class com/sun/prism/sw/SWTexture$1 done
Event: 0.563 loading class com/sun/prism/sw/SWMaskTexture
Event: 0.563 loading class com/sun/prism/sw/SWMaskTexture done
Event: 0.564 loading class com/sun/javafx/geom/RoundRectIterator
Event: 0.564 loading class com/sun/javafx/geom/RoundRectIterator done


Dynamic libraries:
0x000000013f030000 - 0x000000013f067000 	C:\Program Files\Java\jdk1.8.0_111\jre\bin\java.exe
0x00000000772c0000 - 0x000000007746b000 	C:\Windows\SYSTEM32\ntdll.dll
0x00000000770a0000 - 0x00000000771bf000 	C:\Windows\system32\kernel32.dll
0x000007fefd560000 - 0x000007fefd5cb000 	C:\Windows\system32\KERNELBASE.dll
0x000007fefe400000 - 0x000007fefe4db000 	C:\Windows\system32\ADVAPI32.dll
0x000007fefdee0000 - 0x000007fefdf7f000 	C:\Windows\system32\msvcrt.dll
0x000007fefd930000 - 0x000007fefd94f000 	C:\Windows\SYSTEM32\sechost.dll
0x000007fefdd00000 - 0x000007fefde2e000 	C:\Windows\system32\RPCRT4.dll
0x00000000771c0000 - 0x00000000772ba000 	C:\Windows\system32\USER32.dll
0x000007fefd620000 - 0x000007fefd687000 	C:\Windows\system32\GDI32.dll
0x000007fefde30000 - 0x000007fefde3e000 	C:\Windows\system32\LPK.dll
0x000007feff500000 - 0x000007feff5ca000 	C:\Windows\system32\USP10.dll
0x000007fefbe80000 - 0x000007fefc074000 	C:\Windows\WinSxS\amd64_microsoft.windows.common-controls_6595b64144ccf1df_6.0.7600.16385_none_fa645303170382f6\COMCTL32.dll
0x000007fefd950000 - 0x000007fefd9c1000 	C:\Windows\system32\SHLWAPI.dll
0x000007fefd5f0000 - 0x000007fefd61e000 	C:\Windows\system32\IMM32.DLL
0x000007feff3f0000 - 0x000007feff4f9000 	C:\Windows\system32\MSCTF.dll
0x0000000074350000 - 0x0000000074422000 	C:\Program Files\Java\jdk1.8.0_111\jre\bin\msvcr100.dll
0x000000006c4a0000 - 0x000000006cd3a000 	C:\Program Files\Java\jdk1.8.0_111\jre\bin\server\jvm.dll
0x000007fefa030000 - 0x000007fefa039000 	C:\Windows\system32\WSOCK32.dll
0x000007fefd700000 - 0x000007fefd74d000 	C:\Windows\system32\WS2_32.dll
0x000007fefdf80000 - 0x000007fefdf88000 	C:\Windows\system32\NSI.dll
0x000007fefaf60000 - 0x000007fefaf9b000 	C:\Windows\system32\WINMM.dll
0x000007fefc390000 - 0x000007fefc39c000 	C:\Windows\system32\VERSION.dll
0x0000000077490000 - 0x0000000077497000 	C:\Windows\system32\PSAPI.DLL
0x0000000074470000 - 0x000000007447f000 	C:\Program Files\Java\jdk1.8.0_111\jre\bin\verify.dll
0x0000000074320000 - 0x0000000074349000 	C:\Program Files\Java\jdk1.8.0_111\jre\bin\java.dll
0x0000000074300000 - 0x0000000074316000 	C:\Program Files\Java\jdk1.8.0_111\jre\bin\zip.dll
0x000007fefe4e0000 - 0x000007feff266000 	C:\Windows\system32\SHELL32.dll
0x000007fefd9d0000 - 0x000007fefdbd1000 	C:\Windows\system32\ole32.dll
0x000007fefd220000 - 0x000007fefd22f000 	C:\Windows\system32\profapi.dll
0x000007fee3140000 - 0x000007fee322f000 	C:\Program Files\Java\jdk1.8.0_111\jre\bin\msvcr120.dll
0x000007feedb90000 - 0x000007feedc36000 	C:\Program Files\Java\jdk1.8.0_111\jre\bin\msvcp120.dll
0x0000000065180000 - 0x00000000651a2000 	C:\Program Files\Java\jdk1.8.0_111\jre\bin\prism_d3d.dll
0x000007fee40b0000 - 0x000007fee42af000 	C:\Windows\system32\d3d9.dll
0x000007feee1e0000 - 0x000007feee1e7000 	C:\Windows\system32\d3d8thk.dll
0x000007fefb6d0000 - 0x000007fefb6e8000 	C:\Windows\system32\dwmapi.dll
0x000007fefbca0000 - 0x000007fefbcf6000 	C:\Windows\system32\uxtheme.dll
0x00000000651c0000 - 0x00000000651dc000 	C:\Program Files\Java\jdk1.8.0_111\jre\bin\prism_sw.dll
0x0000000065130000 - 0x0000000065173000 	C:\Program Files\Java\jdk1.8.0_111\jre\bin\glass.dll
0x000007fefdbe0000 - 0x000007fefdc78000 	C:\Windows\system32\COMDLG32.dll
0x000007fefe0c0000 - 0x000007fefe197000 	C:\Windows\system32\OLEAUT32.dll
0x000007fefd150000 - 0x000007fefd15f000 	C:\Windows\system32\CRYPTBASE.dll
0x0000000065110000 - 0x0000000065124000 	C:\Program Files\Java\jdk1.8.0_111\jre\bin\javafx_font.dll
0x000007feecfd0000 - 0x000007feed14b000 	C:\Windows\system32\dwrite.dll
0x000007fefde40000 - 0x000007fefded9000 	C:\Windows\system32\CLBCatQ.DLL
0x000007fefb0f0000 - 0x000007fefb21a000 	C:\Windows\system32\WindowsCodecs.dll
0x000007fefd0f0000 - 0x000007fefd147000 	C:\Windows\system32\apphelp.dll
0x000007fef2e30000 - 0x000007fef2e65000 	C:\Windows\system32\EhStorShell.dll
0x000007fefd750000 - 0x000007fefd927000 	C:\Windows\system32\SETUPAPI.dll
0x000007fefd2d0000 - 0x000007fefd306000 	C:\Windows\system32\CFGMGR32.dll
0x000007fefd5d0000 - 0x000007fefd5ea000 	C:\Windows\system32\DEVOBJ.dll
0x000007fefbd00000 - 0x000007fefbe2c000 	C:\Windows\system32\PROPSYS.dll
0x000007fef27b0000 - 0x000007fef2e21000 	C:\PROGRA~1\MICROS~1\Office14\GROOVEEX.DLL
0x000000006ea80000 - 0x000000006eb1d000 	C:\Windows\WinSxS\amd64_microsoft.vc90.crt_1fc8b3b9a1e18e3b_9.0.30729.4926_none_08e1a05ba83fe554\MSVCR90.dll
0x000000006e390000 - 0x000000006e463000 	C:\Windows\WinSxS\amd64_microsoft.vc90.crt_1fc8b3b9a1e18e3b_9.0.30729.4926_none_08e1a05ba83fe554\MSVCP90.dll
0x000000006eb70000 - 0x000000006eb9f000 	C:\Windows\WinSxS\amd64_microsoft.vc90.atl_1fc8b3b9a1e18e3b_9.0.30729.4148_none_0a1d2fcba76b3f00\ATL90.DLL
0x000007fef2270000 - 0x000007fef267f000 	C:\PROGRA~1\COMMON~1\MICROS~1\OFFICE14\Cultures\office.odf
0x000007fef1a00000 - 0x000007fef2264000 	C:\PROGRA~1\MICROS~1\Office14\1033\GrooveIntlResource.dll
0x000007fef1980000 - 0x000007fef19fe000 	C:\Windows\System32\cscui.dll
0x000007fef1970000 - 0x000007fef197c000 	C:\Windows\System32\CSCDLL.dll
0x000007fef5e20000 - 0x000007fef5e2f000 	C:\Windows\system32\CSCAPI.dll
0x000007fef18f0000 - 0x000007fef1970000 	C:\Windows\system32\ntshrui.dll
0x000007fefcd30000 - 0x000007fefcd53000 	C:\Windows\system32\srvcli.dll
0x000007fefb070000 - 0x000007fefb07b000 	C:\Windows\system32\slc.dll
0x000007fef96b0000 - 0x000007fef96dd000 	C:\Program Files\Common Files\Microsoft Shared\Ink\rtscom.dll
0x00000000650f0000 - 0x0000000065101000 	C:\Program Files\Java\jdk1.8.0_111\jre\bin\prism_common.dll
0x000007fef2680000 - 0x000007fef27a5000 	C:\Windows\system32\dbghelp.dll

VM Arguments:
jvm_args: -Dfile.encoding=UTF-8 
java_command: C:\Users\IITG\Documents\NetBeansProjects\NasoFX\dist\run367157515\NasoFX.jar
java_class_path (initial): C:\Users\IITG\Documents\NetBeansProjects\NasoFX\dist\run367157515\NasoFX.jar
Launcher Type: SUN_STANDARD

Environment Variables:
JAVA_HOME=C:\Program Files\Java\jdk1.8.0_111
PATH=C:\cygwin64\bin;C:\Program Files (x86)\Bitvise SSH Client
USERNAME=IITG
OS=Windows_NT
PROCESSOR_IDENTIFIER=Intel64 Family 6 Model 94 Stepping 3, GenuineIntel



---------------  S Y S T E M  ---------------

OS: Windows 7 , 64 bit Build 7600 (6.1.7600.16385)

CPU:total 4 (4 cores per cpu, 1 threads per core) family 6 model 94 stepping 3, cmov, cx8, fxsr, mmx, sse, sse2, sse3, ssse3, sse4.1, sse4.2, popcnt, aes, clmul, erms, rtm, 3dnowpref, lzcnt, tsc, tscinvbit, bmi1, bmi2, adx

Memory: 4k page, physical 8266172k(4843264k free), swap 16530448k(11805456k free)

vm_info: Java HotSpot(TM) 64-Bit Server VM (25.111-b14) for windows-amd64 JRE (1.8.0_111-b14), built on Sep 22 2016 19:24:05 by "java_re" with MS VC++ 10.0 (VS2010)

time: Mon Sep 11 16:46:28 2017
elapsed time: 0 seconds (0d 0h 0m 0s)

