#
# A fatal error has been detected by the Java Runtime Environment:
#
#  EXCEPTION_ILLEGAL_INSTRUCTION (0xc000001d) at pc=0x000007fee5555c01, pid=1888, tid=0x0000000000000aa0
#
# JRE version: Java(TM) SE Runtime Environment (8.0_111-b14) (build 1.8.0_111-b14)
# Java VM: Java HotSpot(TM) 64-Bit Server VM (25.111-b14 mixed mode windows-amd64 compressed oops)
# Problematic frame:
# C  [msvcr120.dll+0x95c01]
#
# Failed to write core dump. Minidumps are not enabled by default on client versions of Windows
#
# If you would like to submit a bug report, please visit:
#   http://bugreport.java.com/bugreport/crash.jsp
# The crash happened outside the Java Virtual Machine in native code.
# See problematic frame for where to report the bug.
#

---------------  T H R E A D  ---------------

Current thread (0x0000000058c20800):  JavaThread "QuantumRenderer-0" daemon [_thread_in_native, id=2720, stack(0x000000005a0a0000,0x000000005a1a0000)]

siginfo: ExceptionCode=0xc000001d

Registers:
RAX=0x3f40000000000000, RBX=0x0000000000000004, RCX=0x3f40e05bc562380c, RDX=0x7ff0000000000000
RSP=0x000000005a19c210, RBP=0x000000005a19ca40, RSI=0x000000005a19ca40, RDI=0x0000000000000004
R8 =0x8000000000000000, R9 =0x000000006c66d1f0, R10=0x000000000000000c, R11=0x000000005a19c700
R12=0x000000006c66d1f0, R13=0x000000006c66d050, R14=0x00000000d714f2a4, R15=0x0000000000000004
RIP=0x000007fee5555c01, EFLAGS=0x0000000000010202

Top of Stack: (sp=0x000000005a19c210)
0x000000005a19c210:   000000000000000d 00000000001b0230
0x000000005a19c220:   00000000001b4750 000000005c76f3e0
0x000000005a19c230:   000000005d0cc410 00000000001b0230
0x000000005a19c240:   000000005d048098 00000000001b0158
0x000000005a19c250:   000000005a86fc10 00000000001b4750
0x000000005a19c260:   000000005bdade00 0000000000000036
0x000000005a19c270:   171000005d0c8348 000000005c6e0000
0x000000005a19c280:   000000005d09f9e8 00000000001b4750
0x000000005a19c290:   3f973d26348e1453 0000000000000000
0x000000005a19c2a0:   3e6b36305c800000 0000000000000000
0x000000005a19c2b0:   000000005a19c5c8 00000000001b0230
0x000000005a19c2c0:   000000005a19d170 000000000000000d
0x000000005a19c2d0:   000000005d0a17d8 000000006c663318
0x000000005a19c2e0:   3f40e05bc562380c 3f40e05bc562380c
0x000000005a19c2f0:   3f973d26348e1453 00000000001b0158
0x000000005a19c300:   0000000b5d09f4f8 0000000000000036 

Instructions: (pc=0x000007fee5555c01)
0x000007fee5555be1:   0f 10 d0 f2 0f 10 44 24 10 f2 0f 10 4c 24 20 44
0x000007fee5555bf1:   8b 0d 15 26 02 00 e8 34 c7 00 00 e9 72 f8 ff ff
0x000007fee5555c01:   c5 fb 11 44 24 10 c5 fb 11 4c 24 20 48 8b 54 24
0x000007fee5555c11:   10 4c 8b 44 24 20 4c 8b 15 4a 26 02 00 4d 23 d0 


Register to memory mapping:

RAX=0x3f40000000000000 is an unknown value
RBX=0x0000000000000004 is an unknown value
RCX=0x3f40e05bc562380c is an unknown value
RDX=0x7ff0000000000000 is an unknown value
RSP=0x000000005a19c210 is pointing into the stack for thread: 0x0000000058c20800
RBP=0x000000005a19ca40 is pointing into the stack for thread: 0x0000000058c20800
RSI=0x000000005a19ca40 is pointing into the stack for thread: 0x0000000058c20800
RDI=0x0000000000000004 is an unknown value
R8 =0x8000000000000000 is an unknown value
R9 =0x000000006c66d1f0 is an unknown value
R10=0x000000000000000c is an unknown value
R11=0x000000005a19c700 is pointing into the stack for thread: 0x0000000058c20800
R12=0x000000006c66d1f0 is an unknown value
R13=0x000000006c66d050 is an unknown value
R14=0x00000000d714f2a4 is an unknown value
R15=0x0000000000000004 is an unknown value


Stack: [0x000000005a0a0000,0x000000005a1a0000],  sp=0x000000005a19c210,  free space=1008k
Native frames: (J=compiled Java code, j=interpreted, Vv=VM code, C=native code)
C  [msvcr120.dll+0x95c01]
C  [prism_common.dll+0x3318]
C  [prism_common.dll+0x1abc]
C  [prism_common.dll+0x1128]
C  [prism_common.dll+0x8b7e]
C  [prism_common.dll+0x669e]
C  [prism_common.dll+0x49af]
C  [prism_common.dll+0x4649]
C  0x0000000002857994

Java frames: (J=compiled Java code, j=interpreted, Vv=VM code)
j  com.sun.prism.impl.shape.NativePiscesRasterizer.produceStrokeAlphas([F[BIFIIF[FFDDDDDD[I[B)V+0
j  com.sun.prism.impl.shape.NativePiscesRasterizer.getMaskData(Lcom/sun/javafx/geom/Shape;Lcom/sun/prism/BasicStroke;Lcom/sun/javafx/geom/RectBounds;Lcom/sun/javafx/geom/transform/BaseTransform;ZZ)Lcom/sun/prism/impl/shape/MaskData;+487
j  com.sun.prism.impl.shape.ShapeUtil.rasterizeShape(Lcom/sun/javafx/geom/Shape;Lcom/sun/prism/BasicStroke;Lcom/sun/javafx/geom/RectBounds;Lcom/sun/javafx/geom/transform/BaseTransform;ZZ)Lcom/sun/prism/impl/shape/MaskData;+11
j  com.sun.prism.sw.SWContext$NativeShapeRenderer.renderShape(Lcom/sun/pisces/PiscesRenderer;Lcom/sun/javafx/geom/Shape;Lcom/sun/prism/BasicStroke;Lcom/sun/javafx/geom/transform/BaseTransform;Lcom/sun/javafx/geom/Rectangle;Z)V+12
j  com.sun.prism.sw.SWContext.renderShape(Lcom/sun/pisces/PiscesRenderer;Lcom/sun/javafx/geom/Shape;Lcom/sun/prism/BasicStroke;Lcom/sun/javafx/geom/transform/BaseTransform;Lcom/sun/javafx/geom/Rectangle;Z)V+13
j  com.sun.prism.sw.SWGraphics.paintShapePaintAlreadySet(Lcom/sun/javafx/geom/Shape;Lcom/sun/prism/BasicStroke;Lcom/sun/javafx/geom/transform/BaseTransform;)V+296
j  com.sun.prism.sw.SWGraphics.paintShape(Lcom/sun/javafx/geom/Shape;Lcom/sun/prism/BasicStroke;Lcom/sun/javafx/geom/transform/BaseTransform;)V+70
j  com.sun.prism.sw.SWGraphics.paintRoundRect(FFFFFFLcom/sun/prism/BasicStroke;)V+57
j  com.sun.prism.sw.SWGraphics.drawRoundRect(FFFFFF)V+28
j  com.sun.javafx.sg.prism.NGRegion.renderBorderRectangle(Lcom/sun/prism/Graphics;)V+690
j  com.sun.javafx.sg.prism.NGRegion.renderAsRectangle(Lcom/sun/prism/Graphics;)V+27
j  com.sun.javafx.sg.prism.NGRegion.renderContent(Lcom/sun/prism/Graphics;)V+106
j  com.sun.javafx.sg.prism.NGNode.doRender(Lcom/sun/prism/Graphics;)V+330
j  com.sun.javafx.sg.prism.NGNode.render(Lcom/sun/prism/Graphics;)V+34
j  com.sun.javafx.sg.prism.NGGroup.renderContent(Lcom/sun/prism/Graphics;)V+160
j  com.sun.javafx.sg.prism.NGRegion.renderContent(Lcom/sun/prism/Graphics;)V+111
j  com.sun.javafx.sg.prism.NGNode.doRender(Lcom/sun/prism/Graphics;)V+330
j  com.sun.javafx.sg.prism.NGNode.render(Lcom/sun/prism/Graphics;)V+34
j  com.sun.javafx.sg.prism.NGGroup.renderContent(Lcom/sun/prism/Graphics;)V+160
j  com.sun.javafx.sg.prism.NGRegion.renderContent(Lcom/sun/prism/Graphics;)V+111
j  com.sun.javafx.sg.prism.NGNode.renderForClip(Lcom/sun/prism/Graphics;)V+17
j  com.sun.javafx.sg.prism.NGNode.renderRectClip(Lcom/sun/prism/Graphics;Lcom/sun/javafx/sg/prism/NGRectangle;)V+106
j  com.sun.javafx.sg.prism.NGNode.renderClip(Lcom/sun/prism/Graphics;)V+83
j  com.sun.javafx.sg.prism.NGNode.doRender(Lcom/sun/prism/Graphics;)V+285
j  com.sun.javafx.sg.prism.NGNode.render(Lcom/sun/prism/Graphics;)V+34
j  com.sun.javafx.sg.prism.NGGroup.renderContent(Lcom/sun/prism/Graphics;)V+160
j  com.sun.javafx.sg.prism.NGRegion.renderContent(Lcom/sun/prism/Graphics;)V+111
j  com.sun.javafx.sg.prism.NGNode.renderForClip(Lcom/sun/prism/Graphics;)V+17
j  com.sun.javafx.sg.prism.NGNode.renderRectClip(Lcom/sun/prism/Graphics;Lcom/sun/javafx/sg/prism/NGRectangle;)V+106
j  com.sun.javafx.sg.prism.NGNode.renderClip(Lcom/sun/prism/Graphics;)V+83
j  com.sun.javafx.sg.prism.NGNode.doRender(Lcom/sun/prism/Graphics;)V+285
j  com.sun.javafx.sg.prism.NGNode.render(Lcom/sun/prism/Graphics;)V+34
j  com.sun.javafx.sg.prism.NGGroup.renderContent(Lcom/sun/prism/Graphics;)V+160
j  com.sun.javafx.sg.prism.NGRegion.renderContent(Lcom/sun/prism/Graphics;)V+111
j  com.sun.javafx.sg.prism.NGNode.renderForClip(Lcom/sun/prism/Graphics;)V+17
j  com.sun.javafx.sg.prism.NGNode.renderRectClip(Lcom/sun/prism/Graphics;Lcom/sun/javafx/sg/prism/NGRectangle;)V+106
j  com.sun.javafx.sg.prism.NGNode.renderClip(Lcom/sun/prism/Graphics;)V+83
j  com.sun.javafx.sg.prism.NGNode.doRender(Lcom/sun/prism/Graphics;)V+285
j  com.sun.javafx.sg.prism.NGNode.render(Lcom/sun/prism/Graphics;)V+34
j  com.sun.javafx.sg.prism.NGGroup.renderContent(Lcom/sun/prism/Graphics;)V+160
j  com.sun.javafx.sg.prism.NGRegion.renderContent(Lcom/sun/prism/Graphics;)V+111
j  com.sun.javafx.sg.prism.NGNode.renderForClip(Lcom/sun/prism/Graphics;)V+17
j  com.sun.javafx.sg.prism.NGNode.renderRectClip(Lcom/sun/prism/Graphics;Lcom/sun/javafx/sg/prism/NGRectangle;)V+106
j  com.sun.javafx.sg.prism.NGNode.renderClip(Lcom/sun/prism/Graphics;)V+83
j  com.sun.javafx.sg.prism.NGNode.doRender(Lcom/sun/prism/Graphics;)V+285
j  com.sun.javafx.sg.prism.NGNode.render(Lcom/sun/prism/Graphics;)V+34
j  com.sun.javafx.sg.prism.NGGroup.renderContent(Lcom/sun/prism/Graphics;)V+160
j  com.sun.javafx.sg.prism.NGRegion.renderContent(Lcom/sun/prism/Graphics;)V+111
j  com.sun.javafx.sg.prism.NGNode.doRender(Lcom/sun/prism/Graphics;)V+330
j  com.sun.javafx.sg.prism.NGNode.render(Lcom/sun/prism/Graphics;)V+34
j  com.sun.javafx.tk.quantum.ViewPainter.doPaint(Lcom/sun/prism/Graphics;Lcom/sun/javafx/sg/prism/NodePath;)V+201
j  com.sun.javafx.tk.quantum.ViewPainter.paintImpl(Lcom/sun/prism/Graphics;)V+982
j  com.sun.javafx.tk.quantum.UploadingPainter.run()V+719
j  java.util.concurrent.Executors$RunnableAdapter.call()Ljava/lang/Object;+4
j  java.util.concurrent.FutureTask.runAndReset()Z+47
j  com.sun.javafx.tk.RenderJob.run()V+1
j  java.util.concurrent.ThreadPoolExecutor.runWorker(Ljava/util/concurrent/ThreadPoolExecutor$Worker;)V+95
j  java.util.concurrent.ThreadPoolExecutor$Worker.run()V+5
j  com.sun.javafx.tk.quantum.QuantumRenderer$PipelineRunnable.run()V+8
j  java.lang.Thread.run()V+11
v  ~StubRoutines::call_stub

---------------  P R O C E S S  ---------------

Java Threads: ( => current thread )
  0x00000000598e1000 JavaThread "Prism Font Disposer" daemon [_thread_blocked, id=1744, stack(0x000000005bb40000,0x000000005bc40000)]
  0x0000000059768800 JavaThread "Thread-3" daemon [_thread_in_native, id=4916, stack(0x000000005a480000,0x000000005a580000)]
  0x0000000059781000 JavaThread "JavaFX-Launcher" [_thread_blocked, id=4408, stack(0x000000005a6a0000,0x000000005a7a0000)]
  0x000000005972b000 JavaThread "JavaFX Application Thread" [_thread_blocked, id=3848, stack(0x0000000059ed0000,0x0000000059fd0000)]
  0x000000005972a800 JavaThread "Thread-1" daemon [_thread_blocked, id=1048, stack(0x000000005a250000,0x000000005a350000)]
=>0x0000000058c20800 JavaThread "QuantumRenderer-0" daemon [_thread_in_native, id=2720, stack(0x000000005a0a0000,0x000000005a1a0000)]
  0x00000000588c5000 JavaThread "Service Thread" daemon [_thread_blocked, id=3368, stack(0x0000000058df0000,0x0000000058ef0000)]
  0x0000000057506000 JavaThread "C1 CompilerThread2" daemon [_thread_blocked, id=3448, stack(0x0000000059420000,0x0000000059520000)]
  0x000000005884c800 JavaThread "C2 CompilerThread1" daemon [_thread_blocked, id=4116, stack(0x0000000059250000,0x0000000059350000)]
  0x0000000058845000 JavaThread "C2 CompilerThread0" daemon [_thread_blocked, id=3128, stack(0x0000000059070000,0x0000000059170000)]
  0x0000000058840800 JavaThread "Attach Listener" daemon [_thread_blocked, id=2308, stack(0x0000000058f50000,0x0000000059050000)]
  0x0000000057504000 JavaThread "Signal Dispatcher" daemon [_thread_blocked, id=2488, stack(0x0000000058ce0000,0x0000000058de0000)]
  0x00000000574e9000 JavaThread "Finalizer" daemon [_thread_blocked, id=1912, stack(0x0000000058740000,0x0000000058840000)]
  0x00000000574a2000 JavaThread "Reference Handler" daemon [_thread_blocked, id=3488, stack(0x0000000058610000,0x0000000058710000)]
  0x000000000210d800 JavaThread "main" [_thread_blocked, id=3028, stack(0x0000000002470000,0x0000000002570000)]

Other Threads:
  0x000000005749a000 VMThread [stack: 0x0000000058410000,0x0000000058510000] [id=2136]
  0x00000000588f7000 WatcherThread [stack: 0x00000000595d0000,0x00000000596d0000] [id=1464]

VM state:not at safepoint (normal execution)

VM Mutex/Monitor currently owned by a thread: None

Heap:
 PSYoungGen      total 38400K, used 23886K [0x00000000d5f00000, 0x00000000d8980000, 0x0000000100000000)
  eden space 33280K, 57% used [0x00000000d5f00000,0x00000000d719d120,0x00000000d7f80000)
  from space 5120K, 94% used [0x00000000d7f80000,0x00000000d8436808,0x00000000d8480000)
  to   space 5120K, 0% used [0x00000000d8480000,0x00000000d8480000,0x00000000d8980000)
 ParOldGen       total 87552K, used 80K [0x0000000081c00000, 0x0000000087180000, 0x00000000d5f00000)
  object space 87552K, 0% used [0x0000000081c00000,0x0000000081c14010,0x0000000087180000)
 Metaspace       used 17309K, capacity 18194K, committed 18560K, reserved 1064960K
  class space    used 2611K, capacity 2817K, committed 2944K, reserved 1048576K

Card table byte_map: [0x0000000011c00000,0x0000000012000000] byte_map_base: 0x00000000117f2000

Marking Bits: (ParMarkBitMap*) 0x000000006ba4a6c0
 Begin Bits: [0x00000000127f0000, 0x0000000014780000)
 End Bits:   [0x0000000014780000, 0x0000000016710000)

Polling page: 0x0000000002070000

CodeCache: size=245760Kb used=5082Kb max_used=5082Kb free=240677Kb
 bounds [0x0000000002840000, 0x0000000002d40000, 0x0000000011840000]
 total_blobs=2154 nmethods=1547 adapters=520
 compilation: enabled

Compilation events (10 events):
Event: 1.728 Thread 0x0000000057506000 nmethod 1541 0x0000000002d376d0 code [0x0000000002d37820, 0x0000000002d37930]
Event: 1.728 Thread 0x0000000057506000 1542       1       com.sun.javafx.sg.prism.NGNode::getClipNode (5 bytes)
Event: 1.728 Thread 0x0000000057506000 nmethod 1542 0x0000000002d37990 code [0x0000000002d37ae0, 0x0000000002d37bf0]
Event: 1.732 Thread 0x0000000057506000 1543       3       com.sun.javafx.geom.transform.AffineBase::getMxx (5 bytes)
Event: 1.732 Thread 0x0000000057506000 nmethod 1543 0x0000000002d37c50 code [0x0000000002d37da0, 0x0000000002d37ef0]
Event: 1.732 Thread 0x0000000057506000 1544       3       com.sun.javafx.geom.transform.AffineBase::getMyy (5 bytes)
Event: 1.733 Thread 0x0000000057506000 nmethod 1544 0x0000000002d37f90 code [0x0000000002d380e0, 0x0000000002d38230]
Event: 1.733 Thread 0x0000000057506000 1545       3       com.sun.javafx.font.directwrite.DWGlyph::getWidth (33 bytes)
Event: 1.733 Thread 0x0000000057506000 nmethod 1545 0x0000000002d382d0 code [0x0000000002d38440, 0x0000000002d387a8]
Event: 1.733 Thread 0x0000000057506000 1547       3       com.sun.javafx.UnmodifiableArrayList::get (7 bytes)

GC Heap History (2 events):
Event: 1.457 GC heap before
{Heap before GC invocations=1 (full 0):
 PSYoungGen      total 38400K, used 33280K [0x00000000d5f00000, 0x00000000d8980000, 0x0000000100000000)
  eden space 33280K, 100% used [0x00000000d5f00000,0x00000000d7f80000,0x00000000d7f80000)
  from space 5120K, 0% used [0x00000000d8480000,0x00000000d8480000,0x00000000d8980000)
  to   space 5120K, 0% used [0x00000000d7f80000,0x00000000d7f80000,0x00000000d8480000)
 ParOldGen       total 87552K, used 0K [0x0000000081c00000, 0x0000000087180000, 0x00000000d5f00000)
  object space 87552K, 0% used [0x0000000081c00000,0x0000000081c00000,0x0000000087180000)
 Metaspace       used 15836K, capacity 16580K, committed 16768K, reserved 1062912K
  class space    used 2392K, capacity 2572K, committed 2688K, reserved 1048576K
Event: 1.468 GC heap after
Heap after GC invocations=1 (full 0):
 PSYoungGen      total 38400K, used 4826K [0x00000000d5f00000, 0x00000000d8980000, 0x0000000100000000)
  eden space 33280K, 0% used [0x00000000d5f00000,0x00000000d5f00000,0x00000000d7f80000)
  from space 5120K, 94% used [0x00000000d7f80000,0x00000000d8436808,0x00000000d8480000)
  to   space 5120K, 0% used [0x00000000d8480000,0x00000000d8480000,0x00000000d8980000)
 ParOldGen       total 87552K, used 80K [0x0000000081c00000, 0x0000000087180000, 0x00000000d5f00000)
  object space 87552K, 0% used [0x0000000081c00000,0x0000000081c14010,0x0000000087180000)
 Metaspace       used 15836K, capacity 16580K, committed 16768K, reserved 1062912K
  class space    used 2392K, capacity 2572K, committed 2688K, reserved 1048576K
}

Deoptimization events (10 events):
Event: 1.074 Thread 0x000000005972b000 Uncommon trap: reason=class_check action=maybe_recompile pc=0x000000000295f3a0 method=java.lang.String.equals(Ljava/lang/Object;)Z @ 8
Event: 1.258 Thread 0x000000005972b000 Uncommon trap: reason=class_check action=maybe_recompile pc=0x0000000002bfe314 method=java.util.HashMap.putVal(ILjava/lang/Object;Ljava/lang/Object;ZZ)Ljava/lang/Object; @ 203
Event: 1.258 Thread 0x000000005972b000 Uncommon trap: reason=class_check action=maybe_recompile pc=0x0000000002bfe314 method=java.util.HashMap.putVal(ILjava/lang/Object;Ljava/lang/Object;ZZ)Ljava/lang/Object; @ 203
Event: 1.260 Thread 0x000000005972b000 Uncommon trap: reason=class_check action=maybe_recompile pc=0x0000000002bfe314 method=java.util.HashMap.putVal(ILjava/lang/Object;Ljava/lang/Object;ZZ)Ljava/lang/Object; @ 203
Event: 1.260 Thread 0x000000005972b000 Uncommon trap: reason=class_check action=maybe_recompile pc=0x0000000002bfe314 method=java.util.HashMap.putVal(ILjava/lang/Object;Ljava/lang/Object;ZZ)Ljava/lang/Object; @ 203
Event: 1.261 Thread 0x000000005972b000 Uncommon trap: reason=class_check action=maybe_recompile pc=0x0000000002c00a38 method=java.util.HashMap.putVal(ILjava/lang/Object;Ljava/lang/Object;ZZ)Ljava/lang/Object; @ 203
Event: 1.339 Thread 0x000000005972b000 Uncommon trap: reason=unstable_if action=reinterpret pc=0x0000000002aed024 method=java.util.HashMap.hash(Ljava/lang/Object;)I @ 1
Event: 1.493 Thread 0x000000005972b000 Uncommon trap: reason=unstable_if action=reinterpret pc=0x0000000002c6b580 method=java.util.HashMap.isEmpty()Z @ 4
Event: 1.546 Thread 0x000000005972b000 Uncommon trap: reason=unstable_if action=reinterpret pc=0x0000000002b28564 method=sun.net.www.ParseUtil.encodePath(Ljava/lang/String;Z)Ljava/lang/String; @ 109
Event: 1.586 Thread 0x000000005972b000 Uncommon trap: reason=unstable_if action=reinterpret pc=0x0000000002ba8ac0 method=jdk.internal.org.objectweb.asm.Type.getArgumentsAndReturnSizes(Ljava/lang/String;)I @ 47

Internal exceptions (10 events):
Event: 0.567 Thread 0x000000005972b000 Exception <a 'java/lang/ArrayIndexOutOfBoundsException'> (0x00000000d6ce0470) thrown at [C:\re\workspace\8-2-build-windows-amd64-cygwin\jdk8u111\7883\hotspot\src\share\vm\runtime\sharedRuntime.cpp, line 605]
Event: 0.567 Thread 0x000000005972b000 Exception <a 'java/lang/ArrayIndexOutOfBoundsException'> (0x00000000d6ce1818) thrown at [C:\re\workspace\8-2-build-windows-amd64-cygwin\jdk8u111\7883\hotspot\src\share\vm\runtime\sharedRuntime.cpp, line 605]
Event: 0.567 Thread 0x000000005972b000 Exception <a 'java/lang/ArrayIndexOutOfBoundsException'> (0x00000000d6ce2fb8) thrown at [C:\re\workspace\8-2-build-windows-amd64-cygwin\jdk8u111\7883\hotspot\src\share\vm\runtime\sharedRuntime.cpp, line 605]
Event: 0.567 Thread 0x000000005972b000 Exception <a 'java/lang/ArrayIndexOutOfBoundsException'> (0x00000000d6ce4e48) thrown at [C:\re\workspace\8-2-build-windows-amd64-cygwin\jdk8u111\7883\hotspot\src\share\vm\runtime\sharedRuntime.cpp, line 605]
Event: 0.656 Thread 0x000000005972b000 Exception <a 'java/lang/ArrayIndexOutOfBoundsException'> (0x00000000d6f7ffc0) thrown at [C:\re\workspace\8-2-build-windows-amd64-cygwin\jdk8u111\7883\hotspot\src\share\vm\runtime\sharedRuntime.cpp, line 605]
Event: 0.657 Thread 0x000000005972b000 Exception <a 'java/lang/ArrayIndexOutOfBoundsException'> (0x00000000d6f878f8) thrown at [C:\re\workspace\8-2-build-windows-amd64-cygwin\jdk8u111\7883\hotspot\src\share\vm\runtime\sharedRuntime.cpp, line 605]
Event: 0.774 Thread 0x000000005972b000 Exception <a 'java/lang/ArrayIndexOutOfBoundsException'> (0x00000000d72a37d8) thrown at [C:\re\workspace\8-2-build-windows-amd64-cygwin\jdk8u111\7883\hotspot\src\share\vm\runtime\sharedRuntime.cpp, line 605]
Event: 0.787 Thread 0x000000005972b000 Exception <a 'java/lang/ArrayIndexOutOfBoundsException'> (0x00000000d732e2a8) thrown at [C:\re\workspace\8-2-build-windows-amd64-cygwin\jdk8u111\7883\hotspot\src\share\vm\runtime\sharedRuntime.cpp, line 605]
Event: 0.882 Thread 0x000000005972b000 Implicit null exception at 0x0000000002b11ea5 to 0x0000000002b120b5
Event: 1.339 Thread 0x000000005972b000 Implicit null exception at 0x0000000002aecfaf to 0x0000000002aed015

Events (10 events):
Event: 1.730 loading class com/sun/javafx/image/impl/IntArgb
Event: 1.730 loading class com/sun/javafx/image/impl/IntArgb done
Event: 1.730 loading class com/sun/javafx/image/impl/IntArgb$Accessor
Event: 1.730 loading class com/sun/javafx/image/impl/IntArgb$Accessor done
Event: 1.730 loading class com/sun/javafx/image/impl/ByteBgra$ToIntArgbSameConv
Event: 1.730 loading class com/sun/javafx/image/impl/ByteBgra$ToIntArgbSameConv done
Event: 1.730 loading class com/sun/javafx/image/impl/BaseByteToIntConverter
Event: 1.730 loading class com/sun/javafx/image/impl/BaseByteToIntConverter done
Event: 1.731 loading class com/sun/javafx/image/ByteToIntPixelConverter
Event: 1.731 loading class com/sun/javafx/image/ByteToIntPixelConverter done


Dynamic libraries:
0x000000013f0a0000 - 0x000000013f0d7000 	C:\Program Files\Java\jdk1.8.0_111\jre\bin\java.exe
0x00000000778a0000 - 0x0000000077a4b000 	C:\Windows\SYSTEM32\ntdll.dll
0x0000000077780000 - 0x000000007789f000 	C:\Windows\system32\kernel32.dll
0x000007fefdb40000 - 0x000007fefdbab000 	C:\Windows\system32\KERNELBASE.dll
0x000007fefedb0000 - 0x000007fefee8b000 	C:\Windows\system32\ADVAPI32.dll
0x000007feffb10000 - 0x000007feffbaf000 	C:\Windows\system32\msvcrt.dll
0x000007fefdc80000 - 0x000007fefdc9f000 	C:\Windows\SYSTEM32\sechost.dll
0x000007fefddd0000 - 0x000007fefdefe000 	C:\Windows\system32\RPCRT4.dll
0x0000000077680000 - 0x000000007777a000 	C:\Windows\system32\USER32.dll
0x000007feff9c0000 - 0x000007feffa27000 	C:\Windows\system32\GDI32.dll
0x000007fefdbd0000 - 0x000007fefdbde000 	C:\Windows\system32\LPK.dll
0x000007fefece0000 - 0x000007fefedaa000 	C:\Windows\system32\USP10.dll
0x000007fefc460000 - 0x000007fefc654000 	C:\Windows\WinSxS\amd64_microsoft.windows.common-controls_6595b64144ccf1df_6.0.7600.16385_none_fa645303170382f6\COMCTL32.dll
0x000007feff940000 - 0x000007feff9b1000 	C:\Windows\system32\SHLWAPI.dll
0x000007feff0a0000 - 0x000007feff0ce000 	C:\Windows\system32\IMM32.DLL
0x000007feff5d0000 - 0x000007feff6d9000 	C:\Windows\system32\MSCTF.dll
0x0000000073f60000 - 0x0000000074032000 	C:\Program Files\Java\jdk1.8.0_111\jre\bin\msvcr100.dll
0x000000006b230000 - 0x000000006baca000 	C:\Program Files\Java\jdk1.8.0_111\jre\bin\server\jvm.dll
0x000007fefa630000 - 0x000007fefa639000 	C:\Windows\system32\WSOCK32.dll
0x000007feff710000 - 0x000007feff75d000 	C:\Windows\system32\WS2_32.dll
0x000007feff700000 - 0x000007feff708000 	C:\Windows\system32\NSI.dll
0x000007fefabb0000 - 0x000007fefabeb000 	C:\Windows\system32\WINMM.dll
0x000007fefc970000 - 0x000007fefc97c000 	C:\Windows\system32\VERSION.dll
0x0000000077a60000 - 0x0000000077a67000 	C:\Windows\system32\PSAPI.DLL
0x0000000074f40000 - 0x0000000074f4f000 	C:\Program Files\Java\jdk1.8.0_111\jre\bin\verify.dll
0x0000000074f10000 - 0x0000000074f39000 	C:\Program Files\Java\jdk1.8.0_111\jre\bin\java.dll
0x0000000074ef0000 - 0x0000000074f06000 	C:\Program Files\Java\jdk1.8.0_111\jre\bin\zip.dll
0x000007fefdf00000 - 0x000007fefec86000 	C:\Windows\system32\SHELL32.dll
0x000007fefee90000 - 0x000007feff091000 	C:\Windows\system32\ole32.dll
0x000007fefd800000 - 0x000007fefd80f000 	C:\Windows\system32\profapi.dll
0x000007fee54c0000 - 0x000007fee55af000 	C:\Program Files\Java\jdk1.8.0_111\jre\bin\msvcr120.dll
0x000007feeb550000 - 0x000007feeb5f6000 	C:\Program Files\Java\jdk1.8.0_111\jre\bin\msvcp120.dll
0x000000006ee90000 - 0x000000006eeb2000 	C:\Program Files\Java\jdk1.8.0_111\jre\bin\prism_d3d.dll
0x000007fee2c40000 - 0x000007fee2e3f000 	C:\Windows\system32\d3d9.dll
0x000007fefc430000 - 0x000007fefc437000 	C:\Windows\system32\d3d8thk.dll
0x000007fefbe50000 - 0x000007fefbe68000 	C:\Windows\system32\dwmapi.dll
0x000007fefc280000 - 0x000007fefc2d6000 	C:\Windows\system32\uxtheme.dll
0x000000006eee0000 - 0x000000006eefc000 	C:\Program Files\Java\jdk1.8.0_111\jre\bin\prism_sw.dll
0x000000006c6a0000 - 0x000000006c6e3000 	C:\Program Files\Java\jdk1.8.0_111\jre\bin\glass.dll
0x000007fefdbe0000 - 0x000007fefdc78000 	C:\Windows\system32\COMDLG32.dll
0x000007feffa30000 - 0x000007feffb07000 	C:\Windows\system32\OLEAUT32.dll
0x000007fefd730000 - 0x000007fefd73f000 	C:\Windows\system32\CRYPTBASE.dll
0x000000006c680000 - 0x000000006c694000 	C:\Program Files\Java\jdk1.8.0_111\jre\bin\javafx_font.dll
0x000007fef1f80000 - 0x000007fef20fb000 	C:\Windows\system32\dwrite.dll
0x000007feff530000 - 0x000007feff5c9000 	C:\Windows\system32\CLBCatQ.DLL
0x000007fefb9d0000 - 0x000007fefbafa000 	C:\Windows\system32\WindowsCodecs.dll
0x000007fefd6d0000 - 0x000007fefd727000 	C:\Windows\system32\apphelp.dll
0x000007fef7e80000 - 0x000007fef7eb5000 	C:\Windows\system32\EhStorShell.dll
0x000007feff760000 - 0x000007feff937000 	C:\Windows\system32\SETUPAPI.dll
0x000007fefdb00000 - 0x000007fefdb36000 	C:\Windows\system32\CFGMGR32.dll
0x000007fefdbb0000 - 0x000007fefdbca000 	C:\Windows\system32\DEVOBJ.dll
0x000007fefc2e0000 - 0x000007fefc40c000 	C:\Windows\system32\PROPSYS.dll
0x000007fef7800000 - 0x000007fef7e71000 	C:\PROGRA~1\MICROS~1\Office14\GROOVEEX.DLL
0x0000000073770000 - 0x0000000073813000 	C:\Windows\WinSxS\amd64_microsoft.vc90.crt_1fc8b3b9a1e18e3b_9.0.30729.6161_none_08e61857a83bc251\MSVCR90.dll
0x0000000072be0000 - 0x0000000072cb3000 	C:\Windows\WinSxS\amd64_microsoft.vc90.crt_1fc8b3b9a1e18e3b_9.0.30729.6161_none_08e61857a83bc251\MSVCP90.dll
0x0000000072bb0000 - 0x0000000072bdf000 	C:\Windows\WinSxS\amd64_microsoft.vc90.atl_1fc8b3b9a1e18e3b_9.0.30729.6161_none_0a1fd3a3a768b895\ATL90.DLL
0x000007fef73f0000 - 0x000007fef77ff000 	C:\PROGRA~1\COMMON~1\MICROS~1\OFFICE14\Cultures\office.odf
0x000007fef6b80000 - 0x000007fef73e4000 	C:\PROGRA~1\MICROS~1\Office14\1033\GrooveIntlResource.dll
0x000007fef6b00000 - 0x000007fef6b7e000 	C:\Windows\System32\cscui.dll
0x000007fef6af0000 - 0x000007fef6afc000 	C:\Windows\System32\CSCDLL.dll
0x000007fef86f0000 - 0x000007fef86ff000 	C:\Windows\system32\CSCAPI.dll
0x000007fef6a70000 - 0x000007fef6af0000 	C:\Windows\system32\ntshrui.dll
0x000007fefd330000 - 0x000007fefd353000 	C:\Windows\system32\srvcli.dll
0x000007fefaa90000 - 0x000007fefaa9b000 	C:\Windows\system32\slc.dll
0x000007fef6950000 - 0x000007fef697d000 	C:\Program Files\Common Files\Microsoft Shared\Ink\rtscom.dll
0x000000006c660000 - 0x000000006c671000 	C:\Program Files\Java\jdk1.8.0_111\jre\bin\prism_common.dll
0x000000006c640000 - 0x000000006c657000 	C:\Program Files\Java\jdk1.8.0_111\jre\bin\decora_sse.dll
0x000007fee4570000 - 0x000007fee4666000 	C:\Windows\system32\d2d1.dll
0x000007fef6700000 - 0x000007fef6825000 	C:\Windows\system32\dbghelp.dll

VM Arguments:
jvm_args: -Dfile.encoding=UTF-8 
java_command: C:\Users\IITG\Desktop\Github\ProjectNasospeech\Nasospeech in FX\NasoFX\dist\run1655383311\NasoFX.jar
java_class_path (initial): C:\Users\IITG\Desktop\Github\ProjectNasospeech\Nasospeech in FX\NasoFX\dist\run1655383311\NasoFX.jar
Launcher Type: SUN_STANDARD

Environment Variables:
JAVA_HOME=C:\Program Files\Java\jdk1.8.0_111
PATH=C:\cygwin64\bin;C:\Program Files (x86)\Bitvise SSH Client;C:\Program Files\MATLAB\R2016a\runtime\win64;C:\Program Files\MATLAB\R2016a\bin
USERNAME=IITG
OS=Windows_NT
PROCESSOR_IDENTIFIER=Intel64 Family 6 Model 94 Stepping 3, GenuineIntel



---------------  S Y S T E M  ---------------

OS: Windows 7 , 64 bit Build 7600 (6.1.7600.16385)

CPU:total 4 (4 cores per cpu, 1 threads per core) family 6 model 94 stepping 3, cmov, cx8, fxsr, mmx, sse, sse2, sse3, ssse3, sse4.1, sse4.2, popcnt, aes, clmul, erms, rtm, 3dnowpref, lzcnt, tsc, tscinvbit, bmi1, bmi2, adx

Memory: 4k page, physical 8266172k(4656632k free), swap 16530448k(12762000k free)

vm_info: Java HotSpot(TM) 64-Bit Server VM (25.111-b14) for windows-amd64 JRE (1.8.0_111-b14), built on Sep 22 2016 19:24:05 by "java_re" with MS VC++ 10.0 (VS2010)

time: Mon Sep 18 10:22:49 2017
elapsed time: 1 seconds (0d 0h 0m 1s)

