#
# A fatal error has been detected by the Java Runtime Environment:
#
#  EXCEPTION_ACCESS_VIOLATION (0xc0000005) at pc=0x0000000063665b42, pid=5248, tid=0x0000000000000380
#
# JRE version: Java(TM) SE Runtime Environment (8.0_161-b12) (build 1.8.0_161-b12)
# Java VM: Java HotSpot(TM) 64-Bit Server VM (25.161-b12 mixed mode windows-amd64 compressed oops)
# Problematic frame:
# C  [prism_common.dll+0x5b42]
#
# Failed to write core dump. Minidumps are not enabled by default on client versions of Windows
#
# If you would like to submit a bug report, please visit:
#   http://bugreport.java.com/bugreport/crash.jsp
# The crash happened outside the Java Virtual Machine in native code.
# See problematic frame for where to report the bug.
#

---------------  T H R E A D  ---------------

Current thread (0x000000001d78a800):  JavaThread "QuantumRenderer-0" daemon [_thread_in_native, id=896, stack(0x000000001de60000,0x000000001df60000)]

siginfo: ExceptionCode=0xc0000005, writing address 0x000000006733e778

Registers:
RAX=0x00000000ffff31cf, RBX=0xffffffffffff31ce, RCX=0xffffffffffff31cf, RDX=0xbfe0000000000000
RSP=0x000000001df57d50, RBP=0x0000000067372040, RSI=0x00000000000001f0, RDI=0x00000000000001ee
R8 =0x0000000000000001, R9 =0x0000000000000000, R10=0x00000000ffff31cd, R11=0x0000000000000000
R12=0x000000003304cc40, R13=0x0000000000000001, R14=0x000000003304d3fc, R15=0x00000000273af810
RIP=0x0000000063665b42, EFLAGS=0x0000000000010203

Top of Stack: (sp=0x000000001df57d50)
0x000000001df57d50:   8000000000000000 0000000000000000
0x000000001df57d60:   0000000000000000 0000000027573bd0
0x000000001df57d70:   4042000000000000 0000000000000000
0x000000001df57d80:   0000000000000000 0000000000000000
0x000000001df57d90:   3ff0000000000000 0000000000000000
0x000000001df57da0:   0000000000000002 0000000000000003
0x000000001df57db0:   0000000000002478 000000000000048f
0x000000001df57dc0:   000000001df58f70 000000006366530d
0x000000001df57dd0:   00000000ffff31cd 0000000000000120
0x000000001df57de0:   0000000000000003 0000000032fe48f0
0x000000001df57df0:   0000048f00000024 ffffffff00000364
0x000000001df57e00:   000000001df58ee0 000000001df58f70
0x000000001df57e10:   00000000273af810 0000000000000320
0x000000001df57e20:   000000003304cc40 000001f000000670
0x000000001df57e30:   0000000000000366 000000000000000f
0x000000001df57e40:   00000001000000ac 0000000000000118 

Instructions: (pc=0x0000000063665b42)
0x0000000063665b22:   8d 42 03 48 63 c8 41 8d 42 02 f3 0f 58 74 8d 00
0x0000000063665b32:   48 63 c8 45 03 c9 f3 0f 10 44 8d 00 41 0f 2f c0
0x0000000063665b42:   f3 0f 11 74 9d 00 76 04 41 83 c9 01 48 8b d7 48
0x0000000063665b52:   85 ff 78 27 4d 8b c7 49 8b ce 4d 2b c4 90 41 8b 


Register to memory mapping:

RAX=0x00000000ffff31cf is an unknown value
RBX=0xffffffffffff31ce is an unknown value
RCX=0xffffffffffff31cf is an unknown value
RDX=0xbfe0000000000000 is an unknown value
RSP=0x000000001df57d50 is pointing into the stack for thread: 0x000000001d78a800
RBP=0x0000000067372040 is an unknown value
RSI=0x00000000000001f0 is an unknown value
RDI=0x00000000000001ee is an unknown value
R8 =0x0000000000000001 is an unknown value
R9 =0x0000000000000000 is an unknown value
R10=0x00000000ffff31cd is an unknown value
R11=0x0000000000000000 is an unknown value
R12=0x000000003304cc40 is an unknown value
R13=0x0000000000000001 is an unknown value
R14=0x000000003304d3fc is an unknown value
R15=0x00000000273af810 is an unknown value


Stack: [0x000000001de60000,0x000000001df60000],  sp=0x000000001df57d50,  free space=991k
Native frames: (J=compiled Java code, j=interpreted, Vv=VM code, C=native code)
C  [prism_common.dll+0x5b42]
C  [prism_common.dll+0x530d]
C  [prism_common.dll+0x4a14]
C  0x0000000002668c67

Java frames: (J=compiled Java code, j=interpreted, Vv=VM code)
j  com.sun.prism.impl.shape.NativePiscesRasterizer.produceStrokeAlphas([F[BIFIIF[FFDDDDDD[I[B)V+0
j  com.sun.prism.impl.shape.NativePiscesRasterizer.getMaskData(Lcom/sun/javafx/geom/Shape;Lcom/sun/prism/BasicStroke;Lcom/sun/javafx/geom/RectBounds;Lcom/sun/javafx/geom/transform/BaseTransform;ZZ)Lcom/sun/prism/impl/shape/MaskData;+487
j  com.sun.prism.impl.shape.ShapeUtil.rasterizeShape(Lcom/sun/javafx/geom/Shape;Lcom/sun/prism/BasicStroke;Lcom/sun/javafx/geom/RectBounds;Lcom/sun/javafx/geom/transform/BaseTransform;ZZ)Lcom/sun/prism/impl/shape/MaskData;+11
j  com.sun.prism.impl.ps.BaseShaderGraphics.renderShape(Lcom/sun/javafx/geom/Shape;Lcom/sun/prism/BasicStroke;FFFF)V+40
j  com.sun.prism.impl.BaseGraphics.draw(Lcom/sun/javafx/geom/Shape;)V+136
j  com.sun.prism.impl.ps.CachingShapeRepState.drawNoCache(Lcom/sun/prism/Graphics;Lcom/sun/javafx/geom/Shape;)V+2
j  com.sun.prism.impl.ps.CachingShapeRepState.render(Lcom/sun/prism/Graphics;Lcom/sun/javafx/geom/Shape;Lcom/sun/javafx/geom/RectBounds;Lcom/sun/prism/BasicStroke;)V+241
j  com.sun.prism.impl.ps.CachingShapeRep.draw(Lcom/sun/prism/Graphics;Lcom/sun/javafx/geom/Shape;Lcom/sun/javafx/geom/BaseBounds;)V+31
j  com.sun.javafx.sg.prism.NGShape.renderContent2D(Lcom/sun/prism/Graphics;Z)V+144
J 2352 C1 com.sun.javafx.sg.prism.NGShape.renderContent(Lcom/sun/prism/Graphics;)V (458 bytes) @ 0x0000000002d8b4f4 [0x0000000002d892a0+0x2254]
J 2128 C1 com.sun.javafx.sg.prism.NGNode.doRender(Lcom/sun/prism/Graphics;)V (473 bytes) @ 0x0000000002ce015c [0x0000000002cde260+0x1efc]
J 2108 C1 com.sun.javafx.sg.prism.NGNode.render(Lcom/sun/prism/Graphics;)V (38 bytes) @ 0x0000000002cd45c4 [0x0000000002cd4340+0x284]
J 2181 C1 com.sun.javafx.sg.prism.NGGroup.renderContent(Lcom/sun/prism/Graphics;)V (436 bytes) @ 0x0000000002cf70bc [0x0000000002cf5ca0+0x141c]
J 2128 C1 com.sun.javafx.sg.prism.NGNode.doRender(Lcom/sun/prism/Graphics;)V (473 bytes) @ 0x0000000002ce015c [0x0000000002cde260+0x1efc]
J 2108 C1 com.sun.javafx.sg.prism.NGNode.render(Lcom/sun/prism/Graphics;)V (38 bytes) @ 0x0000000002cd45c4 [0x0000000002cd4340+0x284]
J 2181 C1 com.sun.javafx.sg.prism.NGGroup.renderContent(Lcom/sun/prism/Graphics;)V (436 bytes) @ 0x0000000002cf70bc [0x0000000002cf5ca0+0x141c]
J 2472 C1 com.sun.javafx.sg.prism.NGNode.renderRectClip(Lcom/sun/prism/Graphics;Lcom/sun/javafx/sg/prism/NGRectangle;)V (122 bytes) @ 0x0000000002decdc4 [0x0000000002debce0+0x10e4]
J 2386 C1 com.sun.javafx.sg.prism.NGNode.renderClip(Lcom/sun/prism/Graphics;)V (473 bytes) @ 0x0000000002db107c [0x0000000002dac3e0+0x4c9c]
J 2128 C1 com.sun.javafx.sg.prism.NGNode.doRender(Lcom/sun/prism/Graphics;)V (473 bytes) @ 0x0000000002cdfdfc [0x0000000002cde260+0x1b9c]
J 2108 C1 com.sun.javafx.sg.prism.NGNode.render(Lcom/sun/prism/Graphics;)V (38 bytes) @ 0x0000000002cd45c4 [0x0000000002cd4340+0x284]
J 2181 C1 com.sun.javafx.sg.prism.NGGroup.renderContent(Lcom/sun/prism/Graphics;)V (436 bytes) @ 0x0000000002cf70bc [0x0000000002cf5ca0+0x141c]
J 2239 C1 com.sun.javafx.sg.prism.NGRegion.renderContent(Lcom/sun/prism/Graphics;)V (115 bytes) @ 0x0000000002d24b74 [0x0000000002d23680+0x14f4]
J 2128 C1 com.sun.javafx.sg.prism.NGNode.doRender(Lcom/sun/prism/Graphics;)V (473 bytes) @ 0x0000000002ce015c [0x0000000002cde260+0x1efc]
J 2108 C1 com.sun.javafx.sg.prism.NGNode.render(Lcom/sun/prism/Graphics;)V (38 bytes) @ 0x0000000002cd45c4 [0x0000000002cd4340+0x284]
J 2181 C1 com.sun.javafx.sg.prism.NGGroup.renderContent(Lcom/sun/prism/Graphics;)V (436 bytes) @ 0x0000000002cf70bc [0x0000000002cf5ca0+0x141c]
J 2239 C1 com.sun.javafx.sg.prism.NGRegion.renderContent(Lcom/sun/prism/Graphics;)V (115 bytes) @ 0x0000000002d24b74 [0x0000000002d23680+0x14f4]
J 2128 C1 com.sun.javafx.sg.prism.NGNode.doRender(Lcom/sun/prism/Graphics;)V (473 bytes) @ 0x0000000002ce015c [0x0000000002cde260+0x1efc]
J 2108 C1 com.sun.javafx.sg.prism.NGNode.render(Lcom/sun/prism/Graphics;)V (38 bytes) @ 0x0000000002cd45c4 [0x0000000002cd4340+0x284]
J 2181 C1 com.sun.javafx.sg.prism.NGGroup.renderContent(Lcom/sun/prism/Graphics;)V (436 bytes) @ 0x0000000002cf70bc [0x0000000002cf5ca0+0x141c]
J 2128 C1 com.sun.javafx.sg.prism.NGNode.doRender(Lcom/sun/prism/Graphics;)V (473 bytes) @ 0x0000000002ce015c [0x0000000002cde260+0x1efc]
J 2108 C1 com.sun.javafx.sg.prism.NGNode.render(Lcom/sun/prism/Graphics;)V (38 bytes) @ 0x0000000002cd45c4 [0x0000000002cd4340+0x284]
J 2181 C1 com.sun.javafx.sg.prism.NGGroup.renderContent(Lcom/sun/prism/Graphics;)V (436 bytes) @ 0x0000000002cf70bc [0x0000000002cf5ca0+0x141c]
J 2239 C1 com.sun.javafx.sg.prism.NGRegion.renderContent(Lcom/sun/prism/Graphics;)V (115 bytes) @ 0x0000000002d24b74 [0x0000000002d23680+0x14f4]
J 2128 C1 com.sun.javafx.sg.prism.NGNode.doRender(Lcom/sun/prism/Graphics;)V (473 bytes) @ 0x0000000002ce015c [0x0000000002cde260+0x1efc]
J 2108 C1 com.sun.javafx.sg.prism.NGNode.render(Lcom/sun/prism/Graphics;)V (38 bytes) @ 0x0000000002cd45c4 [0x0000000002cd4340+0x284]
J 2181 C1 com.sun.javafx.sg.prism.NGGroup.renderContent(Lcom/sun/prism/Graphics;)V (436 bytes) @ 0x0000000002cf70bc [0x0000000002cf5ca0+0x141c]
J 2239 C1 com.sun.javafx.sg.prism.NGRegion.renderContent(Lcom/sun/prism/Graphics;)V (115 bytes) @ 0x0000000002d24b74 [0x0000000002d23680+0x14f4]
J 2472 C1 com.sun.javafx.sg.prism.NGNode.renderRectClip(Lcom/sun/prism/Graphics;Lcom/sun/javafx/sg/prism/NGRectangle;)V (122 bytes) @ 0x0000000002decdc4 [0x0000000002debce0+0x10e4]
J 2386 C1 com.sun.javafx.sg.prism.NGNode.renderClip(Lcom/sun/prism/Graphics;)V (473 bytes) @ 0x0000000002db107c [0x0000000002dac3e0+0x4c9c]
j  com.sun.javafx.sg.prism.CacheFilter.impl_renderNodeToCache(Lcom/sun/scenario/effect/ImageData;Lcom/sun/javafx/geom/Rectangle;Lcom/sun/javafx/geom/transform/BaseTransform;Lcom/sun/javafx/geom/Rectangle;)V+150
j  com.sun.javafx.sg.prism.CacheFilter.render(Lcom/sun/prism/Graphics;)V+344
j  com.sun.javafx.sg.prism.NGNode.renderCached(Lcom/sun/prism/Graphics;)V+31
J 2128 C1 com.sun.javafx.sg.prism.NGNode.doRender(Lcom/sun/prism/Graphics;)V (473 bytes) @ 0x0000000002cdfb84 [0x0000000002cde260+0x1924]
J 2108 C1 com.sun.javafx.sg.prism.NGNode.render(Lcom/sun/prism/Graphics;)V (38 bytes) @ 0x0000000002cd45c4 [0x0000000002cd4340+0x284]
J 2181 C1 com.sun.javafx.sg.prism.NGGroup.renderContent(Lcom/sun/prism/Graphics;)V (436 bytes) @ 0x0000000002cf70bc [0x0000000002cf5ca0+0x141c]
J 2239 C1 com.sun.javafx.sg.prism.NGRegion.renderContent(Lcom/sun/prism/Graphics;)V (115 bytes) @ 0x0000000002d24b74 [0x0000000002d23680+0x14f4]
J 2128 C1 com.sun.javafx.sg.prism.NGNode.doRender(Lcom/sun/prism/Graphics;)V (473 bytes) @ 0x0000000002ce015c [0x0000000002cde260+0x1efc]
J 2108 C1 com.sun.javafx.sg.prism.NGNode.render(Lcom/sun/prism/Graphics;)V (38 bytes) @ 0x0000000002cd45c4 [0x0000000002cd4340+0x284]
J 2181 C1 com.sun.javafx.sg.prism.NGGroup.renderContent(Lcom/sun/prism/Graphics;)V (436 bytes) @ 0x0000000002cf70bc [0x0000000002cf5ca0+0x141c]
J 2239 C1 com.sun.javafx.sg.prism.NGRegion.renderContent(Lcom/sun/prism/Graphics;)V (115 bytes) @ 0x0000000002d24b74 [0x0000000002d23680+0x14f4]
J 2128 C1 com.sun.javafx.sg.prism.NGNode.doRender(Lcom/sun/prism/Graphics;)V (473 bytes) @ 0x0000000002ce015c [0x0000000002cde260+0x1efc]
J 2108 C1 com.sun.javafx.sg.prism.NGNode.render(Lcom/sun/prism/Graphics;)V (38 bytes) @ 0x0000000002cd45c4 [0x0000000002cd4340+0x284]
J 2181 C1 com.sun.javafx.sg.prism.NGGroup.renderContent(Lcom/sun/prism/Graphics;)V (436 bytes) @ 0x0000000002cf70bc [0x0000000002cf5ca0+0x141c]
J 2239 C1 com.sun.javafx.sg.prism.NGRegion.renderContent(Lcom/sun/prism/Graphics;)V (115 bytes) @ 0x0000000002d24b74 [0x0000000002d23680+0x14f4]
J 2472 C1 com.sun.javafx.sg.prism.NGNode.renderRectClip(Lcom/sun/prism/Graphics;Lcom/sun/javafx/sg/prism/NGRectangle;)V (122 bytes) @ 0x0000000002decdc4 [0x0000000002debce0+0x10e4]
J 2386 C1 com.sun.javafx.sg.prism.NGNode.renderClip(Lcom/sun/prism/Graphics;)V (473 bytes) @ 0x0000000002db107c [0x0000000002dac3e0+0x4c9c]
J 2128 C1 com.sun.javafx.sg.prism.NGNode.doRender(Lcom/sun/prism/Graphics;)V (473 bytes) @ 0x0000000002cdfdfc [0x0000000002cde260+0x1b9c]
J 2108 C1 com.sun.javafx.sg.prism.NGNode.render(Lcom/sun/prism/Graphics;)V (38 bytes) @ 0x0000000002cd45c4 [0x0000000002cd4340+0x284]
J 2181 C1 com.sun.javafx.sg.prism.NGGroup.renderContent(Lcom/sun/prism/Graphics;)V (436 bytes) @ 0x0000000002cf70bc [0x0000000002cf5ca0+0x141c]
J 2239 C1 com.sun.javafx.sg.prism.NGRegion.renderContent(Lcom/sun/prism/Graphics;)V (115 bytes) @ 0x0000000002d24b74 [0x0000000002d23680+0x14f4]
J 2472 C1 com.sun.javafx.sg.prism.NGNode.renderRectClip(Lcom/sun/prism/Graphics;Lcom/sun/javafx/sg/prism/NGRectangle;)V (122 bytes) @ 0x0000000002decdc4 [0x0000000002debce0+0x10e4]
J 2386 C1 com.sun.javafx.sg.prism.NGNode.renderClip(Lcom/sun/prism/Graphics;)V (473 bytes) @ 0x0000000002db107c [0x0000000002dac3e0+0x4c9c]
J 2128 C1 com.sun.javafx.sg.prism.NGNode.doRender(Lcom/sun/prism/Graphics;)V (473 bytes) @ 0x0000000002cdfdfc [0x0000000002cde260+0x1b9c]
J 2108 C1 com.sun.javafx.sg.prism.NGNode.render(Lcom/sun/prism/Graphics;)V (38 bytes) @ 0x0000000002cd45c4 [0x0000000002cd4340+0x284]
J 2181 C1 com.sun.javafx.sg.prism.NGGroup.renderContent(Lcom/sun/prism/Graphics;)V (436 bytes) @ 0x0000000002cf70bc [0x0000000002cf5ca0+0x141c]
J 2239 C1 com.sun.javafx.sg.prism.NGRegion.renderContent(Lcom/sun/prism/Graphics;)V (115 bytes) @ 0x0000000002d24b74 [0x0000000002d23680+0x14f4]
J 2128 C1 com.sun.javafx.sg.prism.NGNode.doRender(Lcom/sun/prism/Graphics;)V (473 bytes) @ 0x0000000002ce015c [0x0000000002cde260+0x1efc]
J 2108 C1 com.sun.javafx.sg.prism.NGNode.render(Lcom/sun/prism/Graphics;)V (38 bytes) @ 0x0000000002cd45c4 [0x0000000002cd4340+0x284]
J 2181 C1 com.sun.javafx.sg.prism.NGGroup.renderContent(Lcom/sun/prism/Graphics;)V (436 bytes) @ 0x0000000002cf70bc [0x0000000002cf5ca0+0x141c]
J 2239 C1 com.sun.javafx.sg.prism.NGRegion.renderContent(Lcom/sun/prism/Graphics;)V (115 bytes) @ 0x0000000002d24b74 [0x0000000002d23680+0x14f4]
J 2128 C1 com.sun.javafx.sg.prism.NGNode.doRender(Lcom/sun/prism/Graphics;)V (473 bytes) @ 0x0000000002ce015c [0x0000000002cde260+0x1efc]
J 2108 C1 com.sun.javafx.sg.prism.NGNode.render(Lcom/sun/prism/Graphics;)V (38 bytes) @ 0x0000000002cd45c4 [0x0000000002cd4340+0x284]
j  com.sun.javafx.tk.quantum.ViewPainter.doPaint(Lcom/sun/prism/Graphics;Lcom/sun/javafx/sg/prism/NodePath;)V+201
j  com.sun.javafx.tk.quantum.ViewPainter.paintImpl(Lcom/sun/prism/Graphics;)V+953
j  com.sun.javafx.tk.quantum.PresentingPainter.run()V+326
j  java.util.concurrent.Executors$RunnableAdapter.call()Ljava/lang/Object;+4
j  java.util.concurrent.FutureTask.runAndReset()Z+47
j  com.sun.javafx.tk.RenderJob.run()V+1
j  java.util.concurrent.ThreadPoolExecutor.runWorker(Ljava/util/concurrent/ThreadPoolExecutor$Worker;)V+95
j  java.util.concurrent.ThreadPoolExecutor$Worker.run()V+5
j  com.sun.javafx.tk.quantum.QuantumRenderer$PipelineRunnable.run()V+8
j  java.lang.Thread.run()V+11
v  ~StubRoutines::call_stub

---------------  P R O C E S S  ---------------

Java Threads: ( => current thread )
  0x000000001d608800 JavaThread "Media Resource Disposer" daemon [_thread_blocked, id=5112, stack(0x00000000375d0000,0x00000000376d0000)]
  0x00000000231ad000 JavaThread "JFXMedia Player EventQueueThread" daemon [_thread_blocked, id=3100, stack(0x0000000035030000,0x0000000035130000)]
  0x0000000023111800 JavaThread "Prism Font Disposer" daemon [_thread_blocked, id=1156, stack(0x0000000025370000,0x0000000025470000)]
  0x0000000022bb7000 JavaThread "JavaFX-Launcher" [_thread_blocked, id=4524, stack(0x0000000023480000,0x0000000023580000)]
  0x0000000022bb6000 JavaThread "Thread-2" daemon [_thread_in_native, id=2924, stack(0x0000000023380000,0x0000000023480000)]
  0x000000001d7d8000 JavaThread "JavaFX Application Thread" [_thread_in_Java, id=5488, stack(0x000000001e7a0000,0x000000001e8a0000)]
  0x000000001d7d7800 JavaThread "Thread-1" daemon [_thread_blocked, id=7060, stack(0x000000001e6a0000,0x000000001e7a0000)]
=>0x000000001d78a800 JavaThread "QuantumRenderer-0" daemon [_thread_in_native, id=896, stack(0x000000001de60000,0x000000001df60000)]
  0x000000001d3f7000 JavaThread "Service Thread" daemon [_thread_blocked, id=4896, stack(0x000000001d9f0000,0x000000001daf0000)]
  0x000000001d3f2800 JavaThread "C1 CompilerThread2" daemon [_thread_blocked, id=6600, stack(0x000000001d8f0000,0x000000001d9f0000)]
  0x000000001bcfd800 JavaThread "C2 CompilerThread1" daemon [_thread_blocked, id=1384, stack(0x000000001d7f0000,0x000000001d8f0000)]
  0x000000001bca0000 JavaThread "C2 CompilerThread0" daemon [_thread_blocked, id=5212, stack(0x000000001d2f0000,0x000000001d3f0000)]
  0x000000001bc9e000 JavaThread "Attach Listener" daemon [_thread_blocked, id=444, stack(0x000000001d1f0000,0x000000001d2f0000)]
  0x000000001bc9c800 JavaThread "Signal Dispatcher" daemon [_thread_blocked, id=6068, stack(0x000000001d0f0000,0x000000001d1f0000)]
  0x000000001bc8a800 JavaThread "Finalizer" daemon [_thread_blocked, id=1132, stack(0x000000001cf00000,0x000000001d000000)]
  0x000000001bc68800 JavaThread "Reference Handler" daemon [_thread_blocked, id=2680, stack(0x000000001ce00000,0x000000001cf00000)]
  0x0000000002551800 JavaThread "main" [_thread_blocked, id=8568, stack(0x0000000002450000,0x0000000002550000)]

Other Threads:
  0x000000001bc67000 VMThread [stack: 0x000000001cd00000,0x000000001ce00000] [id=7648]
  0x000000001d3f9800 WatcherThread [stack: 0x000000001daf0000,0x000000001dbf0000] [id=956]

VM state:not at safepoint (normal execution)

VM Mutex/Monitor currently owned by a thread: None

Heap:
 PSYoungGen      total 927232K, used 437494K [0x000000076b200000, 0x00000007c0000000, 0x00000007c0000000)
  eden space 463872K, 94% used [0x000000076b200000,0x0000000785d3db00,0x0000000787700000)
  from space 463360K, 0% used [0x00000007a3b80000,0x00000007a3b80000,0x00000007c0000000)
  to   space 463360K, 0% used [0x0000000787700000,0x0000000787700000,0x00000007a3b80000)
 ParOldGen       total 2781184K, used 2781036K [0x00000006c1600000, 0x000000076b200000, 0x000000076b200000)
  object space 2781184K, 99% used [0x00000006c1600000,0x000000076b1db140,0x000000076b200000)
 Metaspace       used 21639K, capacity 22818K, committed 23168K, reserved 1069056K
  class space    used 3118K, capacity 3384K, committed 3456K, reserved 1048576K

Card table byte_map: [0x0000000011a10000,0x0000000012210000] byte_map_base: 0x000000000e405000

Marking Bits: (ParMarkBitMap*) 0x00000000672ef860
 Begin Bits: [0x0000000012b60000, 0x0000000016b08000)
 End Bits:   [0x0000000016b08000, 0x000000001aab0000)

Polling page: 0x00000000022f0000

CodeCache: size=245760Kb used=12790Kb max_used=12803Kb free=232969Kb
 bounds [0x0000000002650000, 0x00000000032e0000, 0x0000000011650000]
 total_blobs=4307 nmethods=3603 adapters=616
 compilation: enabled

Compilation events (10 events):
Event: 92.538 Thread 0x000000001d3f2800 3647 %     3       com.sun.prism.impl.shape.OpenPiscesPrismUtils::feedConsumer @ 5 (156 bytes)
Event: 92.539 Thread 0x000000001d3f2800 nmethod 3647% 0x00000000032d1150 code [0x00000000032d13a0, 0x00000000032d21c8]
Event: 92.542 Thread 0x000000001d3f2800 3648       3       com.sun.prism.impl.shape.OpenPiscesPrismUtils::feedConsumer (156 bytes)
Event: 92.543 Thread 0x000000001d3f2800 nmethod 3648 0x00000000032cfe10 code [0x00000000032d0020, 0x00000000032d0be8]
Event: 92.559 Thread 0x000000001d3f2800 3649       1       com.sun.prism.BasicStroke::getType (5 bytes)
Event: 92.559 Thread 0x000000001d3f2800 nmethod 3649 0x0000000003260890 code [0x00000000032609e0, 0x0000000003260af0]
Event: 96.789 Thread 0x000000001bcfd800 3650       4       com.sun.openpisces.Stroker::emitCurveTo (45 bytes)
Event: 96.796 Thread 0x000000001bcfd800 nmethod 3650 0x00000000032da850 code [0x00000000032da9e0, 0x00000000032db538]
Event: 96.852 Thread 0x000000001bca0000 3651       4       com.sun.openpisces.Stroker::drawBezApproxForArc (149 bytes)
Event: 96.853 Thread 0x000000001bca0000 nmethod 3651 0x00000000032ccb50 code [0x00000000032ccce0, 0x00000000032cce08]

GC Heap History (10 events):
Event: 84.809 GC heap before
{Heap before GC invocations=39 (full 16):
 PSYoungGen      total 927232K, used 463872K [0x000000076b200000, 0x00000007c0000000, 0x00000007c0000000)
  eden space 463872K, 100% used [0x000000076b200000,0x0000000787700000,0x0000000787700000)
  from space 463360K, 0% used [0x00000007a3b80000,0x00000007a3b80000,0x00000007c0000000)
  to   space 463360K, 0% used [0x0000000787700000,0x0000000787700000,0x00000007a3b80000)
 ParOldGen       total 2781184K, used 2045113K [0x00000006c1600000, 0x000000076b200000, 0x000000076b200000)
  object space 2781184K, 73% used [0x00000006c1600000,0x000000073e32e460,0x000000076b200000)
 Metaspace       used 21511K, capacity 22656K, committed 22912K, reserved 1069056K
  class space    used 3103K, capacity 3375K, committed 3456K, reserved 1048576K
Event: 85.225 GC heap after
Heap after GC invocations=39 (full 16):
 PSYoungGen      total 927232K, used 455153K [0x000000076b200000, 0x00000007c0000000, 0x00000007c0000000)
  eden space 463872K, 0% used [0x000000076b200000,0x000000076b200000,0x0000000787700000)
  from space 463360K, 98% used [0x0000000787700000,0x00000007a337c438,0x00000007a3b80000)
  to   space 463360K, 0% used [0x00000007a3b80000,0x00000007a3b80000,0x00000007c0000000)
 ParOldGen       total 2781184K, used 2045113K [0x00000006c1600000, 0x000000076b200000, 0x000000076b200000)
  object space 2781184K, 73% used [0x00000006c1600000,0x000000073e32e460,0x000000076b200000)
 Metaspace       used 21511K, capacity 22656K, committed 22912K, reserved 1069056K
  class space    used 3103K, capacity 3375K, committed 3456K, reserved 1048576K
}
Event: 85.807 GC heap before
{Heap before GC invocations=40 (full 16):
 PSYoungGen      total 927232K, used 919025K [0x000000076b200000, 0x00000007c0000000, 0x00000007c0000000)
  eden space 463872K, 100% used [0x000000076b200000,0x0000000787700000,0x0000000787700000)
  from space 463360K, 98% used [0x0000000787700000,0x00000007a337c438,0x00000007a3b80000)
  to   space 463360K, 0% used [0x00000007a3b80000,0x00000007a3b80000,0x00000007c0000000)
 ParOldGen       total 2781184K, used 2045113K [0x00000006c1600000, 0x000000076b200000, 0x000000076b200000)
  object space 2781184K, 73% used [0x00000006c1600000,0x000000073e32e460,0x000000076b200000)
 Metaspace       used 21511K, capacity 22656K, committed 22912K, reserved 1069056K
  class space    used 3103K, capacity 3375K, committed 3456K, reserved 1048576K
Event: 86.664 GC heap after
Heap after GC invocations=40 (full 16):
 PSYoungGen      total 927232K, used 463353K [0x000000076b200000, 0x00000007c0000000, 0x00000007c0000000)
  eden space 463872K, 0% used [0x000000076b200000,0x000000076b200000,0x0000000787700000)
  from space 463360K, 99% used [0x00000007a3b80000,0x00000007bfffe650,0x00000007c0000000)
  to   space 463360K, 0% used [0x0000000787700000,0x0000000787700000,0x00000007a3b80000)
 ParOldGen       total 2781184K, used 2488857K [0x00000006c1600000, 0x000000076b200000, 0x000000076b200000)
  object space 2781184K, 89% used [0x00000006c1600000,0x0000000759486460,0x000000076b200000)
 Metaspace       used 21511K, capacity 22656K, committed 22912K, reserved 1069056K
  class space    used 3103K, capacity 3375K, committed 3456K, reserved 1048576K
}
Event: 86.664 GC heap before
{Heap before GC invocations=41 (full 17):
 PSYoungGen      total 927232K, used 463353K [0x000000076b200000, 0x00000007c0000000, 0x00000007c0000000)
  eden space 463872K, 0% used [0x000000076b200000,0x000000076b200000,0x0000000787700000)
  from space 463360K, 99% used [0x00000007a3b80000,0x00000007bfffe650,0x00000007c0000000)
  to   space 463360K, 0% used [0x0000000787700000,0x0000000787700000,0x00000007a3b80000)
 ParOldGen       total 2781184K, used 2488857K [0x00000006c1600000, 0x000000076b200000, 0x000000076b200000)
  object space 2781184K, 89% used [0x00000006c1600000,0x0000000759486460,0x000000076b200000)
 Metaspace       used 21511K, capacity 22656K, committed 22912K, reserved 1069056K
  class space    used 3103K, capacity 3375K, committed 3456K, reserved 1048576K
Event: 92.019 GC heap after
Heap after GC invocations=41 (full 17):
 PSYoungGen      total 927232K, used 162129K [0x000000076b200000, 0x00000007c0000000, 0x00000007c0000000)
  eden space 463872K, 0% used [0x000000076b200000,0x000000076b200000,0x0000000787700000)
  from space 463360K, 34% used [0x00000007a3b80000,0x00000007ad9d47e0,0x00000007c0000000)
  to   space 463360K, 0% used [0x0000000787700000,0x0000000787700000,0x00000007a3b80000)
 ParOldGen       total 2781184K, used 2780843K [0x00000006c1600000, 0x000000076b200000, 0x000000076b200000)
  object space 2781184K, 99% used [0x00000006c1600000,0x000000076b1aad48,0x000000076b200000)
 Metaspace       used 21511K, capacity 22656K, committed 22912K, reserved 1069056K
  class space    used 3103K, capacity 3375K, committed 3456K, reserved 1048576K
}
Event: 93.168 GC heap before
{Heap before GC invocations=42 (full 18):
 PSYoungGen      total 927232K, used 625848K [0x000000076b200000, 0x00000007c0000000, 0x00000007c0000000)
  eden space 463872K, 99% used [0x000000076b200000,0x00000007876d9b98,0x0000000787700000)
  from space 463360K, 34% used [0x00000007a3b80000,0x00000007ad9d47e0,0x00000007c0000000)
  to   space 463360K, 0% used [0x0000000787700000,0x0000000787700000,0x00000007a3b80000)
 ParOldGen       total 2781184K, used 2780843K [0x00000006c1600000, 0x000000076b200000, 0x000000076b200000)
  object space 2781184K, 99% used [0x00000006c1600000,0x000000076b1aad48,0x000000076b200000)
 Metaspace       used 21639K, capacity 22818K, committed 23168K, reserved 1069056K
  class space    used 3118K, capacity 3384K, committed 3456K, reserved 1048576K
Event: 96.770 GC heap after
Heap after GC invocations=42 (full 18):
 PSYoungGen      total 927232K, used 270972K [0x000000076b200000, 0x00000007c0000000, 0x00000007c0000000)
  eden space 463872K, 58% used [0x000000076b200000,0x000000077ba9f2c0,0x0000000787700000)
  from space 463360K, 0% used [0x00000007a3b80000,0x00000007a3b80000,0x00000007c0000000)
  to   space 463360K, 0% used [0x0000000787700000,0x0000000787700000,0x00000007a3b80000)
 ParOldGen       total 2781184K, used 2781036K [0x00000006c1600000, 0x000000076b200000, 0x000000076b200000)
  object space 2781184K, 99% used [0x00000006c1600000,0x000000076b1db1f8,0x000000076b200000)
 Metaspace       used 21639K, capacity 22818K, committed 23168K, reserved 1069056K
  class space    used 3118K, capacity 3384K, committed 3456K, reserved 1048576K
}
Event: 96.854 GC heap before
{Heap before GC invocations=43 (full 19):
 PSYoungGen      total 927232K, used 462642K [0x000000076b200000, 0x00000007c0000000, 0x00000007c0000000)
  eden space 463872K, 99% used [0x000000076b200000,0x00000007875cc960,0x0000000787700000)
  from space 463360K, 0% used [0x00000007a3b80000,0x00000007a3b80000,0x00000007c0000000)
  to   space 463360K, 0% used [0x0000000787700000,0x0000000787700000,0x00000007a3b80000)
 ParOldGen       total 2781184K, used 2781036K [0x00000006c1600000, 0x000000076b200000, 0x000000076b200000)
  object space 2781184K, 99% used [0x00000006c1600000,0x000000076b1db1f8,0x000000076b200000)
 Metaspace       used 21639K, capacity 22818K, committed 23168K, reserved 1069056K
  class space    used 3118K, capacity 3384K, committed 3456K, reserved 1048576K
Event: 100.055 GC heap after
Heap after GC invocations=43 (full 19):
 PSYoungGen      total 927232K, used 273810K [0x000000076b200000, 0x00000007c0000000, 0x00000007c0000000)
  eden space 463872K, 59% used [0x000000076b200000,0x000000077bd64990,0x0000000787700000)
  from space 463360K, 0% used [0x00000007a3b80000,0x00000007a3b80000,0x00000007c0000000)
  to   space 463360K, 0% used [0x0000000787700000,0x0000000787700000,0x00000007a3b80000)
 ParOldGen       total 2781184K, used 2781036K [0x00000006c1600000, 0x000000076b200000, 0x000000076b200000)
  object space 2781184K, 99% used [0x00000006c1600000,0x000000076b1db140,0x000000076b200000)
 Metaspace       used 21639K, capacity 22818K, committed 23168K, reserved 1069056K
  class space    used 3118K, capacity 3384K, committed 3456K, reserved 1048576K
}

Deoptimization events (10 events):
Event: 92.424 Thread 0x000000001d7d8000 Uncommon trap: reason=unstable_if action=reinterpret pc=0x0000000002e3af4c method=java.util.WeakHashMap.expungeStaleEntries()V @ 9
Event: 92.424 Thread 0x000000001d7d8000 Uncommon trap: reason=bimorphic action=maybe_recompile pc=0x000000000319e794 method=java.util.TimSort.countRunAndMakeAscending([Ljava/lang/Object;IILjava/util/Comparator;)I @ 43
Event: 92.425 Thread 0x000000001d7d8000 Uncommon trap: reason=bimorphic action=maybe_recompile pc=0x000000000319e794 method=java.util.TimSort.countRunAndMakeAscending([Ljava/lang/Object;IILjava/util/Comparator;)I @ 43
Event: 92.426 Thread 0x000000001d7d8000 Uncommon trap: reason=unstable_if action=reinterpret pc=0x000000000317e8a4 method=com.sun.javafx.text.PrismTextLayout.initCache()V @ 29
Event: 92.426 Thread 0x000000001d7d8000 Uncommon trap: reason=unstable_if action=reinterpret pc=0x00000000030ca124 method=com.sun.javafx.text.PrismTextLayout.shape(Lcom/sun/javafx/text/TextRun;[CLcom/sun/javafx/text/GlyphLayout;)V @ 487
Event: 92.426 Thread 0x000000001d7d8000 Uncommon trap: reason=unstable_if action=reinterpret pc=0x00000000030ce910 method=sun.text.bidi.BidiBase.getDirProps()V @ 204
Event: 92.427 Thread 0x000000001d7d8000 Uncommon trap: reason=unstable_if action=reinterpret pc=0x0000000003226080 method=javafx.scene.Node$11.invalidated()V @ 16
Event: 92.428 Thread 0x000000001d7d8000 Uncommon trap: reason=null_check action=make_not_entrant pc=0x0000000002768f28 method=javafx.scene.Node$MiscProperties.getClip()Ljavafx/scene/Node; @ 20
Event: 92.460 Thread 0x000000001d7d8000 Uncommon trap: reason=unstable_if action=reinterpret pc=0x000000000311750c method=com.sun.javafx.geom.Path2D.needRoom(ZI)V @ 104
Event: 92.460 Thread 0x000000001d7d8000 Uncommon trap: reason=unstable_if action=reinterpret pc=0x00000000030f64f8 method=com.sun.javafx.geom.Path2D.needRoom(ZI)V @ 57

Classes redefined (0 events):
No events

Internal exceptions (10 events):
Event: 0.985 Thread 0x000000001d7d8000 Exception <a 'java/lang/ArrayIndexOutOfBoundsException': 70> (0x000000076c4ac680) thrown at [C:\re\workspace\8-2-build-windows-amd64-cygwin\jdk8u161\10277\hotspot\src\share\vm\interpreter\interpreterRuntime.cpp, line 366]
Event: 0.986 Thread 0x000000001d7d8000 Exception <a 'java/lang/ArrayIndexOutOfBoundsException': 66> (0x000000076c4b5e88) thrown at [C:\re\workspace\8-2-build-windows-amd64-cygwin\jdk8u161\10277\hotspot\src\share\vm\interpreter\interpreterRuntime.cpp, line 366]
Event: 1.428 Thread 0x000000001d7d8000 Implicit null exception at 0x0000000002b5362b to 0x0000000002b53f59
Event: 9.097 Thread 0x000000001d7d8000 Implicit null exception at 0x0000000002914f57 to 0x000000000291534d
Event: 9.097 Thread 0x000000001d7d8000 Implicit null exception at 0x00000000028634d6 to 0x0000000002863879
Event: 9.108 Thread 0x000000001d7d8000 Exception <a 'java/lang/NullPointerException'> (0x000000076b2aa6b0) thrown at [C:\re\workspace\8-2-build-windows-amd64-cygwin\jdk8u161\10277\hotspot\src\share\vm\interpreter\linkResolver.cpp, line 1287]
Event: 38.631 Thread 0x000000001d7d8000 Implicit null exception at 0x000000000311d030 to 0x000000000311d591
Event: 38.918 Thread 0x000000001d7d8000 Implicit null exception at 0x0000000003114dc8 to 0x00000000031152c1
Event: 92.427 Thread 0x000000001d7d8000 Implicit null exception at 0x0000000003225868 to 0x0000000003226073
Event: 92.428 Thread 0x000000001d7d8000 Implicit null exception at 0x00000000027681da to 0x0000000002768f0d

Events (10 events):
Event: 92.460 Thread 0x000000001d7d8000 DEOPT UNPACKING pc=0x000000000269583b sp=0x000000001e89b900 mode 2
Event: 92.460 Thread 0x000000001d7d8000 Uncommon trap: trap_request=0xffffff65 fr.pc=0x00000000030f64f8
Event: 92.460 Thread 0x000000001d7d8000 DEOPT PACKING pc=0x00000000030f64f8 sp=0x000000001e89b870
Event: 92.460 Thread 0x000000001d7d8000 DEOPT UNPACKING pc=0x000000000269583b sp=0x000000001e89b810 mode 2
Event: 92.584 Executing VM operation: ParallelGCFailedAllocation
Event: 92.584 Executing VM operation: ParallelGCFailedAllocation done
Event: 93.168 Executing VM operation: ParallelGCSystemGC
Event: 96.770 Executing VM operation: ParallelGCSystemGC done
Event: 96.854 Executing VM operation: ParallelGCFailedAllocation
Event: 100.055 Executing VM operation: ParallelGCFailedAllocation done


Dynamic libraries:
0x00007ff68eee0000 - 0x00007ff68ef17000 	C:\Program Files\Java\jdk1.8.0_161\jre\bin\java.exe
0x00007ff8d1150000 - 0x00007ff8d1322000 	C:\Windows\SYSTEM32\ntdll.dll
0x00007ff8cefc0000 - 0x00007ff8cf06c000 	C:\Windows\System32\KERNEL32.DLL
0x00007ff8ce4c0000 - 0x00007ff8ce6dd000 	C:\Windows\System32\KERNELBASE.dll
0x00007ff8cebd0000 - 0x00007ff8cec72000 	C:\Windows\System32\ADVAPI32.dll
0x00007ff8d0a20000 - 0x00007ff8d0abe000 	C:\Windows\System32\msvcrt.dll
0x00007ff8d1050000 - 0x00007ff8d10a9000 	C:\Windows\System32\sechost.dll
0x00007ff8d08e0000 - 0x00007ff8d0a01000 	C:\Windows\System32\RPCRT4.dll
0x00007ff8d0ee0000 - 0x00007ff8d1045000 	C:\Windows\System32\USER32.dll
0x00007ff8cdca0000 - 0x00007ff8cdcbe000 	C:\Windows\System32\win32u.dll
0x00007ff8d0b20000 - 0x00007ff8d0b54000 	C:\Windows\System32\GDI32.dll
0x00007ff8cd650000 - 0x00007ff8cd7d0000 	C:\Windows\System32\gdi32full.dll
0x00007ff8c5440000 - 0x00007ff8c56ba000 	C:\Windows\WinSxS\amd64_microsoft.windows.common-controls_6595b64144ccf1df_6.0.14393.953_none_42151e83c686086b\COMCTL32.dll
0x00007ff8d0b60000 - 0x00007ff8d0e28000 	C:\Windows\System32\combase.dll
0x00007ff8cd7d0000 - 0x00007ff8cd8c5000 	C:\Windows\System32\ucrtbase.dll
0x00007ff8cdcc0000 - 0x00007ff8cdd2a000 	C:\Windows\System32\bcryptPrimitives.dll
0x00007ff8d10b0000 - 0x00007ff8d10de000 	C:\Windows\System32\IMM32.DLL
0x00000000669f0000 - 0x0000000066ac2000 	C:\Program Files\Java\jdk1.8.0_161\jre\bin\msvcr100.dll
0x0000000066ad0000 - 0x000000006736f000 	C:\Program Files\Java\jdk1.8.0_161\jre\bin\server\jvm.dll
0x00007ff8d0e30000 - 0x00007ff8d0e38000 	C:\Windows\System32\PSAPI.DLL
0x00007ff8c6c80000 - 0x00007ff8c6c89000 	C:\Windows\SYSTEM32\WSOCK32.dll
0x00007ff8cb4b0000 - 0x00007ff8cb4d3000 	C:\Windows\SYSTEM32\WINMM.dll
0x00007ff8ca1e0000 - 0x00007ff8ca1ea000 	C:\Windows\SYSTEM32\VERSION.dll
0x00007ff8d10e0000 - 0x00007ff8d114a000 	C:\Windows\System32\WS2_32.dll
0x0000000002290000 - 0x00000000022bb000 	C:\Windows\SYSTEM32\WINMMBASE.dll
0x00007ff8cd8d0000 - 0x00007ff8cd912000 	C:\Windows\System32\cfgmgr32.dll
0x00000000669a0000 - 0x00000000669af000 	C:\Program Files\Java\jdk1.8.0_161\jre\bin\verify.dll
0x0000000066970000 - 0x0000000066999000 	C:\Program Files\Java\jdk1.8.0_161\jre\bin\java.dll
0x0000000066950000 - 0x0000000066966000 	C:\Program Files\Java\jdk1.8.0_161\jre\bin\zip.dll
0x00007ff8cf0f0000 - 0x00007ff8d05f9000 	C:\Windows\System32\SHELL32.dll
0x00007ff8cdd30000 - 0x00007ff8ce409000 	C:\Windows\System32\windows.storage.dll
0x00007ff8cd600000 - 0x00007ff8cd64c000 	C:\Windows\System32\powrprof.dll
0x00007ff8cf070000 - 0x00007ff8cf0c2000 	C:\Windows\System32\shlwapi.dll
0x00007ff8cd5f0000 - 0x00007ff8cd5ff000 	C:\Windows\System32\kernel.appcore.dll
0x00007ff8ce410000 - 0x00007ff8ce4b9000 	C:\Windows\System32\shcore.dll
0x00007ff8cd5d0000 - 0x00007ff8cd5e4000 	C:\Windows\System32\profapi.dll
0x0000000002330000 - 0x0000000002333000 	C:\Program Files\Java\jdk1.8.0_161\jre\bin\api-ms-win-core-console-l1-1-0.dll
0x000000001dbf0000 - 0x000000001dbf3000 	C:\Program Files\Java\jdk1.8.0_161\jre\bin\api-ms-win-core-datetime-l1-1-0.dll
0x000000001dc00000 - 0x000000001dc03000 	C:\Program Files\Java\jdk1.8.0_161\jre\bin\api-ms-win-core-debug-l1-1-0.dll
0x000000001dc10000 - 0x000000001dc13000 	C:\Program Files\Java\jdk1.8.0_161\jre\bin\api-ms-win-core-errorhandling-l1-1-0.dll
0x000000001dc20000 - 0x000000001dc24000 	C:\Program Files\Java\jdk1.8.0_161\jre\bin\api-ms-win-core-file-l1-1-0.dll
0x000000001dc30000 - 0x000000001dc33000 	C:\Program Files\Java\jdk1.8.0_161\jre\bin\api-ms-win-core-file-l1-2-0.dll
0x000000001dc40000 - 0x000000001dc43000 	C:\Program Files\Java\jdk1.8.0_161\jre\bin\api-ms-win-core-file-l2-1-0.dll
0x000000001dc50000 - 0x000000001dc53000 	C:\Program Files\Java\jdk1.8.0_161\jre\bin\api-ms-win-core-handle-l1-1-0.dll
0x000000001dc60000 - 0x000000001dc63000 	C:\Program Files\Java\jdk1.8.0_161\jre\bin\api-ms-win-core-heap-l1-1-0.dll
0x000000001dc70000 - 0x000000001dc73000 	C:\Program Files\Java\jdk1.8.0_161\jre\bin\api-ms-win-core-interlocked-l1-1-0.dll
0x000000001dc80000 - 0x000000001dc83000 	C:\Program Files\Java\jdk1.8.0_161\jre\bin\api-ms-win-core-libraryloader-l1-1-0.dll
0x000000001dc90000 - 0x000000001dc93000 	C:\Program Files\Java\jdk1.8.0_161\jre\bin\api-ms-win-core-localization-l1-2-0.dll
0x000000001dca0000 - 0x000000001dca3000 	C:\Program Files\Java\jdk1.8.0_161\jre\bin\api-ms-win-core-memory-l1-1-0.dll
0x000000001dcb0000 - 0x000000001dcb3000 	C:\Program Files\Java\jdk1.8.0_161\jre\bin\api-ms-win-core-namedpipe-l1-1-0.dll
0x000000001dcc0000 - 0x000000001dcc3000 	C:\Program Files\Java\jdk1.8.0_161\jre\bin\api-ms-win-core-processenvironment-l1-1-0.dll
0x000000001dcd0000 - 0x000000001dcd3000 	C:\Program Files\Java\jdk1.8.0_161\jre\bin\api-ms-win-core-processthreads-l1-1-0.dll
0x000000001dce0000 - 0x000000001dce3000 	C:\Program Files\Java\jdk1.8.0_161\jre\bin\api-ms-win-core-processthreads-l1-1-1.dll
0x000000001dcf0000 - 0x000000001dcf3000 	C:\Program Files\Java\jdk1.8.0_161\jre\bin\api-ms-win-core-profile-l1-1-0.dll
0x000000001dd00000 - 0x000000001dd03000 	C:\Program Files\Java\jdk1.8.0_161\jre\bin\api-ms-win-core-rtlsupport-l1-1-0.dll
0x000000001dd10000 - 0x000000001dd13000 	C:\Program Files\Java\jdk1.8.0_161\jre\bin\api-ms-win-core-string-l1-1-0.dll
0x000000001dd20000 - 0x000000001dd23000 	C:\Program Files\Java\jdk1.8.0_161\jre\bin\api-ms-win-core-synch-l1-1-0.dll
0x000000001dd30000 - 0x000000001dd33000 	C:\Program Files\Java\jdk1.8.0_161\jre\bin\api-ms-win-core-synch-l1-2-0.dll
0x000000001dd40000 - 0x000000001dd43000 	C:\Program Files\Java\jdk1.8.0_161\jre\bin\api-ms-win-core-sysinfo-l1-1-0.dll
0x000000001dd50000 - 0x000000001dd53000 	C:\Program Files\Java\jdk1.8.0_161\jre\bin\api-ms-win-core-timezone-l1-1-0.dll
0x000000001dd60000 - 0x000000001dd63000 	C:\Program Files\Java\jdk1.8.0_161\jre\bin\api-ms-win-core-util-l1-1-0.dll
0x000000001dd70000 - 0x000000001dd73000 	C:\Program Files\Java\jdk1.8.0_161\jre\bin\api-ms-win-crt-conio-l1-1-0.dll
0x000000001dd80000 - 0x000000001dd84000 	C:\Program Files\Java\jdk1.8.0_161\jre\bin\api-ms-win-crt-convert-l1-1-0.dll
0x000000001dd90000 - 0x000000001dd93000 	C:\Program Files\Java\jdk1.8.0_161\jre\bin\api-ms-win-crt-environment-l1-1-0.dll
0x000000001dda0000 - 0x000000001dda3000 	C:\Program Files\Java\jdk1.8.0_161\jre\bin\api-ms-win-crt-filesystem-l1-1-0.dll
0x000000001ddb0000 - 0x000000001ddb3000 	C:\Program Files\Java\jdk1.8.0_161\jre\bin\api-ms-win-crt-heap-l1-1-0.dll
0x000000001ddc0000 - 0x000000001ddc3000 	C:\Program Files\Java\jdk1.8.0_161\jre\bin\api-ms-win-crt-locale-l1-1-0.dll
0x000000001ddd0000 - 0x000000001ddd5000 	C:\Program Files\Java\jdk1.8.0_161\jre\bin\api-ms-win-crt-math-l1-1-0.dll
0x000000001dde0000 - 0x000000001dde5000 	C:\Program Files\Java\jdk1.8.0_161\jre\bin\api-ms-win-crt-multibyte-l1-1-0.dll
0x000000001ddf0000 - 0x000000001de00000 	C:\Program Files\Java\jdk1.8.0_161\jre\bin\api-ms-win-crt-private-l1-1-0.dll
0x000000001de00000 - 0x000000001de03000 	C:\Program Files\Java\jdk1.8.0_161\jre\bin\api-ms-win-crt-process-l1-1-0.dll
0x000000001de10000 - 0x000000001de14000 	C:\Program Files\Java\jdk1.8.0_161\jre\bin\api-ms-win-crt-runtime-l1-1-0.dll
0x000000001de20000 - 0x000000001de24000 	C:\Program Files\Java\jdk1.8.0_161\jre\bin\api-ms-win-crt-stdio-l1-1-0.dll
0x000000001de30000 - 0x000000001de34000 	C:\Program Files\Java\jdk1.8.0_161\jre\bin\api-ms-win-crt-string-l1-1-0.dll
0x000000001de40000 - 0x000000001de43000 	C:\Program Files\Java\jdk1.8.0_161\jre\bin\api-ms-win-crt-time-l1-1-0.dll
0x000000001de50000 - 0x000000001de53000 	C:\Program Files\Java\jdk1.8.0_161\jre\bin\api-ms-win-crt-utility-l1-1-0.dll
0x00007ff8b4740000 - 0x00007ff8b4836000 	C:\Program Files\Java\jdk1.8.0_161\jre\bin\ucrtbase.dll
0x00007ff8c39e0000 - 0x00007ff8c3a31000 	C:\Program Files\Java\jdk1.8.0_161\jre\bin\concrt140.dll
0x00007ff8b4430000 - 0x00007ff8b44cc000 	C:\Program Files\Java\jdk1.8.0_161\jre\bin\MSVCP140.dll
0x00007ff8cacb0000 - 0x00007ff8cacc6000 	C:\Program Files\Java\jdk1.8.0_161\jre\bin\VCRUNTIME140.dll
0x00000000636f0000 - 0x0000000063713000 	C:\Program Files\Java\jdk1.8.0_161\jre\bin\prism_d3d.dll
0x00007ff8b5c20000 - 0x00007ff8b5dad000 	C:\Windows\system32\d3d9.dll
0x00007ff8cb0a0000 - 0x00007ff8cb0c6000 	C:\Windows\SYSTEM32\dwmapi.dll
0x00007ff8cbde0000 - 0x00007ff8cbe75000 	C:\Windows\system32\uxtheme.dll
0x00007ff8c79d0000 - 0x00007ff8c7aba000 	C:\Windows\System32\DriverStore\FileRepository\nvle.inf_amd64_9c4e97493794db34\nvldumdx.dll
0x00007ff8cdad0000 - 0x00007ff8cdc99000 	C:\Windows\System32\crypt32.dll
0x00007ff8cd5c0000 - 0x00007ff8cd5d0000 	C:\Windows\System32\MSASN1.dll
0x00007ff8cda70000 - 0x00007ff8cdac5000 	C:\Windows\System32\WINTRUST.DLL
0x00007ff8cf0d0000 - 0x00007ff8cf0ec000 	C:\Windows\System32\imagehlp.dll
0x00007ff8cd090000 - 0x00007ff8cd0a7000 	C:\Windows\SYSTEM32\CRYPTSP.dll
0x00007ff8ccaf0000 - 0x00007ff8ccb23000 	C:\Windows\system32\rsaenh.dll
0x00007ff8cd1a0000 - 0x00007ff8cd1cb000 	C:\Windows\SYSTEM32\bcrypt.dll
0x00007ff8cd0b0000 - 0x00007ff8cd0bb000 	C:\Windows\SYSTEM32\CRYPTBASE.dll
0x00007ff89f340000 - 0x00007ff8a0516000 	C:\Windows\System32\DriverStore\FileRepository\nvle.inf_amd64_9c4e97493794db34\nvd3dumx.dll
0x00000000636a0000 - 0x00000000636e9000 	C:\Program Files\Java\jdk1.8.0_161\jre\bin\glass.dll
0x00007ff8cee50000 - 0x00007ff8cef4a000 	C:\Windows\System32\COMDLG32.dll
0x00007ff8d07a0000 - 0x00007ff8d08d8000 	C:\Windows\System32\ole32.dll
0x00007ff8ce6e0000 - 0x00007ff8ce79f000 	C:\Windows\System32\OLEAUT32.dll
0x00007ff8cd9d0000 - 0x00007ff8cda6c000 	C:\Windows\System32\msvcp_win.dll
0x00007ff8cec80000 - 0x00007ff8cedda000 	C:\Windows\System32\MSCTF.dll
0x00007ff8ba980000 - 0x00007ff8baa6b000 	C:\Program Files (x86)\NVIDIA Corporation\3D Vision\nvSCPAPI64.dll
0x00007ff8ce7a0000 - 0x00007ff8cebc9000 	C:\Windows\System32\SETUPAPI.dll
0x0000000063680000 - 0x0000000063694000 	C:\Program Files\Java\jdk1.8.0_161\jre\bin\javafx_font.dll
0x00007ff8c5cd0000 - 0x00007ff8c5f39000 	C:\Windows\SYSTEM32\dwrite.dll
0x00007ff8d0e40000 - 0x00007ff8d0edf000 	C:\Windows\System32\clbcatq.dll
0x00007ff8ca9e0000 - 0x00007ff8cab88000 	C:\Windows\SYSTEM32\WindowsCodecs.dll
0x00007ff8c0ce0000 - 0x00007ff8c0d29000 	C:\Windows\system32\dataexchange.dll
0x00007ff8c99b0000 - 0x00007ff8c9c66000 	C:\Windows\system32\d3d11.dll
0x00007ff8cb4e0000 - 0x00007ff8cb631000 	C:\Windows\system32\dcomp.dll
0x00007ff8cc660000 - 0x00007ff8cc6ff000 	C:\Windows\system32\dxgi.dll
0x00007ff8cc020000 - 0x00007ff8cc13c000 	C:\Windows\system32\twinapi.appcore.dll
0x00007ff8c84e0000 - 0x00007ff8c8512000 	C:\Program Files\Common Files\Microsoft Shared\Ink\rtscom.dll
0x0000000063660000 - 0x0000000063672000 	C:\Program Files\Java\jdk1.8.0_161\jre\bin\prism_common.dll
0x00007ff8c8de0000 - 0x00007ff8c933f000 	C:\Windows\SYSTEM32\d2d1.dll
0x00007ff8b41a0000 - 0x00007ff8b442d000 	C:\Windows\SYSTEM32\D3D10Warp.dll
0x00007ff8cae80000 - 0x00007ff8cb005000 	C:\Windows\system32\propsys.dll
0x00007ff8b7f30000 - 0x00007ff8b7fc8000 	C:\Program Files\Common Files\microsoft shared\ink\tiptsf.dll
0x00007ff8c9960000 - 0x00007ff8c99a2000 	C:\Windows\SYSTEM32\edputil.dll
0x00007ff8badb0000 - 0x00007ff8bb234000 	C:\Windows\system32\explorerframe.dll
0x00007ff8b52b0000 - 0x00007ff8b5458000 	C:\Windows\system32\DUI70.dll
0x00007ff8bbbd0000 - 0x00007ff8bbc64000 	C:\Windows\system32\DUser.dll
0x00007ff8bfd60000 - 0x00007ff8bfdb3000 	C:\Windows\System32\thumbcache.dll
0x00007ff8c6f10000 - 0x00007ff8c709a000 	C:\Windows\System32\Windows.Globalization.dll
0x00007ff8cb010000 - 0x00007ff8cb077000 	C:\Windows\System32\Bcp47Langs.dll
0x00007ff8cad40000 - 0x00007ff8cad6e000 	C:\Windows\SYSTEM32\globinputhost.dll
0x00007ff8c0d30000 - 0x00007ff8c0dd0000 	C:\Windows\System32\StructuredQuery.dll
0x00007ff8c7990000 - 0x00007ff8c7999000 	C:\Windows\SYSTEM32\atlthunk.dll
0x00007ff8c6e40000 - 0x00007ff8c6f0a000 	C:\Windows\system32\Windows.Storage.Search.dll

VM Arguments:
jvm_args: -Dfile.encoding=UTF-8 
java_command: C:\Users\AMW Design PC 4\Documents\NetBeansProjects\CheckButtonImage\dist\run763061763\CheckButtonImage.jar
java_class_path (initial): C:\Users\AMW Design PC 4\Documents\NetBeansProjects\CheckButtonImage\dist\run763061763\CheckButtonImage.jar
Launcher Type: SUN_STANDARD

Environment Variables:
JAVA_HOME=C:\Program Files\Java\jdk1.8.0_161
PATH=C:\ProgramData\Oracle\Java\javapath;C:\cygwin64\bin;C:\Users\AMW Design PC 4\AppData\Local\Microsoft\WindowsApps;C:\Users\AMW Design PC 4\AppData\Local\GitHubDesktop\bin
USERNAME=AMW Design PC 4
OS=Windows_NT
PROCESSOR_IDENTIFIER=Intel64 Family 6 Model 158 Stepping 9, GenuineIntel



---------------  S Y S T E M  ---------------

OS: Windows 10.0 , 64 bit Build 14393 (10.0.14393.1198)

CPU:total 4 (initial active 4) (4 cores per cpu, 1 threads per core) family 6 model 158 stepping 9, cmov, cx8, fxsr, mmx, sse, sse2, sse3, ssse3, sse4.1, sse4.2, popcnt, avx, avx2, aes, clmul, erms, rtm, 3dnowpref, lzcnt, tsc, tscinvbit, bmi1, bmi2, adx

Memory: 4k page, physical 16682440k(6675504k free), swap 19172808k(8128460k free)

vm_info: Java HotSpot(TM) 64-Bit Server VM (25.161-b12) for windows-amd64 JRE (1.8.0_161-b12), built on Dec 19 2017 17:52:25 by "java_re" with MS VC++ 10.0 (VS2010)

time: Thu Mar 15 09:34:16 2018
elapsed time: 100 seconds (0d 0h 1m 40s)

