#
# A fatal error has been detected by the Java Runtime Environment:
#
#  EXCEPTION_ILLEGAL_INSTRUCTION (0xc000001d) at pc=0x000007fee50c5c01, pid=3056, tid=0x00000000000003ac
#
# JRE version: Java(TM) SE Runtime Environment (8.0_111-b14) (build 1.8.0_111-b14)
# Java VM: Java HotSpot(TM) 64-Bit Server VM (25.111-b14 mixed mode windows-amd64 compressed oops)
# Problematic frame:
# C  [msvcr120.dll+0x95c01]
#
# Failed to write core dump. Minidumps are not enabled by default on client versions of Windows
#
# If you would like to submit a bug report, please visit:
#   http://bugreport.java.com/bugreport/crash.jsp
# The crash happened outside the Java Virtual Machine in native code.
# See problematic frame for where to report the bug.
#

---------------  T H R E A D  ---------------

Current thread (0x00000000591a6000):  JavaThread "QuantumRenderer-0" daemon [_thread_in_native, id=940, stack(0x0000000059a50000,0x0000000059b50000)]

siginfo: ExceptionCode=0xc000001d

Registers:
RAX=0x3f40000000000000, RBX=0x0000000000000004, RCX=0x3f40e05bc562380c, RDX=0x7ff0000000000000
RSP=0x0000000059b4c3e0, RBP=0x0000000059b4cc10, RSI=0x0000000059b4cc10, RDI=0x0000000000000004
R8 =0x8000000000000000, R9 =0x000000006bdcd1f0, R10=0x000000000000000c, R11=0x0000000059b4c8d0
R12=0x000000006bdcd1f0, R13=0x000000006bdcd050, R14=0x00000000d6d99254, R15=0x0000000000000004
RIP=0x000007fee50c5c01, EFLAGS=0x0000000000010202

Top of Stack: (sp=0x0000000059b4c3e0)
0x0000000059b4c3e0:   000000005c733808 0000000000400230
0x0000000059b4c3f0:   0000000000404580 00000000004cebe0
0x0000000059b4c400:   000000005c733f50 0000000000000010
0x0000000059b4c410:   000000005c6e7d08 0000000000400158
0x0000000059b4c420:   000000005c55c388 0000000000400230
0x0000000059b4c430:   000000005919a140 000000005d9c00a8
0x0000000059b4c440:   000000005c71fdb8 0000000000400000
0x0000000059b4c450:   0000000059b4c600 0000000000400230
0x0000000059b4c460:   3f973d26348e1453 0000000000000000
0x0000000059b4c470:   3e6b36305c800000 0000000000000000
0x0000000059b4c480:   0000000000000000 0000000000400230
0x0000000059b4c490:   00000000005b8100 000000000000002a
0x0000000059b4c4a0:   000000005d9c0048 000000006bdc3318
0x0000000059b4c4b0:   3f40e05bc562380c 3f40e05bc562380c
0x0000000059b4c4c0:   3f973d26348e1453 00000000004949d0
0x0000000059b4c4d0:   0000000000000028 0000000000000053 

Instructions: (pc=0x000007fee50c5c01)
0x000007fee50c5be1:   0f 10 d0 f2 0f 10 44 24 10 f2 0f 10 4c 24 20 44
0x000007fee50c5bf1:   8b 0d 15 26 02 00 e8 34 c7 00 00 e9 72 f8 ff ff
0x000007fee50c5c01:   c5 fb 11 44 24 10 c5 fb 11 4c 24 20 48 8b 54 24
0x000007fee50c5c11:   10 4c 8b 44 24 20 4c 8b 15 4a 26 02 00 4d 23 d0 


Register to memory mapping:

RAX=0x3f40000000000000 is an unknown value
RBX=0x0000000000000004 is an unknown value
RCX=0x3f40e05bc562380c is an unknown value
RDX=0x7ff0000000000000 is an unknown value
RSP=0x0000000059b4c3e0 is pointing into the stack for thread: 0x00000000591a6000
RBP=0x0000000059b4cc10 is pointing into the stack for thread: 0x00000000591a6000
RSI=0x0000000059b4cc10 is pointing into the stack for thread: 0x00000000591a6000
RDI=0x0000000000000004 is an unknown value
R8 =0x8000000000000000 is an unknown value
R9 =0x000000006bdcd1f0 is an unknown value
R10=0x000000000000000c is an unknown value
R11=0x0000000059b4c8d0 is pointing into the stack for thread: 0x00000000591a6000
R12=0x000000006bdcd1f0 is an unknown value
R13=0x000000006bdcd050 is an unknown value
R14=0x00000000d6d99254 is an unknown value
R15=0x0000000000000004 is an unknown value


Stack: [0x0000000059a50000,0x0000000059b50000],  sp=0x0000000059b4c3e0,  free space=1008k
Native frames: (J=compiled Java code, j=interpreted, Vv=VM code, C=native code)
C  [msvcr120.dll+0x95c01]
C  [prism_common.dll+0x3318]
C  [prism_common.dll+0x1abc]
C  [prism_common.dll+0x1128]
C  [prism_common.dll+0x8b7e]
C  [prism_common.dll+0x669e]
C  [prism_common.dll+0x49af]
C  [prism_common.dll+0x4649]
C  0x0000000002797994

Java frames: (J=compiled Java code, j=interpreted, Vv=VM code)
j  com.sun.prism.impl.shape.NativePiscesRasterizer.produceStrokeAlphas([F[BIFIIF[FFDDDDDD[I[B)V+0
j  com.sun.prism.impl.shape.NativePiscesRasterizer.getMaskData(Lcom/sun/javafx/geom/Shape;Lcom/sun/prism/BasicStroke;Lcom/sun/javafx/geom/RectBounds;Lcom/sun/javafx/geom/transform/BaseTransform;ZZ)Lcom/sun/prism/impl/shape/MaskData;+487
j  com.sun.prism.impl.shape.ShapeUtil.rasterizeShape(Lcom/sun/javafx/geom/Shape;Lcom/sun/prism/BasicStroke;Lcom/sun/javafx/geom/RectBounds;Lcom/sun/javafx/geom/transform/BaseTransform;ZZ)Lcom/sun/prism/impl/shape/MaskData;+11
j  com.sun.prism.sw.SWContext$NativeShapeRenderer.renderShape(Lcom/sun/pisces/PiscesRenderer;Lcom/sun/javafx/geom/Shape;Lcom/sun/prism/BasicStroke;Lcom/sun/javafx/geom/transform/BaseTransform;Lcom/sun/javafx/geom/Rectangle;Z)V+12
j  com.sun.prism.sw.SWContext.renderShape(Lcom/sun/pisces/PiscesRenderer;Lcom/sun/javafx/geom/Shape;Lcom/sun/prism/BasicStroke;Lcom/sun/javafx/geom/transform/BaseTransform;Lcom/sun/javafx/geom/Rectangle;Z)V+13
j  com.sun.prism.sw.SWGraphics.paintShapePaintAlreadySet(Lcom/sun/javafx/geom/Shape;Lcom/sun/prism/BasicStroke;Lcom/sun/javafx/geom/transform/BaseTransform;)V+296
j  com.sun.prism.sw.SWGraphics.paintShape(Lcom/sun/javafx/geom/Shape;Lcom/sun/prism/BasicStroke;Lcom/sun/javafx/geom/transform/BaseTransform;)V+70
j  com.sun.prism.sw.SWGraphics.paintRoundRect(FFFFFFLcom/sun/prism/BasicStroke;)V+57
j  com.sun.prism.sw.SWGraphics.drawRoundRect(FFFFFF)V+28
j  com.sun.javafx.sg.prism.NGRegion.renderBorderRectangle(Lcom/sun/prism/Graphics;)V+690
j  com.sun.javafx.sg.prism.NGRegion.renderAsRectangle(Lcom/sun/prism/Graphics;)V+27
j  com.sun.javafx.sg.prism.NGRegion.renderContent(Lcom/sun/prism/Graphics;)V+106
j  com.sun.javafx.sg.prism.NGNode.doRender(Lcom/sun/prism/Graphics;)V+330
j  com.sun.javafx.sg.prism.NGNode.render(Lcom/sun/prism/Graphics;)V+34
j  com.sun.javafx.sg.prism.NGGroup.renderContent(Lcom/sun/prism/Graphics;)V+160
j  com.sun.javafx.sg.prism.NGRegion.renderContent(Lcom/sun/prism/Graphics;)V+111
j  com.sun.javafx.sg.prism.NGNode.doRender(Lcom/sun/prism/Graphics;)V+330
j  com.sun.javafx.sg.prism.NGNode.render(Lcom/sun/prism/Graphics;)V+34
j  com.sun.javafx.sg.prism.NGGroup.renderContent(Lcom/sun/prism/Graphics;)V+160
j  com.sun.javafx.sg.prism.NGRegion.renderContent(Lcom/sun/prism/Graphics;)V+111
j  com.sun.javafx.sg.prism.NGNode.renderForClip(Lcom/sun/prism/Graphics;)V+17
j  com.sun.javafx.sg.prism.NGNode.renderRectClip(Lcom/sun/prism/Graphics;Lcom/sun/javafx/sg/prism/NGRectangle;)V+106
j  com.sun.javafx.sg.prism.NGNode.renderClip(Lcom/sun/prism/Graphics;)V+83
j  com.sun.javafx.sg.prism.NGNode.doRender(Lcom/sun/prism/Graphics;)V+285
j  com.sun.javafx.sg.prism.NGNode.render(Lcom/sun/prism/Graphics;)V+34
j  com.sun.javafx.sg.prism.NGGroup.renderContent(Lcom/sun/prism/Graphics;)V+160
j  com.sun.javafx.sg.prism.NGRegion.renderContent(Lcom/sun/prism/Graphics;)V+111
j  com.sun.javafx.sg.prism.NGNode.renderForClip(Lcom/sun/prism/Graphics;)V+17
j  com.sun.javafx.sg.prism.NGNode.renderRectClip(Lcom/sun/prism/Graphics;Lcom/sun/javafx/sg/prism/NGRectangle;)V+106
j  com.sun.javafx.sg.prism.NGNode.renderClip(Lcom/sun/prism/Graphics;)V+83
j  com.sun.javafx.sg.prism.NGNode.doRender(Lcom/sun/prism/Graphics;)V+285
j  com.sun.javafx.sg.prism.NGNode.render(Lcom/sun/prism/Graphics;)V+34
j  com.sun.javafx.sg.prism.NGGroup.renderContent(Lcom/sun/prism/Graphics;)V+160
j  com.sun.javafx.sg.prism.NGRegion.renderContent(Lcom/sun/prism/Graphics;)V+111
j  com.sun.javafx.sg.prism.NGNode.renderForClip(Lcom/sun/prism/Graphics;)V+17
j  com.sun.javafx.sg.prism.NGNode.renderRectClip(Lcom/sun/prism/Graphics;Lcom/sun/javafx/sg/prism/NGRectangle;)V+106
j  com.sun.javafx.sg.prism.NGNode.renderClip(Lcom/sun/prism/Graphics;)V+83
j  com.sun.javafx.sg.prism.NGNode.doRender(Lcom/sun/prism/Graphics;)V+285
j  com.sun.javafx.sg.prism.NGNode.render(Lcom/sun/prism/Graphics;)V+34
j  com.sun.javafx.sg.prism.NGGroup.renderContent(Lcom/sun/prism/Graphics;)V+160
j  com.sun.javafx.sg.prism.NGRegion.renderContent(Lcom/sun/prism/Graphics;)V+111
j  com.sun.javafx.sg.prism.NGNode.renderForClip(Lcom/sun/prism/Graphics;)V+17
j  com.sun.javafx.sg.prism.NGNode.renderRectClip(Lcom/sun/prism/Graphics;Lcom/sun/javafx/sg/prism/NGRectangle;)V+106
j  com.sun.javafx.sg.prism.NGNode.renderClip(Lcom/sun/prism/Graphics;)V+83
j  com.sun.javafx.sg.prism.NGNode.doRender(Lcom/sun/prism/Graphics;)V+285
j  com.sun.javafx.sg.prism.NGNode.render(Lcom/sun/prism/Graphics;)V+34
j  com.sun.javafx.sg.prism.NGGroup.renderContent(Lcom/sun/prism/Graphics;)V+160
j  com.sun.javafx.sg.prism.NGRegion.renderContent(Lcom/sun/prism/Graphics;)V+111
j  com.sun.javafx.sg.prism.NGNode.doRender(Lcom/sun/prism/Graphics;)V+330
j  com.sun.javafx.sg.prism.NGNode.render(Lcom/sun/prism/Graphics;)V+34
j  com.sun.javafx.tk.quantum.ViewPainter.doPaint(Lcom/sun/prism/Graphics;Lcom/sun/javafx/sg/prism/NodePath;)V+201
j  com.sun.javafx.tk.quantum.ViewPainter.paintImpl(Lcom/sun/prism/Graphics;)V+982
j  com.sun.javafx.tk.quantum.UploadingPainter.run()V+719
j  java.util.concurrent.Executors$RunnableAdapter.call()Ljava/lang/Object;+4
j  java.util.concurrent.FutureTask.runAndReset()Z+47
j  com.sun.javafx.tk.RenderJob.run()V+1
j  java.util.concurrent.ThreadPoolExecutor.runWorker(Ljava/util/concurrent/ThreadPoolExecutor$Worker;)V+95
j  java.util.concurrent.ThreadPoolExecutor$Worker.run()V+5
j  com.sun.javafx.tk.quantum.QuantumRenderer$PipelineRunnable.run()V+8
j  java.lang.Thread.run()V+11
v  ~StubRoutines::call_stub

---------------  P R O C E S S  ---------------

Java Threads: ( => current thread )
  0x000000005a0cd800 JavaThread "Prism Font Disposer" daemon [_thread_blocked, id=2416, stack(0x000000005c8f0000,0x000000005c9f0000)]
  0x0000000059f2d800 JavaThread "Thread-3" daemon [_thread_in_native, id=3324, stack(0x000000005a790000,0x000000005a890000)]
  0x0000000059f5c000 JavaThread "JavaFX-Launcher" [_thread_blocked, id=1308, stack(0x000000005a8b0000,0x000000005a9b0000)]
  0x00000000591bf800 JavaThread "JavaFX Application Thread" [_thread_blocked, id=2804, stack(0x0000000059e20000,0x0000000059f20000)]
  0x00000000591bd800 JavaThread "Thread-1" daemon [_thread_blocked, id=1884, stack(0x0000000059cc0000,0x0000000059dc0000)]
=>0x00000000591a6000 JavaThread "QuantumRenderer-0" daemon [_thread_in_native, id=940, stack(0x0000000059a50000,0x0000000059b50000)]
  0x0000000058e6c000 JavaThread "Service Thread" daemon [_thread_blocked, id=2784, stack(0x0000000059740000,0x0000000059840000)]
  0x0000000058de2800 JavaThread "C1 CompilerThread2" daemon [_thread_blocked, id=4744, stack(0x00000000594a0000,0x00000000595a0000)]
  0x0000000058de1000 JavaThread "C2 CompilerThread1" daemon [_thread_blocked, id=1320, stack(0x0000000059260000,0x0000000059360000)]
  0x00000000574cd000 JavaThread "C2 CompilerThread0" daemon [_thread_blocked, id=3240, stack(0x0000000058ce0000,0x0000000058de0000)]
  0x00000000574c1800 JavaThread "Attach Listener" daemon [_thread_blocked, id=3140, stack(0x0000000058bd0000,0x0000000058cd0000)]
  0x00000000574c0000 JavaThread "Signal Dispatcher" daemon [_thread_blocked, id=4512, stack(0x0000000058a70000,0x0000000058b70000)]
  0x00000000574aa000 JavaThread "Finalizer" daemon [_thread_blocked, id=3352, stack(0x0000000058710000,0x0000000058810000)]
  0x0000000057462800 JavaThread "Reference Handler" daemon [_thread_blocked, id=5052, stack(0x0000000058860000,0x0000000058960000)]
  0x000000000232d800 JavaThread "main" [_thread_blocked, id=4376, stack(0x00000000023b0000,0x00000000024b0000)]

Other Threads:
  0x000000005745b000 VMThread [stack: 0x0000000058570000,0x0000000058670000] [id=2808]
  0x0000000058dfc000 WatcherThread [stack: 0x00000000598f0000,0x00000000599f0000] [id=3940]

VM state:not at safepoint (normal execution)

VM Mutex/Monitor currently owned by a thread: None

Heap:
 PSYoungGen      total 38400K, used 19396K [0x00000000d5f00000, 0x00000000d8980000, 0x0000000100000000)
  eden space 33280K, 45% used [0x00000000d5f00000,0x00000000d6dbc630,0x00000000d7f80000)
  from space 5120K, 84% used [0x00000000d7f80000,0x00000000d83b4a80,0x00000000d8480000)
  to   space 5120K, 0% used [0x00000000d8480000,0x00000000d8480000,0x00000000d8980000)
 ParOldGen       total 87552K, used 80K [0x0000000081c00000, 0x0000000087180000, 0x00000000d5f00000)
  object space 87552K, 0% used [0x0000000081c00000,0x0000000081c14010,0x0000000087180000)
 Metaspace       used 16391K, capacity 17136K, committed 17280K, reserved 1064960K
  class space    used 2452K, capacity 2640K, committed 2688K, reserved 1048576K

Card table byte_map: [0x0000000011b40000,0x0000000011f40000] byte_map_base: 0x0000000011732000

Marking Bits: (ParMarkBitMap*) 0x000000006b8ba6c0
 Begin Bits: [0x00000000127b0000, 0x0000000014740000)
 End Bits:   [0x0000000014740000, 0x00000000166d0000)

Polling page: 0x0000000000330000

CodeCache: size=245760Kb used=4211Kb max_used=4219Kb free=241548Kb
 bounds [0x0000000002780000, 0x0000000002bb0000, 0x0000000011780000]
 total_blobs=1851 nmethods=1264 adapters=500
 compilation: enabled

Compilation events (10 events):
Event: 0.656 Thread 0x00000000574cd000 nmethod 1175 0x0000000002b9c5d0 code [0x0000000002b9c8c0, 0x0000000002b9e930]
Event: 0.656 Thread 0x0000000058de2800 nmethod 1258 0x0000000002b9c310 code [0x0000000002b9c460, 0x0000000002b9c570]
Event: 0.656 Thread 0x0000000058de2800 1259       3       com.sun.javafx.geom.RectBounds::setBounds (22 bytes)
Event: 0.656 Thread 0x0000000058de2800 nmethod 1259 0x0000000002b9bfd0 code [0x0000000002b9c120, 0x0000000002b9c290]
Event: 0.662 Thread 0x0000000058de2800 1261       3       java.io.WinNTFileSystem::isLetter (30 bytes)
Event: 0.662 Thread 0x0000000058de2800 nmethod 1261 0x0000000002b9b5d0 code [0x0000000002b9b740, 0x0000000002b9b990]
Event: 0.663 Thread 0x0000000058de2800 1263       3       java.lang.Class::newReflectionData (74 bytes)
Event: 0.664 Thread 0x0000000058de2800 nmethod 1263 0x0000000002b9a310 code [0x0000000002b9a4e0, 0x0000000002b9ae70]
Event: 0.665 Thread 0x0000000058de2800 1264       1       com.sun.javafx.font.PrismFontStrike::getAAMode (5 bytes)
Event: 0.665 Thread 0x0000000058de2800 nmethod 1264 0x0000000002b99790 code [0x0000000002b998e0, 0x0000000002b999f0]

GC Heap History (2 events):
Event: 0.637 GC heap before
{Heap before GC invocations=1 (full 0):
 PSYoungGen      total 38400K, used 31706K [0x00000000d5f00000, 0x00000000d8980000, 0x0000000100000000)
  eden space 33280K, 95% used [0x00000000d5f00000,0x00000000d7df68f8,0x00000000d7f80000)
  from space 5120K, 0% used [0x00000000d8480000,0x00000000d8480000,0x00000000d8980000)
  to   space 5120K, 0% used [0x00000000d7f80000,0x00000000d7f80000,0x00000000d8480000)
 ParOldGen       total 87552K, used 0K [0x0000000081c00000, 0x0000000087180000, 0x00000000d5f00000)
  object space 87552K, 0% used [0x0000000081c00000,0x0000000081c00000,0x0000000087180000)
 Metaspace       used 16047K, capacity 16824K, committed 17024K, reserved 1062912K
  class space    used 2402K, capacity 2600K, committed 2688K, reserved 1048576K
Event: 0.641 GC heap after
Heap after GC invocations=1 (full 0):
 PSYoungGen      total 38400K, used 4306K [0x00000000d5f00000, 0x00000000d8980000, 0x0000000100000000)
  eden space 33280K, 0% used [0x00000000d5f00000,0x00000000d5f00000,0x00000000d7f80000)
  from space 5120K, 84% used [0x00000000d7f80000,0x00000000d83b4a80,0x00000000d8480000)
  to   space 5120K, 0% used [0x00000000d8480000,0x00000000d8480000,0x00000000d8980000)
 ParOldGen       total 87552K, used 80K [0x0000000081c00000, 0x0000000087180000, 0x00000000d5f00000)
  object space 87552K, 0% used [0x0000000081c00000,0x0000000081c14010,0x0000000087180000)
 Metaspace       used 16047K, capacity 16824K, committed 17024K, reserved 1062912K
  class space    used 2402K, capacity 2600K, committed 2688K, reserved 1048576K
}

Deoptimization events (10 events):
Event: 0.453 Thread 0x00000000591bf800 Uncommon trap: reason=class_check action=maybe_recompile pc=0x00000000029c4d90 method=java.io.DataInputStream.readShort()S @ 4
Event: 0.453 Thread 0x00000000591bf800 Uncommon trap: reason=class_check action=maybe_recompile pc=0x00000000029c4d90 method=java.io.DataInputStream.readShort()S @ 4
Event: 0.455 Thread 0x00000000591bf800 Uncommon trap: reason=class_check action=maybe_recompile pc=0x000000000289ec20 method=java.lang.String.equals(Ljava/lang/Object;)Z @ 8
Event: 0.455 Thread 0x00000000591bf800 Uncommon trap: reason=class_check action=maybe_recompile pc=0x000000000289ec20 method=java.lang.String.equals(Ljava/lang/Object;)Z @ 8
Event: 0.455 Thread 0x00000000591bf800 Uncommon trap: reason=class_check action=maybe_recompile pc=0x000000000289ec20 method=java.lang.String.equals(Ljava/lang/Object;)Z @ 8
Event: 0.456 Thread 0x00000000591bf800 Uncommon trap: reason=class_check action=maybe_recompile pc=0x000000000289ec20 method=java.lang.String.equals(Ljava/lang/Object;)Z @ 8
Event: 0.516 Thread 0x00000000591bf800 Uncommon trap: reason=unstable_if action=reinterpret pc=0x0000000002a7e71c method=java.lang.String.regionMatches(ZILjava/lang/String;II)Z @ 123
Event: 0.594 Thread 0x00000000591bf800 Uncommon trap: reason=unstable_if action=reinterpret pc=0x0000000002a403dc method=sun.net.www.ParseUtil.encodePath(Ljava/lang/String;Z)Ljava/lang/String; @ 109
Event: 0.603 Thread 0x00000000591bf800 Uncommon trap: reason=unstable_if action=reinterpret pc=0x0000000002b46708 method=javafx.scene.CssStyleHelper.getStyle(Ljavafx/css/Styleable;Ljava/lang/String;Lcom/sun/javafx/css/StyleMap;Ljava/util/Set;)Lcom/sun/javafx/css/CascadingStyle; @ 8
Event: 0.615 Thread 0x00000000591bf800 Uncommon trap: reason=unstable_if action=reinterpret pc=0x0000000002a7bd68 method=jdk.internal.org.objectweb.asm.Type.getArgumentsAndReturnSizes(Ljava/lang/String;)I @ 47

Internal exceptions (10 events):
Event: 0.274 Thread 0x00000000591bf800 Exception <a 'java/lang/ArrayIndexOutOfBoundsException': 58> (0x00000000d6bdb678) thrown at [C:\re\workspace\8-2-build-windows-amd64-cygwin\jdk8u111\7883\hotspot\src\share\vm\interpreter\interpreterRuntime.cpp, line 366]
Event: 0.274 Thread 0x00000000591bf800 Exception <a 'java/lang/ArrayIndexOutOfBoundsException': 18> (0x00000000d6bdc500) thrown at [C:\re\workspace\8-2-build-windows-amd64-cygwin\jdk8u111\7883\hotspot\src\share\vm\interpreter\interpreterRuntime.cpp, line 366]
Event: 0.274 Thread 0x00000000591bf800 Exception <a 'java/lang/ArrayIndexOutOfBoundsException': 86> (0x00000000d6bdd8a8) thrown at [C:\re\workspace\8-2-build-windows-amd64-cygwin\jdk8u111\7883\hotspot\src\share\vm\interpreter\interpreterRuntime.cpp, line 366]
Event: 0.309 Thread 0x00000000591bf800 Exception <a 'java/lang/ArrayIndexOutOfBoundsException': 70> (0x00000000d6e6cb88) thrown at [C:\re\workspace\8-2-build-windows-amd64-cygwin\jdk8u111\7883\hotspot\src\share\vm\interpreter\interpreterRuntime.cpp, line 366]
Event: 0.309 Thread 0x00000000591bf800 Exception <a 'java/lang/ArrayIndexOutOfBoundsException'> (0x00000000d6e6ebb0) thrown at [C:\re\workspace\8-2-build-windows-amd64-cygwin\jdk8u111\7883\hotspot\src\share\vm\runtime\sharedRuntime.cpp, line 605]
Event: 0.312 Thread 0x00000000591bf800 Exception <a 'java/lang/ArrayIndexOutOfBoundsException'> (0x00000000d6e7af80) thrown at [C:\re\workspace\8-2-build-windows-amd64-cygwin\jdk8u111\7883\hotspot\src\share\vm\runtime\sharedRuntime.cpp, line 605]
Event: 0.312 Thread 0x00000000591bf800 Exception <a 'java/lang/ArrayIndexOutOfBoundsException'> (0x00000000d6e7c370) thrown at [C:\re\workspace\8-2-build-windows-amd64-cygwin\jdk8u111\7883\hotspot\src\share\vm\runtime\sharedRuntime.cpp, line 605]
Event: 0.328 Thread 0x00000000591bf800 Exception <a 'java/lang/ArrayIndexOutOfBoundsException'> (0x00000000d6f641d0) thrown at [C:\re\workspace\8-2-build-windows-amd64-cygwin\jdk8u111\7883\hotspot\src\share\vm\runtime\sharedRuntime.cpp, line 605]
Event: 0.335 Thread 0x00000000591bf800 Exception <a 'java/lang/ArrayIndexOutOfBoundsException'> (0x00000000d6fd4488) thrown at [C:\re\workspace\8-2-build-windows-amd64-cygwin\jdk8u111\7883\hotspot\src\share\vm\runtime\sharedRuntime.cpp, line 605]
Event: 0.358 Thread 0x00000000591bf800 Implicit null exception at 0x0000000002a15365 to 0x0000000002a15575

Events (10 events):
Event: 0.663 loading class com/sun/scenario/effect/ImageData$1
Event: 0.663 loading class com/sun/scenario/effect/ImageData$1 done
Event: 0.664 loading class com/sun/scenario/effect/impl/state/BoxRenderState$1
Event: 0.664 loading class com/sun/scenario/effect/impl/state/BoxRenderState$1 done
Event: 0.664 loading class com/sun/scenario/effect/impl/sw/sse/SSEBoxShadowPeer
Event: 0.664 loading class com/sun/scenario/effect/impl/sw/sse/SSEBoxShadowPeer done
Event: 0.664 loading class com/sun/scenario/effect/impl/sw/sse/SSEEffectPeer
Event: 0.664 loading class com/sun/scenario/effect/impl/sw/sse/SSEEffectPeer done
Event: 0.664 loading class com/sun/scenario/effect/impl/EffectPeer
Event: 0.664 loading class com/sun/scenario/effect/impl/EffectPeer done


Dynamic libraries:
0x000000013f230000 - 0x000000013f267000 	C:\Program Files\Java\jdk1.8.0_111\jre\bin\java.exe
0x0000000077200000 - 0x00000000773ab000 	C:\Windows\SYSTEM32\ntdll.dll
0x0000000076fe0000 - 0x00000000770ff000 	C:\Windows\system32\kernel32.dll
0x000007fefd2b0000 - 0x000007fefd31b000 	C:\Windows\system32\KERNELBASE.dll
0x000007fefe3e0000 - 0x000007fefe4bb000 	C:\Windows\system32\ADVAPI32.dll
0x000007fefdc00000 - 0x000007fefdc9f000 	C:\Windows\system32\msvcrt.dll
0x000007fefdbe0000 - 0x000007fefdbff000 	C:\Windows\SYSTEM32\sechost.dll
0x000007fefd790000 - 0x000007fefd8be000 	C:\Windows\system32\RPCRT4.dll
0x0000000077100000 - 0x00000000771fa000 	C:\Windows\system32\USER32.dll
0x000007fefdad0000 - 0x000007fefdb37000 	C:\Windows\system32\GDI32.dll
0x000007fefde60000 - 0x000007fefde6e000 	C:\Windows\system32\LPK.dll
0x000007fefdd90000 - 0x000007fefde5a000 	C:\Windows\system32\USP10.dll
0x000007fefbdc0000 - 0x000007fefbfb4000 	C:\Windows\WinSxS\amd64_microsoft.windows.common-controls_6595b64144ccf1df_6.0.7600.16385_none_fa645303170382f6\COMCTL32.dll
0x000007fefe360000 - 0x000007fefe3d1000 	C:\Windows\system32\SHLWAPI.dll
0x000007feff4e0000 - 0x000007feff50e000 	C:\Windows\system32\IMM32.DLL
0x000007fefdff0000 - 0x000007fefe0f9000 	C:\Windows\system32\MSCTF.dll
0x000000006dc20000 - 0x000000006dcf2000 	C:\Program Files\Java\jdk1.8.0_111\jre\bin\msvcr100.dll
0x000000006b0a0000 - 0x000000006b93a000 	C:\Program Files\Java\jdk1.8.0_111\jre\bin\server\jvm.dll
0x000007fef9fe0000 - 0x000007fef9fe9000 	C:\Windows\system32\WSOCK32.dll
0x000007fefdd40000 - 0x000007fefdd8d000 	C:\Windows\system32\WS2_32.dll
0x000007feff4d0000 - 0x000007feff4d8000 	C:\Windows\system32\NSI.dll
0x000007fefafd0000 - 0x000007fefb00b000 	C:\Windows\system32\WINMM.dll
0x000007fefc2d0000 - 0x000007fefc2dc000 	C:\Windows\system32\VERSION.dll
0x00000000773d0000 - 0x00000000773d7000 	C:\Windows\system32\PSAPI.DLL
0x0000000074720000 - 0x000000007472f000 	C:\Program Files\Java\jdk1.8.0_111\jre\bin\verify.dll
0x00000000746f0000 - 0x0000000074719000 	C:\Program Files\Java\jdk1.8.0_111\jre\bin\java.dll
0x00000000746d0000 - 0x00000000746e6000 	C:\Program Files\Java\jdk1.8.0_111\jre\bin\zip.dll
0x000007fefe720000 - 0x000007feff4a6000 	C:\Windows\system32\SHELL32.dll
0x000007fefd8c0000 - 0x000007fefdac1000 	C:\Windows\system32\ole32.dll
0x000007fefd160000 - 0x000007fefd16f000 	C:\Windows\system32\profapi.dll
0x000007fee5030000 - 0x000007fee511f000 	C:\Program Files\Java\jdk1.8.0_111\jre\bin\msvcr120.dll
0x000007fee3e90000 - 0x000007fee3f36000 	C:\Program Files\Java\jdk1.8.0_111\jre\bin\msvcp120.dll
0x000000006be70000 - 0x000000006be92000 	C:\Program Files\Java\jdk1.8.0_111\jre\bin\prism_d3d.dll
0x000007fee49c0000 - 0x000007fee4bbf000 	C:\Windows\system32\d3d9.dll
0x000007fef06c0000 - 0x000007fef06c7000 	C:\Windows\system32\d3d8thk.dll
0x000007fefb4d0000 - 0x000007fefb4e8000 	C:\Windows\system32\dwmapi.dll
0x000007fefba40000 - 0x000007fefba96000 	C:\Windows\system32\uxtheme.dll
0x000000006be50000 - 0x000000006be6c000 	C:\Program Files\Java\jdk1.8.0_111\jre\bin\prism_sw.dll
0x000000006be00000 - 0x000000006be43000 	C:\Program Files\Java\jdk1.8.0_111\jre\bin\glass.dll
0x000007fefdb40000 - 0x000007fefdbd8000 	C:\Windows\system32\COMDLG32.dll
0x000007fefe280000 - 0x000007fefe357000 	C:\Windows\system32\OLEAUT32.dll
0x000007fefd090000 - 0x000007fefd09f000 	C:\Windows\system32\CRYPTBASE.dll
0x000000006bde0000 - 0x000000006bdf4000 	C:\Program Files\Java\jdk1.8.0_111\jre\bin\javafx_font.dll
0x000007feedd00000 - 0x000007feede7b000 	C:\Windows\system32\dwrite.dll
0x000007fefdca0000 - 0x000007fefdd39000 	C:\Windows\system32\CLBCatQ.DLL
0x000007fefa110000 - 0x000007fefa23a000 	C:\Windows\system32\WindowsCodecs.dll
0x000007fefd030000 - 0x000007fefd087000 	C:\Windows\system32\apphelp.dll
0x000007fef6fe0000 - 0x000007fef7015000 	C:\Windows\system32\EhStorShell.dll
0x000007fefd530000 - 0x000007fefd707000 	C:\Windows\system32\SETUPAPI.dll
0x000007fefd4b0000 - 0x000007fefd4e6000 	C:\Windows\system32\CFGMGR32.dll
0x000007fefd490000 - 0x000007fefd4aa000 	C:\Windows\system32\DEVOBJ.dll
0x000007fefbaa0000 - 0x000007fefbbcc000 	C:\Windows\system32\PROPSYS.dll
0x000007fef63f0000 - 0x000007fef6a61000 	C:\PROGRA~1\MICROS~1\Office14\GROOVEEX.DLL
0x000000006e860000 - 0x000000006e8fd000 	C:\Windows\WinSxS\amd64_microsoft.vc90.crt_1fc8b3b9a1e18e3b_9.0.30729.4926_none_08e1a05ba83fe554\MSVCR90.dll
0x000000006e780000 - 0x000000006e853000 	C:\Windows\WinSxS\amd64_microsoft.vc90.crt_1fc8b3b9a1e18e3b_9.0.30729.4926_none_08e1a05ba83fe554\MSVCP90.dll
0x000000006e5a0000 - 0x000000006e5cf000 	C:\Windows\WinSxS\amd64_microsoft.vc90.atl_1fc8b3b9a1e18e3b_9.0.30729.4148_none_0a1d2fcba76b3f00\ATL90.DLL
0x000007fef5fe0000 - 0x000007fef63ef000 	C:\PROGRA~1\COMMON~1\MICROS~1\OFFICE14\Cultures\office.odf
0x000007fef5770000 - 0x000007fef5fd4000 	C:\PROGRA~1\MICROS~1\Office14\1033\GrooveIntlResource.dll
0x000007fef56f0000 - 0x000007fef576e000 	C:\Windows\System32\cscui.dll
0x000007fef6c60000 - 0x000007fef6c6c000 	C:\Windows\System32\CSCDLL.dll
0x000007fef7050000 - 0x000007fef705f000 	C:\Windows\system32\CSCAPI.dll
0x000007fef5670000 - 0x000007fef56f0000 	C:\Windows\system32\ntshrui.dll
0x000007fefcc00000 - 0x000007fefcc23000 	C:\Windows\system32\srvcli.dll
0x000007fefb010000 - 0x000007fefb01b000 	C:\Windows\system32\slc.dll
0x000007feee940000 - 0x000007feee96d000 	C:\Program Files\Common Files\Microsoft Shared\Ink\rtscom.dll
0x000000006bdc0000 - 0x000000006bdd1000 	C:\Program Files\Java\jdk1.8.0_111\jre\bin\prism_common.dll
0x000007fee3d90000 - 0x000007fee3e86000 	C:\Windows\system32\d2d1.dll
0x000000006bda0000 - 0x000000006bdb7000 	C:\Program Files\Java\jdk1.8.0_111\jre\bin\decora_sse.dll
0x000007fef6eb0000 - 0x000007fef6fd5000 	C:\Windows\system32\dbghelp.dll

VM Arguments:
jvm_args: -Dfile.encoding=UTF-8 
java_command: C:\Users\IITG\Documents\NetBeansProjects\NasoFX\dist\run329790533\NasoFX.jar
java_class_path (initial): C:\Users\IITG\Documents\NetBeansProjects\NasoFX\dist\run329790533\NasoFX.jar
Launcher Type: SUN_STANDARD

Environment Variables:
JAVA_HOME=C:\Program Files\Java\jdk1.8.0_111
PATH=C:\cygwin64\bin;C:\Program Files (x86)\Bitvise SSH Client
USERNAME=IITG
OS=Windows_NT
PROCESSOR_IDENTIFIER=Intel64 Family 6 Model 94 Stepping 3, GenuineIntel



---------------  S Y S T E M  ---------------

OS: Windows 7 , 64 bit Build 7600 (6.1.7600.16385)

CPU:total 4 (4 cores per cpu, 1 threads per core) family 6 model 94 stepping 3, cmov, cx8, fxsr, mmx, sse, sse2, sse3, ssse3, sse4.1, sse4.2, popcnt, aes, clmul, erms, rtm, 3dnowpref, lzcnt, tsc, tscinvbit, bmi1, bmi2, adx

Memory: 4k page, physical 8266172k(4275484k free), swap 16530448k(12153060k free)

vm_info: Java HotSpot(TM) 64-Bit Server VM (25.111-b14) for windows-amd64 JRE (1.8.0_111-b14), built on Sep 22 2016 19:24:05 by "java_re" with MS VC++ 10.0 (VS2010)

time: Tue Sep 12 10:56:19 2017
elapsed time: 0 seconds (0d 0h 0m 0s)

