#
# A fatal error has been detected by the Java Runtime Environment:
#
#  EXCEPTION_ILLEGAL_INSTRUCTION (0xc000001d) at pc=0x000007feede65c01, pid=2728, tid=0x00000000000017b0
#
# JRE version: Java(TM) SE Runtime Environment (8.0_111-b14) (build 1.8.0_111-b14)
# Java VM: Java HotSpot(TM) 64-Bit Server VM (25.111-b14 mixed mode windows-amd64 compressed oops)
# Problematic frame:
# C  [msvcr120.dll+0x95c01]
#
# Failed to write core dump. Minidumps are not enabled by default on client versions of Windows
#
# If you would like to submit a bug report, please visit:
#   http://bugreport.java.com/bugreport/crash.jsp
# The crash happened outside the Java Virtual Machine in native code.
# See problematic frame for where to report the bug.
#

---------------  T H R E A D  ---------------

Current thread (0x0000000058dfb800):  JavaThread "QuantumRenderer-0" daemon [_thread_in_native, id=6064, stack(0x000000005a2e0000,0x000000005a3e0000)]

siginfo: ExceptionCode=0xc000001d

Registers:
RAX=0x3f40000000000000, RBX=0x0000000000000004, RCX=0x3f40e05bc562380c, RDX=0x7ff0000000000000
RSP=0x000000005a3db9a0, RBP=0x000000005a3dc1d0, RSI=0x000000005a3dc1d0, RDI=0x0000000000000004
R8 =0x8000000000000000, R9 =0x000000006a53d1f0, R10=0x000000000000000c, R11=0x000000005a3dbe90
R12=0x000000006a53d1f0, R13=0x000000006a53d050, R14=0x00000000d67ca264, R15=0x0000000000000004
RIP=0x000007feede65c01, EFLAGS=0x0000000000010202

Top of Stack: (sp=0x000000005a3db9a0)
0x000000005a3db9a0:   0000000000000006 0000000000504580
0x000000005a3db9b0:   0000000000504580 00000000005c0bc0
0x000000005a3db9c0:   00000000005557c2 0000000000000010
0x000000005a3db9d0:   0000000000000000 0000000000500158
0x000000005a3db9e0:   00000000773d7288 0000000000504580
0x000000005a3db9f0:   0000000000000060 0000000002320000
0x000000005a3dba00:   0000000000000001 0000000000500000
0x000000005a3dba10:   000000005a3dbc01 0000000000504580
0x000000005a3dba20:   3f973d26348e1453 0000000000000000
0x000000005a3dba30:   3e6b36305c800000 0000000000000000
0x000000005a3dba40:   0000000000595dd0 0000000000504580
0x000000005a3dba50:   000000000297e100 00000000000003ff
0x000000005a3dba60:   000000006a53c3f0 000000006a533318
0x000000005a3dba70:   3f40e05bc562380c 3f40e05bc562380c
0x000000005a3dba80:   3f973d26348e1453 0000000000500158
0x000000005a3dba90:   0000000000000000 00000000000003ff 

Instructions: (pc=0x000007feede65c01)
0x000007feede65be1:   0f 10 d0 f2 0f 10 44 24 10 f2 0f 10 4c 24 20 44
0x000007feede65bf1:   8b 0d 15 26 02 00 e8 34 c7 00 00 e9 72 f8 ff ff
0x000007feede65c01:   c5 fb 11 44 24 10 c5 fb 11 4c 24 20 48 8b 54 24
0x000007feede65c11:   10 4c 8b 44 24 20 4c 8b 15 4a 26 02 00 4d 23 d0 


Register to memory mapping:

RAX=0x3f40000000000000 is an unknown value
RBX=0x0000000000000004 is an unknown value
RCX=0x3f40e05bc562380c is an unknown value
RDX=0x7ff0000000000000 is an unknown value
RSP=0x000000005a3db9a0 is pointing into the stack for thread: 0x0000000058dfb800
RBP=0x000000005a3dc1d0 is pointing into the stack for thread: 0x0000000058dfb800
RSI=0x000000005a3dc1d0 is pointing into the stack for thread: 0x0000000058dfb800
RDI=0x0000000000000004 is an unknown value
R8 =0x8000000000000000 is an unknown value
R9 =0x000000006a53d1f0 is an unknown value
R10=0x000000000000000c is an unknown value
R11=0x000000005a3dbe90 is pointing into the stack for thread: 0x0000000058dfb800
R12=0x000000006a53d1f0 is an unknown value
R13=0x000000006a53d050 is an unknown value
R14=0x00000000d67ca264 is an unknown value
R15=0x0000000000000004 is an unknown value


Stack: [0x000000005a2e0000,0x000000005a3e0000],  sp=0x000000005a3db9a0,  free space=1006k
Native frames: (J=compiled Java code, j=interpreted, Vv=VM code, C=native code)
C  [msvcr120.dll+0x95c01]
C  [prism_common.dll+0x3318]
C  [prism_common.dll+0x1abc]
C  [prism_common.dll+0x1128]
C  [prism_common.dll+0x8b7e]
C  [prism_common.dll+0x669e]
C  [prism_common.dll+0x49af]
C  [prism_common.dll+0x4649]
C  0x0000000002897994

Java frames: (J=compiled Java code, j=interpreted, Vv=VM code)
j  com.sun.prism.impl.shape.NativePiscesRasterizer.produceStrokeAlphas([F[BIFIIF[FFDDDDDD[I[B)V+0
j  com.sun.prism.impl.shape.NativePiscesRasterizer.getMaskData(Lcom/sun/javafx/geom/Shape;Lcom/sun/prism/BasicStroke;Lcom/sun/javafx/geom/RectBounds;Lcom/sun/javafx/geom/transform/BaseTransform;ZZ)Lcom/sun/prism/impl/shape/MaskData;+487
j  com.sun.prism.impl.shape.ShapeUtil.rasterizeShape(Lcom/sun/javafx/geom/Shape;Lcom/sun/prism/BasicStroke;Lcom/sun/javafx/geom/RectBounds;Lcom/sun/javafx/geom/transform/BaseTransform;ZZ)Lcom/sun/prism/impl/shape/MaskData;+11
j  com.sun.prism.sw.SWContext$NativeShapeRenderer.renderShape(Lcom/sun/pisces/PiscesRenderer;Lcom/sun/javafx/geom/Shape;Lcom/sun/prism/BasicStroke;Lcom/sun/javafx/geom/transform/BaseTransform;Lcom/sun/javafx/geom/Rectangle;Z)V+12
j  com.sun.prism.sw.SWContext.renderShape(Lcom/sun/pisces/PiscesRenderer;Lcom/sun/javafx/geom/Shape;Lcom/sun/prism/BasicStroke;Lcom/sun/javafx/geom/transform/BaseTransform;Lcom/sun/javafx/geom/Rectangle;Z)V+13
j  com.sun.prism.sw.SWGraphics.paintShapePaintAlreadySet(Lcom/sun/javafx/geom/Shape;Lcom/sun/prism/BasicStroke;Lcom/sun/javafx/geom/transform/BaseTransform;)V+296
j  com.sun.prism.sw.SWGraphics.paintShape(Lcom/sun/javafx/geom/Shape;Lcom/sun/prism/BasicStroke;Lcom/sun/javafx/geom/transform/BaseTransform;)V+70
j  com.sun.prism.sw.SWGraphics.paintRoundRect(FFFFFFLcom/sun/prism/BasicStroke;)V+57
j  com.sun.prism.sw.SWGraphics.drawRoundRect(FFFFFF)V+28
j  com.sun.javafx.sg.prism.NGRegion.renderBorderRectangle(Lcom/sun/prism/Graphics;)V+690
j  com.sun.javafx.sg.prism.NGRegion.renderAsRectangle(Lcom/sun/prism/Graphics;)V+27
j  com.sun.javafx.sg.prism.NGRegion.renderContent(Lcom/sun/prism/Graphics;)V+106
j  com.sun.javafx.sg.prism.NGNode.doRender(Lcom/sun/prism/Graphics;)V+330
j  com.sun.javafx.sg.prism.NGNode.render(Lcom/sun/prism/Graphics;)V+34
j  com.sun.javafx.sg.prism.NGGroup.renderContent(Lcom/sun/prism/Graphics;)V+160
j  com.sun.javafx.sg.prism.NGRegion.renderContent(Lcom/sun/prism/Graphics;)V+111
j  com.sun.javafx.sg.prism.NGNode.doRender(Lcom/sun/prism/Graphics;)V+330
j  com.sun.javafx.sg.prism.NGNode.render(Lcom/sun/prism/Graphics;)V+34
j  com.sun.javafx.sg.prism.NGGroup.renderContent(Lcom/sun/prism/Graphics;)V+160
j  com.sun.javafx.sg.prism.NGRegion.renderContent(Lcom/sun/prism/Graphics;)V+111
j  com.sun.javafx.sg.prism.NGNode.renderForClip(Lcom/sun/prism/Graphics;)V+17
j  com.sun.javafx.sg.prism.NGNode.renderRectClip(Lcom/sun/prism/Graphics;Lcom/sun/javafx/sg/prism/NGRectangle;)V+106
j  com.sun.javafx.sg.prism.NGNode.renderClip(Lcom/sun/prism/Graphics;)V+83
j  com.sun.javafx.sg.prism.NGNode.doRender(Lcom/sun/prism/Graphics;)V+285
j  com.sun.javafx.sg.prism.NGNode.render(Lcom/sun/prism/Graphics;)V+34
j  com.sun.javafx.sg.prism.NGGroup.renderContent(Lcom/sun/prism/Graphics;)V+160
j  com.sun.javafx.sg.prism.NGRegion.renderContent(Lcom/sun/prism/Graphics;)V+111
j  com.sun.javafx.sg.prism.NGNode.renderForClip(Lcom/sun/prism/Graphics;)V+17
j  com.sun.javafx.sg.prism.NGNode.renderRectClip(Lcom/sun/prism/Graphics;Lcom/sun/javafx/sg/prism/NGRectangle;)V+106
j  com.sun.javafx.sg.prism.NGNode.renderClip(Lcom/sun/prism/Graphics;)V+83
j  com.sun.javafx.sg.prism.NGNode.doRender(Lcom/sun/prism/Graphics;)V+285
j  com.sun.javafx.sg.prism.NGNode.render(Lcom/sun/prism/Graphics;)V+34
j  com.sun.javafx.sg.prism.NGGroup.renderContent(Lcom/sun/prism/Graphics;)V+160
j  com.sun.javafx.sg.prism.NGRegion.renderContent(Lcom/sun/prism/Graphics;)V+111
j  com.sun.javafx.sg.prism.NGNode.renderForClip(Lcom/sun/prism/Graphics;)V+17
j  com.sun.javafx.sg.prism.NGNode.renderRectClip(Lcom/sun/prism/Graphics;Lcom/sun/javafx/sg/prism/NGRectangle;)V+106
j  com.sun.javafx.sg.prism.NGNode.renderClip(Lcom/sun/prism/Graphics;)V+83
j  com.sun.javafx.sg.prism.NGNode.doRender(Lcom/sun/prism/Graphics;)V+285
j  com.sun.javafx.sg.prism.NGNode.render(Lcom/sun/prism/Graphics;)V+34
j  com.sun.javafx.sg.prism.NGGroup.renderContent(Lcom/sun/prism/Graphics;)V+160
j  com.sun.javafx.sg.prism.NGRegion.renderContent(Lcom/sun/prism/Graphics;)V+111
j  com.sun.javafx.sg.prism.NGNode.renderForClip(Lcom/sun/prism/Graphics;)V+17
j  com.sun.javafx.sg.prism.NGNode.renderRectClip(Lcom/sun/prism/Graphics;Lcom/sun/javafx/sg/prism/NGRectangle;)V+106
j  com.sun.javafx.sg.prism.NGNode.renderClip(Lcom/sun/prism/Graphics;)V+83
j  com.sun.javafx.sg.prism.NGNode.doRender(Lcom/sun/prism/Graphics;)V+285
j  com.sun.javafx.sg.prism.NGNode.render(Lcom/sun/prism/Graphics;)V+34
j  com.sun.javafx.sg.prism.NGGroup.renderContent(Lcom/sun/prism/Graphics;)V+160
j  com.sun.javafx.sg.prism.NGRegion.renderContent(Lcom/sun/prism/Graphics;)V+111
j  com.sun.javafx.sg.prism.NGNode.doRender(Lcom/sun/prism/Graphics;)V+330
j  com.sun.javafx.sg.prism.NGNode.render(Lcom/sun/prism/Graphics;)V+34
j  com.sun.javafx.sg.prism.NGGroup.renderContent(Lcom/sun/prism/Graphics;)V+160
j  com.sun.javafx.sg.prism.NGRegion.renderContent(Lcom/sun/prism/Graphics;)V+111
j  com.sun.javafx.sg.prism.NGNode.renderForClip(Lcom/sun/prism/Graphics;)V+17
j  com.sun.javafx.sg.prism.NGNode.renderRectClip(Lcom/sun/prism/Graphics;Lcom/sun/javafx/sg/prism/NGRectangle;)V+106
j  com.sun.javafx.sg.prism.NGNode.renderClip(Lcom/sun/prism/Graphics;)V+83
j  com.sun.javafx.sg.prism.NGNode.doRender(Lcom/sun/prism/Graphics;)V+285
j  com.sun.javafx.sg.prism.NGNode.render(Lcom/sun/prism/Graphics;)V+34
j  com.sun.javafx.sg.prism.NGGroup.renderContent(Lcom/sun/prism/Graphics;)V+160
j  com.sun.javafx.sg.prism.NGRegion.renderContent(Lcom/sun/prism/Graphics;)V+111
j  com.sun.javafx.sg.prism.NGNode.doRender(Lcom/sun/prism/Graphics;)V+330
j  com.sun.javafx.sg.prism.NGNode.render(Lcom/sun/prism/Graphics;)V+34
j  com.sun.javafx.sg.prism.NGGroup.renderContent(Lcom/sun/prism/Graphics;)V+160
j  com.sun.javafx.sg.prism.NGRegion.renderContent(Lcom/sun/prism/Graphics;)V+111
j  com.sun.javafx.sg.prism.NGNode.doRender(Lcom/sun/prism/Graphics;)V+330
j  com.sun.javafx.sg.prism.NGNode.render(Lcom/sun/prism/Graphics;)V+34
j  com.sun.javafx.tk.quantum.ViewPainter.doPaint(Lcom/sun/prism/Graphics;Lcom/sun/javafx/sg/prism/NodePath;)V+201
j  com.sun.javafx.tk.quantum.ViewPainter.paintImpl(Lcom/sun/prism/Graphics;)V+953
j  com.sun.javafx.tk.quantum.UploadingPainter.run()V+719
j  java.util.concurrent.Executors$RunnableAdapter.call()Ljava/lang/Object;+4
j  java.util.concurrent.FutureTask.runAndReset()Z+47
j  com.sun.javafx.tk.RenderJob.run()V+1
j  java.util.concurrent.ThreadPoolExecutor.runWorker(Ljava/util/concurrent/ThreadPoolExecutor$Worker;)V+95
j  java.util.concurrent.ThreadPoolExecutor$Worker.run()V+5
j  com.sun.javafx.tk.quantum.QuantumRenderer$PipelineRunnable.run()V+8
j  java.lang.Thread.run()V+11
v  ~StubRoutines::call_stub

---------------  P R O C E S S  ---------------

Java Threads: ( => current thread )
  0x0000000059d58800 JavaThread "Prism Font Disposer" daemon [_thread_blocked, id=5048, stack(0x000000005c680000,0x000000005c780000)]
  0x0000000059aa5800 JavaThread "Thread-3" daemon [_thread_in_native, id=5324, stack(0x000000005a9c0000,0x000000005aac0000)]
  0x0000000059ab7800 JavaThread "JavaFX-Launcher" [_thread_blocked, id=5824, stack(0x000000005a8c0000,0x000000005a9c0000)]
  0x0000000059a7c800 JavaThread "JavaFX Application Thread" [_thread_blocked, id=3964, stack(0x000000005a7c0000,0x000000005a8c0000)]
  0x0000000059a7b800 JavaThread "Thread-1" daemon [_thread_blocked, id=2736, stack(0x000000005a490000,0x000000005a590000)]
=>0x0000000058dfb800 JavaThread "QuantumRenderer-0" daemon [_thread_in_native, id=6064, stack(0x000000005a2e0000,0x000000005a3e0000)]
  0x0000000058a7f000 JavaThread "Service Thread" daemon [_thread_blocked, id=5884, stack(0x00000000596f0000,0x00000000597f0000)]
  0x0000000058a0c000 JavaThread "C1 CompilerThread2" daemon [_thread_blocked, id=5268, stack(0x0000000059580000,0x0000000059680000)]
  0x0000000058a0a800 JavaThread "C2 CompilerThread1" daemon [_thread_blocked, id=5468, stack(0x00000000593f0000,0x00000000594f0000)]
  0x0000000058a03800 JavaThread "C2 CompilerThread0" daemon [_thread_blocked, id=5168, stack(0x0000000059260000,0x0000000059360000)]
  0x00000000576f3800 JavaThread "Attach Listener" daemon [_thread_blocked, id=3320, stack(0x00000000590b0000,0x00000000591b0000)]
  0x00000000576f2000 JavaThread "Signal Dispatcher" daemon [_thread_blocked, id=4132, stack(0x0000000058f20000,0x0000000059020000)]
  0x00000000576dc000 JavaThread "Finalizer" daemon [_thread_blocked, id=5636, stack(0x0000000058900000,0x0000000058a00000)]
  0x0000000057692800 JavaThread "Reference Handler" daemon [_thread_blocked, id=3768, stack(0x00000000585e0000,0x00000000586e0000)]
  0x000000000232d800 JavaThread "main" [_thread_blocked, id=4664, stack(0x00000000024b0000,0x00000000025b0000)]

Other Threads:
  0x000000005768b000 VMThread [stack: 0x0000000058730000,0x0000000058830000] [id=2456]
  0x0000000058ab4800 WatcherThread [stack: 0x0000000059920000,0x0000000059a20000] [id=5764]

VM state:not at safepoint (normal execution)

VM Mutex/Monitor currently owned by a thread: None

Heap:
 PSYoungGen      total 38400K, used 17130K [0x00000000d5f00000, 0x00000000d8980000, 0x0000000100000000)
  eden space 33280K, 36% used [0x00000000d5f00000,0x00000000d6abeb70,0x00000000d7f80000)
  from space 5120K, 99% used [0x00000000d7f80000,0x00000000d847bf20,0x00000000d8480000)
  to   space 5120K, 0% used [0x00000000d8480000,0x00000000d8480000,0x00000000d8980000)
 ParOldGen       total 87552K, used 4778K [0x0000000081c00000, 0x0000000087180000, 0x00000000d5f00000)
  object space 87552K, 5% used [0x0000000081c00000,0x00000000820aa9a0,0x0000000087180000)
 Metaspace       used 15708K, capacity 16436K, committed 16640K, reserved 1062912K
  class space    used 2299K, capacity 2480K, committed 2560K, reserved 1048576K

Card table byte_map: [0x0000000011c40000,0x0000000012040000] byte_map_base: 0x0000000011832000

Marking Bits: (ParMarkBitMap*) 0x000000006ccba6c0
 Begin Bits: [0x00000000129e0000, 0x0000000014970000)
 End Bits:   [0x0000000014970000, 0x0000000016900000)

Polling page: 0x0000000000330000

CodeCache: size=245760Kb used=4257Kb max_used=4257Kb free=241502Kb
 bounds [0x0000000002880000, 0x0000000002cb0000, 0x0000000011880000]
 total_blobs=1843 nmethods=1257 adapters=499
 compilation: enabled

Compilation events (10 events):
Event: 1.727 Thread 0x0000000058a0c000 nmethod 1246 0x0000000002ca49d0 code [0x0000000002ca4b20, 0x0000000002ca4c30]
Event: 1.727 Thread 0x0000000058a0c000 1229       3       java.lang.invoke.MethodHandles::access$000 (4 bytes)
Event: 1.728 Thread 0x0000000058a0c000 nmethod 1229 0x0000000002ca4c90 code [0x0000000002ca4de0, 0x0000000002ca4f10]
Event: 1.728 Thread 0x0000000058a0c000 1227       3       jdk.internal.org.objectweb.asm.Frame::set (65 bytes)
Event: 1.728 Thread 0x0000000058a0c000 nmethod 1227 0x0000000002ca4f90 code [0x0000000002ca5120, 0x0000000002ca55e8]
Event: 1.729 Thread 0x0000000058a0c000 1247       1       com.sun.javafx.sg.prism.NGNode::getClipNode (5 bytes)
Event: 1.729 Thread 0x0000000058a0c000 nmethod 1247 0x0000000002ca57d0 code [0x0000000002ca5920, 0x0000000002ca5a30]
Event: 1.729 Thread 0x0000000058a0c000 1248       1       javafx.scene.layout.Background::getFills (5 bytes)
Event: 1.730 Thread 0x0000000058a0c000 nmethod 1248 0x0000000002ca5a90 code [0x0000000002ca5be0, 0x0000000002ca5cf0]
Event: 1.731 Thread 0x0000000058a0c000 1249       3       com.sun.javafx.geom.RectBounds::makeEmpty (5 bytes)

GC Heap History (2 events):
Event: 0.610 GC heap before
{Heap before GC invocations=1 (full 0):
 PSYoungGen      total 38400K, used 33212K [0x00000000d5f00000, 0x00000000d8980000, 0x0000000100000000)
  eden space 33280K, 99% used [0x00000000d5f00000,0x00000000d7f6f1e8,0x00000000d7f80000)
  from space 5120K, 0% used [0x00000000d8480000,0x00000000d8480000,0x00000000d8980000)
  to   space 5120K, 0% used [0x00000000d7f80000,0x00000000d7f80000,0x00000000d8480000)
 ParOldGen       total 87552K, used 0K [0x0000000081c00000, 0x0000000087180000, 0x00000000d5f00000)
  object space 87552K, 0% used [0x0000000081c00000,0x0000000081c00000,0x0000000087180000)
 Metaspace       used 15170K, capacity 15916K, committed 16000K, reserved 1062912K
  class space    used 2223K, capacity 2416K, committed 2432K, reserved 1048576K
Event: 0.615 GC heap after
Heap after GC invocations=1 (full 0):
 PSYoungGen      total 38400K, used 5103K [0x00000000d5f00000, 0x00000000d8980000, 0x0000000100000000)
  eden space 33280K, 0% used [0x00000000d5f00000,0x00000000d5f00000,0x00000000d7f80000)
  from space 5120K, 99% used [0x00000000d7f80000,0x00000000d847bf20,0x00000000d8480000)
  to   space 5120K, 0% used [0x00000000d8480000,0x00000000d8480000,0x00000000d8980000)
 ParOldGen       total 87552K, used 4778K [0x0000000081c00000, 0x0000000087180000, 0x00000000d5f00000)
  object space 87552K, 5% used [0x0000000081c00000,0x00000000820aa9a0,0x0000000087180000)
 Metaspace       used 15170K, capacity 15916K, committed 16000K, reserved 1062912K
  class space    used 2223K, capacity 2416K, committed 2432K, reserved 1048576K
}

Deoptimization events (10 events):
Event: 0.451 Thread 0x0000000059a7c800 Uncommon trap: reason=class_check action=maybe_recompile pc=0x0000000002ac4010 method=java.io.DataInputStream.readShort()S @ 4
Event: 0.451 Thread 0x0000000059a7c800 Uncommon trap: reason=class_check action=maybe_recompile pc=0x0000000002ac4010 method=java.io.DataInputStream.readShort()S @ 4
Event: 0.453 Thread 0x0000000059a7c800 Uncommon trap: reason=class_check action=maybe_recompile pc=0x000000000299f9e0 method=java.lang.String.equals(Ljava/lang/Object;)Z @ 8
Event: 0.453 Thread 0x0000000059a7c800 Uncommon trap: reason=class_check action=maybe_recompile pc=0x000000000299f9e0 method=java.lang.String.equals(Ljava/lang/Object;)Z @ 8
Event: 0.453 Thread 0x0000000059a7c800 Uncommon trap: reason=class_check action=maybe_recompile pc=0x000000000299f9e0 method=java.lang.String.equals(Ljava/lang/Object;)Z @ 8
Event: 0.454 Thread 0x0000000059a7c800 Uncommon trap: reason=class_check action=maybe_recompile pc=0x000000000299f9e0 method=java.lang.String.equals(Ljava/lang/Object;)Z @ 8
Event: 0.517 Thread 0x0000000059a7c800 Uncommon trap: reason=unstable_if action=reinterpret pc=0x0000000002b7db5c method=java.lang.String.regionMatches(ZILjava/lang/String;II)Z @ 123
Event: 0.570 Thread 0x0000000059a7c800 Uncommon trap: reason=unstable_if action=reinterpret pc=0x0000000002bdfc80 method=java.util.HashMap.isEmpty()Z @ 4
Event: 0.576 Thread 0x0000000059a7c800 Uncommon trap: reason=unstable_if action=reinterpret pc=0x0000000002b3b71c method=sun.net.www.ParseUtil.encodePath(Ljava/lang/String;Z)Ljava/lang/String; @ 109
Event: 1.706 Thread 0x0000000059a7c800 Uncommon trap: reason=unstable_if action=reinterpret pc=0x0000000002b7e9a8 method=jdk.internal.org.objectweb.asm.Type.getArgumentsAndReturnSizes(Ljava/lang/String;)I @ 47

Internal exceptions (10 events):
Event: 0.275 Thread 0x0000000059a7c800 Exception <a 'java/lang/ArrayIndexOutOfBoundsException': 58> (0x00000000d6bc7458) thrown at [C:\re\workspace\8-2-build-windows-amd64-cygwin\jdk8u111\7883\hotspot\src\share\vm\interpreter\interpreterRuntime.cpp, line 366]
Event: 0.275 Thread 0x0000000059a7c800 Exception <a 'java/lang/ArrayIndexOutOfBoundsException': 18> (0x00000000d6bc82e0) thrown at [C:\re\workspace\8-2-build-windows-amd64-cygwin\jdk8u111\7883\hotspot\src\share\vm\interpreter\interpreterRuntime.cpp, line 366]
Event: 0.276 Thread 0x0000000059a7c800 Exception <a 'java/lang/ArrayIndexOutOfBoundsException': 86> (0x00000000d6bc9688) thrown at [C:\re\workspace\8-2-build-windows-amd64-cygwin\jdk8u111\7883\hotspot\src\share\vm\interpreter\interpreterRuntime.cpp, line 366]
Event: 0.310 Thread 0x0000000059a7c800 Exception <a 'java/lang/ArrayIndexOutOfBoundsException'> (0x00000000d6e2be48) thrown at [C:\re\workspace\8-2-build-windows-amd64-cygwin\jdk8u111\7883\hotspot\src\share\vm\runtime\sharedRuntime.cpp, line 605]
Event: 0.319 Thread 0x0000000059a7c800 Exception <a 'java/lang/ArrayIndexOutOfBoundsException'> (0x00000000d6e92af0) thrown at [C:\re\workspace\8-2-build-windows-amd64-cygwin\jdk8u111\7883\hotspot\src\share\vm\runtime\sharedRuntime.cpp, line 605]
Event: 0.330 Thread 0x0000000059a7c800 Exception <a 'java/lang/ArrayIndexOutOfBoundsException'> (0x00000000d6f7c0e0) thrown at [C:\re\workspace\8-2-build-windows-amd64-cygwin\jdk8u111\7883\hotspot\src\share\vm\runtime\sharedRuntime.cpp, line 605]
Event: 0.331 Thread 0x0000000059a7c800 Exception <a 'java/lang/ArrayIndexOutOfBoundsException'> (0x00000000d6f7e108) thrown at [C:\re\workspace\8-2-build-windows-amd64-cygwin\jdk8u111\7883\hotspot\src\share\vm\runtime\sharedRuntime.cpp, line 605]
Event: 0.331 Thread 0x0000000059a7c800 Exception <a 'java/lang/ArrayIndexOutOfBoundsException'> (0x00000000d6f866d0) thrown at [C:\re\workspace\8-2-build-windows-amd64-cygwin\jdk8u111\7883\hotspot\src\share\vm\runtime\sharedRuntime.cpp, line 605]
Event: 0.331 Thread 0x0000000059a7c800 Exception <a 'java/lang/ArrayIndexOutOfBoundsException'> (0x00000000d6f87ac0) thrown at [C:\re\workspace\8-2-build-windows-amd64-cygwin\jdk8u111\7883\hotspot\src\share\vm\runtime\sharedRuntime.cpp, line 605]
Event: 0.356 Thread 0x0000000059a7c800 Implicit null exception at 0x0000000002ad1f65 to 0x0000000002ad2139

Events (10 events):
Event: 1.726 loading class com/sun/javafx/sg/prism/NGPerspectiveCamera
Event: 1.726 loading class com/sun/javafx/sg/prism/NGPerspectiveCamera done
Event: 1.726 loading class com/sun/javafx/geom/transform/Affine3D$1
Event: 1.726 loading class com/sun/javafx/geom/transform/Affine3D$1 done
Event: 1.727 loading class com/sun/javafx/geom/transform/TransformHelper
Event: 1.727 loading class com/sun/javafx/geom/transform/TransformHelper done
Event: 1.728 loading class com/sun/javafx/sg/prism/NGNode$RenderRootResult
Event: 1.728 loading class com/sun/javafx/sg/prism/NGNode$RenderRootResult done
Event: 1.729 loading class com/sun/javafx/geom/Path2D$CornerPrefix
Event: 1.729 loading class com/sun/javafx/geom/Path2D$CornerPrefix done


Dynamic libraries:
0x000000013fe90000 - 0x000000013fec7000 	C:\Program Files\Java\jdk1.8.0_111\jre\bin\java.exe
0x00000000772c0000 - 0x000000007746b000 	C:\Windows\SYSTEM32\ntdll.dll
0x00000000770a0000 - 0x00000000771bf000 	C:\Windows\system32\kernel32.dll
0x000007fefd560000 - 0x000007fefd5cb000 	C:\Windows\system32\KERNELBASE.dll
0x000007fefe400000 - 0x000007fefe4db000 	C:\Windows\system32\ADVAPI32.dll
0x000007fefdee0000 - 0x000007fefdf7f000 	C:\Windows\system32\msvcrt.dll
0x000007fefd930000 - 0x000007fefd94f000 	C:\Windows\SYSTEM32\sechost.dll
0x000007fefdd00000 - 0x000007fefde2e000 	C:\Windows\system32\RPCRT4.dll
0x00000000771c0000 - 0x00000000772ba000 	C:\Windows\system32\USER32.dll
0x000007fefd620000 - 0x000007fefd687000 	C:\Windows\system32\GDI32.dll
0x000007fefde30000 - 0x000007fefde3e000 	C:\Windows\system32\LPK.dll
0x000007feff500000 - 0x000007feff5ca000 	C:\Windows\system32\USP10.dll
0x000007fefbe80000 - 0x000007fefc074000 	C:\Windows\WinSxS\amd64_microsoft.windows.common-controls_6595b64144ccf1df_6.0.7600.16385_none_fa645303170382f6\COMCTL32.dll
0x000007fefd950000 - 0x000007fefd9c1000 	C:\Windows\system32\SHLWAPI.dll
0x000007fefd5f0000 - 0x000007fefd61e000 	C:\Windows\system32\IMM32.DLL
0x000007feff3f0000 - 0x000007feff4f9000 	C:\Windows\system32\MSCTF.dll
0x0000000074350000 - 0x0000000074422000 	C:\Program Files\Java\jdk1.8.0_111\jre\bin\msvcr100.dll
0x000000006c4a0000 - 0x000000006cd3a000 	C:\Program Files\Java\jdk1.8.0_111\jre\bin\server\jvm.dll
0x000007fefa030000 - 0x000007fefa039000 	C:\Windows\system32\WSOCK32.dll
0x000007fefd700000 - 0x000007fefd74d000 	C:\Windows\system32\WS2_32.dll
0x000007fefdf80000 - 0x000007fefdf88000 	C:\Windows\system32\NSI.dll
0x000007fefaf60000 - 0x000007fefaf9b000 	C:\Windows\system32\WINMM.dll
0x000007fefc390000 - 0x000007fefc39c000 	C:\Windows\system32\VERSION.dll
0x0000000077490000 - 0x0000000077497000 	C:\Windows\system32\PSAPI.DLL
0x0000000074470000 - 0x000000007447f000 	C:\Program Files\Java\jdk1.8.0_111\jre\bin\verify.dll
0x0000000074320000 - 0x0000000074349000 	C:\Program Files\Java\jdk1.8.0_111\jre\bin\java.dll
0x0000000074300000 - 0x0000000074316000 	C:\Program Files\Java\jdk1.8.0_111\jre\bin\zip.dll
0x000007fefe4e0000 - 0x000007feff266000 	C:\Windows\system32\SHELL32.dll
0x000007fefd9d0000 - 0x000007fefdbd1000 	C:\Windows\system32\ole32.dll
0x000007fefd220000 - 0x000007fefd22f000 	C:\Windows\system32\profapi.dll
0x000007feeddd0000 - 0x000007feedebf000 	C:\Program Files\Java\jdk1.8.0_111\jre\bin\msvcr120.dll
0x000007feedd20000 - 0x000007feeddc6000 	C:\Program Files\Java\jdk1.8.0_111\jre\bin\msvcp120.dll
0x0000000074010000 - 0x0000000074032000 	C:\Program Files\Java\jdk1.8.0_111\jre\bin\prism_d3d.dll
0x000007fee40b0000 - 0x000007fee42af000 	C:\Windows\system32\d3d9.dll
0x000007feee1e0000 - 0x000007feee1e7000 	C:\Windows\system32\d3d8thk.dll
0x000007fefb6d0000 - 0x000007fefb6e8000 	C:\Windows\system32\dwmapi.dll
0x000007fefbca0000 - 0x000007fefbcf6000 	C:\Windows\system32\uxtheme.dll
0x0000000074050000 - 0x000000007406c000 	C:\Program Files\Java\jdk1.8.0_111\jre\bin\prism_sw.dll
0x0000000064b40000 - 0x0000000064b83000 	C:\Program Files\Java\jdk1.8.0_111\jre\bin\glass.dll
0x000007fefdbe0000 - 0x000007fefdc78000 	C:\Windows\system32\COMDLG32.dll
0x000007fefe0c0000 - 0x000007fefe197000 	C:\Windows\system32\OLEAUT32.dll
0x000007fefd150000 - 0x000007fefd15f000 	C:\Windows\system32\CRYPTBASE.dll
0x000000006a550000 - 0x000000006a564000 	C:\Program Files\Java\jdk1.8.0_111\jre\bin\javafx_font.dll
0x000007feecfd0000 - 0x000007feed14b000 	C:\Windows\system32\dwrite.dll
0x000007fefde40000 - 0x000007fefded9000 	C:\Windows\system32\CLBCatQ.DLL
0x000007fefb0f0000 - 0x000007fefb21a000 	C:\Windows\system32\WindowsCodecs.dll
0x000007fefd0f0000 - 0x000007fefd147000 	C:\Windows\system32\apphelp.dll
0x000007fef2e30000 - 0x000007fef2e65000 	C:\Windows\system32\EhStorShell.dll
0x000007fefd750000 - 0x000007fefd927000 	C:\Windows\system32\SETUPAPI.dll
0x000007fefd2d0000 - 0x000007fefd306000 	C:\Windows\system32\CFGMGR32.dll
0x000007fefd5d0000 - 0x000007fefd5ea000 	C:\Windows\system32\DEVOBJ.dll
0x000007fefbd00000 - 0x000007fefbe2c000 	C:\Windows\system32\PROPSYS.dll
0x000007fef27b0000 - 0x000007fef2e21000 	C:\PROGRA~1\MICROS~1\Office14\GROOVEEX.DLL
0x000000006ea80000 - 0x000000006eb1d000 	C:\Windows\WinSxS\amd64_microsoft.vc90.crt_1fc8b3b9a1e18e3b_9.0.30729.4926_none_08e1a05ba83fe554\MSVCR90.dll
0x000000006e390000 - 0x000000006e463000 	C:\Windows\WinSxS\amd64_microsoft.vc90.crt_1fc8b3b9a1e18e3b_9.0.30729.4926_none_08e1a05ba83fe554\MSVCP90.dll
0x000000006eb70000 - 0x000000006eb9f000 	C:\Windows\WinSxS\amd64_microsoft.vc90.atl_1fc8b3b9a1e18e3b_9.0.30729.4148_none_0a1d2fcba76b3f00\ATL90.DLL
0x000007fef2270000 - 0x000007fef267f000 	C:\PROGRA~1\COMMON~1\MICROS~1\OFFICE14\Cultures\office.odf
0x000007fef1a00000 - 0x000007fef2264000 	C:\PROGRA~1\MICROS~1\Office14\1033\GrooveIntlResource.dll
0x000007fef1980000 - 0x000007fef19fe000 	C:\Windows\System32\cscui.dll
0x000007fef1970000 - 0x000007fef197c000 	C:\Windows\System32\CSCDLL.dll
0x000007fef5e20000 - 0x000007fef5e2f000 	C:\Windows\system32\CSCAPI.dll
0x000007fef18f0000 - 0x000007fef1970000 	C:\Windows\system32\ntshrui.dll
0x000007fefcd30000 - 0x000007fefcd53000 	C:\Windows\system32\srvcli.dll
0x000007fefb070000 - 0x000007fefb07b000 	C:\Windows\system32\slc.dll
0x000007fef9c10000 - 0x000007fef9c3d000 	C:\Program Files\Common Files\Microsoft Shared\Ink\rtscom.dll
0x000000006a530000 - 0x000000006a541000 	C:\Program Files\Java\jdk1.8.0_111\jre\bin\prism_common.dll
0x000007fef2680000 - 0x000007fef27a5000 	C:\Windows\system32\dbghelp.dll

VM Arguments:
jvm_args: -Dfile.encoding=UTF-8 
java_command: C:\Users\IITG\Documents\NetBeansProjects\NasoFX\dist\run1191256961\NasoFX.jar
java_class_path (initial): C:\Users\IITG\Documents\NetBeansProjects\NasoFX\dist\run1191256961\NasoFX.jar
Launcher Type: SUN_STANDARD

Environment Variables:
JAVA_HOME=C:\Program Files\Java\jdk1.8.0_111
PATH=C:\cygwin64\bin;C:\Program Files (x86)\Bitvise SSH Client
USERNAME=IITG
OS=Windows_NT
PROCESSOR_IDENTIFIER=Intel64 Family 6 Model 94 Stepping 3, GenuineIntel



---------------  S Y S T E M  ---------------

OS: Windows 7 , 64 bit Build 7600 (6.1.7600.16385)

CPU:total 4 (4 cores per cpu, 1 threads per core) family 6 model 94 stepping 3, cmov, cx8, fxsr, mmx, sse, sse2, sse3, ssse3, sse4.1, sse4.2, popcnt, aes, clmul, erms, rtm, 3dnowpref, lzcnt, tsc, tscinvbit, bmi1, bmi2, adx

Memory: 4k page, physical 8266172k(3505180k free), swap 16530448k(11508128k free)

vm_info: Java HotSpot(TM) 64-Bit Server VM (25.111-b14) for windows-amd64 JRE (1.8.0_111-b14), built on Sep 22 2016 19:24:05 by "java_re" with MS VC++ 10.0 (VS2010)

time: Mon Sep 11 12:51:46 2017
elapsed time: 1 seconds (0d 0h 0m 1s)

