#
# A fatal error has been detected by the Java Runtime Environment:
#
#  EXCEPTION_ILLEGAL_INSTRUCTION (0xc000001d) at pc=0x000007fee3655c01, pid=696, tid=0x0000000000000f08
#
# JRE version: Java(TM) SE Runtime Environment (8.0_111-b14) (build 1.8.0_111-b14)
# Java VM: Java HotSpot(TM) 64-Bit Server VM (25.111-b14 mixed mode windows-amd64 compressed oops)
# Problematic frame:
# C  [msvcr120.dll+0x95c01]
#
# Failed to write core dump. Minidumps are not enabled by default on client versions of Windows
#
# If you would like to submit a bug report, please visit:
#   http://bugreport.java.com/bugreport/crash.jsp
# The crash happened outside the Java Virtual Machine in native code.
# See problematic frame for where to report the bug.
#

---------------  T H R E A D  ---------------

Current thread (0x000000005982f000):  JavaThread "QuantumRenderer-0" daemon [_thread_in_native, id=3848, stack(0x0000000058bd0000,0x0000000058cd0000)]

siginfo: ExceptionCode=0xc000001d

Registers:
RAX=0x3f40000000000000, RBX=0x0000000000000004, RCX=0x3f40e05bc562380c, RDX=0x7ff0000000000000
RSP=0x0000000058ccc490, RBP=0x0000000058ccccc0, RSI=0x0000000058ccccc0, RDI=0x0000000000000004
R8 =0x8000000000000000, R9 =0x00000000650fd1f0, R10=0x000000000000000c, R11=0x0000000058ccc980
R12=0x00000000650fd1f0, R13=0x00000000650fd050, R14=0x00000000d67ad894, R15=0x0000000000000004
RIP=0x000007fee3655c01, EFLAGS=0x0000000000010202

Top of Stack: (sp=0x0000000058ccc490)
0x0000000058ccc490:   0000000059fddb00 0000000000244580
0x0000000058ccc4a0:   0000000000244580 00000000003020c0
0x0000000058ccc4b0:   00000000002957c2 0000000000000010
0x0000000058ccc4c0:   0000000000000000 0000000000240158
0x0000000058ccc4d0:   00000000773d7288 0000000000244580
0x0000000058ccc4e0:   0000000000000060 0000000002300000
0x0000000058ccc4f0:   0000000000000001 0000000000240000
0x0000000058ccc500:   0000000058ccc701 0000000000244580
0x0000000058ccc510:   3f973d26348e1453 0000000000000000
0x0000000058ccc520:   3e6b36305c800000 0000000000000000
0x0000000058ccc530:   00000000002d5dd0 0000000000244580
0x0000000058ccc540:   0000000059816e00 00000000000003ff
0x0000000058ccc550:   00000000650fc3f0 00000000650f3318
0x0000000058ccc560:   3f40e05bc562380c 3f40e05bc562380c
0x0000000058ccc570:   3f973d26348e1453 0000000000240158
0x0000000058ccc580:   0000000000000000 00000000000003ff 

Instructions: (pc=0x000007fee3655c01)
0x000007fee3655be1:   0f 10 d0 f2 0f 10 44 24 10 f2 0f 10 4c 24 20 44
0x000007fee3655bf1:   8b 0d 15 26 02 00 e8 34 c7 00 00 e9 72 f8 ff ff
0x000007fee3655c01:   c5 fb 11 44 24 10 c5 fb 11 4c 24 20 48 8b 54 24
0x000007fee3655c11:   10 4c 8b 44 24 20 4c 8b 15 4a 26 02 00 4d 23 d0 


Register to memory mapping:

RAX=0x3f40000000000000 is an unknown value
RBX=0x0000000000000004 is an unknown value
RCX=0x3f40e05bc562380c is an unknown value
RDX=0x7ff0000000000000 is an unknown value
RSP=0x0000000058ccc490 is pointing into the stack for thread: 0x000000005982f000
RBP=0x0000000058ccccc0 is pointing into the stack for thread: 0x000000005982f000
RSI=0x0000000058ccccc0 is pointing into the stack for thread: 0x000000005982f000
RDI=0x0000000000000004 is an unknown value
R8 =0x8000000000000000 is an unknown value
R9 =0x00000000650fd1f0 is an unknown value
R10=0x000000000000000c is an unknown value
R11=0x0000000058ccc980 is pointing into the stack for thread: 0x000000005982f000
R12=0x00000000650fd1f0 is an unknown value
R13=0x00000000650fd050 is an unknown value
R14=0x00000000d67ad894 is an unknown value
R15=0x0000000000000004 is an unknown value


Stack: [0x0000000058bd0000,0x0000000058cd0000],  sp=0x0000000058ccc490,  free space=1009k
Native frames: (J=compiled Java code, j=interpreted, Vv=VM code, C=native code)
C  [msvcr120.dll+0x95c01]
C  [prism_common.dll+0x3318]
C  [prism_common.dll+0x1abc]
C  [prism_common.dll+0x1128]
C  [prism_common.dll+0x8b7e]
C  [prism_common.dll+0x669e]
C  [prism_common.dll+0x49af]
C  [prism_common.dll+0x4649]
C  0x00000000028e7994

Java frames: (J=compiled Java code, j=interpreted, Vv=VM code)
j  com.sun.prism.impl.shape.NativePiscesRasterizer.produceStrokeAlphas([F[BIFIIF[FFDDDDDD[I[B)V+0
j  com.sun.prism.impl.shape.NativePiscesRasterizer.getMaskData(Lcom/sun/javafx/geom/Shape;Lcom/sun/prism/BasicStroke;Lcom/sun/javafx/geom/RectBounds;Lcom/sun/javafx/geom/transform/BaseTransform;ZZ)Lcom/sun/prism/impl/shape/MaskData;+487
j  com.sun.prism.impl.shape.ShapeUtil.rasterizeShape(Lcom/sun/javafx/geom/Shape;Lcom/sun/prism/BasicStroke;Lcom/sun/javafx/geom/RectBounds;Lcom/sun/javafx/geom/transform/BaseTransform;ZZ)Lcom/sun/prism/impl/shape/MaskData;+11
j  com.sun.prism.sw.SWContext$NativeShapeRenderer.renderShape(Lcom/sun/pisces/PiscesRenderer;Lcom/sun/javafx/geom/Shape;Lcom/sun/prism/BasicStroke;Lcom/sun/javafx/geom/transform/BaseTransform;Lcom/sun/javafx/geom/Rectangle;Z)V+12
j  com.sun.prism.sw.SWContext.renderShape(Lcom/sun/pisces/PiscesRenderer;Lcom/sun/javafx/geom/Shape;Lcom/sun/prism/BasicStroke;Lcom/sun/javafx/geom/transform/BaseTransform;Lcom/sun/javafx/geom/Rectangle;Z)V+13
j  com.sun.prism.sw.SWGraphics.paintShapePaintAlreadySet(Lcom/sun/javafx/geom/Shape;Lcom/sun/prism/BasicStroke;Lcom/sun/javafx/geom/transform/BaseTransform;)V+296
j  com.sun.prism.sw.SWGraphics.paintShape(Lcom/sun/javafx/geom/Shape;Lcom/sun/prism/BasicStroke;Lcom/sun/javafx/geom/transform/BaseTransform;)V+70
j  com.sun.prism.sw.SWGraphics.paintRoundRect(FFFFFFLcom/sun/prism/BasicStroke;)V+57
j  com.sun.prism.sw.SWGraphics.drawRoundRect(FFFFFF)V+28
j  com.sun.javafx.sg.prism.NGRegion.renderBorderRectangle(Lcom/sun/prism/Graphics;)V+690
j  com.sun.javafx.sg.prism.NGRegion.renderAsRectangle(Lcom/sun/prism/Graphics;)V+27
j  com.sun.javafx.sg.prism.NGRegion.renderContent(Lcom/sun/prism/Graphics;)V+106
j  com.sun.javafx.sg.prism.NGNode.doRender(Lcom/sun/prism/Graphics;)V+330
j  com.sun.javafx.sg.prism.NGNode.render(Lcom/sun/prism/Graphics;)V+34
j  com.sun.javafx.sg.prism.NGGroup.renderContent(Lcom/sun/prism/Graphics;)V+160
j  com.sun.javafx.sg.prism.NGRegion.renderContent(Lcom/sun/prism/Graphics;)V+111
j  com.sun.javafx.sg.prism.NGNode.doRender(Lcom/sun/prism/Graphics;)V+330
j  com.sun.javafx.sg.prism.NGNode.render(Lcom/sun/prism/Graphics;)V+34
j  com.sun.javafx.sg.prism.NGGroup.renderContent(Lcom/sun/prism/Graphics;)V+160
j  com.sun.javafx.sg.prism.NGRegion.renderContent(Lcom/sun/prism/Graphics;)V+111
j  com.sun.javafx.sg.prism.NGNode.renderForClip(Lcom/sun/prism/Graphics;)V+17
j  com.sun.javafx.sg.prism.NGNode.renderRectClip(Lcom/sun/prism/Graphics;Lcom/sun/javafx/sg/prism/NGRectangle;)V+106
j  com.sun.javafx.sg.prism.NGNode.renderClip(Lcom/sun/prism/Graphics;)V+83
j  com.sun.javafx.sg.prism.NGNode.doRender(Lcom/sun/prism/Graphics;)V+285
j  com.sun.javafx.sg.prism.NGNode.render(Lcom/sun/prism/Graphics;)V+34
j  com.sun.javafx.sg.prism.NGGroup.renderContent(Lcom/sun/prism/Graphics;)V+160
j  com.sun.javafx.sg.prism.NGRegion.renderContent(Lcom/sun/prism/Graphics;)V+111
j  com.sun.javafx.sg.prism.NGNode.renderForClip(Lcom/sun/prism/Graphics;)V+17
j  com.sun.javafx.sg.prism.NGNode.renderRectClip(Lcom/sun/prism/Graphics;Lcom/sun/javafx/sg/prism/NGRectangle;)V+106
j  com.sun.javafx.sg.prism.NGNode.renderClip(Lcom/sun/prism/Graphics;)V+83
j  com.sun.javafx.sg.prism.NGNode.doRender(Lcom/sun/prism/Graphics;)V+285
j  com.sun.javafx.sg.prism.NGNode.render(Lcom/sun/prism/Graphics;)V+34
j  com.sun.javafx.sg.prism.NGGroup.renderContent(Lcom/sun/prism/Graphics;)V+160
j  com.sun.javafx.sg.prism.NGRegion.renderContent(Lcom/sun/prism/Graphics;)V+111
j  com.sun.javafx.sg.prism.NGNode.renderForClip(Lcom/sun/prism/Graphics;)V+17
j  com.sun.javafx.sg.prism.NGNode.renderRectClip(Lcom/sun/prism/Graphics;Lcom/sun/javafx/sg/prism/NGRectangle;)V+106
j  com.sun.javafx.sg.prism.NGNode.renderClip(Lcom/sun/prism/Graphics;)V+83
j  com.sun.javafx.sg.prism.NGNode.doRender(Lcom/sun/prism/Graphics;)V+285
j  com.sun.javafx.sg.prism.NGNode.render(Lcom/sun/prism/Graphics;)V+34
j  com.sun.javafx.sg.prism.NGGroup.renderContent(Lcom/sun/prism/Graphics;)V+160
j  com.sun.javafx.sg.prism.NGRegion.renderContent(Lcom/sun/prism/Graphics;)V+111
j  com.sun.javafx.sg.prism.NGNode.renderForClip(Lcom/sun/prism/Graphics;)V+17
j  com.sun.javafx.sg.prism.NGNode.renderRectClip(Lcom/sun/prism/Graphics;Lcom/sun/javafx/sg/prism/NGRectangle;)V+106
j  com.sun.javafx.sg.prism.NGNode.renderClip(Lcom/sun/prism/Graphics;)V+83
j  com.sun.javafx.sg.prism.NGNode.doRender(Lcom/sun/prism/Graphics;)V+285
j  com.sun.javafx.sg.prism.NGNode.render(Lcom/sun/prism/Graphics;)V+34
j  com.sun.javafx.sg.prism.NGGroup.renderContent(Lcom/sun/prism/Graphics;)V+160
j  com.sun.javafx.sg.prism.NGRegion.renderContent(Lcom/sun/prism/Graphics;)V+111
j  com.sun.javafx.sg.prism.NGNode.doRender(Lcom/sun/prism/Graphics;)V+330
j  com.sun.javafx.sg.prism.NGNode.render(Lcom/sun/prism/Graphics;)V+34
j  com.sun.javafx.tk.quantum.ViewPainter.doPaint(Lcom/sun/prism/Graphics;Lcom/sun/javafx/sg/prism/NodePath;)V+201
j  com.sun.javafx.tk.quantum.ViewPainter.paintImpl(Lcom/sun/prism/Graphics;)V+982
j  com.sun.javafx.tk.quantum.UploadingPainter.run()V+719
j  java.util.concurrent.Executors$RunnableAdapter.call()Ljava/lang/Object;+4
j  java.util.concurrent.FutureTask.runAndReset()Z+47
j  com.sun.javafx.tk.RenderJob.run()V+1
j  java.util.concurrent.ThreadPoolExecutor.runWorker(Ljava/util/concurrent/ThreadPoolExecutor$Worker;)V+95
j  java.util.concurrent.ThreadPoolExecutor$Worker.run()V+5
j  com.sun.javafx.tk.quantum.QuantumRenderer$PipelineRunnable.run()V+8
j  java.lang.Thread.run()V+11
v  ~StubRoutines::call_stub

---------------  P R O C E S S  ---------------

Java Threads: ( => current thread )
  0x0000000059c8f800 JavaThread "Prism Font Disposer" daemon [_thread_blocked, id=5496, stack(0x000000005c4d0000,0x000000005c5d0000)]
  0x0000000059a2e800 JavaThread "Thread-3" daemon [_thread_in_native, id=5300, stack(0x000000005a680000,0x000000005a780000)]
  0x0000000059a13800 JavaThread "JavaFX-Launcher" [_thread_blocked, id=6008, stack(0x000000005a1a0000,0x000000005a2a0000)]
  0x00000000599f9800 JavaThread "JavaFX Application Thread" [_thread_in_native, id=6044, stack(0x000000005a350000,0x000000005a450000)]
  0x00000000599f4000 JavaThread "Thread-1" daemon [_thread_blocked, id=6128, stack(0x000000005a570000,0x000000005a670000)]
=>0x000000005982f000 JavaThread "QuantumRenderer-0" daemon [_thread_in_native, id=3848, stack(0x0000000058bd0000,0x0000000058cd0000)]
  0x00000000594b2800 JavaThread "Service Thread" daemon [_thread_blocked, id=5680, stack(0x00000000598a0000,0x00000000599a0000)]
  0x000000005766e800 JavaThread "C1 CompilerThread2" daemon [_thread_blocked, id=2940, stack(0x0000000059330000,0x0000000059430000)]
  0x000000005766d800 JavaThread "C2 CompilerThread1" daemon [_thread_blocked, id=4884, stack(0x0000000059140000,0x0000000059240000)]
  0x0000000057666000 JavaThread "C2 CompilerThread0" daemon [_thread_blocked, id=4536, stack(0x0000000058f10000,0x0000000059010000)]
  0x0000000057661800 JavaThread "Attach Listener" daemon [_thread_blocked, id=3768, stack(0x0000000058d10000,0x0000000058e10000)]
  0x0000000057660000 JavaThread "Signal Dispatcher" daemon [_thread_blocked, id=5916, stack(0x0000000058a90000,0x0000000058b90000)]
  0x000000005764a000 JavaThread "Finalizer" daemon [_thread_blocked, id=4588, stack(0x0000000058910000,0x0000000058a10000)]
  0x0000000057602800 JavaThread "Reference Handler" daemon [_thread_blocked, id=6132, stack(0x00000000587e0000,0x00000000588e0000)]
  0x000000000230d800 JavaThread "main" [_thread_blocked, id=4580, stack(0x0000000002470000,0x0000000002570000)]

Other Threads:
  0x00000000575fb000 VMThread [stack: 0x0000000058680000,0x0000000058780000] [id=3212]
  0x00000000594e4800 WatcherThread [stack: 0x0000000059020000,0x0000000059120000] [id=6136]

VM state:not at safepoint (normal execution)

VM Mutex/Monitor currently owned by a thread: None

Heap:
 PSYoungGen      total 38400K, used 16586K [0x00000000d5f00000, 0x00000000d8980000, 0x0000000100000000)
  eden space 33280K, 34% used [0x00000000d5f00000,0x00000000d6a36b30,0x00000000d7f80000)
  from space 5120K, 99% used [0x00000000d7f80000,0x00000000d847bf20,0x00000000d8480000)
  to   space 5120K, 0% used [0x00000000d8480000,0x00000000d8480000,0x00000000d8980000)
 ParOldGen       total 87552K, used 1738K [0x0000000081c00000, 0x0000000087180000, 0x00000000d5f00000)
  object space 87552K, 1% used [0x0000000081c00000,0x0000000081db2830,0x0000000087180000)
 Metaspace       used 15227K, capacity 15922K, committed 16000K, reserved 1062912K
  class space    used 2224K, capacity 2415K, committed 2432K, reserved 1048576K

Card table byte_map: [0x0000000011c90000,0x0000000012090000] byte_map_base: 0x0000000011882000

Marking Bits: (ParMarkBitMap*) 0x000000006ccba6c0
 Begin Bits: [0x0000000012950000, 0x00000000148e0000)
 End Bits:   [0x00000000148e0000, 0x0000000016870000)

Polling page: 0x0000000000230000

CodeCache: size=245760Kb used=3966Kb max_used=3969Kb free=241793Kb
 bounds [0x00000000028d0000, 0x0000000002cc0000, 0x00000000118d0000]
 total_blobs=1686 nmethods=1109 adapters=490
 compilation: enabled

Compilation events (10 events):
Event: 0.587 Thread 0x000000005766e800 1099       3       com.sun.pisces.GradientColorMap::pad (109 bytes)
Event: 0.587 Thread 0x000000005766e800 nmethod 1099 0x0000000002caae90 code [0x0000000002cab080, 0x0000000002cab9d8]
Event: 0.587 Thread 0x000000005766e800 1100       3       com.sun.pisces.GradientColorMap::findStop (33 bytes)
Event: 0.587 Thread 0x000000005766e800 nmethod 1100 0x0000000002cabd90 code [0x0000000002cabf00, 0x0000000002cac150]
Event: 0.588 Thread 0x000000005766e800 1082       1       com.sun.javafx.sg.prism.NGNode::isShape3D (2 bytes)
Event: 0.588 Thread 0x000000005766e800 nmethod 1082 0x0000000002cac250 code [0x0000000002cac3a0, 0x0000000002cac4b0]
Event: 0.588 Thread 0x000000005766e800 1101       3       javafx.geometry.Insets::getTop (5 bytes)
Event: 0.588 Thread 0x000000005766e800 nmethod 1101 0x0000000002cac510 code [0x0000000002cac660, 0x0000000002cac7b0]
Event: 0.588 Thread 0x000000005766e800 1083       1       javafx.event.Event::getEventType (5 bytes)
Event: 0.588 Thread 0x000000005766e800 nmethod 1083 0x0000000002cac850 code [0x0000000002cac9a0, 0x0000000002cacab0]

GC Heap History (2 events):
Event: 0.577 GC heap before
{Heap before GC invocations=1 (full 0):
 PSYoungGen      total 38400K, used 32481K [0x00000000d5f00000, 0x00000000d8980000, 0x0000000100000000)
  eden space 33280K, 97% used [0x00000000d5f00000,0x00000000d7eb85c8,0x00000000d7f80000)
  from space 5120K, 0% used [0x00000000d8480000,0x00000000d8480000,0x00000000d8980000)
  to   space 5120K, 0% used [0x00000000d7f80000,0x00000000d7f80000,0x00000000d8480000)
 ParOldGen       total 87552K, used 0K [0x0000000081c00000, 0x0000000087180000, 0x00000000d5f00000)
  object space 87552K, 0% used [0x0000000081c00000,0x0000000081c00000,0x0000000087180000)
 Metaspace       used 15152K, capacity 15824K, committed 16000K, reserved 1062912K
  class space    used 2213K, capacity 2382K, committed 2432K, reserved 1048576K
Event: 0.582 GC heap after
Heap after GC invocations=1 (full 0):
 PSYoungGen      total 38400K, used 5103K [0x00000000d5f00000, 0x00000000d8980000, 0x0000000100000000)
  eden space 33280K, 0% used [0x00000000d5f00000,0x00000000d5f00000,0x00000000d7f80000)
  from space 5120K, 99% used [0x00000000d7f80000,0x00000000d847bf20,0x00000000d8480000)
  to   space 5120K, 0% used [0x00000000d8480000,0x00000000d8480000,0x00000000d8980000)
 ParOldGen       total 87552K, used 1738K [0x0000000081c00000, 0x0000000087180000, 0x00000000d5f00000)
  object space 87552K, 1% used [0x0000000081c00000,0x0000000081db2830,0x0000000087180000)
 Metaspace       used 15152K, capacity 15824K, committed 16000K, reserved 1062912K
  class space    used 2213K, capacity 2382K, committed 2432K, reserved 1048576K
}

Deoptimization events (10 events):
Event: 0.418 Thread 0x00000000599f9800 Uncommon trap: reason=class_check action=maybe_recompile pc=0x0000000002b19850 method=java.io.DataInputStream.readShort()S @ 4
Event: 0.418 Thread 0x00000000599f9800 Uncommon trap: reason=class_check action=maybe_recompile pc=0x0000000002b19850 method=java.io.DataInputStream.readShort()S @ 4
Event: 0.418 Thread 0x00000000599f9800 Uncommon trap: reason=class_check action=maybe_recompile pc=0x0000000002b19850 method=java.io.DataInputStream.readShort()S @ 4
Event: 0.420 Thread 0x00000000599f9800 Uncommon trap: reason=class_check action=maybe_recompile pc=0x00000000029efce0 method=java.lang.String.equals(Ljava/lang/Object;)Z @ 8
Event: 0.420 Thread 0x00000000599f9800 Uncommon trap: reason=class_check action=maybe_recompile pc=0x00000000029efce0 method=java.lang.String.equals(Ljava/lang/Object;)Z @ 8
Event: 0.420 Thread 0x00000000599f9800 Uncommon trap: reason=class_check action=maybe_recompile pc=0x00000000029efce0 method=java.lang.String.equals(Ljava/lang/Object;)Z @ 8
Event: 0.421 Thread 0x00000000599f9800 Uncommon trap: reason=class_check action=maybe_recompile pc=0x00000000029efce0 method=java.lang.String.equals(Ljava/lang/Object;)Z @ 8
Event: 0.486 Thread 0x00000000599f9800 Uncommon trap: reason=unstable_if action=reinterpret pc=0x0000000002bc181c method=java.lang.String.regionMatches(ZILjava/lang/String;II)Z @ 123
Event: 0.532 Thread 0x00000000599f9800 Uncommon trap: reason=unstable_if action=reinterpret pc=0x0000000002c50580 method=java.util.HashMap.isEmpty()Z @ 4
Event: 0.538 Thread 0x00000000599f9800 Uncommon trap: reason=unstable_if action=reinterpret pc=0x0000000002b8a2dc method=sun.net.www.ParseUtil.encodePath(Ljava/lang/String;Z)Ljava/lang/String; @ 109

Internal exceptions (10 events):
Event: 0.239 Thread 0x00000000599f9800 Exception <a 'java/lang/NullPointerException'> (0x00000000d6a9a060) thrown at [C:\re\workspace\8-2-build-windows-amd64-cygwin\jdk8u111\7883\hotspot\src\share\vm\prims\jvm.cpp, line 1390]
Event: 0.254 Thread 0x00000000599f9800 Exception <a 'java/lang/ArrayIndexOutOfBoundsException': 58> (0x00000000d6bc5960) thrown at [C:\re\workspace\8-2-build-windows-amd64-cygwin\jdk8u111\7883\hotspot\src\share\vm\interpreter\interpreterRuntime.cpp, line 366]
Event: 0.255 Thread 0x00000000599f9800 Exception <a 'java/lang/ArrayIndexOutOfBoundsException': 18> (0x00000000d6bc67e8) thrown at [C:\re\workspace\8-2-build-windows-amd64-cygwin\jdk8u111\7883\hotspot\src\share\vm\interpreter\interpreterRuntime.cpp, line 366]
Event: 0.255 Thread 0x00000000599f9800 Exception <a 'java/lang/ArrayIndexOutOfBoundsException': 86> (0x00000000d6bc7b90) thrown at [C:\re\workspace\8-2-build-windows-amd64-cygwin\jdk8u111\7883\hotspot\src\share\vm\interpreter\interpreterRuntime.cpp, line 366]
Event: 0.291 Thread 0x00000000599f9800 Exception <a 'java/lang/ArrayIndexOutOfBoundsException'> (0x00000000d6e58ff8) thrown at [C:\re\workspace\8-2-build-windows-amd64-cygwin\jdk8u111\7883\hotspot\src\share\vm\runtime\sharedRuntime.cpp, line 605]
Event: 0.291 Thread 0x00000000599f9800 Exception <a 'java/lang/ArrayIndexOutOfBoundsException'> (0x00000000d6e5b020) thrown at [C:\re\workspace\8-2-build-windows-amd64-cygwin\jdk8u111\7883\hotspot\src\share\vm\runtime\sharedRuntime.cpp, line 605]
Event: 0.293 Thread 0x00000000599f9800 Exception <a 'java/lang/ArrayIndexOutOfBoundsException'> (0x00000000d6e673f0) thrown at [C:\re\workspace\8-2-build-windows-amd64-cygwin\jdk8u111\7883\hotspot\src\share\vm\runtime\sharedRuntime.cpp, line 605]
Event: 0.294 Thread 0x00000000599f9800 Exception <a 'java/lang/ArrayIndexOutOfBoundsException'> (0x00000000d6e687e0) thrown at [C:\re\workspace\8-2-build-windows-amd64-cygwin\jdk8u111\7883\hotspot\src\share\vm\runtime\sharedRuntime.cpp, line 605]
Event: 0.303 Thread 0x00000000599f9800 Exception <a 'java/lang/ArrayIndexOutOfBoundsException'> (0x00000000d6f0bbc0) thrown at [C:\re\workspace\8-2-build-windows-amd64-cygwin\jdk8u111\7883\hotspot\src\share\vm\runtime\sharedRuntime.cpp, line 605]
Event: 0.328 Thread 0x00000000599f9800 Implicit null exception at 0x0000000002b2c465 to 0x0000000002b2c639

Events (10 events):
Event: 0.586 loading class com/sun/prism/Texture$Usage
Event: 0.586 loading class com/sun/prism/Texture$Usage done
Event: 0.586 loading class com/sun/prism/sw/SWTexturePool$1
Event: 0.586 loading class com/sun/prism/sw/SWTexturePool$1 done
Event: 0.586 loading class com/sun/prism/sw/SWTexture$1
Event: 0.586 loading class com/sun/prism/sw/SWTexture$1 done
Event: 0.586 loading class com/sun/prism/sw/SWMaskTexture
Event: 0.586 loading class com/sun/prism/sw/SWMaskTexture done
Event: 0.587 loading class com/sun/javafx/geom/RoundRectIterator
Event: 0.587 loading class com/sun/javafx/geom/RoundRectIterator done


Dynamic libraries:
0x000000013f250000 - 0x000000013f287000 	C:\Program Files\Java\jdk1.8.0_111\jre\bin\java.exe
0x00000000772c0000 - 0x000000007746b000 	C:\Windows\SYSTEM32\ntdll.dll
0x00000000770a0000 - 0x00000000771bf000 	C:\Windows\system32\kernel32.dll
0x000007fefd560000 - 0x000007fefd5cb000 	C:\Windows\system32\KERNELBASE.dll
0x000007fefe400000 - 0x000007fefe4db000 	C:\Windows\system32\ADVAPI32.dll
0x000007fefdee0000 - 0x000007fefdf7f000 	C:\Windows\system32\msvcrt.dll
0x000007fefd930000 - 0x000007fefd94f000 	C:\Windows\SYSTEM32\sechost.dll
0x000007fefdd00000 - 0x000007fefde2e000 	C:\Windows\system32\RPCRT4.dll
0x00000000771c0000 - 0x00000000772ba000 	C:\Windows\system32\USER32.dll
0x000007fefd620000 - 0x000007fefd687000 	C:\Windows\system32\GDI32.dll
0x000007fefde30000 - 0x000007fefde3e000 	C:\Windows\system32\LPK.dll
0x000007feff500000 - 0x000007feff5ca000 	C:\Windows\system32\USP10.dll
0x000007fefbe80000 - 0x000007fefc074000 	C:\Windows\WinSxS\amd64_microsoft.windows.common-controls_6595b64144ccf1df_6.0.7600.16385_none_fa645303170382f6\COMCTL32.dll
0x000007fefd950000 - 0x000007fefd9c1000 	C:\Windows\system32\SHLWAPI.dll
0x000007fefd5f0000 - 0x000007fefd61e000 	C:\Windows\system32\IMM32.DLL
0x000007feff3f0000 - 0x000007feff4f9000 	C:\Windows\system32\MSCTF.dll
0x0000000074350000 - 0x0000000074422000 	C:\Program Files\Java\jdk1.8.0_111\jre\bin\msvcr100.dll
0x000000006c4a0000 - 0x000000006cd3a000 	C:\Program Files\Java\jdk1.8.0_111\jre\bin\server\jvm.dll
0x000007fefa030000 - 0x000007fefa039000 	C:\Windows\system32\WSOCK32.dll
0x000007fefd700000 - 0x000007fefd74d000 	C:\Windows\system32\WS2_32.dll
0x000007fefdf80000 - 0x000007fefdf88000 	C:\Windows\system32\NSI.dll
0x000007fefaf60000 - 0x000007fefaf9b000 	C:\Windows\system32\WINMM.dll
0x000007fefc390000 - 0x000007fefc39c000 	C:\Windows\system32\VERSION.dll
0x0000000077490000 - 0x0000000077497000 	C:\Windows\system32\PSAPI.DLL
0x0000000074470000 - 0x000000007447f000 	C:\Program Files\Java\jdk1.8.0_111\jre\bin\verify.dll
0x0000000074320000 - 0x0000000074349000 	C:\Program Files\Java\jdk1.8.0_111\jre\bin\java.dll
0x0000000074300000 - 0x0000000074316000 	C:\Program Files\Java\jdk1.8.0_111\jre\bin\zip.dll
0x000007fefe4e0000 - 0x000007feff266000 	C:\Windows\system32\SHELL32.dll
0x000007fefd9d0000 - 0x000007fefdbd1000 	C:\Windows\system32\ole32.dll
0x000007fefd220000 - 0x000007fefd22f000 	C:\Windows\system32\profapi.dll
0x000007fee35c0000 - 0x000007fee36af000 	C:\Program Files\Java\jdk1.8.0_111\jre\bin\msvcr120.dll
0x000007fee3510000 - 0x000007fee35b6000 	C:\Program Files\Java\jdk1.8.0_111\jre\bin\msvcp120.dll
0x0000000065180000 - 0x00000000651a2000 	C:\Program Files\Java\jdk1.8.0_111\jre\bin\prism_d3d.dll
0x000007fee40b0000 - 0x000007fee42af000 	C:\Windows\system32\d3d9.dll
0x000007feee1e0000 - 0x000007feee1e7000 	C:\Windows\system32\d3d8thk.dll
0x000007fefb6d0000 - 0x000007fefb6e8000 	C:\Windows\system32\dwmapi.dll
0x000007fefbca0000 - 0x000007fefbcf6000 	C:\Windows\system32\uxtheme.dll
0x00000000651c0000 - 0x00000000651dc000 	C:\Program Files\Java\jdk1.8.0_111\jre\bin\prism_sw.dll
0x0000000065130000 - 0x0000000065173000 	C:\Program Files\Java\jdk1.8.0_111\jre\bin\glass.dll
0x000007fefdbe0000 - 0x000007fefdc78000 	C:\Windows\system32\COMDLG32.dll
0x000007fefe0c0000 - 0x000007fefe197000 	C:\Windows\system32\OLEAUT32.dll
0x000007fefd150000 - 0x000007fefd15f000 	C:\Windows\system32\CRYPTBASE.dll
0x0000000065110000 - 0x0000000065124000 	C:\Program Files\Java\jdk1.8.0_111\jre\bin\javafx_font.dll
0x000007feecfd0000 - 0x000007feed14b000 	C:\Windows\system32\dwrite.dll
0x000007fefde40000 - 0x000007fefded9000 	C:\Windows\system32\CLBCatQ.DLL
0x000007fefb0f0000 - 0x000007fefb21a000 	C:\Windows\system32\WindowsCodecs.dll
0x000007fefd0f0000 - 0x000007fefd147000 	C:\Windows\system32\apphelp.dll
0x000007fef2e30000 - 0x000007fef2e65000 	C:\Windows\system32\EhStorShell.dll
0x000007fefd750000 - 0x000007fefd927000 	C:\Windows\system32\SETUPAPI.dll
0x000007fefd2d0000 - 0x000007fefd306000 	C:\Windows\system32\CFGMGR32.dll
0x000007fefd5d0000 - 0x000007fefd5ea000 	C:\Windows\system32\DEVOBJ.dll
0x000007fefbd00000 - 0x000007fefbe2c000 	C:\Windows\system32\PROPSYS.dll
0x000007fef27b0000 - 0x000007fef2e21000 	C:\PROGRA~1\MICROS~1\Office14\GROOVEEX.DLL
0x000000006ea80000 - 0x000000006eb1d000 	C:\Windows\WinSxS\amd64_microsoft.vc90.crt_1fc8b3b9a1e18e3b_9.0.30729.4926_none_08e1a05ba83fe554\MSVCR90.dll
0x000000006e390000 - 0x000000006e463000 	C:\Windows\WinSxS\amd64_microsoft.vc90.crt_1fc8b3b9a1e18e3b_9.0.30729.4926_none_08e1a05ba83fe554\MSVCP90.dll
0x000000006eb70000 - 0x000000006eb9f000 	C:\Windows\WinSxS\amd64_microsoft.vc90.atl_1fc8b3b9a1e18e3b_9.0.30729.4148_none_0a1d2fcba76b3f00\ATL90.DLL
0x000007fef2270000 - 0x000007fef267f000 	C:\PROGRA~1\COMMON~1\MICROS~1\OFFICE14\Cultures\office.odf
0x000007fef1a00000 - 0x000007fef2264000 	C:\PROGRA~1\MICROS~1\Office14\1033\GrooveIntlResource.dll
0x000007fef1980000 - 0x000007fef19fe000 	C:\Windows\System32\cscui.dll
0x000007fef1970000 - 0x000007fef197c000 	C:\Windows\System32\CSCDLL.dll
0x000007fef5e20000 - 0x000007fef5e2f000 	C:\Windows\system32\CSCAPI.dll
0x000007fef18f0000 - 0x000007fef1970000 	C:\Windows\system32\ntshrui.dll
0x000007fefcd30000 - 0x000007fefcd53000 	C:\Windows\system32\srvcli.dll
0x000007fefb070000 - 0x000007fefb07b000 	C:\Windows\system32\slc.dll
0x000007fef7a10000 - 0x000007fef7a3d000 	C:\Program Files\Common Files\Microsoft Shared\Ink\rtscom.dll
0x00000000650f0000 - 0x0000000065101000 	C:\Program Files\Java\jdk1.8.0_111\jre\bin\prism_common.dll
0x000007fef2680000 - 0x000007fef27a5000 	C:\Windows\system32\dbghelp.dll

VM Arguments:
jvm_args: -Dfile.encoding=UTF-8 
java_command: C:\Users\IITG\Documents\NetBeansProjects\NasoFX\dist\run953671085\NasoFX.jar
java_class_path (initial): C:\Users\IITG\Documents\NetBeansProjects\NasoFX\dist\run953671085\NasoFX.jar
Launcher Type: SUN_STANDARD

Environment Variables:
JAVA_HOME=C:\Program Files\Java\jdk1.8.0_111
PATH=C:\cygwin64\bin;C:\Program Files (x86)\Bitvise SSH Client
USERNAME=IITG
OS=Windows_NT
PROCESSOR_IDENTIFIER=Intel64 Family 6 Model 94 Stepping 3, GenuineIntel



---------------  S Y S T E M  ---------------

OS: Windows 7 , 64 bit Build 7600 (6.1.7600.16385)

CPU:total 4 (4 cores per cpu, 1 threads per core) family 6 model 94 stepping 3, cmov, cx8, fxsr, mmx, sse, sse2, sse3, ssse3, sse4.1, sse4.2, popcnt, aes, clmul, erms, rtm, 3dnowpref, lzcnt, tsc, tscinvbit, bmi1, bmi2, adx

Memory: 4k page, physical 8266172k(4705956k free), swap 16530448k(11556584k free)

vm_info: Java HotSpot(TM) 64-Bit Server VM (25.111-b14) for windows-amd64 JRE (1.8.0_111-b14), built on Sep 22 2016 19:24:05 by "java_re" with MS VC++ 10.0 (VS2010)

time: Mon Sep 11 16:44:05 2017
elapsed time: 0 seconds (0d 0h 0m 0s)

