#
# A fatal error has been detected by the Java Runtime Environment:
#
#  EXCEPTION_ILLEGAL_INSTRUCTION (0xc000001d) at pc=0x000007fee3565c01, pid=2784, tid=0x0000000000000860
#
# JRE version: Java(TM) SE Runtime Environment (8.0_111-b14) (build 1.8.0_111-b14)
# Java VM: Java HotSpot(TM) 64-Bit Server VM (25.111-b14 mixed mode windows-amd64 compressed oops)
# Problematic frame:
# C  [msvcr120.dll+0x95c01]
#
# Failed to write core dump. Minidumps are not enabled by default on client versions of Windows
#
# If you would like to submit a bug report, please visit:
#   http://bugreport.java.com/bugreport/crash.jsp
# The crash happened outside the Java Virtual Machine in native code.
# See problematic frame for where to report the bug.
#

---------------  T H R E A D  ---------------

Current thread (0x00000000597fc800):  JavaThread "QuantumRenderer-0" daemon [_thread_in_native, id=2144, stack(0x000000005a000000,0x000000005a100000)]

siginfo: ExceptionCode=0xc000001d

Registers:
RAX=0x3f40000000000000, RBX=0x0000000000000004, RCX=0x3f40e05bc562380c, RDX=0x7ff0000000000000
RSP=0x000000005a0fc440, RBP=0x000000005a0fcc70, RSI=0x000000005a0fcc70, RDI=0x0000000000000004
R8 =0x8000000000000000, R9 =0x000000006510d1f0, R10=0x000000000000000c, R11=0x000000005a0fc930
R12=0x000000006510d1f0, R13=0x000000006510d050, R14=0x00000000d67ad5c4, R15=0x0000000000000004
RIP=0x000007fee3565c01, EFLAGS=0x0000000000010202

Top of Stack: (sp=0x000000005a0fc440)
0x000000005a0fc440:   0000000059c28780 0000000000424580
0x000000005a0fc450:   0000000000424580 00000000004e20c0
0x000000005a0fc460:   00000000004757c2 0000000000000010
0x000000005a0fc470:   0000000000000000 0000000000420158
0x000000005a0fc480:   00000000773d7288 0000000000424580
0x000000005a0fc490:   0000000000000060 0000000000350000
0x000000005a0fc4a0:   0000000000000001 0000000000420000
0x000000005a0fc4b0:   000000005a0fc701 0000000000424580
0x000000005a0fc4c0:   3f973d26348e1453 0000000000000000
0x000000005a0fc4d0:   3e6b36305c800000 0000000000000000
0x000000005a0fc4e0:   00000000004b5dd0 0000000000424580
0x000000005a0fc4f0:   0000000059209d00 00000000000003ff
0x000000005a0fc500:   000000006510c3f0 0000000065103318
0x000000005a0fc510:   3f40e05bc562380c 3f40e05bc562380c
0x000000005a0fc520:   3f973d26348e1453 0000000000420158
0x000000005a0fc530:   0000000000000000 00000000000003ff 

Instructions: (pc=0x000007fee3565c01)
0x000007fee3565be1:   0f 10 d0 f2 0f 10 44 24 10 f2 0f 10 4c 24 20 44
0x000007fee3565bf1:   8b 0d 15 26 02 00 e8 34 c7 00 00 e9 72 f8 ff ff
0x000007fee3565c01:   c5 fb 11 44 24 10 c5 fb 11 4c 24 20 48 8b 54 24
0x000007fee3565c11:   10 4c 8b 44 24 20 4c 8b 15 4a 26 02 00 4d 23 d0 


Register to memory mapping:

RAX=0x3f40000000000000 is an unknown value
RBX=0x0000000000000004 is an unknown value
RCX=0x3f40e05bc562380c is an unknown value
RDX=0x7ff0000000000000 is an unknown value
RSP=0x000000005a0fc440 is pointing into the stack for thread: 0x00000000597fc800
RBP=0x000000005a0fcc70 is pointing into the stack for thread: 0x00000000597fc800
RSI=0x000000005a0fcc70 is pointing into the stack for thread: 0x00000000597fc800
RDI=0x0000000000000004 is an unknown value
R8 =0x8000000000000000 is an unknown value
R9 =0x000000006510d1f0 is an unknown value
R10=0x000000000000000c is an unknown value
R11=0x000000005a0fc930 is pointing into the stack for thread: 0x00000000597fc800
R12=0x000000006510d1f0 is an unknown value
R13=0x000000006510d050 is an unknown value
R14=0x00000000d67ad5c4 is an unknown value
R15=0x0000000000000004 is an unknown value


Stack: [0x000000005a000000,0x000000005a100000],  sp=0x000000005a0fc440,  free space=1009k
Native frames: (J=compiled Java code, j=interpreted, Vv=VM code, C=native code)
C  [msvcr120.dll+0x95c01]
C  [prism_common.dll+0x3318]
C  [prism_common.dll+0x1abc]
C  [prism_common.dll+0x1128]
C  [prism_common.dll+0x8b7e]
C  [prism_common.dll+0x669e]
C  [prism_common.dll+0x49af]
C  [prism_common.dll+0x4649]
C  0x00000000029a7994

Java frames: (J=compiled Java code, j=interpreted, Vv=VM code)
j  com.sun.prism.impl.shape.NativePiscesRasterizer.produceStrokeAlphas([F[BIFIIF[FFDDDDDD[I[B)V+0
j  com.sun.prism.impl.shape.NativePiscesRasterizer.getMaskData(Lcom/sun/javafx/geom/Shape;Lcom/sun/prism/BasicStroke;Lcom/sun/javafx/geom/RectBounds;Lcom/sun/javafx/geom/transform/BaseTransform;ZZ)Lcom/sun/prism/impl/shape/MaskData;+487
j  com.sun.prism.impl.shape.ShapeUtil.rasterizeShape(Lcom/sun/javafx/geom/Shape;Lcom/sun/prism/BasicStroke;Lcom/sun/javafx/geom/RectBounds;Lcom/sun/javafx/geom/transform/BaseTransform;ZZ)Lcom/sun/prism/impl/shape/MaskData;+11
j  com.sun.prism.sw.SWContext$NativeShapeRenderer.renderShape(Lcom/sun/pisces/PiscesRenderer;Lcom/sun/javafx/geom/Shape;Lcom/sun/prism/BasicStroke;Lcom/sun/javafx/geom/transform/BaseTransform;Lcom/sun/javafx/geom/Rectangle;Z)V+12
j  com.sun.prism.sw.SWContext.renderShape(Lcom/sun/pisces/PiscesRenderer;Lcom/sun/javafx/geom/Shape;Lcom/sun/prism/BasicStroke;Lcom/sun/javafx/geom/transform/BaseTransform;Lcom/sun/javafx/geom/Rectangle;Z)V+13
j  com.sun.prism.sw.SWGraphics.paintShapePaintAlreadySet(Lcom/sun/javafx/geom/Shape;Lcom/sun/prism/BasicStroke;Lcom/sun/javafx/geom/transform/BaseTransform;)V+296
j  com.sun.prism.sw.SWGraphics.paintShape(Lcom/sun/javafx/geom/Shape;Lcom/sun/prism/BasicStroke;Lcom/sun/javafx/geom/transform/BaseTransform;)V+70
j  com.sun.prism.sw.SWGraphics.paintRoundRect(FFFFFFLcom/sun/prism/BasicStroke;)V+57
j  com.sun.prism.sw.SWGraphics.drawRoundRect(FFFFFF)V+28
j  com.sun.javafx.sg.prism.NGRegion.renderBorderRectangle(Lcom/sun/prism/Graphics;)V+690
j  com.sun.javafx.sg.prism.NGRegion.renderAsRectangle(Lcom/sun/prism/Graphics;)V+27
j  com.sun.javafx.sg.prism.NGRegion.renderContent(Lcom/sun/prism/Graphics;)V+106
j  com.sun.javafx.sg.prism.NGNode.doRender(Lcom/sun/prism/Graphics;)V+330
j  com.sun.javafx.sg.prism.NGNode.render(Lcom/sun/prism/Graphics;)V+34
j  com.sun.javafx.sg.prism.NGGroup.renderContent(Lcom/sun/prism/Graphics;)V+160
j  com.sun.javafx.sg.prism.NGRegion.renderContent(Lcom/sun/prism/Graphics;)V+111
j  com.sun.javafx.sg.prism.NGNode.doRender(Lcom/sun/prism/Graphics;)V+330
j  com.sun.javafx.sg.prism.NGNode.render(Lcom/sun/prism/Graphics;)V+34
j  com.sun.javafx.sg.prism.NGGroup.renderContent(Lcom/sun/prism/Graphics;)V+160
j  com.sun.javafx.sg.prism.NGRegion.renderContent(Lcom/sun/prism/Graphics;)V+111
j  com.sun.javafx.sg.prism.NGNode.renderForClip(Lcom/sun/prism/Graphics;)V+17
j  com.sun.javafx.sg.prism.NGNode.renderRectClip(Lcom/sun/prism/Graphics;Lcom/sun/javafx/sg/prism/NGRectangle;)V+106
j  com.sun.javafx.sg.prism.NGNode.renderClip(Lcom/sun/prism/Graphics;)V+83
j  com.sun.javafx.sg.prism.NGNode.doRender(Lcom/sun/prism/Graphics;)V+285
j  com.sun.javafx.sg.prism.NGNode.render(Lcom/sun/prism/Graphics;)V+34
j  com.sun.javafx.sg.prism.NGGroup.renderContent(Lcom/sun/prism/Graphics;)V+160
j  com.sun.javafx.sg.prism.NGRegion.renderContent(Lcom/sun/prism/Graphics;)V+111
j  com.sun.javafx.sg.prism.NGNode.renderForClip(Lcom/sun/prism/Graphics;)V+17
j  com.sun.javafx.sg.prism.NGNode.renderRectClip(Lcom/sun/prism/Graphics;Lcom/sun/javafx/sg/prism/NGRectangle;)V+106
j  com.sun.javafx.sg.prism.NGNode.renderClip(Lcom/sun/prism/Graphics;)V+83
j  com.sun.javafx.sg.prism.NGNode.doRender(Lcom/sun/prism/Graphics;)V+285
j  com.sun.javafx.sg.prism.NGNode.render(Lcom/sun/prism/Graphics;)V+34
j  com.sun.javafx.sg.prism.NGGroup.renderContent(Lcom/sun/prism/Graphics;)V+160
j  com.sun.javafx.sg.prism.NGRegion.renderContent(Lcom/sun/prism/Graphics;)V+111
j  com.sun.javafx.sg.prism.NGNode.renderForClip(Lcom/sun/prism/Graphics;)V+17
j  com.sun.javafx.sg.prism.NGNode.renderRectClip(Lcom/sun/prism/Graphics;Lcom/sun/javafx/sg/prism/NGRectangle;)V+106
j  com.sun.javafx.sg.prism.NGNode.renderClip(Lcom/sun/prism/Graphics;)V+83
j  com.sun.javafx.sg.prism.NGNode.doRender(Lcom/sun/prism/Graphics;)V+285
j  com.sun.javafx.sg.prism.NGNode.render(Lcom/sun/prism/Graphics;)V+34
j  com.sun.javafx.sg.prism.NGGroup.renderContent(Lcom/sun/prism/Graphics;)V+160
j  com.sun.javafx.sg.prism.NGRegion.renderContent(Lcom/sun/prism/Graphics;)V+111
j  com.sun.javafx.sg.prism.NGNode.renderForClip(Lcom/sun/prism/Graphics;)V+17
j  com.sun.javafx.sg.prism.NGNode.renderRectClip(Lcom/sun/prism/Graphics;Lcom/sun/javafx/sg/prism/NGRectangle;)V+106
j  com.sun.javafx.sg.prism.NGNode.renderClip(Lcom/sun/prism/Graphics;)V+83
j  com.sun.javafx.sg.prism.NGNode.doRender(Lcom/sun/prism/Graphics;)V+285
j  com.sun.javafx.sg.prism.NGNode.render(Lcom/sun/prism/Graphics;)V+34
j  com.sun.javafx.sg.prism.NGGroup.renderContent(Lcom/sun/prism/Graphics;)V+160
j  com.sun.javafx.sg.prism.NGRegion.renderContent(Lcom/sun/prism/Graphics;)V+111
j  com.sun.javafx.sg.prism.NGNode.doRender(Lcom/sun/prism/Graphics;)V+330
j  com.sun.javafx.sg.prism.NGNode.render(Lcom/sun/prism/Graphics;)V+34
j  com.sun.javafx.tk.quantum.ViewPainter.doPaint(Lcom/sun/prism/Graphics;Lcom/sun/javafx/sg/prism/NodePath;)V+201
j  com.sun.javafx.tk.quantum.ViewPainter.paintImpl(Lcom/sun/prism/Graphics;)V+982
j  com.sun.javafx.tk.quantum.UploadingPainter.run()V+719
j  java.util.concurrent.Executors$RunnableAdapter.call()Ljava/lang/Object;+4
j  java.util.concurrent.FutureTask.runAndReset()Z+47
j  com.sun.javafx.tk.RenderJob.run()V+1
j  java.util.concurrent.ThreadPoolExecutor.runWorker(Ljava/util/concurrent/ThreadPoolExecutor$Worker;)V+95
j  java.util.concurrent.ThreadPoolExecutor$Worker.run()V+5
j  com.sun.javafx.tk.quantum.QuantumRenderer$PipelineRunnable.run()V+8
j  java.lang.Thread.run()V+11
v  ~StubRoutines::call_stub

---------------  P R O C E S S  ---------------

Java Threads: ( => current thread )
  0x0000000059b0f000 JavaThread "Prism Font Disposer" daemon [_thread_blocked, id=3008, stack(0x000000005c950000,0x000000005ca50000)]
  0x000000005981b000 JavaThread "Thread-3" daemon [_thread_in_native, id=5380, stack(0x000000005a300000,0x000000005a400000)]
  0x0000000059818800 JavaThread "JavaFX-Launcher" [_thread_blocked, id=5708, stack(0x000000005a900000,0x000000005aa00000)]
  0x00000000597fb000 JavaThread "JavaFX Application Thread" [_thread_in_native, id=5976, stack(0x000000005a730000,0x000000005a830000)]
  0x00000000597f9000 JavaThread "Thread-1" daemon [_thread_blocked, id=468, stack(0x000000005a5b0000,0x000000005a6b0000)]
=>0x00000000597fc800 JavaThread "QuantumRenderer-0" daemon [_thread_in_native, id=2144, stack(0x000000005a000000,0x000000005a100000)]
  0x0000000058eb1800 JavaThread "Service Thread" daemon [_thread_blocked, id=5636, stack(0x0000000059680000,0x0000000059780000)]
  0x0000000058e26000 JavaThread "C1 CompilerThread2" daemon [_thread_blocked, id=3320, stack(0x00000000592b0000,0x00000000593b0000)]
  0x00000000576dd800 JavaThread "C2 CompilerThread1" daemon [_thread_blocked, id=5608, stack(0x00000000593c0000,0x00000000594c0000)]
  0x00000000576d9800 JavaThread "C2 CompilerThread0" daemon [_thread_blocked, id=5488, stack(0x00000000589b0000,0x0000000058ab0000)]
  0x00000000576d5000 JavaThread "Attach Listener" daemon [_thread_blocked, id=5920, stack(0x0000000058d10000,0x0000000058e10000)]
  0x00000000576d0000 JavaThread "Signal Dispatcher" daemon [_thread_blocked, id=2728, stack(0x0000000058b60000,0x0000000058c60000)]
  0x00000000576ba000 JavaThread "Finalizer" daemon [_thread_blocked, id=2892, stack(0x00000000587d0000,0x00000000588d0000)]
  0x0000000057672800 JavaThread "Reference Handler" daemon [_thread_blocked, id=4836, stack(0x0000000058520000,0x0000000058620000)]
  0x000000000035d800 JavaThread "main" [_thread_blocked, id=5372, stack(0x00000000025c0000,0x00000000026c0000)]

Other Threads:
  0x000000005766b000 VMThread [stack: 0x00000000586a0000,0x00000000587a0000] [id=4380]
  0x0000000058ec6800 WatcherThread [stack: 0x00000000594e0000,0x00000000595e0000] [id=5964]

VM state:not at safepoint (normal execution)

VM Mutex/Monitor currently owned by a thread: None

Heap:
 PSYoungGen      total 38400K, used 15356K [0x00000000d5f00000, 0x00000000d8980000, 0x0000000100000000)
  eden space 33280K, 34% used [0x00000000d5f00000,0x00000000d6a36830,0x00000000d7f80000)
  from space 5120K, 75% used [0x00000000d7f80000,0x00000000d8348ab0,0x00000000d8480000)
  to   space 5120K, 0% used [0x00000000d8480000,0x00000000d8480000,0x00000000d8980000)
 ParOldGen       total 87552K, used 3023K [0x0000000081c00000, 0x0000000087180000, 0x00000000d5f00000)
  object space 87552K, 3% used [0x0000000081c00000,0x0000000081ef3f20,0x0000000087180000)
 Metaspace       used 15153K, capacity 15898K, committed 16000K, reserved 1062912K
  class space    used 2219K, capacity 2413K, committed 2432K, reserved 1048576K

Card table byte_map: [0x0000000011d50000,0x0000000012150000] byte_map_base: 0x0000000011942000

Marking Bits: (ParMarkBitMap*) 0x000000006ccba6c0
 Begin Bits: [0x00000000129c0000, 0x0000000014950000)
 End Bits:   [0x0000000014950000, 0x00000000168e0000)

Polling page: 0x0000000000130000

CodeCache: size=245760Kb used=3839Kb max_used=3839Kb free=241920Kb
 bounds [0x0000000002990000, 0x0000000002d60000, 0x0000000011990000]
 total_blobs=1668 nmethods=1097 adapters=484
 compilation: enabled

Compilation events (10 events):
Event: 0.575 Thread 0x0000000058e26000 nmethod 1090 0x0000000002d4ce10 code [0x0000000002d4cf80, 0x0000000002d4d450]
Event: 0.575 Thread 0x0000000058e26000 1091       3       java.lang.System$2::invokeFinalize (5 bytes)
Event: 0.575 Thread 0x0000000058e26000 nmethod 1091 0x0000000002d4d590 code [0x0000000002d4d700, 0x0000000002d4d928]
Event: 0.575 Thread 0x0000000058e26000 1092       3       java.util.zip.ZipFile$ZipFileInputStream::finalize (5 bytes)
Event: 0.575 Thread 0x0000000058e26000 nmethod 1092 0x0000000002d4d9d0 code [0x0000000002d4db40, 0x0000000002d4dcc8]
Event: 0.576 Thread 0x0000000058e26000 1093       3       com.sun.pisces.GradientColorMap::getColorAA (180 bytes)
Event: 0.576 Thread 0x0000000058e26000 nmethod 1093 0x0000000002d4dd50 code [0x0000000002d4df40, 0x0000000002d4e6d8]
Event: 0.576 Thread 0x0000000058e26000 1094       3       com.sun.pisces.GradientColorMap::pad (109 bytes)
Event: 0.577 Thread 0x0000000058e26000 nmethod 1094 0x0000000002d4ef50 code [0x0000000002d4f140, 0x0000000002d4fa98]
Event: 0.577 Thread 0x0000000058e26000 1095       3       com.sun.pisces.GradientColorMap::findStop (33 bytes)

GC Heap History (2 events):
Event: 0.566 GC heap before
{Heap before GC invocations=1 (full 0):
 PSYoungGen      total 38400K, used 32483K [0x00000000d5f00000, 0x00000000d8980000, 0x0000000100000000)
  eden space 33280K, 97% used [0x00000000d5f00000,0x00000000d7eb8cb0,0x00000000d7f80000)
  from space 5120K, 0% used [0x00000000d8480000,0x00000000d8480000,0x00000000d8980000)
  to   space 5120K, 0% used [0x00000000d7f80000,0x00000000d7f80000,0x00000000d8480000)
 ParOldGen       total 87552K, used 0K [0x0000000081c00000, 0x0000000087180000, 0x00000000d5f00000)
  object space 87552K, 0% used [0x0000000081c00000,0x0000000081c00000,0x0000000087180000)
 Metaspace       used 15079K, capacity 15800K, committed 16000K, reserved 1062912K
  class space    used 2208K, capacity 2380K, committed 2432K, reserved 1048576K
Event: 0.571 GC heap after
Heap after GC invocations=1 (full 0):
 PSYoungGen      total 38400K, used 3874K [0x00000000d5f00000, 0x00000000d8980000, 0x0000000100000000)
  eden space 33280K, 0% used [0x00000000d5f00000,0x00000000d5f00000,0x00000000d7f80000)
  from space 5120K, 75% used [0x00000000d7f80000,0x00000000d8348ab0,0x00000000d8480000)
  to   space 5120K, 0% used [0x00000000d8480000,0x00000000d8480000,0x00000000d8980000)
 ParOldGen       total 87552K, used 3023K [0x0000000081c00000, 0x0000000087180000, 0x00000000d5f00000)
  object space 87552K, 3% used [0x0000000081c00000,0x0000000081ef3f20,0x0000000087180000)
 Metaspace       used 15079K, capacity 15800K, committed 16000K, reserved 1062912K
  class space    used 2208K, capacity 2380K, committed 2432K, reserved 1048576K
}

Deoptimization events (10 events):
Event: 0.416 Thread 0x00000000597fb000 Uncommon trap: reason=class_check action=maybe_recompile pc=0x0000000002bd0790 method=java.io.DataInputStream.readShort()S @ 4
Event: 0.416 Thread 0x00000000597fb000 Uncommon trap: reason=class_check action=maybe_recompile pc=0x0000000002bd0790 method=java.io.DataInputStream.readShort()S @ 4
Event: 0.416 Thread 0x00000000597fb000 Uncommon trap: reason=class_check action=maybe_recompile pc=0x0000000002bd0790 method=java.io.DataInputStream.readShort()S @ 4
Event: 0.418 Thread 0x00000000597fb000 Uncommon trap: reason=class_check action=maybe_recompile pc=0x0000000002aafa20 method=java.lang.String.equals(Ljava/lang/Object;)Z @ 8
Event: 0.418 Thread 0x00000000597fb000 Uncommon trap: reason=class_check action=maybe_recompile pc=0x0000000002aafa20 method=java.lang.String.equals(Ljava/lang/Object;)Z @ 8
Event: 0.418 Thread 0x00000000597fb000 Uncommon trap: reason=class_check action=maybe_recompile pc=0x0000000002aafa20 method=java.lang.String.equals(Ljava/lang/Object;)Z @ 8
Event: 0.418 Thread 0x00000000597fb000 Uncommon trap: reason=class_check action=maybe_recompile pc=0x0000000002aafa20 method=java.lang.String.equals(Ljava/lang/Object;)Z @ 8
Event: 0.480 Thread 0x00000000597fb000 Uncommon trap: reason=unstable_if action=reinterpret pc=0x0000000002c82adc method=java.lang.String.regionMatches(ZILjava/lang/String;II)Z @ 123
Event: 0.523 Thread 0x00000000597fb000 Uncommon trap: reason=unstable_if action=reinterpret pc=0x0000000002d04980 method=java.util.HashMap.isEmpty()Z @ 4
Event: 0.529 Thread 0x00000000597fb000 Uncommon trap: reason=unstable_if action=reinterpret pc=0x0000000002c476dc method=sun.net.www.ParseUtil.encodePath(Ljava/lang/String;Z)Ljava/lang/String; @ 109

Internal exceptions (10 events):
Event: 0.241 Thread 0x00000000597fb000 Exception <a 'java/lang/NullPointerException'> (0x00000000d6a9a4d8) thrown at [C:\re\workspace\8-2-build-windows-amd64-cygwin\jdk8u111\7883\hotspot\src\share\vm\prims\jvm.cpp, line 1390]
Event: 0.257 Thread 0x00000000597fb000 Exception <a 'java/lang/ArrayIndexOutOfBoundsException': 58> (0x00000000d6bc5d28) thrown at [C:\re\workspace\8-2-build-windows-amd64-cygwin\jdk8u111\7883\hotspot\src\share\vm\interpreter\interpreterRuntime.cpp, line 366]
Event: 0.258 Thread 0x00000000597fb000 Exception <a 'java/lang/ArrayIndexOutOfBoundsException': 18> (0x00000000d6bc6bb0) thrown at [C:\re\workspace\8-2-build-windows-amd64-cygwin\jdk8u111\7883\hotspot\src\share\vm\interpreter\interpreterRuntime.cpp, line 366]
Event: 0.258 Thread 0x00000000597fb000 Exception <a 'java/lang/ArrayIndexOutOfBoundsException': 86> (0x00000000d6bc7f58) thrown at [C:\re\workspace\8-2-build-windows-amd64-cygwin\jdk8u111\7883\hotspot\src\share\vm\interpreter\interpreterRuntime.cpp, line 366]
Event: 0.293 Thread 0x00000000597fb000 Exception <a 'java/lang/ArrayIndexOutOfBoundsException'> (0x00000000d6e590f0) thrown at [C:\re\workspace\8-2-build-windows-amd64-cygwin\jdk8u111\7883\hotspot\src\share\vm\runtime\sharedRuntime.cpp, line 605]
Event: 0.293 Thread 0x00000000597fb000 Exception <a 'java/lang/ArrayIndexOutOfBoundsException'> (0x00000000d6e5b118) thrown at [C:\re\workspace\8-2-build-windows-amd64-cygwin\jdk8u111\7883\hotspot\src\share\vm\runtime\sharedRuntime.cpp, line 605]
Event: 0.296 Thread 0x00000000597fb000 Exception <a 'java/lang/ArrayIndexOutOfBoundsException'> (0x00000000d6e674e8) thrown at [C:\re\workspace\8-2-build-windows-amd64-cygwin\jdk8u111\7883\hotspot\src\share\vm\runtime\sharedRuntime.cpp, line 605]
Event: 0.296 Thread 0x00000000597fb000 Exception <a 'java/lang/ArrayIndexOutOfBoundsException'> (0x00000000d6e688d8) thrown at [C:\re\workspace\8-2-build-windows-amd64-cygwin\jdk8u111\7883\hotspot\src\share\vm\runtime\sharedRuntime.cpp, line 605]
Event: 0.305 Thread 0x00000000597fb000 Exception <a 'java/lang/ArrayIndexOutOfBoundsException'> (0x00000000d6f0bcb8) thrown at [C:\re\workspace\8-2-build-windows-amd64-cygwin\jdk8u111\7883\hotspot\src\share\vm\runtime\sharedRuntime.cpp, line 605]
Event: 0.329 Thread 0x00000000597fb000 Implicit null exception at 0x0000000002be07a5 to 0x0000000002be0979

Events (10 events):
Event: 0.575 loading class com/sun/prism/Texture$Usage
Event: 0.575 loading class com/sun/prism/Texture$Usage done
Event: 0.575 loading class com/sun/prism/sw/SWTexturePool$1
Event: 0.575 loading class com/sun/prism/sw/SWTexturePool$1 done
Event: 0.575 loading class com/sun/prism/sw/SWTexture$1
Event: 0.575 loading class com/sun/prism/sw/SWTexture$1 done
Event: 0.575 loading class com/sun/prism/sw/SWMaskTexture
Event: 0.575 loading class com/sun/prism/sw/SWMaskTexture done
Event: 0.576 loading class com/sun/javafx/geom/RoundRectIterator
Event: 0.576 loading class com/sun/javafx/geom/RoundRectIterator done


Dynamic libraries:
0x000000013f650000 - 0x000000013f687000 	C:\Program Files\Java\jdk1.8.0_111\jre\bin\java.exe
0x00000000772c0000 - 0x000000007746b000 	C:\Windows\SYSTEM32\ntdll.dll
0x00000000770a0000 - 0x00000000771bf000 	C:\Windows\system32\kernel32.dll
0x000007fefd560000 - 0x000007fefd5cb000 	C:\Windows\system32\KERNELBASE.dll
0x000007fefe400000 - 0x000007fefe4db000 	C:\Windows\system32\ADVAPI32.dll
0x000007fefdee0000 - 0x000007fefdf7f000 	C:\Windows\system32\msvcrt.dll
0x000007fefd930000 - 0x000007fefd94f000 	C:\Windows\SYSTEM32\sechost.dll
0x000007fefdd00000 - 0x000007fefde2e000 	C:\Windows\system32\RPCRT4.dll
0x00000000771c0000 - 0x00000000772ba000 	C:\Windows\system32\USER32.dll
0x000007fefd620000 - 0x000007fefd687000 	C:\Windows\system32\GDI32.dll
0x000007fefde30000 - 0x000007fefde3e000 	C:\Windows\system32\LPK.dll
0x000007feff500000 - 0x000007feff5ca000 	C:\Windows\system32\USP10.dll
0x000007fefbe80000 - 0x000007fefc074000 	C:\Windows\WinSxS\amd64_microsoft.windows.common-controls_6595b64144ccf1df_6.0.7600.16385_none_fa645303170382f6\COMCTL32.dll
0x000007fefd950000 - 0x000007fefd9c1000 	C:\Windows\system32\SHLWAPI.dll
0x000007fefd5f0000 - 0x000007fefd61e000 	C:\Windows\system32\IMM32.DLL
0x000007feff3f0000 - 0x000007feff4f9000 	C:\Windows\system32\MSCTF.dll
0x0000000074350000 - 0x0000000074422000 	C:\Program Files\Java\jdk1.8.0_111\jre\bin\msvcr100.dll
0x000000006c4a0000 - 0x000000006cd3a000 	C:\Program Files\Java\jdk1.8.0_111\jre\bin\server\jvm.dll
0x000007fefa030000 - 0x000007fefa039000 	C:\Windows\system32\WSOCK32.dll
0x000007fefd700000 - 0x000007fefd74d000 	C:\Windows\system32\WS2_32.dll
0x000007fefdf80000 - 0x000007fefdf88000 	C:\Windows\system32\NSI.dll
0x000007fefaf60000 - 0x000007fefaf9b000 	C:\Windows\system32\WINMM.dll
0x000007fefc390000 - 0x000007fefc39c000 	C:\Windows\system32\VERSION.dll
0x0000000077490000 - 0x0000000077497000 	C:\Windows\system32\PSAPI.DLL
0x0000000074470000 - 0x000000007447f000 	C:\Program Files\Java\jdk1.8.0_111\jre\bin\verify.dll
0x0000000074320000 - 0x0000000074349000 	C:\Program Files\Java\jdk1.8.0_111\jre\bin\java.dll
0x0000000074300000 - 0x0000000074316000 	C:\Program Files\Java\jdk1.8.0_111\jre\bin\zip.dll
0x000007fefe4e0000 - 0x000007feff266000 	C:\Windows\system32\SHELL32.dll
0x000007fefd9d0000 - 0x000007fefdbd1000 	C:\Windows\system32\ole32.dll
0x000007fefd220000 - 0x000007fefd22f000 	C:\Windows\system32\profapi.dll
0x000007fee34d0000 - 0x000007fee35bf000 	C:\Program Files\Java\jdk1.8.0_111\jre\bin\msvcr120.dll
0x000007fee44c0000 - 0x000007fee4566000 	C:\Program Files\Java\jdk1.8.0_111\jre\bin\msvcp120.dll
0x00000000651b0000 - 0x00000000651d2000 	C:\Program Files\Java\jdk1.8.0_111\jre\bin\prism_d3d.dll
0x000007fee40b0000 - 0x000007fee42af000 	C:\Windows\system32\d3d9.dll
0x000007feee1e0000 - 0x000007feee1e7000 	C:\Windows\system32\d3d8thk.dll
0x000007fefb6d0000 - 0x000007fefb6e8000 	C:\Windows\system32\dwmapi.dll
0x000007fefbca0000 - 0x000007fefbcf6000 	C:\Windows\system32\uxtheme.dll
0x0000000065190000 - 0x00000000651ac000 	C:\Program Files\Java\jdk1.8.0_111\jre\bin\prism_sw.dll
0x0000000065140000 - 0x0000000065183000 	C:\Program Files\Java\jdk1.8.0_111\jre\bin\glass.dll
0x000007fefdbe0000 - 0x000007fefdc78000 	C:\Windows\system32\COMDLG32.dll
0x000007fefe0c0000 - 0x000007fefe197000 	C:\Windows\system32\OLEAUT32.dll
0x000007fefd150000 - 0x000007fefd15f000 	C:\Windows\system32\CRYPTBASE.dll
0x0000000065120000 - 0x0000000065134000 	C:\Program Files\Java\jdk1.8.0_111\jre\bin\javafx_font.dll
0x000007feecfd0000 - 0x000007feed14b000 	C:\Windows\system32\dwrite.dll
0x000007fefde40000 - 0x000007fefded9000 	C:\Windows\system32\CLBCatQ.DLL
0x000007fefb0f0000 - 0x000007fefb21a000 	C:\Windows\system32\WindowsCodecs.dll
0x000007fefd0f0000 - 0x000007fefd147000 	C:\Windows\system32\apphelp.dll
0x000007fef2e30000 - 0x000007fef2e65000 	C:\Windows\system32\EhStorShell.dll
0x000007fefd750000 - 0x000007fefd927000 	C:\Windows\system32\SETUPAPI.dll
0x000007fefd2d0000 - 0x000007fefd306000 	C:\Windows\system32\CFGMGR32.dll
0x000007fefd5d0000 - 0x000007fefd5ea000 	C:\Windows\system32\DEVOBJ.dll
0x000007fefbd00000 - 0x000007fefbe2c000 	C:\Windows\system32\PROPSYS.dll
0x000007fef27b0000 - 0x000007fef2e21000 	C:\PROGRA~1\MICROS~1\Office14\GROOVEEX.DLL
0x000000006ea80000 - 0x000000006eb1d000 	C:\Windows\WinSxS\amd64_microsoft.vc90.crt_1fc8b3b9a1e18e3b_9.0.30729.4926_none_08e1a05ba83fe554\MSVCR90.dll
0x000000006e390000 - 0x000000006e463000 	C:\Windows\WinSxS\amd64_microsoft.vc90.crt_1fc8b3b9a1e18e3b_9.0.30729.4926_none_08e1a05ba83fe554\MSVCP90.dll
0x000000006eb70000 - 0x000000006eb9f000 	C:\Windows\WinSxS\amd64_microsoft.vc90.atl_1fc8b3b9a1e18e3b_9.0.30729.4148_none_0a1d2fcba76b3f00\ATL90.DLL
0x000007fef2270000 - 0x000007fef267f000 	C:\PROGRA~1\COMMON~1\MICROS~1\OFFICE14\Cultures\office.odf
0x000007fef1a00000 - 0x000007fef2264000 	C:\PROGRA~1\MICROS~1\Office14\1033\GrooveIntlResource.dll
0x000007fef1980000 - 0x000007fef19fe000 	C:\Windows\System32\cscui.dll
0x000007fef1970000 - 0x000007fef197c000 	C:\Windows\System32\CSCDLL.dll
0x000007fef5e20000 - 0x000007fef5e2f000 	C:\Windows\system32\CSCAPI.dll
0x000007fef18f0000 - 0x000007fef1970000 	C:\Windows\system32\ntshrui.dll
0x000007fefcd30000 - 0x000007fefcd53000 	C:\Windows\system32\srvcli.dll
0x000007fefb070000 - 0x000007fefb07b000 	C:\Windows\system32\slc.dll
0x000007fef96b0000 - 0x000007fef96dd000 	C:\Program Files\Common Files\Microsoft Shared\Ink\rtscom.dll
0x0000000065100000 - 0x0000000065111000 	C:\Program Files\Java\jdk1.8.0_111\jre\bin\prism_common.dll
0x000007fef2680000 - 0x000007fef27a5000 	C:\Windows\system32\dbghelp.dll

VM Arguments:
jvm_args: -Dfile.encoding=UTF-8 
java_command: C:\Users\IITG\Documents\NetBeansProjects\NasoFX\dist\run1371231389\NasoFX.jar
java_class_path (initial): C:\Users\IITG\Documents\NetBeansProjects\NasoFX\dist\run1371231389\NasoFX.jar
Launcher Type: SUN_STANDARD

Environment Variables:
JAVA_HOME=C:\Program Files\Java\jdk1.8.0_111
PATH=C:\cygwin64\bin;C:\Program Files (x86)\Bitvise SSH Client
USERNAME=IITG
OS=Windows_NT
PROCESSOR_IDENTIFIER=Intel64 Family 6 Model 94 Stepping 3, GenuineIntel



---------------  S Y S T E M  ---------------

OS: Windows 7 , 64 bit Build 7600 (6.1.7600.16385)

CPU:total 4 (4 cores per cpu, 1 threads per core) family 6 model 94 stepping 3, cmov, cx8, fxsr, mmx, sse, sse2, sse3, ssse3, sse4.1, sse4.2, popcnt, aes, clmul, erms, rtm, 3dnowpref, lzcnt, tsc, tscinvbit, bmi1, bmi2, adx

Memory: 4k page, physical 8266172k(4697540k free), swap 16530448k(11573780k free)

vm_info: Java HotSpot(TM) 64-Bit Server VM (25.111-b14) for windows-amd64 JRE (1.8.0_111-b14), built on Sep 22 2016 19:24:05 by "java_re" with MS VC++ 10.0 (VS2010)

time: Mon Sep 11 16:44:03 2017
elapsed time: 0 seconds (0d 0h 0m 0s)

