#
# A fatal error has been detected by the Java Runtime Environment:
#
#  SIGSEGV (0xb) at pc=0x000000013078745f, pid=2875, tid=0x0000000000004d03
#
# JRE version: Java(TM) SE Runtime Environment (8.0_144-b01) (build 1.8.0_144-b01)
# Java VM: Java HotSpot(TM) 64-Bit Server VM (25.144-b01 mixed mode bsd-amd64 compressed oops)
# Problematic frame:
# C  [libprism_common.dylib+0x545f]  Renderer_produceAlphas+0x2df
#
# Failed to write core dump. Core dumps have been disabled. To enable core dumping, try "ulimit -c unlimited" before starting Java again
#
# If you would like to submit a bug report, please visit:
#   http://bugreport.java.com/bugreport/crash.jsp
# The crash happened outside the Java Virtual Machine in native code.
# See problematic frame for where to report the bug.
#

---------------  T H R E A D  ---------------

Current thread (0x00007fcf69878000):  JavaThread "QuantumRenderer-0" daemon [_thread_in_native, id=19715, stack(0x0000700010c29000,0x0000700010d29000)]

siginfo: si_signo: 11 (SIGSEGV), si_code: 1 (SEGV_MAPERR), si_addr: 0x000000014f6ff3dc

Registers:
RAX=0x00000000021e34f7, RBX=0x0000000000003d8b, RCX=0x00000000021e34f3, RDX=0x0000000146f72000
RSP=0x0000700010d21fa0, RBP=0x0000700010d23030, RSI=0x00000000010139cf, RDI=0x0000000000003d8a
R8 =0x000000000000721e, R9 =0x00000000000007f0, R10=0x0000000000003d93, R11=0x00007fcf7016c200
R12=0x0000700010d230f8, R13=0x00007fcf72800000, R14=0x000000000000721e, R15=0x00007fcf6a603600
RIP=0x000000013078745f, EFLAGS=0x0000000000010202, ERR=0x0000000000000004
  TRAPNO=0x000000000000000e

Top of Stack: (sp=0x0000700010d21fa0)
0x0000700010d21fa0:   000070002ef9f8f8 0000700010d23078
0x0000700010d21fb0:   0000700010d230f8 0000721e2efafcf8
0x0000700010d21fc0:   00000000000007f0 00007fcf6918ac00
0x0000700010d21fd0:   0000721e3b09fc50 00000000000048e8
0x0000700010d21fe0:   ffffffff00000250 0000000000003d9c
0x0000700010d21ff0:   0000000000000580 0000000146f72000
0x0000700010d22000:   0000700010d22060 000000013b0389e0
0x0000700010d22010:   000070002efafcb8 000070002ef956e0
0x0000700010d22020:   000070002efd8b78 000070002cf734f8
0x0000700010d22030:   000070002efacba0 000000013b0b9260
0x0000700010d22040:   0000700010d22eb0 000070002efe3f18
0x0000700010d22050:   000000012efab258 0000000000000000
0x0000700010d22060:   000070002efafc38 000000012ef95880
0x0000700010d22070:   000070002f05d408 000070002411c508
0x0000700010d22080:   000070002ef95960 000070002efac4c8
0x0000700010d22090:   000070002efe42d0 000000012eff4ba8
0x0000700010d220a0:   000070003b09fc50 000070002efb3a60
0x0000700010d220b0:   0000700010d22100 000000012efa1100
0x0000700010d220c0:   000070002ef95860 000000002efeb7a0
0x0000700010d220d0:   000000002efc5c28 00007fff2ef677f0
0x0000700010d220e0:   000000012efaa338 000000012efafc98
0x0000700010d220f0:   0000700000000000 000070002efc09d0
0x0000700010d22100:   000070002cf74050 000000012efaa3f8
0x0000700010d22110:   000070002efd7f28 000000012ef8e2f8
0x0000700010d22120:   000070002ef95840 000000002efb3b80
0x0000700010d22130:   000000003b0a4860 00007fff2ef24778
0x0000700010d22140:   000000012cf73798 000000012ef3a628
0x0000700010d22150:   000070002efc2540 000070002efac408
0x0000700010d22160:   000070003b052e78 000000012efafb98
0x0000700010d22170:   000070003b04aee0 000000010f840a77
0x0000700010d22180:   00007fcf69474000 00007fcf69474000
0x0000700010d22190:   0000000000000006 00007fffa950698a 

Instructions: (pc=0x000000013078745f)
0x000000013078743f:   28 4c 63 d3 66 66 66 66 2e 0f 1f 84 00 00 00 00
0x000000013078744f:   00 8d 48 ff 43 89 0c 97 49 ff c2 83 c0 03 48 98
0x000000013078745f:   f3 0f 2c 04 82 85 c0 75 e8 48 89 d3 4c 89 95 b8
0x000000013078746f:   ef ff ff 44 39 95 8c ef ff ff 7d 25 4c 89 ef 4d 

Register to memory mapping:

RAX=0x00000000021e34f7 is an unknown value
RBX=0x0000000000003d8b is an unknown value
RCX=0x00000000021e34f3 is an unknown value
RDX=0x0000000146f72000 is an unknown value
RSP=0x0000700010d21fa0 is pointing into the stack for thread: 0x00007fcf69878000
RBP=0x0000700010d23030 is pointing into the stack for thread: 0x00007fcf69878000
RSI=0x00000000010139cf is an unknown value
RDI=0x0000000000003d8a is an unknown value
R8 =0x000000000000721e is an unknown value
R9 =0x00000000000007f0 is an unknown value
R10=0x0000000000003d93 is an unknown value
R11=0x00007fcf7016c200 is an unknown value
R12=0x0000700010d230f8 is pointing into the stack for thread: 0x00007fcf69878000
R13=0x00007fcf72800000 is an unknown value
R14=0x000000000000721e is an unknown value
R15=0x00007fcf6a603600 is an unknown value


Stack: [0x0000700010c29000,0x0000700010d29000],  sp=0x0000700010d21fa0,  free space=995k
Native frames: (J=compiled Java code, j=interpreted, Vv=VM code, C=native code)
C  [libprism_common.dylib+0x545f]  Renderer_produceAlphas+0x2df
C  [libprism_common.dylib+0x4792]  Java_com_sun_prism_impl_shape_NativePiscesRasterizer_produceStrokeAlphas+0x482
j  com.sun.prism.impl.shape.NativePiscesRasterizer.produceStrokeAlphas([F[BIFIIF[FFDDDDDD[I[B)V+0
j  com.sun.prism.impl.shape.NativePiscesRasterizer.getMaskData(Lcom/sun/javafx/geom/Shape;Lcom/sun/prism/BasicStroke;Lcom/sun/javafx/geom/RectBounds;Lcom/sun/javafx/geom/transform/BaseTransform;ZZ)Lcom/sun/prism/impl/shape/MaskData;+487
J 3300 C1 com.sun.prism.impl.ps.BaseShaderGraphics.renderShape(Lcom/sun/javafx/geom/Shape;Lcom/sun/prism/BasicStroke;FFFF)V (255 bytes) @ 0x0000000110b63934 [0x0000000110b63600+0x334]
j  com.sun.prism.impl.BaseGraphics.draw(Lcom/sun/javafx/geom/Shape;)V+136
j  com.sun.prism.impl.ps.CachingShapeRepState.drawNoCache(Lcom/sun/prism/Graphics;Lcom/sun/javafx/geom/Shape;)V+2
j  com.sun.prism.impl.ps.CachingShapeRepState.render(Lcom/sun/prism/Graphics;Lcom/sun/javafx/geom/Shape;Lcom/sun/javafx/geom/RectBounds;Lcom/sun/prism/BasicStroke;)V+241
j  com.sun.prism.impl.ps.CachingShapeRep.draw(Lcom/sun/prism/Graphics;Lcom/sun/javafx/geom/Shape;Lcom/sun/javafx/geom/BaseBounds;)V+31
j  com.sun.javafx.sg.prism.NGShape.renderContent2D(Lcom/sun/prism/Graphics;Z)V+144
J 3224 C1 com.sun.javafx.sg.prism.NGShape.renderContent(Lcom/sun/prism/Graphics;)V (458 bytes) @ 0x0000000110a8ae6c [0x0000000110a88c40+0x222c]
J 2166 C1 com.sun.javafx.sg.prism.NGNode.doRender(Lcom/sun/prism/Graphics;)V (473 bytes) @ 0x0000000110eeaa0c [0x0000000110ee8c00+0x1e0c]
J 2146 C1 com.sun.javafx.sg.prism.NGNode.render(Lcom/sun/prism/Graphics;)V (38 bytes) @ 0x0000000110edcd5c [0x0000000110edcae0+0x27c]
J 2469 C1 com.sun.javafx.sg.prism.NGGroup.renderContent(Lcom/sun/prism/Graphics;)V (436 bytes) @ 0x0000000110fae3fc [0x0000000110fad020+0x13dc]
J 2166 C1 com.sun.javafx.sg.prism.NGNode.doRender(Lcom/sun/prism/Graphics;)V (473 bytes) @ 0x0000000110eeaa0c [0x0000000110ee8c00+0x1e0c]
J 2146 C1 com.sun.javafx.sg.prism.NGNode.render(Lcom/sun/prism/Graphics;)V (38 bytes) @ 0x0000000110edcd5c [0x0000000110edcae0+0x27c]
J 2469 C1 com.sun.javafx.sg.prism.NGGroup.renderContent(Lcom/sun/prism/Graphics;)V (436 bytes) @ 0x0000000110fae3fc [0x0000000110fad020+0x13dc]
j  com.sun.javafx.sg.prism.NGNode.renderForClip(Lcom/sun/prism/Graphics;)V+17
j  com.sun.javafx.sg.prism.NGNode.renderRectClip(Lcom/sun/prism/Graphics;Lcom/sun/javafx/sg/prism/NGRectangle;)V+106
j  com.sun.javafx.sg.prism.NGNode.renderClip(Lcom/sun/prism/Graphics;)V+83
J 2166 C1 com.sun.javafx.sg.prism.NGNode.doRender(Lcom/sun/prism/Graphics;)V (473 bytes) @ 0x0000000110eea6b4 [0x0000000110ee8c00+0x1ab4]
J 2146 C1 com.sun.javafx.sg.prism.NGNode.render(Lcom/sun/prism/Graphics;)V (38 bytes) @ 0x0000000110edcd5c [0x0000000110edcae0+0x27c]
J 2469 C1 com.sun.javafx.sg.prism.NGGroup.renderContent(Lcom/sun/prism/Graphics;)V (436 bytes) @ 0x0000000110fae3fc [0x0000000110fad020+0x13dc]
J 2176 C1 com.sun.javafx.sg.prism.NGRegion.renderContent(Lcom/sun/prism/Graphics;)V (115 bytes) @ 0x0000000110ef260c [0x0000000110ef1120+0x14ec]
J 2166 C1 com.sun.javafx.sg.prism.NGNode.doRender(Lcom/sun/prism/Graphics;)V (473 bytes) @ 0x0000000110eeaa0c [0x0000000110ee8c00+0x1e0c]
J 2146 C1 com.sun.javafx.sg.prism.NGNode.render(Lcom/sun/prism/Graphics;)V (38 bytes) @ 0x0000000110edcd5c [0x0000000110edcae0+0x27c]
J 2469 C1 com.sun.javafx.sg.prism.NGGroup.renderContent(Lcom/sun/prism/Graphics;)V (436 bytes) @ 0x0000000110fae3fc [0x0000000110fad020+0x13dc]
J 2176 C1 com.sun.javafx.sg.prism.NGRegion.renderContent(Lcom/sun/prism/Graphics;)V (115 bytes) @ 0x0000000110ef260c [0x0000000110ef1120+0x14ec]
J 2166 C1 com.sun.javafx.sg.prism.NGNode.doRender(Lcom/sun/prism/Graphics;)V (473 bytes) @ 0x0000000110eeaa0c [0x0000000110ee8c00+0x1e0c]
J 2146 C1 com.sun.javafx.sg.prism.NGNode.render(Lcom/sun/prism/Graphics;)V (38 bytes) @ 0x0000000110edcd5c [0x0000000110edcae0+0x27c]
J 2469 C1 com.sun.javafx.sg.prism.NGGroup.renderContent(Lcom/sun/prism/Graphics;)V (436 bytes) @ 0x0000000110fae3fc [0x0000000110fad020+0x13dc]
J 2176 C1 com.sun.javafx.sg.prism.NGRegion.renderContent(Lcom/sun/prism/Graphics;)V (115 bytes) @ 0x0000000110ef260c [0x0000000110ef1120+0x14ec]
J 2166 C1 com.sun.javafx.sg.prism.NGNode.doRender(Lcom/sun/prism/Graphics;)V (473 bytes) @ 0x0000000110eeaa0c [0x0000000110ee8c00+0x1e0c]
J 2146 C1 com.sun.javafx.sg.prism.NGNode.render(Lcom/sun/prism/Graphics;)V (38 bytes) @ 0x0000000110edcd5c [0x0000000110edcae0+0x27c]
J 2469 C1 com.sun.javafx.sg.prism.NGGroup.renderContent(Lcom/sun/prism/Graphics;)V (436 bytes) @ 0x0000000110fae3fc [0x0000000110fad020+0x13dc]
J 2176 C1 com.sun.javafx.sg.prism.NGRegion.renderContent(Lcom/sun/prism/Graphics;)V (115 bytes) @ 0x0000000110ef260c [0x0000000110ef1120+0x14ec]
j  com.sun.javafx.sg.prism.NGNode.renderForClip(Lcom/sun/prism/Graphics;)V+17
j  com.sun.javafx.sg.prism.NGNode.renderRectClip(Lcom/sun/prism/Graphics;Lcom/sun/javafx/sg/prism/NGRectangle;)V+106
j  com.sun.javafx.sg.prism.NGNode.renderClip(Lcom/sun/prism/Graphics;)V+83
j  com.sun.javafx.sg.prism.CacheFilter.impl_renderNodeToCache(Lcom/sun/scenario/effect/ImageData;Lcom/sun/javafx/geom/Rectangle;Lcom/sun/javafx/geom/transform/BaseTransform;Lcom/sun/javafx/geom/Rectangle;)V+150
j  com.sun.javafx.sg.prism.CacheFilter.render(Lcom/sun/prism/Graphics;)V+344
j  com.sun.javafx.sg.prism.NGNode.renderCached(Lcom/sun/prism/Graphics;)V+31
J 2166 C1 com.sun.javafx.sg.prism.NGNode.doRender(Lcom/sun/prism/Graphics;)V (473 bytes) @ 0x0000000110eea444 [0x0000000110ee8c00+0x1844]
J 2146 C1 com.sun.javafx.sg.prism.NGNode.render(Lcom/sun/prism/Graphics;)V (38 bytes) @ 0x0000000110edcd5c [0x0000000110edcae0+0x27c]
J 2469 C1 com.sun.javafx.sg.prism.NGGroup.renderContent(Lcom/sun/prism/Graphics;)V (436 bytes) @ 0x0000000110fae3fc [0x0000000110fad020+0x13dc]
J 2176 C1 com.sun.javafx.sg.prism.NGRegion.renderContent(Lcom/sun/prism/Graphics;)V (115 bytes) @ 0x0000000110ef260c [0x0000000110ef1120+0x14ec]
J 2166 C1 com.sun.javafx.sg.prism.NGNode.doRender(Lcom/sun/prism/Graphics;)V (473 bytes) @ 0x0000000110eeaa0c [0x0000000110ee8c00+0x1e0c]
J 2146 C1 com.sun.javafx.sg.prism.NGNode.render(Lcom/sun/prism/Graphics;)V (38 bytes) @ 0x0000000110edcd5c [0x0000000110edcae0+0x27c]
J 2469 C1 com.sun.javafx.sg.prism.NGGroup.renderContent(Lcom/sun/prism/Graphics;)V (436 bytes) @ 0x0000000110fae3fc [0x0000000110fad020+0x13dc]
J 2176 C1 com.sun.javafx.sg.prism.NGRegion.renderContent(Lcom/sun/prism/Graphics;)V (115 bytes) @ 0x0000000110ef260c [0x0000000110ef1120+0x14ec]
J 2166 C1 com.sun.javafx.sg.prism.NGNode.doRender(Lcom/sun/prism/Graphics;)V (473 bytes) @ 0x0000000110eeaa0c [0x0000000110ee8c00+0x1e0c]
J 2146 C1 com.sun.javafx.sg.prism.NGNode.render(Lcom/sun/prism/Graphics;)V (38 bytes) @ 0x0000000110edcd5c [0x0000000110edcae0+0x27c]
J 2469 C1 com.sun.javafx.sg.prism.NGGroup.renderContent(Lcom/sun/prism/Graphics;)V (436 bytes) @ 0x0000000110fae3fc [0x0000000110fad020+0x13dc]
J 2176 C1 com.sun.javafx.sg.prism.NGRegion.renderContent(Lcom/sun/prism/Graphics;)V (115 bytes) @ 0x0000000110ef260c [0x0000000110ef1120+0x14ec]
j  com.sun.javafx.sg.prism.NGNode.renderForClip(Lcom/sun/prism/Graphics;)V+17
j  com.sun.javafx.sg.prism.NGNode.renderRectClip(Lcom/sun/prism/Graphics;Lcom/sun/javafx/sg/prism/NGRectangle;)V+106
j  com.sun.javafx.sg.prism.NGNode.renderClip(Lcom/sun/prism/Graphics;)V+83
J 2166 C1 com.sun.javafx.sg.prism.NGNode.doRender(Lcom/sun/prism/Graphics;)V (473 bytes) @ 0x0000000110eea6b4 [0x0000000110ee8c00+0x1ab4]
J 2146 C1 com.sun.javafx.sg.prism.NGNode.render(Lcom/sun/prism/Graphics;)V (38 bytes) @ 0x0000000110edcd5c [0x0000000110edcae0+0x27c]
J 2469 C1 com.sun.javafx.sg.prism.NGGroup.renderContent(Lcom/sun/prism/Graphics;)V (436 bytes) @ 0x0000000110fae3fc [0x0000000110fad020+0x13dc]
J 2176 C1 com.sun.javafx.sg.prism.NGRegion.renderContent(Lcom/sun/prism/Graphics;)V (115 bytes) @ 0x0000000110ef260c [0x0000000110ef1120+0x14ec]
j  com.sun.javafx.sg.prism.NGNode.renderForClip(Lcom/sun/prism/Graphics;)V+17
j  com.sun.javafx.sg.prism.NGNode.renderRectClip(Lcom/sun/prism/Graphics;Lcom/sun/javafx/sg/prism/NGRectangle;)V+106
j  com.sun.javafx.sg.prism.NGNode.renderClip(Lcom/sun/prism/Graphics;)V+83
J 2166 C1 com.sun.javafx.sg.prism.NGNode.doRender(Lcom/sun/prism/Graphics;)V (473 bytes) @ 0x0000000110eea6b4 [0x0000000110ee8c00+0x1ab4]
J 2146 C1 com.sun.javafx.sg.prism.NGNode.render(Lcom/sun/prism/Graphics;)V (38 bytes) @ 0x0000000110edcd5c [0x0000000110edcae0+0x27c]
J 2469 C1 com.sun.javafx.sg.prism.NGGroup.renderContent(Lcom/sun/prism/Graphics;)V (436 bytes) @ 0x0000000110fae3fc [0x0000000110fad020+0x13dc]
J 2176 C1 com.sun.javafx.sg.prism.NGRegion.renderContent(Lcom/sun/prism/Graphics;)V (115 bytes) @ 0x0000000110ef260c [0x0000000110ef1120+0x14ec]
J 2166 C1 com.sun.javafx.sg.prism.NGNode.doRender(Lcom/sun/prism/Graphics;)V (473 bytes) @ 0x0000000110eeaa0c [0x0000000110ee8c00+0x1e0c]
J 2146 C1 com.sun.javafx.sg.prism.NGNode.render(Lcom/sun/prism/Graphics;)V (38 bytes) @ 0x0000000110edcd5c [0x0000000110edcae0+0x27c]
J 2469 C1 com.sun.javafx.sg.prism.NGGroup.renderContent(Lcom/sun/prism/Graphics;)V (436 bytes) @ 0x0000000110fae3fc [0x0000000110fad020+0x13dc]
J 2176 C1 com.sun.javafx.sg.prism.NGRegion.renderContent(Lcom/sun/prism/Graphics;)V (115 bytes) @ 0x0000000110ef260c [0x0000000110ef1120+0x14ec]
J 2166 C1 com.sun.javafx.sg.prism.NGNode.doRender(Lcom/sun/prism/Graphics;)V (473 bytes) @ 0x0000000110eeaa0c [0x0000000110ee8c00+0x1e0c]
J 2146 C1 com.sun.javafx.sg.prism.NGNode.render(Lcom/sun/prism/Graphics;)V (38 bytes) @ 0x0000000110edcd5c [0x0000000110edcae0+0x27c]
j  com.sun.javafx.tk.quantum.ViewPainter.doPaint(Lcom/sun/prism/Graphics;Lcom/sun/javafx/sg/prism/NodePath;)V+201
j  com.sun.javafx.tk.quantum.ViewPainter.paintImpl(Lcom/sun/prism/Graphics;)V+953
j  com.sun.javafx.tk.quantum.PresentingPainter.run()V+326
j  java.util.concurrent.Executors$RunnableAdapter.call()Ljava/lang/Object;+4
j  java.util.concurrent.FutureTask.runAndReset()Z+47
j  com.sun.javafx.tk.RenderJob.run()V+1
j  java.util.concurrent.ThreadPoolExecutor.runWorker(Ljava/util/concurrent/ThreadPoolExecutor$Worker;)V+95
j  java.util.concurrent.ThreadPoolExecutor$Worker.run()V+5
j  com.sun.javafx.tk.quantum.QuantumRenderer$PipelineRunnable.run()V+8
j  java.lang.Thread.run()V+11
v  ~StubRoutines::call_stub
V  [libjvm.dylib+0x2ee70a]  JavaCalls::call_helper(JavaValue*, methodHandle*, JavaCallArguments*, Thread*)+0x6ae
V  [libjvm.dylib+0x2eeeae]  JavaCalls::call_virtual(JavaValue*, KlassHandle, Symbol*, Symbol*, JavaCallArguments*, Thread*)+0x164
V  [libjvm.dylib+0x2ef05a]  JavaCalls::call_virtual(JavaValue*, Handle, KlassHandle, Symbol*, Symbol*, Thread*)+0x4a
V  [libjvm.dylib+0x3497b1]  thread_entry(JavaThread*, Thread*)+0x7c
V  [libjvm.dylib+0x56c0b3]  JavaThread::thread_main_inner()+0x9b
V  [libjvm.dylib+0x56d7a0]  JavaThread::run()+0x1c2
V  [libjvm.dylib+0x48baee]  java_start(Thread*)+0xf6
C  [libsystem_pthread.dylib+0x3aab]  _pthread_body+0xb4
C  [libsystem_pthread.dylib+0x39f7]  _pthread_body+0x0
C  [libsystem_pthread.dylib+0x31fd]  thread_start+0xd
C  0x0000000000000000

Java frames: (J=compiled Java code, j=interpreted, Vv=VM code)
j  com.sun.prism.impl.shape.NativePiscesRasterizer.produceStrokeAlphas([F[BIFIIF[FFDDDDDD[I[B)V+0
j  com.sun.prism.impl.shape.NativePiscesRasterizer.getMaskData(Lcom/sun/javafx/geom/Shape;Lcom/sun/prism/BasicStroke;Lcom/sun/javafx/geom/RectBounds;Lcom/sun/javafx/geom/transform/BaseTransform;ZZ)Lcom/sun/prism/impl/shape/MaskData;+487
J 3300 C1 com.sun.prism.impl.ps.BaseShaderGraphics.renderShape(Lcom/sun/javafx/geom/Shape;Lcom/sun/prism/BasicStroke;FFFF)V (255 bytes) @ 0x0000000110b63934 [0x0000000110b63600+0x334]
j  com.sun.prism.impl.BaseGraphics.draw(Lcom/sun/javafx/geom/Shape;)V+136
j  com.sun.prism.impl.ps.CachingShapeRepState.drawNoCache(Lcom/sun/prism/Graphics;Lcom/sun/javafx/geom/Shape;)V+2
j  com.sun.prism.impl.ps.CachingShapeRepState.render(Lcom/sun/prism/Graphics;Lcom/sun/javafx/geom/Shape;Lcom/sun/javafx/geom/RectBounds;Lcom/sun/prism/BasicStroke;)V+241
j  com.sun.prism.impl.ps.CachingShapeRep.draw(Lcom/sun/prism/Graphics;Lcom/sun/javafx/geom/Shape;Lcom/sun/javafx/geom/BaseBounds;)V+31
j  com.sun.javafx.sg.prism.NGShape.renderContent2D(Lcom/sun/prism/Graphics;Z)V+144
J 3224 C1 com.sun.javafx.sg.prism.NGShape.renderContent(Lcom/sun/prism/Graphics;)V (458 bytes) @ 0x0000000110a8ae6c [0x0000000110a88c40+0x222c]
J 2166 C1 com.sun.javafx.sg.prism.NGNode.doRender(Lcom/sun/prism/Graphics;)V (473 bytes) @ 0x0000000110eeaa0c [0x0000000110ee8c00+0x1e0c]
J 2146 C1 com.sun.javafx.sg.prism.NGNode.render(Lcom/sun/prism/Graphics;)V (38 bytes) @ 0x0000000110edcd5c [0x0000000110edcae0+0x27c]
J 2469 C1 com.sun.javafx.sg.prism.NGGroup.renderContent(Lcom/sun/prism/Graphics;)V (436 bytes) @ 0x0000000110fae3fc [0x0000000110fad020+0x13dc]
J 2166 C1 com.sun.javafx.sg.prism.NGNode.doRender(Lcom/sun/prism/Graphics;)V (473 bytes) @ 0x0000000110eeaa0c [0x0000000110ee8c00+0x1e0c]
J 2146 C1 com.sun.javafx.sg.prism.NGNode.render(Lcom/sun/prism/Graphics;)V (38 bytes) @ 0x0000000110edcd5c [0x0000000110edcae0+0x27c]
J 2469 C1 com.sun.javafx.sg.prism.NGGroup.renderContent(Lcom/sun/prism/Graphics;)V (436 bytes) @ 0x0000000110fae3fc [0x0000000110fad020+0x13dc]
j  com.sun.javafx.sg.prism.NGNode.renderForClip(Lcom/sun/prism/Graphics;)V+17
j  com.sun.javafx.sg.prism.NGNode.renderRectClip(Lcom/sun/prism/Graphics;Lcom/sun/javafx/sg/prism/NGRectangle;)V+106
j  com.sun.javafx.sg.prism.NGNode.renderClip(Lcom/sun/prism/Graphics;)V+83
J 2166 C1 com.sun.javafx.sg.prism.NGNode.doRender(Lcom/sun/prism/Graphics;)V (473 bytes) @ 0x0000000110eea6b4 [0x0000000110ee8c00+0x1ab4]
J 2146 C1 com.sun.javafx.sg.prism.NGNode.render(Lcom/sun/prism/Graphics;)V (38 bytes) @ 0x0000000110edcd5c [0x0000000110edcae0+0x27c]
J 2469 C1 com.sun.javafx.sg.prism.NGGroup.renderContent(Lcom/sun/prism/Graphics;)V (436 bytes) @ 0x0000000110fae3fc [0x0000000110fad020+0x13dc]
J 2176 C1 com.sun.javafx.sg.prism.NGRegion.renderContent(Lcom/sun/prism/Graphics;)V (115 bytes) @ 0x0000000110ef260c [0x0000000110ef1120+0x14ec]
J 2166 C1 com.sun.javafx.sg.prism.NGNode.doRender(Lcom/sun/prism/Graphics;)V (473 bytes) @ 0x0000000110eeaa0c [0x0000000110ee8c00+0x1e0c]
J 2146 C1 com.sun.javafx.sg.prism.NGNode.render(Lcom/sun/prism/Graphics;)V (38 bytes) @ 0x0000000110edcd5c [0x0000000110edcae0+0x27c]
J 2469 C1 com.sun.javafx.sg.prism.NGGroup.renderContent(Lcom/sun/prism/Graphics;)V (436 bytes) @ 0x0000000110fae3fc [0x0000000110fad020+0x13dc]
J 2176 C1 com.sun.javafx.sg.prism.NGRegion.renderContent(Lcom/sun/prism/Graphics;)V (115 bytes) @ 0x0000000110ef260c [0x0000000110ef1120+0x14ec]
J 2166 C1 com.sun.javafx.sg.prism.NGNode.doRender(Lcom/sun/prism/Graphics;)V (473 bytes) @ 0x0000000110eeaa0c [0x0000000110ee8c00+0x1e0c]
J 2146 C1 com.sun.javafx.sg.prism.NGNode.render(Lcom/sun/prism/Graphics;)V (38 bytes) @ 0x0000000110edcd5c [0x0000000110edcae0+0x27c]
J 2469 C1 com.sun.javafx.sg.prism.NGGroup.renderContent(Lcom/sun/prism/Graphics;)V (436 bytes) @ 0x0000000110fae3fc [0x0000000110fad020+0x13dc]
J 2176 C1 com.sun.javafx.sg.prism.NGRegion.renderContent(Lcom/sun/prism/Graphics;)V (115 bytes) @ 0x0000000110ef260c [0x0000000110ef1120+0x14ec]
J 2166 C1 com.sun.javafx.sg.prism.NGNode.doRender(Lcom/sun/prism/Graphics;)V (473 bytes) @ 0x0000000110eeaa0c [0x0000000110ee8c00+0x1e0c]
J 2146 C1 com.sun.javafx.sg.prism.NGNode.render(Lcom/sun/prism/Graphics;)V (38 bytes) @ 0x0000000110edcd5c [0x0000000110edcae0+0x27c]
J 2469 C1 com.sun.javafx.sg.prism.NGGroup.renderContent(Lcom/sun/prism/Graphics;)V (436 bytes) @ 0x0000000110fae3fc [0x0000000110fad020+0x13dc]
J 2176 C1 com.sun.javafx.sg.prism.NGRegion.renderContent(Lcom/sun/prism/Graphics;)V (115 bytes) @ 0x0000000110ef260c [0x0000000110ef1120+0x14ec]
j  com.sun.javafx.sg.prism.NGNode.renderForClip(Lcom/sun/prism/Graphics;)V+17
j  com.sun.javafx.sg.prism.NGNode.renderRectClip(Lcom/sun/prism/Graphics;Lcom/sun/javafx/sg/prism/NGRectangle;)V+106
j  com.sun.javafx.sg.prism.NGNode.renderClip(Lcom/sun/prism/Graphics;)V+83
j  com.sun.javafx.sg.prism.CacheFilter.impl_renderNodeToCache(Lcom/sun/scenario/effect/ImageData;Lcom/sun/javafx/geom/Rectangle;Lcom/sun/javafx/geom/transform/BaseTransform;Lcom/sun/javafx/geom/Rectangle;)V+150
j  com.sun.javafx.sg.prism.CacheFilter.render(Lcom/sun/prism/Graphics;)V+344
j  com.sun.javafx.sg.prism.NGNode.renderCached(Lcom/sun/prism/Graphics;)V+31
J 2166 C1 com.sun.javafx.sg.prism.NGNode.doRender(Lcom/sun/prism/Graphics;)V (473 bytes) @ 0x0000000110eea444 [0x0000000110ee8c00+0x1844]
J 2146 C1 com.sun.javafx.sg.prism.NGNode.render(Lcom/sun/prism/Graphics;)V (38 bytes) @ 0x0000000110edcd5c [0x0000000110edcae0+0x27c]
J 2469 C1 com.sun.javafx.sg.prism.NGGroup.renderContent(Lcom/sun/prism/Graphics;)V (436 bytes) @ 0x0000000110fae3fc [0x0000000110fad020+0x13dc]
J 2176 C1 com.sun.javafx.sg.prism.NGRegion.renderContent(Lcom/sun/prism/Graphics;)V (115 bytes) @ 0x0000000110ef260c [0x0000000110ef1120+0x14ec]
J 2166 C1 com.sun.javafx.sg.prism.NGNode.doRender(Lcom/sun/prism/Graphics;)V (473 bytes) @ 0x0000000110eeaa0c [0x0000000110ee8c00+0x1e0c]
J 2146 C1 com.sun.javafx.sg.prism.NGNode.render(Lcom/sun/prism/Graphics;)V (38 bytes) @ 0x0000000110edcd5c [0x0000000110edcae0+0x27c]
J 2469 C1 com.sun.javafx.sg.prism.NGGroup.renderContent(Lcom/sun/prism/Graphics;)V (436 bytes) @ 0x0000000110fae3fc [0x0000000110fad020+0x13dc]
J 2176 C1 com.sun.javafx.sg.prism.NGRegion.renderContent(Lcom/sun/prism/Graphics;)V (115 bytes) @ 0x0000000110ef260c [0x0000000110ef1120+0x14ec]
J 2166 C1 com.sun.javafx.sg.prism.NGNode.doRender(Lcom/sun/prism/Graphics;)V (473 bytes) @ 0x0000000110eeaa0c [0x0000000110ee8c00+0x1e0c]
J 2146 C1 com.sun.javafx.sg.prism.NGNode.render(Lcom/sun/prism/Graphics;)V (38 bytes) @ 0x0000000110edcd5c [0x0000000110edcae0+0x27c]
J 2469 C1 com.sun.javafx.sg.prism.NGGroup.renderContent(Lcom/sun/prism/Graphics;)V (436 bytes) @ 0x0000000110fae3fc [0x0000000110fad020+0x13dc]
J 2176 C1 com.sun.javafx.sg.prism.NGRegion.renderContent(Lcom/sun/prism/Graphics;)V (115 bytes) @ 0x0000000110ef260c [0x0000000110ef1120+0x14ec]
j  com.sun.javafx.sg.prism.NGNode.renderForClip(Lcom/sun/prism/Graphics;)V+17
j  com.sun.javafx.sg.prism.NGNode.renderRectClip(Lcom/sun/prism/Graphics;Lcom/sun/javafx/sg/prism/NGRectangle;)V+106
j  com.sun.javafx.sg.prism.NGNode.renderClip(Lcom/sun/prism/Graphics;)V+83
J 2166 C1 com.sun.javafx.sg.prism.NGNode.doRender(Lcom/sun/prism/Graphics;)V (473 bytes) @ 0x0000000110eea6b4 [0x0000000110ee8c00+0x1ab4]
J 2146 C1 com.sun.javafx.sg.prism.NGNode.render(Lcom/sun/prism/Graphics;)V (38 bytes) @ 0x0000000110edcd5c [0x0000000110edcae0+0x27c]
J 2469 C1 com.sun.javafx.sg.prism.NGGroup.renderContent(Lcom/sun/prism/Graphics;)V (436 bytes) @ 0x0000000110fae3fc [0x0000000110fad020+0x13dc]
J 2176 C1 com.sun.javafx.sg.prism.NGRegion.renderContent(Lcom/sun/prism/Graphics;)V (115 bytes) @ 0x0000000110ef260c [0x0000000110ef1120+0x14ec]
j  com.sun.javafx.sg.prism.NGNode.renderForClip(Lcom/sun/prism/Graphics;)V+17
j  com.sun.javafx.sg.prism.NGNode.renderRectClip(Lcom/sun/prism/Graphics;Lcom/sun/javafx/sg/prism/NGRectangle;)V+106
j  com.sun.javafx.sg.prism.NGNode.renderClip(Lcom/sun/prism/Graphics;)V+83
J 2166 C1 com.sun.javafx.sg.prism.NGNode.doRender(Lcom/sun/prism/Graphics;)V (473 bytes) @ 0x0000000110eea6b4 [0x0000000110ee8c00+0x1ab4]
J 2146 C1 com.sun.javafx.sg.prism.NGNode.render(Lcom/sun/prism/Graphics;)V (38 bytes) @ 0x0000000110edcd5c [0x0000000110edcae0+0x27c]
J 2469 C1 com.sun.javafx.sg.prism.NGGroup.renderContent(Lcom/sun/prism/Graphics;)V (436 bytes) @ 0x0000000110fae3fc [0x0000000110fad020+0x13dc]
J 2176 C1 com.sun.javafx.sg.prism.NGRegion.renderContent(Lcom/sun/prism/Graphics;)V (115 bytes) @ 0x0000000110ef260c [0x0000000110ef1120+0x14ec]
J 2166 C1 com.sun.javafx.sg.prism.NGNode.doRender(Lcom/sun/prism/Graphics;)V (473 bytes) @ 0x0000000110eeaa0c [0x0000000110ee8c00+0x1e0c]
J 2146 C1 com.sun.javafx.sg.prism.NGNode.render(Lcom/sun/prism/Graphics;)V (38 bytes) @ 0x0000000110edcd5c [0x0000000110edcae0+0x27c]
J 2469 C1 com.sun.javafx.sg.prism.NGGroup.renderContent(Lcom/sun/prism/Graphics;)V (436 bytes) @ 0x0000000110fae3fc [0x0000000110fad020+0x13dc]
J 2176 C1 com.sun.javafx.sg.prism.NGRegion.renderContent(Lcom/sun/prism/Graphics;)V (115 bytes) @ 0x0000000110ef260c [0x0000000110ef1120+0x14ec]
J 2166 C1 com.sun.javafx.sg.prism.NGNode.doRender(Lcom/sun/prism/Graphics;)V (473 bytes) @ 0x0000000110eeaa0c [0x0000000110ee8c00+0x1e0c]
J 2146 C1 com.sun.javafx.sg.prism.NGNode.render(Lcom/sun/prism/Graphics;)V (38 bytes) @ 0x0000000110edcd5c [0x0000000110edcae0+0x27c]
j  com.sun.javafx.tk.quantum.ViewPainter.doPaint(Lcom/sun/prism/Graphics;Lcom/sun/javafx/sg/prism/NodePath;)V+201
j  com.sun.javafx.tk.quantum.ViewPainter.paintImpl(Lcom/sun/prism/Graphics;)V+953
j  com.sun.javafx.tk.quantum.PresentingPainter.run()V+326
j  java.util.concurrent.Executors$RunnableAdapter.call()Ljava/lang/Object;+4
j  java.util.concurrent.FutureTask.runAndReset()Z+47
j  com.sun.javafx.tk.RenderJob.run()V+1
j  java.util.concurrent.ThreadPoolExecutor.runWorker(Ljava/util/concurrent/ThreadPoolExecutor$Worker;)V+95
j  java.util.concurrent.ThreadPoolExecutor$Worker.run()V+5
j  com.sun.javafx.tk.quantum.QuantumRenderer$PipelineRunnable.run()V+8
j  java.lang.Thread.run()V+11
v  ~StubRoutines::call_stub

---------------  P R O C E S S  ---------------

Java Threads: ( => current thread )
  0x00007fcf70822000 JavaThread "JFXMedia Player EventQueueThread" daemon [_thread_blocked, id=90439, stack(0x000070001185f000,0x000070001195f000)]
  0x00007fcf69330000 JavaThread "Media Resource Disposer" daemon [_thread_blocked, id=107011, stack(0x00007000116d9000,0x00007000117d9000)]
  0x00007fcf699b3800 JavaThread "Prism Font Disposer" daemon [_thread_blocked, id=58119, stack(0x00007000110bb000,0x00007000111bb000)]
  0x00007fcf6a10c800 JavaThread "JavaFX-Launcher" [_thread_blocked, id=50691, stack(0x0000700010fb8000,0x00007000110b8000)]
  0x00007fcf691c4800 JavaThread "Thread-3" daemon [_thread_in_native, id=36867, stack(0x0000700010e2f000,0x0000700010eaf000)]
  0x00007fcf6989d800 JavaThread "JavaFX Application Thread" [_thread_in_Java, id=775, stack(0x00007fff50e43000,0x00007fff51643000)]
  0x00007fcf6986a800 JavaThread "Thread-1" daemon [_thread_blocked, id=25095, stack(0x0000700010d2c000,0x0000700010e2c000)]
=>0x00007fcf69878000 JavaThread "QuantumRenderer-0" daemon [_thread_in_native, id=19715, stack(0x0000700010c29000,0x0000700010d29000)]
  0x00007fcf6906a800 JavaThread "Service Thread" daemon [_thread_blocked, id=18691, stack(0x0000700010a23000,0x0000700010b23000)]
  0x00007fcf6a00e800 JavaThread "C1 CompilerThread2" daemon [_thread_blocked, id=18179, stack(0x0000700010920000,0x0000700010a20000)]
  0x00007fcf6a00d800 JavaThread "C2 CompilerThread1" daemon [_thread_blocked, id=17667, stack(0x000070001081d000,0x000070001091d000)]
  0x00007fcf69029800 JavaThread "C2 CompilerThread0" daemon [_thread_blocked, id=17155, stack(0x000070001071a000,0x000070001081a000)]
  0x00007fcf69029000 JavaThread "Signal Dispatcher" daemon [_thread_blocked, id=16643, stack(0x0000700010617000,0x0000700010717000)]
  0x00007fcf6a02f000 JavaThread "Finalizer" daemon [_thread_blocked, id=12547, stack(0x0000700010514000,0x0000700010614000)]
  0x00007fcf6a003000 JavaThread "Reference Handler" daemon [_thread_blocked, id=12035, stack(0x0000700010411000,0x0000700010511000)]
  0x00007fcf69802000 JavaThread "main" [_thread_blocked, id=7171, stack(0x000070000fdff000,0x000070000feff000)]

Other Threads:
  0x00007fcf6a82e000 VMThread [stack: 0x000070001030e000,0x000070001040e000] [id=11523]
  0x00007fcf6a011000 WatcherThread [stack: 0x0000700010b26000,0x0000700010c26000] [id=19203]

VM state:not at safepoint (normal execution)

VM Mutex/Monitor currently owned by a thread: None

Heap:
 PSYoungGen      total 620544K, used 569215K [0x0000000795580000, 0x00000007c0000000, 0x00000007c0000000)
  eden space 542208K, 99% used [0x0000000795580000,0x00000007b66e11d0,0x00000007b6700000)
  from space 78336K, 34% used [0x00000007b6700000,0x00000007b817eac8,0x00000007bb380000)
  to   space 74240K, 0% used [0x00000007bb780000,0x00000007bb780000,0x00000007c0000000)
 ParOldGen       total 536064K, used 534576K [0x0000000740000000, 0x0000000760b80000, 0x0000000795580000)
  object space 536064K, 99% used [0x0000000740000000,0x0000000760a0c0c8,0x0000000760b80000)
 Metaspace       used 21710K, capacity 22838K, committed 23168K, reserved 1069056K
  class space    used 3093K, capacity 3376K, committed 3456K, reserved 1048576K

Card table byte_map: [0x000000010f3c0000,0x000000010f7c1000] byte_map_base: 0x000000010b9c0000

Marking Bits: (ParMarkBitMap*) 0x00000001101ad5d0
 Begin Bits: [0x000000011fb0c000, 0x0000000121b0c000)
 End Bits:   [0x0000000121b0c000, 0x0000000123b0c000)

Polling page: 0x000000010e6af000

CodeCache: size=245760Kb used=11010Kb max_used=11024Kb free=234749Kb
 bounds [0x0000000110861000, 0x0000000111341000, 0x000000011f861000]
 total_blobs=3926 nmethods=3230 adapters=607
 compilation: enabled

Compilation events (10 events):
Event: 55.337 Thread 0x00007fcf6a00e800 3657       3       com.sun.javafx.sg.prism.NGShape::setMode (18 bytes)
Event: 55.337 Thread 0x00007fcf6a00e800 nmethod 3657 0x00000001112f5ad0 code [0x00000001112f5c40, 0x00000001112f5ea8]
Event: 55.338 Thread 0x00007fcf6a00e800 3660       3       com.sun.javafx.util.Utils::clampMin (10 bytes)
Event: 55.338 Thread 0x00007fcf6a00e800 nmethod 3660 0x00000001113240d0 code [0x0000000111324240, 0x00000001113243f0]
Event: 55.338 Thread 0x00007fcf6a00e800 3658       3       javafx.scene.shape.Shape::getStrokeLineJoin (21 bytes)
Event: 55.338 Thread 0x00007fcf6a00e800 nmethod 3658 0x0000000111324490 code [0x0000000111324620, 0x0000000111324b28]
Event: 55.338 Thread 0x00007fcf6a00e800 3659       3       javafx.scene.shape.Shape::getStrokeMiterLimit (21 bytes)
Event: 55.338 Thread 0x00007fcf6a00e800 nmethod 3659 0x0000000111324c90 code [0x0000000111324e60, 0x0000000111325368]
Event: 55.345 Thread 0x00007fcf69029800 nmethod 3654 0x0000000111326c10 code [0x0000000111326e80, 0x0000000111327840]
Event: 55.424 Thread 0x00007fcf6a00d800 nmethod 3653% 0x000000011132b790 code [0x000000011132bb80, 0x000000011132e6d0]

GC Heap History (10 events):
Event: 52.734 GC heap before
{Heap before GC invocations=70 (full 4):
 PSYoungGen      total 689664K, used 684013K [0x0000000795580000, 0x00000007bff80000, 0x00000007c0000000)
  eden space 680448K, 100% used [0x0000000795580000,0x00000007bee00000,0x00000007bee00000)
  from space 9216K, 38% used [0x00000007bee00000,0x00000007bf17b5e0,0x00000007bf700000)
  to   space 8704K, 0% used [0x00000007bf700000,0x00000007bf700000,0x00000007bff80000)
 ParOldGen       total 221696K, used 171135K [0x0000000740000000, 0x000000074d880000, 0x0000000795580000)
  object space 221696K, 77% used [0x0000000740000000,0x000000074a71ff78,0x000000074d880000)
 Metaspace       used 21665K, capacity 22838K, committed 23168K, reserved 1069056K
  class space    used 3093K, capacity 3376K, committed 3456K, reserved 1048576K
Event: 52.738 GC heap after
Heap after GC invocations=70 (full 4):
 PSYoungGen      total 689664K, used 4109K [0x0000000795580000, 0x00000007bff80000, 0x00000007c0000000)
  eden space 680960K, 0% used [0x0000000795580000,0x0000000795580000,0x00000007bee80000)
  from space 8704K, 47% used [0x00000007bf700000,0x00000007bfb034c0,0x00000007bff80000)
  to   space 8704K, 0% used [0x00000007bee80000,0x00000007bee80000,0x00000007bf700000)
 ParOldGen       total 221696K, used 171135K [0x0000000740000000, 0x000000074d880000, 0x0000000795580000)
  object space 221696K, 77% used [0x0000000740000000,0x000000074a71ff78,0x000000074d880000)
 Metaspace       used 21665K, capacity 22838K, committed 23168K, reserved 1069056K
  class space    used 3093K, capacity 3376K, committed 3456K, reserved 1048576K
}
Event: 53.280 GC heap before
{Heap before GC invocations=71 (full 4):
 PSYoungGen      total 689664K, used 685069K [0x0000000795580000, 0x00000007bff80000, 0x00000007c0000000)
  eden space 680960K, 100% used [0x0000000795580000,0x00000007bee80000,0x00000007bee80000)
  from space 8704K, 47% used [0x00000007bf700000,0x00000007bfb034c0,0x00000007bff80000)
  to   space 8704K, 0% used [0x00000007bee80000,0x00000007bee80000,0x00000007bf700000)
 ParOldGen       total 221696K, used 171135K [0x0000000740000000, 0x000000074d880000, 0x0000000795580000)
  object space 221696K, 77% used [0x0000000740000000,0x000000074a71ff78,0x000000074d880000)
 Metaspace       used 21666K, capacity 22838K, committed 23168K, reserved 1069056K
  class space    used 3093K, capacity 3376K, committed 3456K, reserved 1048576K
Event: 53.283 GC heap after
Heap after GC invocations=71 (full 4):
 PSYoungGen      total 689664K, used 725K [0x0000000795580000, 0x00000007c0000000, 0x00000007c0000000)
  eden space 680960K, 0% used [0x0000000795580000,0x0000000795580000,0x00000007bee80000)
  from space 8704K, 8% used [0x00000007bee80000,0x00000007bef354d0,0x00000007bf700000)
  to   space 8704K, 0% used [0x00000007bf780000,0x00000007bf780000,0x00000007c0000000)
 ParOldGen       total 221696K, used 171167K [0x0000000740000000, 0x000000074d880000, 0x0000000795580000)
  object space 221696K, 77% used [0x0000000740000000,0x000000074a727f78,0x000000074d880000)
 Metaspace       used 21666K, capacity 22838K, committed 23168K, reserved 1069056K
  class space    used 3093K, capacity 3376K, committed 3456K, reserved 1048576K
}
Event: 54.086 GC heap before
{Heap before GC invocations=72 (full 4):
 PSYoungGen      total 689664K, used 681685K [0x0000000795580000, 0x00000007c0000000, 0x00000007c0000000)
  eden space 680960K, 100% used [0x0000000795580000,0x00000007bee80000,0x00000007bee80000)
  from space 8704K, 8% used [0x00000007bee80000,0x00000007bef354d0,0x00000007bf700000)
  to   space 8704K, 0% used [0x00000007bf780000,0x00000007bf780000,0x00000007c0000000)
 ParOldGen       total 221696K, used 171167K [0x0000000740000000, 0x000000074d880000, 0x0000000795580000)
  object space 221696K, 77% used [0x0000000740000000,0x000000074a727f78,0x000000074d880000)
 Metaspace       used 21699K, capacity 22838K, committed 23168K, reserved 1069056K
  class space    used 3093K, capacity 3376K, committed 3456K, reserved 1048576K
Event: 54.440 GC heap after
Heap after GC invocations=72 (full 4):
 PSYoungGen      total 550912K, used 8702K [0x0000000795580000, 0x00000007c0000000, 0x00000007c0000000)
  eden space 542208K, 0% used [0x0000000795580000,0x0000000795580000,0x00000007b6700000)
  from space 8704K, 99% used [0x00000007bf780000,0x00000007bffffa38,0x00000007c0000000)
  to   space 78336K, 0% used [0x00000007b6700000,0x00000007b6700000,0x00000007bb380000)
 ParOldGen       total 356352K, used 355894K [0x0000000740000000, 0x0000000755c00000, 0x0000000795580000)
  object space 356352K, 99% used [0x0000000740000000,0x0000000755b8dad0,0x0000000755c00000)
 Metaspace       used 21699K, capacity 22838K, committed 23168K, reserved 1069056K
  class space    used 3093K, capacity 3376K, committed 3456K, reserved 1048576K
}
Event: 54.440 GC heap before
{Heap before GC invocations=73 (full 5):
 PSYoungGen      total 550912K, used 8702K [0x0000000795580000, 0x00000007c0000000, 0x00000007c0000000)
  eden space 542208K, 0% used [0x0000000795580000,0x0000000795580000,0x00000007b6700000)
  from space 8704K, 99% used [0x00000007bf780000,0x00000007bffffa38,0x00000007c0000000)
  to   space 78336K, 0% used [0x00000007b6700000,0x00000007b6700000,0x00000007bb380000)
 ParOldGen       total 356352K, used 355894K [0x0000000740000000, 0x0000000755c00000, 0x0000000795580000)
  object space 356352K, 99% used [0x0000000740000000,0x0000000755b8dad0,0x0000000755c00000)
 Metaspace       used 21699K, capacity 22838K, committed 23168K, reserved 1069056K
  class space    used 3093K, capacity 3376K, committed 3456K, reserved 1048576K
Event: 55.174 GC heap after
Heap after GC invocations=73 (full 5):
 PSYoungGen      total 550912K, used 0K [0x0000000795580000, 0x00000007c0000000, 0x00000007c0000000)
  eden space 542208K, 0% used [0x0000000795580000,0x0000000795580000,0x00000007b6700000)
  from space 8704K, 0% used [0x00000007bf780000,0x00000007bf780000,0x00000007c0000000)
  to   space 78336K, 0% used [0x00000007b6700000,0x00000007b6700000,0x00000007bb380000)
 ParOldGen       total 487936K, used 295100K [0x0000000740000000, 0x000000075dc80000, 0x0000000795580000)
  object space 487936K, 60% used [0x0000000740000000,0x000000075202f368,0x000000075dc80000)
 Metaspace       used 21699K, capacity 22838K, committed 23168K, reserved 1069056K
  class space    used 3093K, capacity 3376K, committed 3456K, reserved 1048576K
}
Event: 55.742 GC heap before
{Heap before GC invocations=74 (full 5):
 PSYoungGen      total 550912K, used 540360K [0x0000000795580000, 0x00000007c0000000, 0x00000007c0000000)
  eden space 542208K, 99% used [0x0000000795580000,0x00000007b65322c0,0x00000007b6700000)
  from space 8704K, 0% used [0x00000007bf780000,0x00000007bf780000,0x00000007c0000000)
  to   space 78336K, 0% used [0x00000007b6700000,0x00000007b6700000,0x00000007bb380000)
 ParOldGen       total 487936K, used 295100K [0x0000000740000000, 0x000000075dc80000, 0x0000000795580000)
  object space 487936K, 60% used [0x0000000740000000,0x000000075202f368,0x000000075dc80000)
 Metaspace       used 21710K, capacity 22838K, committed 23168K, reserved 1069056K
  class space    used 3093K, capacity 3376K, committed 3456K, reserved 1048576K
Event: 55.802 GC heap after
Heap after GC invocations=74 (full 5):
 PSYoungGen      total 620544K, used 27130K [0x0000000795580000, 0x00000007c0000000, 0x00000007c0000000)
  eden space 542208K, 0% used [0x0000000795580000,0x0000000795580000,0x00000007b6700000)
  from space 78336K, 34% used [0x00000007b6700000,0x00000007b817eac8,0x00000007bb380000)
  to   space 74240K, 0% used [0x00000007bb780000,0x00000007bb780000,0x00000007c0000000)
 ParOldGen       total 487936K, used 295108K [0x0000000740000000, 0x000000075dc80000, 0x0000000795580000)
  object space 487936K, 60% used [0x0000000740000000,0x0000000752031368,0x000000075dc80000)
 Metaspace       used 21710K, capacity 22838K, committed 23168K, reserved 1069056K
  class space    used 3093K, capacity 3376K, committed 3456K, reserved 1048576K
}

Deoptimization events (10 events):
Event: 33.140 Thread 0x00007fcf6989d800 Uncommon trap: reason=unstable_if action=reinterpret pc=0x0000000110bdb0d0 method=com.sun.prism.BasicStroke.accumulateOrdered(FFFF[F)V @ 49
Event: 33.152 Thread 0x00007fcf6989d800 Uncommon trap: reason=unstable_if action=reinterpret pc=0x00000001110ccf10 method=com.sun.prism.BasicStroke.accumulateOrdered(FFFF[F)V @ 20
Event: 33.153 Thread 0x00007fcf6989d800 Uncommon trap: reason=class_check action=maybe_recompile pc=0x0000000110f1e6e4 method=javafx.scene.Node.updateLocalToParentTransform()V @ 368
Event: 53.511 Thread 0x00007fcf6989d800 Uncommon trap: reason=unstable_if action=reinterpret pc=0x000000011127f1ec method=nasofx.NasoFX.tempplot(Ljavafx/stage/Stage;Ljava/lang/String;[DILjavafx/scene/control/Tab;Ljavafx/scene/control/TabPane;Ljavafx/scene/control/ScrollPane;Ljava/lang/Double;D)
Event: 53.522 Thread 0x00007fcf6989d800 Uncommon trap: reason=bimorphic action=maybe_recompile pc=0x0000000110bd2b74 method=java.util.HashMap.putVal(ILjava/lang/Object;Ljava/lang/Object;ZZ)Ljava/lang/Object; @ 203
Event: 53.598 Thread 0x00007fcf6989d800 Uncommon trap: reason=bimorphic action=maybe_recompile pc=0x0000000110bd2b74 method=java.util.HashMap.putVal(ILjava/lang/Object;Ljava/lang/Object;ZZ)Ljava/lang/Object; @ 203
Event: 53.600 Thread 0x00007fcf6989d800 Uncommon trap: reason=bimorphic action=maybe_recompile pc=0x0000000110bd2b74 method=java.util.HashMap.putVal(ILjava/lang/Object;Ljava/lang/Object;ZZ)Ljava/lang/Object; @ 203
Event: 53.605 Thread 0x00007fcf6989d800 Uncommon trap: reason=bimorphic action=maybe_recompile pc=0x0000000110bd2b74 method=java.util.HashMap.putVal(ILjava/lang/Object;Ljava/lang/Object;ZZ)Ljava/lang/Object; @ 203
Event: 53.758 Thread 0x00007fcf6989d800 Uncommon trap: reason=unstable_if action=reinterpret pc=0x00000001111117f0 method=javafx.scene.chart.LineChart.seriesAdded(Ljavafx/scene/chart/XYChart$Series;I)V @ 259
Event: 55.315 Thread 0x00007fcf6989d800 Uncommon trap: reason=class_check action=maybe_recompile pc=0x0000000110f1e6e4 method=javafx.scene.Node.updateLocalToParentTransform()V @ 368

Internal exceptions (10 events):
Event: 23.485 Thread 0x00007fcf6989d800 Exception <a 'java/lang/NullPointerException'> (0x00000007a71adeb0) thrown at [/Users/java_re/workspace/8-2-build-macosx-x86_64/jdk8u144/9417/hotspot/src/share/vm/interpreter/linkResolver.cpp, line 1299]
Event: 24.073 Thread 0x00007fcf6989d800 Implicit null exception at 0x0000000110f7ad8e to 0x0000000110f7ade5
Event: 24.101 Thread 0x00007fcf6989d800 Exception <a 'java/lang/NullPointerException'> (0x000000079cb59818) thrown at [/Users/java_re/workspace/8-2-build-macosx-x86_64/jdk8u144/9417/hotspot/src/share/vm/interpreter/linkResolver.cpp, line 1197]
Event: 24.101 Thread 0x00007fcf6989d800 Exception <a 'java/lang/NullPointerException'> (0x000000079cb59818) thrown at [/Users/java_re/workspace/8-2-build-macosx-x86_64/jdk8u144/9417/hotspot/src/share/vm/prims/jvm.cpp, line 1394]
Event: 32.881 Thread 0x00007fcf6989d800 Exception <a 'java/lang/NullPointerException'> (0x00000007a18a5fd0) thrown at [/Users/java_re/workspace/8-2-build-macosx-x86_64/jdk8u144/9417/hotspot/src/share/vm/interpreter/linkResolver.cpp, line 1299]
Event: 33.171 Thread 0x00007fcf6989d800 Exception <a 'java/lang/NullPointerException'> (0x000000079a9113a8) thrown at [/Users/java_re/workspace/8-2-build-macosx-x86_64/jdk8u144/9417/hotspot/src/share/vm/interpreter/linkResolver.cpp, line 1197]
Event: 33.171 Thread 0x00007fcf6989d800 Exception <a 'java/lang/NullPointerException'> (0x000000079a9113a8) thrown at [/Users/java_re/workspace/8-2-build-macosx-x86_64/jdk8u144/9417/hotspot/src/share/vm/prims/jvm.cpp, line 1394]
Event: 53.265 Thread 0x00007fcf6989d800 Exception <a 'java/lang/NullPointerException'> (0x00000007b429bdf0) thrown at [/Users/java_re/workspace/8-2-build-macosx-x86_64/jdk8u144/9417/hotspot/src/share/vm/interpreter/linkResolver.cpp, line 1299]
Event: 55.343 Thread 0x00007fcf6989d800 Exception <a 'java/lang/NullPointerException'> (0x0000000796a96fa0) thrown at [/Users/java_re/workspace/8-2-build-macosx-x86_64/jdk8u144/9417/hotspot/src/share/vm/interpreter/linkResolver.cpp, line 1197]
Event: 55.343 Thread 0x00007fcf6989d800 Exception <a 'java/lang/NullPointerException'> (0x0000000796a96fa0) thrown at [/Users/java_re/workspace/8-2-build-macosx-x86_64/jdk8u144/9417/hotspot/src/share/vm/prims/jvm.cpp, line 1394]

Events (10 events):
Event: 55.316 Thread 0x00007fcf6989d800 DEOPT PACKING pc=0x0000000110f1e6e4 sp=0x00007fff5163d480
Event: 55.316 Thread 0x00007fcf6989d800 DEOPT UNPACKING pc=0x0000000110866229 sp=0x00007fff5163d408 mode 2
Event: 55.337 Executing VM operation: RevokeBias
Event: 55.337 Executing VM operation: RevokeBias done
Event: 55.337 Executing VM operation: RevokeBias
Event: 55.338 Executing VM operation: RevokeBias done
Event: 55.742 Executing VM operation: ParallelGCFailedAllocation
Event: 55.802 Executing VM operation: ParallelGCFailedAllocation done
Event: 56.216 Executing VM operation: ParallelGCFailedAllocation
Event: 56.216 Executing VM operation: ParallelGCFailedAllocation done


Dynamic libraries:
0x000000001ea83000 	/System/Library/Frameworks/Cocoa.framework/Versions/A/Cocoa
0x000000001ea83000 	/System/Library/Frameworks/Security.framework/Versions/A/Security
0x000000001ea83000 	/System/Library/Frameworks/ApplicationServices.framework/Versions/A/ApplicationServices
0x000000001ea83000 	/usr/lib/libz.1.dylib
0x000000001ea83000 	/usr/lib/libSystem.B.dylib
0x000000001ea83000 	/usr/lib/libobjc.A.dylib
0x000000001ea83000 	/System/Library/Frameworks/CoreFoundation.framework/Versions/A/CoreFoundation
0x000000001ea83000 	/System/Library/Frameworks/Foundation.framework/Versions/C/Foundation
0x000000001ea83000 	/System/Library/Frameworks/AppKit.framework/Versions/C/AppKit
0x000000001ea83000 	/System/Library/Frameworks/CoreData.framework/Versions/A/CoreData
0x000000001ea83000 	/System/Library/PrivateFrameworks/RemoteViewServices.framework/Versions/A/RemoteViewServices
0x000000001ea83000 	/System/Library/PrivateFrameworks/UIFoundation.framework/Versions/A/UIFoundation
0x000000001ea83000 	/System/Library/PrivateFrameworks/DFRFoundation.framework/Versions/A/DFRFoundation
0x000000001ea83000 	/usr/lib/libenergytrace.dylib
0x000000001ea83000 	/System/Library/PrivateFrameworks/SkyLight.framework/Versions/A/SkyLight
0x000000001ea83000 	/System/Library/Frameworks/CoreGraphics.framework/Versions/A/CoreGraphics
0x000000001ea83000 	/usr/lib/libScreenReader.dylib
0x000000001ea83000 	/System/Library/Frameworks/Accelerate.framework/Versions/A/Accelerate
0x000000001ea83000 	/System/Library/Frameworks/IOSurface.framework/Versions/A/IOSurface
0x000000001ea83000 	/System/Library/Frameworks/AudioToolbox.framework/Versions/A/AudioToolbox
0x000000001ea83000 	/System/Library/Frameworks/AudioUnit.framework/Versions/A/AudioUnit
0x000000001ea83000 	/System/Library/PrivateFrameworks/DataDetectorsCore.framework/Versions/A/DataDetectorsCore
0x000000001ea83000 	/System/Library/PrivateFrameworks/DesktopServicesPriv.framework/Versions/A/DesktopServicesPriv
0x000000001ea83000 	/System/Library/Frameworks/Carbon.framework/Versions/A/Frameworks/HIToolbox.framework/Versions/A/HIToolbox
0x000000001ea83000 	/usr/lib/libicucore.A.dylib
0x000000001ea83000 	/System/Library/Frameworks/QuartzCore.framework/Versions/A/QuartzCore
0x000000001ea83000 	/System/Library/Frameworks/Carbon.framework/Versions/A/Frameworks/SpeechRecognition.framework/Versions/A/SpeechRecognition
0x000000001ea83000 	/usr/lib/libauto.dylib
0x000000001ea83000 	/usr/lib/libxml2.2.dylib
0x000000001ea83000 	/System/Library/PrivateFrameworks/CoreUI.framework/Versions/A/CoreUI
0x000000001ea83000 	/System/Library/Frameworks/CoreAudio.framework/Versions/A/CoreAudio
0x000000001ea83000 	/System/Library/Frameworks/DiskArbitration.framework/Versions/A/DiskArbitration
0x000000001ea83000 	/usr/lib/liblangid.dylib
0x000000001ea83000 	/System/Library/PrivateFrameworks/MultitouchSupport.framework/Versions/A/MultitouchSupport
0x000000001ea83000 	/System/Library/Frameworks/IOKit.framework/Versions/A/IOKit
0x000000001ea83000 	/usr/lib/libDiagnosticMessagesClient.dylib
0x000000001ea83000 	/System/Library/Frameworks/CoreServices.framework/Versions/A/CoreServices
0x000000001ea83000 	/System/Library/PrivateFrameworks/PerformanceAnalysis.framework/Versions/A/PerformanceAnalysis
0x000000001ea83000 	/System/Library/PrivateFrameworks/GenerationalStorage.framework/Versions/A/GenerationalStorage
0x000000001ea83000 	/System/Library/Frameworks/OpenGL.framework/Versions/A/OpenGL
0x000000001ea83000 	/System/Library/Frameworks/CoreImage.framework/Versions/A/CoreImage
0x000000001ea83000 	/System/Library/Frameworks/CoreText.framework/Versions/A/CoreText
0x000000001ea83000 	/System/Library/Frameworks/ImageIO.framework/Versions/A/ImageIO
0x000000001ea83000 	/System/Library/PrivateFrameworks/Backup.framework/Versions/A/Backup
0x000000001ea83000 	/usr/lib/libarchive.2.dylib
0x000000001ea83000 	/System/Library/Frameworks/CFNetwork.framework/Versions/A/CFNetwork
0x000000001ea83000 	/System/Library/Frameworks/SystemConfiguration.framework/Versions/A/SystemConfiguration
0x000000001ea83000 	/usr/lib/libCRFSuite.dylib
0x000000001ea83000 	/usr/lib/libc++.1.dylib
0x000000001ea83000 	/usr/lib/libc++abi.dylib
0x000000001ea83000 	/usr/lib/system/libcache.dylib
0x000000001ea83000 	/usr/lib/system/libcommonCrypto.dylib
0x000000001ea83000 	/usr/lib/system/libcompiler_rt.dylib
0x000000001ea83000 	/usr/lib/system/libcopyfile.dylib
0x000000001ea83000 	/usr/lib/system/libcorecrypto.dylib
0x000000001ea83000 	/usr/lib/system/libdispatch.dylib
0x000000001ea83000 	/usr/lib/system/libdyld.dylib
0x000000001ea83000 	/usr/lib/system/libkeymgr.dylib
0x000000001ea83000 	/usr/lib/system/liblaunch.dylib
0x000000001ea83000 	/usr/lib/system/libmacho.dylib
0x000000001ea83000 	/usr/lib/system/libquarantine.dylib
0x000000001ea83000 	/usr/lib/system/libremovefile.dylib
0x000000001ea83000 	/usr/lib/system/libsystem_asl.dylib
0x000000001ea83000 	/usr/lib/system/libsystem_blocks.dylib
0x000000001ea83000 	/usr/lib/system/libsystem_c.dylib
0x000000001ea83000 	/usr/lib/system/libsystem_configuration.dylib
0x000000001ea83000 	/usr/lib/system/libsystem_coreservices.dylib
0x000000001ea83000 	/usr/lib/system/libsystem_coretls.dylib
0x000000001ea83000 	/usr/lib/system/libsystem_dnssd.dylib
0x000000001ea83000 	/usr/lib/system/libsystem_info.dylib
0x000000001ea83000 	/usr/lib/system/libsystem_kernel.dylib
0x000000001ea83000 	/usr/lib/system/libsystem_m.dylib
0x000000001ea83000 	/usr/lib/system/libsystem_malloc.dylib
0x000000001ea83000 	/usr/lib/system/libsystem_network.dylib
0x000000001ea83000 	/usr/lib/system/libsystem_networkextension.dylib
0x000000001ea83000 	/usr/lib/system/libsystem_notify.dylib
0x000000001ea83000 	/usr/lib/system/libsystem_platform.dylib
0x000000001ea83000 	/usr/lib/system/libsystem_pthread.dylib
0x000000001ea83000 	/usr/lib/system/libsystem_sandbox.dylib
0x000000001ea83000 	/usr/lib/system/libsystem_secinit.dylib
0x000000001ea83000 	/usr/lib/system/libsystem_symptoms.dylib
0x000000001ea83000 	/usr/lib/system/libsystem_trace.dylib
0x000000001ea83000 	/usr/lib/system/libunwind.dylib
0x000000001ea83000 	/usr/lib/system/libxpc.dylib
0x000000001ea83000 	/usr/lib/libbsm.0.dylib
0x000000001ea83000 	/usr/lib/system/libkxld.dylib
0x000000001ea83000 	/usr/lib/libcoretls.dylib
0x000000001ea83000 	/usr/lib/libcoretls_cfhelpers.dylib
0x000000001ea83000 	/usr/lib/libxar.1.dylib
0x000000001ea83000 	/usr/lib/libsqlite3.dylib
0x000000001ea83000 	/usr/lib/libpam.2.dylib
0x000000001ea83000 	/usr/lib/libOpenScriptingUtil.dylib
0x000000001ea83000 	/usr/lib/libbz2.1.0.dylib
0x000000001ea83000 	/usr/lib/liblzma.5.dylib
0x000000001ea83000 	/usr/lib/libnetwork.dylib
0x000000001ea83000 	/usr/lib/libpcap.A.dylib
0x000000001ea83000 	/System/Library/Frameworks/CoreServices.framework/Versions/A/Frameworks/FSEvents.framework/Versions/A/FSEvents
0x000000001ea83000 	/System/Library/Frameworks/CoreServices.framework/Versions/A/Frameworks/CarbonCore.framework/Versions/A/CarbonCore
0x000000001ea83000 	/System/Library/Frameworks/CoreServices.framework/Versions/A/Frameworks/Metadata.framework/Versions/A/Metadata
0x000000001ea83000 	/System/Library/Frameworks/CoreServices.framework/Versions/A/Frameworks/OSServices.framework/Versions/A/OSServices
0x000000001ea83000 	/System/Library/Frameworks/CoreServices.framework/Versions/A/Frameworks/SearchKit.framework/Versions/A/SearchKit
0x000000001ea83000 	/System/Library/Frameworks/CoreServices.framework/Versions/A/Frameworks/AE.framework/Versions/A/AE
0x000000001ea83000 	/System/Library/Frameworks/CoreServices.framework/Versions/A/Frameworks/LaunchServices.framework/Versions/A/LaunchServices
0x000000001ea83000 	/System/Library/Frameworks/CoreServices.framework/Versions/A/Frameworks/DictionaryServices.framework/Versions/A/DictionaryServices
0x000000001ea83000 	/System/Library/Frameworks/CoreServices.framework/Versions/A/Frameworks/SharedFileList.framework/Versions/A/SharedFileList
0x000000001ea83000 	/System/Library/Frameworks/NetFS.framework/Versions/A/NetFS
0x000000001ea83000 	/System/Library/PrivateFrameworks/NetAuth.framework/Versions/A/NetAuth
0x000000001ea83000 	/System/Library/PrivateFrameworks/login.framework/Versions/A/Frameworks/loginsupport.framework/Versions/A/loginsupport
0x000000001ea83000 	/System/Library/PrivateFrameworks/TCC.framework/Versions/A/TCC
0x000000001ea83000 	/usr/lib/libmecabra.dylib
0x000000001ea83000 	/System/Library/Frameworks/ApplicationServices.framework/Versions/A/Frameworks/ATS.framework/Versions/A/ATS
0x000000001ea83000 	/System/Library/Frameworks/ApplicationServices.framework/Versions/A/Frameworks/ColorSync.framework/Versions/A/ColorSync
0x000000001ea83000 	/System/Library/Frameworks/ApplicationServices.framework/Versions/A/Frameworks/HIServices.framework/Versions/A/HIServices
0x000000001ea83000 	/System/Library/Frameworks/ApplicationServices.framework/Versions/A/Frameworks/LangAnalysis.framework/Versions/A/LangAnalysis
0x000000001ea83000 	/System/Library/Frameworks/ApplicationServices.framework/Versions/A/Frameworks/PrintCore.framework/Versions/A/PrintCore
0x000000001ea83000 	/System/Library/Frameworks/ApplicationServices.framework/Versions/A/Frameworks/QD.framework/Versions/A/QD
0x000000001ea83000 	/System/Library/Frameworks/ApplicationServices.framework/Versions/A/Frameworks/SpeechSynthesis.framework/Versions/A/SpeechSynthesis
0x000000001ea83000 	/System/Library/Frameworks/Accelerate.framework/Versions/A/Frameworks/vImage.framework/Versions/A/vImage
0x000000001ea83000 	/System/Library/Frameworks/Accelerate.framework/Versions/A/Frameworks/vecLib.framework/Versions/A/vecLib
0x000000001ea83000 	/System/Library/Frameworks/Accelerate.framework/Versions/A/Frameworks/vecLib.framework/Versions/A/libvDSP.dylib
0x000000001ea83000 	/System/Library/Frameworks/Accelerate.framework/Versions/A/Frameworks/vecLib.framework/Versions/A/libBNNS.dylib
0x000000001ea83000 	/System/Library/Frameworks/Accelerate.framework/Versions/A/Frameworks/vecLib.framework/Versions/A/libQuadrature.dylib
0x000000001ea83000 	/System/Library/Frameworks/Accelerate.framework/Versions/A/Frameworks/vecLib.framework/Versions/A/libvMisc.dylib
0x000000001ea83000 	/System/Library/Frameworks/Accelerate.framework/Versions/A/Frameworks/vecLib.framework/Versions/A/libLAPACK.dylib
0x000000001ea83000 	/System/Library/Frameworks/Accelerate.framework/Versions/A/Frameworks/vecLib.framework/Versions/A/libBLAS.dylib
0x000000001ea83000 	/System/Library/Frameworks/Accelerate.framework/Versions/A/Frameworks/vecLib.framework/Versions/A/libLinearAlgebra.dylib
0x000000001ea83000 	/System/Library/Frameworks/Accelerate.framework/Versions/A/Frameworks/vecLib.framework/Versions/A/libSparseBLAS.dylib
0x000000001ea83000 	/System/Library/Frameworks/ApplicationServices.framework/Versions/A/Frameworks/ATS.framework/Versions/A/Resources/libFontParser.dylib
0x000000001ea83000 	/System/Library/Frameworks/ApplicationServices.framework/Versions/A/Frameworks/ATS.framework/Versions/A/Resources/libFontRegistry.dylib
0x000000001ea83000 	/System/Library/Frameworks/ImageIO.framework/Versions/A/Resources/libJPEG.dylib
0x000000001ea83000 	/System/Library/Frameworks/ImageIO.framework/Versions/A/Resources/libTIFF.dylib
0x000000001ea83000 	/System/Library/Frameworks/ImageIO.framework/Versions/A/Resources/libPng.dylib
0x000000001ea83000 	/System/Library/Frameworks/ImageIO.framework/Versions/A/Resources/libGIF.dylib
0x000000001ea83000 	/System/Library/Frameworks/ImageIO.framework/Versions/A/Resources/libJP2.dylib
0x000000001ea83000 	/System/Library/Frameworks/ImageIO.framework/Versions/A/Resources/libRadiance.dylib
0x000000001ea83000 	/usr/lib/libcompression.dylib
0x000000001ea83000 	/System/Library/PrivateFrameworks/AppleJPEG.framework/Versions/A/AppleJPEG
0x000000001ea83000 	/usr/lib/libcups.2.dylib
0x000000001ea83000 	/System/Library/Frameworks/Kerberos.framework/Versions/A/Kerberos
0x000000001ea83000 	/System/Library/Frameworks/GSS.framework/Versions/A/GSS
0x000000001ea83000 	/usr/lib/libresolv.9.dylib
0x000000001ea83000 	/usr/lib/libiconv.2.dylib
0x000000001ea83000 	/System/Library/PrivateFrameworks/Heimdal.framework/Versions/A/Heimdal
0x000000001ea83000 	/usr/lib/libheimdal-asn1.dylib
0x000000001ea83000 	/System/Library/Frameworks/OpenDirectory.framework/Versions/A/OpenDirectory
0x000000001ea83000 	/System/Library/PrivateFrameworks/CommonAuth.framework/Versions/A/CommonAuth
0x000000001ea83000 	/System/Library/Frameworks/OpenDirectory.framework/Versions/A/Frameworks/CFOpenDirectory.framework/Versions/A/CFOpenDirectory
0x000000001ea83000 	/System/Library/Frameworks/SecurityFoundation.framework/Versions/A/SecurityFoundation
0x000000001ea83000 	/System/Library/PrivateFrameworks/LanguageModeling.framework/Versions/A/LanguageModeling
0x000000001ea83000 	/usr/lib/libmarisa.dylib
0x000000001ea83000 	/usr/lib/libChineseTokenizer.dylib
0x000000001ea83000 	/usr/lib/libcmph.dylib
0x000000001ea83000 	/System/Library/PrivateFrameworks/CoreEmoji.framework/Versions/A/CoreEmoji
0x000000001ea83000 	/System/Library/Frameworks/ServiceManagement.framework/Versions/A/ServiceManagement
0x000000001ea83000 	/usr/lib/libxslt.1.dylib
0x000000001ea83000 	/System/Library/Frameworks/Carbon.framework/Versions/A/Frameworks/Ink.framework/Versions/A/Ink
0x000000001ea83000 	/System/Library/PrivateFrameworks/TextureIO.framework/Versions/A/TextureIO
0x000000001ea83000 	/System/Library/Frameworks/Metal.framework/Versions/A/Metal
0x000000001ea83000 	/usr/lib/libate.dylib
0x000000001ea83000 	/System/Library/PrivateFrameworks/GPUCompiler.framework/libmetal_timestamp.dylib
0x000000001ea83000 	/System/Library/Frameworks/OpenGL.framework/Versions/A/Libraries/libCoreFSCache.dylib
0x000000001ea83000 	/System/Library/PrivateFrameworks/IOAccelerator.framework/Versions/A/IOAccelerator
0x000000001ea83000 	/System/Library/Frameworks/CoreVideo.framework/Versions/A/CoreVideo
0x000000001ea83000 	/usr/lib/libFosl_dynamic.dylib
0x000000001ea83000 	/System/Library/PrivateFrameworks/MetalPerformanceShaders.framework/Versions/A/MetalPerformanceShaders
0x000000001ea83000 	/System/Library/PrivateFrameworks/FaceCore.framework/Versions/A/FaceCore
0x000000001ea83000 	/System/Library/Frameworks/OpenCL.framework/Versions/A/OpenCL
0x000000001ea83000 	/System/Library/Frameworks/OpenGL.framework/Versions/A/Libraries/libGLU.dylib
0x000000001ea83000 	/System/Library/Frameworks/OpenGL.framework/Versions/A/Libraries/libGFXShared.dylib
0x000000001ea83000 	/System/Library/Frameworks/OpenGL.framework/Versions/A/Libraries/libGL.dylib
0x000000001ea83000 	/System/Library/Frameworks/OpenGL.framework/Versions/A/Libraries/libGLImage.dylib
0x000000001ea83000 	/System/Library/Frameworks/OpenGL.framework/Versions/A/Libraries/libCVMSPluginSupport.dylib
0x000000001ea83000 	/System/Library/Frameworks/OpenGL.framework/Versions/A/Libraries/libCoreVMClient.dylib
0x000000001ea83000 	/System/Library/PrivateFrameworks/CrashReporterSupport.framework/Versions/A/CrashReporterSupport
0x000000001ea83000 	/System/Library/PrivateFrameworks/Sharing.framework/Versions/A/Sharing
0x000000001ea83000 	/System/Library/PrivateFrameworks/IconServices.framework/Versions/A/IconServices
0x000000001ea83000 	/System/Library/PrivateFrameworks/ProtocolBuffer.framework/Versions/A/ProtocolBuffer
0x000000001ea83000 	/System/Library/PrivateFrameworks/Apple80211.framework/Versions/A/Apple80211
0x000000001ea83000 	/System/Library/Frameworks/CoreWLAN.framework/Versions/A/CoreWLAN
0x000000001ea83000 	/System/Library/PrivateFrameworks/CoreUtils.framework/Versions/A/CoreUtils
0x000000001ea83000 	/System/Library/Frameworks/IOBluetooth.framework/Versions/A/IOBluetooth
0x000000001ea83000 	/System/Library/PrivateFrameworks/CoreWiFi.framework/Versions/A/CoreWiFi
0x000000001ea83000 	/System/Library/Frameworks/CoreBluetooth.framework/Versions/A/CoreBluetooth
0x000000001ea83000 	/System/Library/Frameworks/CoreDisplay.framework/Versions/A/CoreDisplay
0x000000001ea83000 	/System/Library/PrivateFrameworks/IOPresentment.framework/Versions/A/IOPresentment
0x000000001ea83000 	/System/Library/PrivateFrameworks/DebugSymbols.framework/Versions/A/DebugSymbols
0x000000001ea83000 	/System/Library/PrivateFrameworks/CoreSymbolication.framework/Versions/A/CoreSymbolication
0x000000001ea83000 	/System/Library/PrivateFrameworks/Symbolication.framework/Versions/A/Symbolication
0x000000001ea83000 	/System/Library/PrivateFrameworks/AppleFSCompression.framework/Versions/A/AppleFSCompression
0x000000001ea83000 	/System/Library/PrivateFrameworks/SpeechRecognitionCore.framework/Versions/A/SpeechRecognitionCore
0x000000001ea83000 	/System/Library/PrivateFrameworks/ChunkingLibrary.framework/Versions/A/ChunkingLibrary
0x000000010f8ba000 	/Library/Java/JavaVirtualMachines/jdk1.8.0_144.jdk/Contents/Home/jre/lib/server/libjvm.dylib
0x000000001ea83000 	/usr/lib/libstdc++.6.dylib
0x000000010e66c000 	/Library/Java/JavaVirtualMachines/jdk1.8.0_144.jdk/Contents/Home/jre/lib/libverify.dylib
0x000000010e67a000 	/Library/Java/JavaVirtualMachines/jdk1.8.0_144.jdk/Contents/Home/jre/lib/libjava.dylib
0x000000010e6b9000 	/Library/Java/JavaVirtualMachines/jdk1.8.0_144.jdk/Contents/Home/jre/lib/libzip.dylib
0x000000010f812000 	/System/Library/Frameworks/JavaVM.framework/Frameworks/JavaRuntimeSupport.framework/JavaRuntimeSupport
0x0000000125852000 	/System/Library/Frameworks/JavaVM.framework/Versions/A/Frameworks/JavaNativeFoundation.framework/Versions/A/JavaNativeFoundation
0x0000000125867000 	/System/Library/Frameworks/JavaVM.framework/Versions/A/JavaVM
0x000000001ea83000 	/System/Library/Frameworks/Carbon.framework/Versions/A/Carbon
0x0000000125874000 	/System/Library/PrivateFrameworks/JavaLaunching.framework/Versions/A/JavaLaunching
0x000000001ea83000 	/System/Library/Frameworks/Carbon.framework/Versions/A/Frameworks/CommonPanels.framework/Versions/A/CommonPanels
0x000000001ea83000 	/System/Library/Frameworks/Carbon.framework/Versions/A/Frameworks/Help.framework/Versions/A/Help
0x000000001ea83000 	/System/Library/Frameworks/Carbon.framework/Versions/A/Frameworks/ImageCapture.framework/Versions/A/ImageCapture
0x000000001ea83000 	/System/Library/Frameworks/Carbon.framework/Versions/A/Frameworks/OpenScripting.framework/Versions/A/OpenScripting
0x000000001ea83000 	/System/Library/Frameworks/Carbon.framework/Versions/A/Frameworks/Print.framework/Versions/A/Print
0x000000001ea83000 	/System/Library/Frameworks/Carbon.framework/Versions/A/Frameworks/SecurityHI.framework/Versions/A/SecurityHI
0x0000000127215000 	/Library/Java/JavaVirtualMachines/jdk1.8.0_144.jdk/Contents/Home/jre/lib/libprism_es2.dylib
0x000000001ea83000 	/System/Library/Frameworks/OpenGL.framework/Versions/A/Resources/GLEngine.bundle/GLEngine
0x000000001ea83000 	/System/Library/Frameworks/OpenGL.framework/Versions/A/Libraries/libGLProgrammability.dylib
0x0000000127279000 	/System/Library/Extensions/AppleIntelBDWGraphicsGLDriver.bundle/Contents/MacOS/AppleIntelBDWGraphicsGLDriver
0x000000001ea83000 	/System/Library/PrivateFrameworks/GPUSupport.framework/Versions/A/Libraries/libGPUSupportMercury.dylib
0x000000001ea83000 	/System/Library/Frameworks/OpenGL.framework/Versions/A/Resources/GLRendererFloat.bundle/GLRendererFloat
0x000000001ea83000 	/System/Library/Frameworks/OpenCL.framework/Versions/A/Libraries/libcldcpuengine.dylib
0x000000001ea83000 	/usr/lib/libcrypto.0.9.8.dylib
0x000000001ea83000 	/System/Library/PrivateFrameworks/TrustEvaluationAgent.framework/Versions/A/TrustEvaluationAgent
0x0000000127dc7000 	/Library/Java/JavaVirtualMachines/jdk1.8.0_144.jdk/Contents/Home/jre/lib/libglass.dylib
0x000000001ea83000 	/System/Library/PrivateFrameworks/CoreServicesInternal.framework/Versions/A/CoreServicesInternal
0x000000001ea83000 	/System/Library/CoreServices/RawCamera.bundle/Contents/MacOS/RawCamera
0x000000001ea83000 	/System/Library/Frameworks/Accelerate.framework/Versions/A/Frameworks/vImage.framework/Versions/A/Libraries/libCGInterfaces.dylib
0x000000001ea83000 	/System/Library/PrivateFrameworks/FamilyControls.framework/Versions/A/FamilyControls
0x000000001ea83000 	/System/Library/PrivateFrameworks/CommerceKit.framework/Versions/A/Frameworks/CommerceCore.framework/Versions/A/CommerceCore
0x000000001ea83000 	/System/Library/PrivateFrameworks/SystemAdministration.framework/Versions/A/SystemAdministration
0x000000001ea83000 	/System/Library/PrivateFrameworks/AppContainer.framework/Versions/A/AppContainer
0x000000001ea83000 	/System/Library/PrivateFrameworks/SecCodeWrapper.framework/Versions/A/SecCodeWrapper
0x000000001ea83000 	/System/Library/Frameworks/DirectoryService.framework/Versions/A/DirectoryService
0x000000001ea83000 	/System/Library/PrivateFrameworks/DiskImages.framework/Versions/A/DiskImages
0x000000001ea83000 	/System/Library/PrivateFrameworks/LoginUIKit.framework/Versions/A/Frameworks/LoginUICore.framework/Versions/A/LoginUICore
0x000000001ea83000 	/usr/lib/libCoreStorage.dylib
0x000000001ea83000 	/usr/lib/libcsfde.dylib
0x000000001ea83000 	/usr/lib/libodfde.dylib
0x000000001ea83000 	/System/Library/Frameworks/DiscRecording.framework/Versions/A/DiscRecording
0x000000001ea83000 	/usr/lib/libcurl.4.dylib
0x000000001ea83000 	/System/Library/PrivateFrameworks/MediaKit.framework/Versions/A/MediaKit
0x000000001ea83000 	/System/Library/PrivateFrameworks/ProtectedCloudStorage.framework/Versions/A/ProtectedCloudStorage
0x000000001ea83000 	/System/Library/PrivateFrameworks/EFILogin.framework/Versions/A/EFILogin
0x000000001ea83000 	/usr/lib/libutil.dylib
0x000000001ea83000 	/System/Library/Frameworks/LDAP.framework/Versions/A/LDAP
0x000000001ea83000 	/usr/lib/libsasl2.2.dylib
0x000000001ea83000 	/System/Library/PrivateFrameworks/CoreDaemon.framework/Versions/B/CoreDaemon
0x000000001ea83000 	/System/Library/PrivateFrameworks/AppleSRP.framework/Versions/A/AppleSRP
0x000000001ea83000 	/System/Library/PrivateFrameworks/APFS.framework/Versions/A/APFS
0x0000000127e3f000 	/Library/Java/JavaVirtualMachines/jdk1.8.0_144.jdk/Contents/Home/jre/lib/libjavafx_font.dylib
0x000000001ea83000 	/System/Library/Frameworks/ApplicationServices.framework/Versions/A/Frameworks/ATS.framework/Versions/A/Resources/libTrueTypeScaler.dylib
0x000000012be9c000 	/System/Library/Extensions/AppleIntelBDWGraphicsMTLDriver.bundle/Contents/MacOS/AppleIntelBDWGraphicsMTLDriver
0x000000001ea83000 	/System/Library/PrivateFrameworks/ViewBridge.framework/Versions/A/ViewBridge
0x000000001ea83000 	/System/Library/PrivateFrameworks/XPCService.framework/Versions/A/XPCService
0x000000001ea83000 	/System/Library/PrivateFrameworks/AppSandbox.framework/Versions/A/AppSandbox
0x000000001ea83000 	/usr/lib/libsandbox.1.dylib
0x000000001ea83000 	/usr/lib/libMatch.1.dylib
0x0000000130782000 	/Library/Java/JavaVirtualMachines/jdk1.8.0_144.jdk/Contents/Home/jre/lib/libprism_common.dylib
0x000000001ea83000 	/System/Library/PrivateFrameworks/FinderKit.framework/Versions/A/FinderKit
0x000000001ea83000 	/System/Library/Frameworks/Quartz.framework/Versions/A/Frameworks/QuickLookUI.framework/Versions/A/QuickLookUI
0x000000001ea83000 	/System/Library/Frameworks/Quartz.framework/Versions/A/Frameworks/ImageKit.framework/Versions/A/ImageKit
0x000000001ea83000 	/System/Library/PrivateFrameworks/Bom.framework/Versions/A/Bom
0x000000001ea83000 	/System/Library/Frameworks/QuickLook.framework/Versions/A/QuickLook
0x000000001ea83000 	/System/Library/PrivateFrameworks/Suggestions.framework/Versions/A/Suggestions
0x000000001ea83000 	/System/Library/PrivateFrameworks/AppleSystemInfo.framework/Versions/A/AppleSystemInfo
0x000000001ea83000 	/System/Library/Frameworks/ImageCaptureCore.framework/Versions/A/ImageCaptureCore
0x000000001ea83000 	/System/Library/Frameworks/SafariServices.framework/Versions/A/SafariServices
0x000000001ea83000 	/System/Library/Frameworks/QTKit.framework/Versions/A/QTKit
0x000000001ea83000 	/System/Library/PrivateFrameworks/MobileKeyBag.framework/Versions/A/MobileKeyBag
0x000000001ea83000 	/System/Library/Frameworks/AVFoundation.framework/Versions/A/AVFoundation
0x000000001ea83000 	/System/Library/Frameworks/CoreMedia.framework/Versions/A/CoreMedia
0x000000001ea83000 	/System/Library/Frameworks/MediaToolbox.framework/Versions/A/MediaToolbox
0x000000001ea83000 	/System/Library/Frameworks/VideoToolbox.framework/Versions/A/VideoToolbox
0x000000001ea83000 	/System/Library/PrivateFrameworks/CoreMediaAuthoring.framework/Versions/A/CoreMediaAuthoring
0x000000001ea83000 	/System/Library/Frameworks/CoreMediaIO.framework/Versions/A/CoreMediaIO
0x000000001ea83000 	/System/Library/Frameworks/AVFoundation.framework/Versions/A/Frameworks/AVFAudio.framework/Versions/A/AVFAudio
0x000000001ea83000 	/System/Library/PrivateFrameworks/IntlPreferences.framework/Versions/A/IntlPreferences
0x000000001ea83000 	/usr/lib/libspindump.dylib
0x000000001ea83000 	/usr/lib/libdscsym.dylib
0x000000001ea83000 	/System/Library/PrivateFrameworks/CoreAVCHD.framework/Versions/A/CoreAVCHD
0x000000001ea83000 	/System/Library/Frameworks/MediaAccessibility.framework/Versions/A/MediaAccessibility
0x000000001ea83000 	/System/Library/PrivateFrameworks/Mangrove.framework/Versions/A/Mangrove
0x000000001ea83000 	/System/Library/PrivateFrameworks/CoreAUC.framework/Versions/A/CoreAUC
0x000000001ea83000 	/System/Library/PrivateFrameworks/AppleVA.framework/Versions/A/AppleVA
0x000000001ea83000 	/System/Library/PrivateFrameworks/QuickLookThumbnailing.framework/Versions/A/QuickLookThumbnailing
0x000000001ea83000 	/System/Library/PrivateFrameworks/DisplayServices.framework/Versions/A/DisplayServices
0x000000001ea83000 	/System/Library/Frameworks/Quartz.framework/Versions/A/Frameworks/PDFKit.framework/Versions/A/PDFKit
0x000000001ea83000 	/System/Library/Frameworks/Quartz.framework/Versions/A/Frameworks/QuartzComposer.framework/Versions/A/QuartzComposer
0x000000001ea83000 	/System/Library/Frameworks/Quartz.framework/Versions/A/Frameworks/QuartzFilters.framework/Versions/A/QuartzFilters
0x000000001ea83000 	/System/Library/PrivateFrameworks/CorePDF.framework/Versions/A/CorePDF
0x000000001ea83000 	/System/Library/Frameworks/JavaScriptCore.framework/Versions/A/JavaScriptCore
0x000000001ea83000 	/System/Library/Frameworks/AddressBook.framework/Versions/A/AddressBook
0x000000001ea83000 	/System/Library/PrivateFrameworks/ContactsPersistence.framework/Versions/A/ContactsPersistence
0x000000001ea83000 	/System/Library/PrivateFrameworks/CalendarAgentLink.framework/Versions/A/CalendarAgentLink
0x000000001ea83000 	/System/Library/PrivateFrameworks/ContactsFoundation.framework/Versions/A/ContactsFoundation
0x000000001ea83000 	/System/Library/PrivateFrameworks/vCard.framework/Versions/A/vCard
0x000000001ea83000 	/System/Library/PrivateFrameworks/ToneLibrary.framework/Versions/A/ToneLibrary
0x000000001ea83000 	/System/Library/PrivateFrameworks/ToneKit.framework/Versions/A/ToneKit
0x000000001ea83000 	/System/Library/PrivateFrameworks/ApplePushService.framework/Versions/A/ApplePushService
0x000000001ea83000 	/System/Library/Frameworks/SecurityInterface.framework/Versions/A/SecurityInterface
0x000000001ea83000 	/System/Library/PrivateFrameworks/PhoneNumbers.framework/Versions/A/PhoneNumbers
0x000000001ea83000 	/System/Library/Frameworks/Quartz.framework/Versions/A/Quartz
0x000000001ea83000 	/System/Library/Frameworks/Accounts.framework/Versions/A/Accounts
0x000000001ea83000 	/System/Library/PrivateFrameworks/OAuth.framework/Versions/A/OAuth
0x000000001ea83000 	/System/Library/PrivateFrameworks/CacheDelete.framework/Versions/A/CacheDelete
0x000000001ea83000 	/System/Library/PrivateFrameworks/CloudDocs.framework/Versions/A/CloudDocs
0x000000001ea83000 	/System/Library/Frameworks/CloudKit.framework/Versions/A/CloudKit
0x000000001ea83000 	/System/Library/PrivateFrameworks/MMCS.framework/Versions/A/MMCS
0x000000001ea83000 	/System/Library/Frameworks/CoreLocation.framework/Versions/A/CoreLocation
0x000000001ea83000 	/System/Library/PrivateFrameworks/AssetCacheServices.framework/Versions/A/AssetCacheServices
0x000000001ea83000 	/System/Library/PrivateFrameworks/GeoServices.framework/Versions/A/GeoServices
0x000000001ea83000 	/System/Library/PrivateFrameworks/PlugInKit.framework/Versions/A/PlugInKit
0x000000001ea83000 	/System/Library/PrivateFrameworks/iLifeMediaBrowser.framework/Versions/A/iLifeMediaBrowser
0x000000001ea83000 	/System/Library/Frameworks/AVKit.framework/Versions/A/AVKit
0x000000001ea83000 	/System/Library/PrivateFrameworks/MediaRemote.framework/Versions/A/MediaRemote
0x000000001ea83000 	/System/Library/PrivateFrameworks/MediaServices.framework/Versions/A/MediaServices
0x000000013d8ba000 	/System/Library/Frameworks/Security.framework/PlugIns/csparser.bundle/Contents/MacOS/csparser
0x000000012eb6f000 	/Library/Java/JavaVirtualMachines/jdk1.8.0_144.jdk/Contents/Home/jre/lib/libglib-lite.dylib
0x000000012ec90000 	/Library/Java/JavaVirtualMachines/jdk1.8.0_144.jdk/Contents/Home/jre/lib/libgstreamer-lite.dylib
0x000000012cd2f000 	/Library/Java/JavaVirtualMachines/jdk1.8.0_144.jdk/Contents/Home/jre/lib/libjfxmedia.dylib
0x000000012eafd000 	/Library/Java/JavaVirtualMachines/jdk1.8.0_144.jdk/Contents/Home/jre/lib/libjfxmedia_avf.dylib
0x000000012cd6a000 	/Library/Java/JavaVirtualMachines/jdk1.8.0_144.jdk/Contents/Home/jre/lib/libjfxmedia_qtkit.dylib
0x000000012eb32000 	/Library/Java/JavaVirtualMachines/jdk1.8.0_144.jdk/Contents/Home/jre/lib/libfxplugins.dylib
0x000000012cd77000 	/System/Library/Frameworks/VideoDecodeAcceleration.framework/Versions/A/VideoDecodeAcceleration
0x000000012ee09000 	/Library/Java/JavaVirtualMachines/jdk1.8.0_144.jdk/Contents/Home/jre/lib/libnet.dylib
0x000000012ee43000 	/Library/Java/JavaVirtualMachines/jdk1.8.0_144.jdk/Contents/Home/jre/lib/libnio.dylib
0x000000012ee20000 	/System/Library/Extensions/AppleHDA.kext/Contents/PlugIns/AppleHDAHALPlugIn.bundle/Contents/MacOS/AppleHDAHALPlugIn
0x000000013ade9000 	/System/Library/Components/CoreAudio.component/Contents/MacOS/CoreAudio

VM Arguments:
jvm_args: -Dfile.encoding=UTF-8 
java_command: /Users/DoD/NetBeansProjects/recordingModule/dist/run1053045396/recordingModule.jar
java_class_path (initial): /Users/DoD/NetBeansProjects/recordingModule/dist/run1053045396/recordingModule.jar
Launcher Type: SUN_STANDARD

Environment Variables:
PATH=/usr/bin:/bin:/usr/sbin:/sbin
LD_LIBRARY_PATH=/Library/Java/JavaVirtualMachines/jdk1.8.0_144.jdk/Contents/Home/jre/lib/amd64:/Library/Java/JavaVirtualMachines/jdk1.8.0_144.jdk/Contents/Home/jre/lib/i386:
SHELL=/bin/bash

Signal Handlers:
SIGSEGV: [libjvm.dylib+0x5b26e5], sa_mask[0]=11111111011111110111111111111111, sa_flags=SA_ONSTACK|SA_RESTART|SA_SIGINFO
SIGBUS: [libjvm.dylib+0x5b26e5], sa_mask[0]=11111111011111110111111111111111, sa_flags=SA_RESTART|SA_SIGINFO
SIGFPE: [libjvm.dylib+0x489100], sa_mask[0]=11111111011111110111111111111111, sa_flags=SA_RESTART|SA_SIGINFO
SIGPIPE: [libjvm.dylib+0x489100], sa_mask[0]=11111111011111110111111111111111, sa_flags=SA_RESTART|SA_SIGINFO
SIGXFSZ: [libjvm.dylib+0x489100], sa_mask[0]=11111111011111110111111111111111, sa_flags=SA_RESTART|SA_SIGINFO
SIGILL: [libjvm.dylib+0x489100], sa_mask[0]=11111111011111110111111111111111, sa_flags=SA_RESTART|SA_SIGINFO
SIGUSR1: SIG_DFL, sa_mask[0]=00000000000000000000000000000000, sa_flags=none
SIGUSR2: [libjvm.dylib+0x488c1e], sa_mask[0]=00100000000000000000000000000000, sa_flags=SA_RESTART|SA_SIGINFO
SIGHUP: [libjvm.dylib+0x4871f5], sa_mask[0]=11111111011111110111111111111111, sa_flags=SA_RESTART|SA_SIGINFO
SIGINT: SIG_IGN, sa_mask[0]=00000000000000000000000000000000, sa_flags=none
SIGTERM: [libjvm.dylib+0x4871f5], sa_mask[0]=11111111011111110111111111111111, sa_flags=SA_RESTART|SA_SIGINFO
SIGQUIT: [libjvm.dylib+0x4871f5], sa_mask[0]=11111111011111110111111111111111, sa_flags=SA_RESTART|SA_SIGINFO


---------------  S Y S T E M  ---------------

OS:Bsduname:Darwin 16.3.0 Darwin Kernel Version 16.3.0: Thu Nov 17 20:23:58 PST 2016; root:xnu-3789.31.2~1/RELEASE_X86_64 x86_64
rlimit: STACK 8192k, CORE 0k, NPROC 709, NOFILE 10240, AS infinity
load average:2.18 1.94 1.82

CPU:total 4 (initial active 4) (4 cores per cpu, 1 threads per core) family 6 model 71 stepping 1, cmov, cx8, fxsr, mmx, sse, sse2, sse3, ssse3, sse4.1, sse4.2, popcnt, avx, avx2, aes, clmul, erms, rtm, 3dnowpref, lzcnt, tsc, tscinvbit, bmi1, bmi2, adx

Memory: 4k page, physical 8388608k(3372k free)

/proc/meminfo:


vm_info: Java HotSpot(TM) 64-Bit Server VM (25.144-b01) for bsd-amd64 JRE (1.8.0_144-b01), built on Jul 21 2017 22:07:42 by "java_re" with gcc 4.2.1 (Based on Apple Inc. build 5658) (LLVM build 2336.11.00)

time: Wed Nov 22 14:57:16 2017
elapsed time: 56 seconds (0d 0h 0m 56s)

